#
# There is insufficient memory for the Java Runtime Environment to continue.
# Native memory allocation (malloc) failed to allocate 32744 bytes for ChunkPool::allocate
# Possible reasons:
#   The system is out of physical RAM or swap space
#   The process is running with CompressedOops enabled, and the Java Heap may be blocking the growth of the native heap
# Possible solutions:
#   Reduce memory load on the system
#   Increase physical memory or swap space
#   Check if swap backing store is full
#   Decrease Java heap size (-Xmx/-Xms)
#   Decrease number of Java threads
#   Decrease Java thread stack sizes (-Xss)
#   Set larger code cache with -XX:ReservedCodeCacheSize=
#   JVM is running with Unscaled Compressed Oops mode in which the Java heap is
#     placed in the first 4GB address space. The Java Heap base address is the
#     maximum limit for the native heap growth. Please use -XX:HeapBaseMinAddress
#     to set the Java Heap base and to place the Java Heap above 4GB virtual address.
# This output file may be truncated or incomplete.
#
#  Out of Memory Error (arena.cpp:78), pid=5140, tid=10236
#
# JRE version: OpenJDK Runtime Environment Temurin-17.0.1+12 (17.0.1+12) (build 17.0.1+12)
# Java VM: OpenJDK 64-Bit Server VM Temurin-17.0.1+12 (17.0.1+12, mixed mode, tiered, compressed oops, compressed class ptrs, parallel gc, windows-amd64)
# No core dump will be written. Minidumps are not enabled by default on client versions of Windows
#

---------------  S U M M A R Y ------------

Command Line: --add-modules=ALL-SYSTEM --add-opens=java.base/java.util=ALL-UNNAMED --add-opens=java.base/java.lang=ALL-UNNAMED --add-opens=java.base/sun.nio.fs=ALL-UNNAMED -Declipse.application=org.eclipse.jdt.ls.core.id1 -Dosgi.bundles.defaultStartLevel=4 -Declipse.product=org.eclipse.jdt.ls.core.product -Djava.import.generatesMetadataFilesAtProjectRoot=false -Dfile.encoding=utf8 -DwatchParentProcess=false -XX:+UseParallelGC -XX:GCTimeRatio=4 -XX:AdaptiveSizePolicyWeight=90 -Dsun.zip.disableMemoryMapping=true -Xmx1G -Xms100m -javaagent:c:\Users\JUNGMIN KIM\.vscode\extensions\gabrielbb.vscode-lombok-1.0.1\server\lombok.jar c:\Users\JUNGMIN KIM\.vscode\extensions\redhat.java-1.3.0\server\plugins\org.eclipse.equinox.launcher_1.6.400.v20210924-0641.jar -configuration c:\Users\JUNGMIN KIM\AppData\Roaming\Code\User\globalStorage\redhat.java\1.3.0\config_ss_win -data c:\Users\JUNGMIN KIM\AppData\Roaming\Code\User\workspaceStorage\fe6c779bf1ca33eb14b05bcd4537552c\redhat.java\ss_ws

Host: Intel(R) Core(TM) i5-10300H CPU @ 2.50GHz, 8 cores, 7G,  Windows 10 , 64 bit Build 19041 (10.0.19041.1503)
Time: Mon Feb 28 15:32:05 2022  Windows 10 , 64 bit Build 19041 (10.0.19041.1503) elapsed time: 3.091401 seconds (0d 0h 0m 3s)

---------------  T H R E A D  ---------------

Current thread (0x0000022ff8b617b0):  JavaThread "C2 CompilerThread0" daemon [_thread_in_native, id=10236, stack(0x000000d3fc600000,0x000000d3fc700000)]


Current CompileTask:
C2:   3091 2211       4       org.objectweb.asm.ClassReader::readMethod (1052 bytes)

Stack: [0x000000d3fc600000,0x000000d3fc700000]
Native frames: (J=compiled Java code, j=interpreted, Vv=VM code, C=native code)
V  [jvm.dll+0x6744da]
V  [jvm.dll+0x82e144]
V  [jvm.dll+0x82f8ee]
V  [jvm.dll+0x82ff53]
V  [jvm.dll+0x245175]
V  [jvm.dll+0xabaa0]
V  [jvm.dll+0xabdec]
V  [jvm.dll+0x11d458]
V  [jvm.dll+0x69d781]
V  [jvm.dll+0x1bb764]
V  [jvm.dll+0x218189]
V  [jvm.dll+0x217451]
V  [jvm.dll+0x1a355d]
V  [jvm.dll+0x226e38]
V  [jvm.dll+0x224f7c]
V  [jvm.dll+0x7e3f5b]
V  [jvm.dll+0x7de51a]
V  [jvm.dll+0x673305]
C  [ucrtbase.dll+0x21bb2]
C  [KERNEL32.DLL+0x17034]
C  [ntdll.dll+0x52651]


---------------  P R O C E S S  ---------------

Threads class SMR info:
_java_thread_list=0x0000022ffc851d10, length=21, elements={
0x0000022fe31e32b0, 0x0000022ff7052630, 0x0000022ff70531e0, 0x0000022ff8b49680,
0x0000022ff8b4a230, 0x0000022ff8b4d390, 0x0000022ff8b4ea30, 0x0000022ff8b617b0,
0x0000022ff8b62730, 0x0000022ff8b70860, 0x0000022ff6ee0ca0, 0x0000022ff8eeea70,
0x0000022ffac3b6a0, 0x0000022ffac3a0e0, 0x0000022ffaf09450, 0x0000022ffaf18a50,
0x0000022ffad78150, 0x0000022ffae57b20, 0x0000022ffb0cc0d0, 0x0000022ffb14fe70,
0x0000022ffb56df10
}

Java Threads: ( => current thread )
  0x0000022fe31e32b0 JavaThread "main" [_thread_blocked, id=13796, stack(0x000000d3fbd00000,0x000000d3fbe00000)]
  0x0000022ff7052630 JavaThread "Reference Handler" daemon [_thread_blocked, id=13096, stack(0x000000d3fc000000,0x000000d3fc100000)]
  0x0000022ff70531e0 JavaThread "Finalizer" daemon [_thread_blocked, id=13032, stack(0x000000d3fc100000,0x000000d3fc200000)]
  0x0000022ff8b49680 JavaThread "Signal Dispatcher" daemon [_thread_blocked, id=17516, stack(0x000000d3fc200000,0x000000d3fc300000)]
  0x0000022ff8b4a230 JavaThread "Attach Listener" daemon [_thread_blocked, id=15960, stack(0x000000d3fc300000,0x000000d3fc400000)]
  0x0000022ff8b4d390 JavaThread "Service Thread" daemon [_thread_blocked, id=16796, stack(0x000000d3fc400000,0x000000d3fc500000)]
  0x0000022ff8b4ea30 JavaThread "Monitor Deflation Thread" daemon [_thread_blocked, id=10216, stack(0x000000d3fc500000,0x000000d3fc600000)]
=>0x0000022ff8b617b0 JavaThread "C2 CompilerThread0" daemon [_thread_in_native, id=10236, stack(0x000000d3fc600000,0x000000d3fc700000)]
  0x0000022ff8b62730 JavaThread "C1 CompilerThread0" daemon [_thread_blocked, id=19736, stack(0x000000d3fc700000,0x000000d3fc800000)]
  0x0000022ff8b70860 JavaThread "Sweeper thread" daemon [_thread_blocked, id=4588, stack(0x000000d3fc800000,0x000000d3fc900000)]
  0x0000022ff6ee0ca0 JavaThread "Common-Cleaner" daemon [_thread_blocked, id=10972, stack(0x000000d3fc900000,0x000000d3fca00000)]
  0x0000022ff8eeea70 JavaThread "Notification Thread" daemon [_thread_blocked, id=18928, stack(0x000000d3fca00000,0x000000d3fcb00000)]
  0x0000022ffac3b6a0 JavaThread "Active Thread: Equinox Container: 2d8393cc-5ad4-46d8-9d68-e836de4147e3" [_thread_blocked, id=9824, stack(0x000000d3fd200000,0x000000d3fd300000)]
  0x0000022ffac3a0e0 JavaThread "Framework Event Dispatcher: Equinox Container: 2d8393cc-5ad4-46d8-9d68-e836de4147e3" daemon [_thread_blocked, id=20404, stack(0x000000d3fd300000,0x000000d3fd400000)]
  0x0000022ffaf09450 JavaThread "Start Level: Equinox Container: 2d8393cc-5ad4-46d8-9d68-e836de4147e3" daemon [_thread_blocked, id=20072, stack(0x000000d3fd400000,0x000000d3fd500000)]
  0x0000022ffaf18a50 JavaThread "SCR Component Actor" daemon [_thread_blocked, id=3404, stack(0x000000d3fd500000,0x000000d3fd600000)]
  0x0000022ffad78150 JavaThread "Timer-0" [_thread_blocked, id=9324, stack(0x000000d3fd800000,0x000000d3fd900000)]
  0x0000022ffae57b20 JavaThread "Worker-JM" [_thread_blocked, id=9552, stack(0x000000d3fd900000,0x000000d3fda00000)]
  0x0000022ffb0cc0d0 JavaThread "Worker-0" [_thread_blocked, id=7988, stack(0x000000d3fda00000,0x000000d3fdb00000)]
  0x0000022ffb14fe70 JavaThread "Worker-1" [_thread_blocked, id=12184, stack(0x000000d3fdb00000,0x000000d3fdc00000)]
  0x0000022ffb56df10 JavaThread "Java indexing" daemon [_thread_blocked, id=7536, stack(0x000000d3fdd00000,0x000000d3fde00000)]

Other Threads:
  0x0000022ff8b10c20 VMThread "VM Thread" [stack: 0x000000d3fbf00000,0x000000d3fc000000] [id=7784]
  0x0000022ff8e8f1c0 WatcherThread [stack: 0x000000d3fcb00000,0x000000d3fcc00000] [id=14620]
  0x0000022fe31f9f50 GCTaskThread "GC Thread#0" [stack: 0x000000d3fbe00000,0x000000d3fbf00000] [id=11704]
  0x0000022ffac0e160 GCTaskThread "GC Thread#1" [stack: 0x000000d3fcd00000,0x000000d3fce00000] [id=19848]
  0x0000022ffac0e410 GCTaskThread "GC Thread#2" [stack: 0x000000d3fce00000,0x000000d3fcf00000] [id=19616]
  0x0000022ff9fe6020 GCTaskThread "GC Thread#3" [stack: 0x000000d3fcf00000,0x000000d3fd000000] [id=14080]
  0x0000022ff9fe62d0 GCTaskThread "GC Thread#4" [stack: 0x000000d3fd000000,0x000000d3fd100000] [id=17028]
  0x0000022ffa18e920 GCTaskThread "GC Thread#5" [stack: 0x000000d3fd100000,0x000000d3fd200000] [id=13728]
  0x0000022ff9c954d0 GCTaskThread "GC Thread#6" [stack: 0x000000d3fd600000,0x000000d3fd700000] [id=14340]
  0x0000022ffaf45560 GCTaskThread "GC Thread#7" [stack: 0x000000d3fd700000,0x000000d3fd800000] [id=13384]

Threads with active compile tasks:
C2 CompilerThread0     3116 2211       4       org.objectweb.asm.ClassReader::readMethod (1052 bytes)

VM state: not at safepoint (normal execution)

VM Mutex/Monitor currently owned by a thread: None

Heap address: 0x00000000c0000000, size: 1024 MB, Compressed Oops mode: 32-bit

CDS archive(s) not mapped
Compressed class space mapped at: 0x0000000100000000-0x0000000140000000, reserved size: 1073741824
Narrow klass base: 0x0000000000000000, Narrow klass shift: 3, Narrow klass range: 0x140000000

GC Precious Log:
 CPUs: 8 total, 8 available
 Memory: 8059M
 Large Page Support: Disabled
 NUMA Support: Disabled
 Compressed Oops: Enabled (32-bit)
 Alignments: Space 512K, Generation 512K, Heap 2M
 Heap Min Capacity: 100M
 Heap Initial Capacity: 100M
 Heap Max Capacity: 1G
 Pre-touch: Disabled
 Parallel Workers: 8

Heap:
 PSYoungGen      total 27136K, used 21189K [0x00000000eab00000, 0x00000000ec980000, 0x0000000100000000)
  eden space 25088K, 76% used [0x00000000eab00000,0x00000000ebddb178,0x00000000ec380000)
  from space 2048K, 91% used [0x00000000ec400000,0x00000000ec5d6330,0x00000000ec600000)
  to   space 3072K, 0% used [0x00000000ec680000,0x00000000ec680000,0x00000000ec980000)
 ParOldGen       total 68608K, used 6839K [0x00000000c0000000, 0x00000000c4300000, 0x00000000eab00000)
  object space 68608K, 9% used [0x00000000c0000000,0x00000000c06adfa8,0x00000000c4300000)
 Metaspace       used 26809K, committed 27264K, reserved 1073152K
  class space    used 2601K, committed 2816K, reserved 1048576K

Card table byte_map: [0x0000022fe2b90000,0x0000022fe2da0000] _byte_map_base: 0x0000022fe2590000

Marking Bits: (ParMarkBitMap*) 0x00007ffcb57f2a60
 Begin Bits: [0x0000022ff4e60000, 0x0000022ff5e60000)
 End Bits:   [0x0000022ff5e60000, 0x0000022ff6e60000)

Polling page: 0x0000022fe1180000

Metaspace:

Usage:
  Non-class:     23.64 MB used.
      Class:      2.54 MB used.
       Both:     26.18 MB used.

Virtual space:
  Non-class space:       24.00 MB reserved,      23.88 MB (>99%) committed,  3 nodes.
      Class space:        1.00 GB reserved,       2.75 MB ( <1%) committed,  1 nodes.
             Both:        1.02 GB reserved,      26.62 MB (  3%) committed. 

Chunk freelists:
   Non-Class:  80.00 KB
       Class:  1.11 MB
        Both:  1.18 MB

MaxMetaspaceSize: unlimited
CompressedClassSpaceSize: 1.00 GB
Initial GC threshold: 21.00 MB
Current GC threshold: 35.00 MB
CDS: off
MetaspaceReclaimPolicy: balanced
 - commit_granule_bytes: 65536.
 - commit_granule_words: 8192.
 - virtual_space_node_default_size: 1048576.
 - enlarge_chunks_in_place: 1.
 - new_chunks_are_fully_committed: 0.
 - uncommit_free_chunks: 1.
 - use_allocation_guard: 0.
 - handle_deallocations: 1.


Internal statistics:

num_allocs_failed_limit: 3.
num_arena_births: 176.
num_arena_deaths: 0.
num_vsnodes_births: 4.
num_vsnodes_deaths: 0.
num_space_committed: 426.
num_space_uncommitted: 0.
num_chunks_returned_to_freelist: 3.
num_chunks_taken_from_freelist: 858.
num_chunk_merges: 3.
num_chunk_splits: 601.
num_chunks_enlarged: 442.
num_purges: 0.
num_inconsistent_stats: 0.

CodeHeap 'non-profiled nmethods': size=120000Kb used=938Kb max_used=938Kb free=119061Kb
 bounds [0x0000022fed930000, 0x0000022fedba0000, 0x0000022ff4e60000]
CodeHeap 'profiled nmethods': size=120000Kb used=4732Kb max_used=4732Kb free=115267Kb
 bounds [0x0000022fe6400000, 0x0000022fe68a0000, 0x0000022fed930000]
CodeHeap 'non-nmethods': size=5760Kb used=1223Kb max_used=1250Kb free=4536Kb
 bounds [0x0000022fe5e60000, 0x0000022fe60d0000, 0x0000022fe6400000]
 total_blobs=2869 nmethods=2336 adapters=447
 compilation: enabled
              stopped_count=0, restarted_count=0
 full_count=0

Compilation events (20 events):
Event: 2.767 Thread 0x0000022ff8b62730 2329       3       java.util.stream.StreamOpFlag::fromCharacteristics (37 bytes)
Event: 2.767 Thread 0x0000022ff8b62730 nmethod 2329 0x0000022fe689d010 code [0x0000022fe689d1c0, 0x0000022fe689d4d8]
Event: 2.767 Thread 0x0000022ff8b62730 2330       3       java.util.stream.AbstractPipeline::<init> (55 bytes)
Event: 2.767 Thread 0x0000022ff8b62730 nmethod 2330 0x0000022fe689d610 code [0x0000022fe689d7c0, 0x0000022fe689d9f8]
Event: 2.769 Thread 0x0000022ff8b64080 nmethod 2327 0x0000022feda16010 code [0x0000022feda161c0, 0x0000022feda16768]
Event: 2.771 Thread 0x0000022ff8b62730 2331       3       java.lang.Character::toUpperCase (6 bytes)
Event: 2.771 Thread 0x0000022ff8b62730 nmethod 2331 0x0000022fe689db10 code [0x0000022fe689dcc0, 0x0000022fe689df18]
Event: 2.771 Thread 0x0000022ff8b62730 2332       3       java.lang.Character::toUpperCase (9 bytes)
Event: 2.771 Thread 0x0000022ff8b62730 nmethod 2332 0x0000022fe689e010 code [0x0000022fe689e1c0, 0x0000022fe689e3b8]
Event: 2.771 Thread 0x0000022ff8b62730 2333       3       java.util.TreeMap::leftOf (13 bytes)
Event: 2.771 Thread 0x0000022ff8b62730 nmethod 2333 0x0000022fe689e490 code [0x0000022fe689e620, 0x0000022fe689e798]
Event: 2.773 Thread 0x0000022ff8b62730 2334       1       org.eclipse.osgi.internal.loader.sources.PackageSource::getId (5 bytes)
Event: 2.773 Thread 0x0000022ff8b62730 nmethod 2334 0x0000022feda16c90 code [0x0000022feda16e20, 0x0000022feda16ef8]
Event: 2.775 Thread 0x0000022ff8b64590 nmethod 2297 0x0000022feda16f90 code [0x0000022feda17220, 0x0000022feda19390]
Event: 2.899 Thread 0x0000022ff8b62730 2335       1       org.eclipse.core.internal.jobs.InternalJob::previous (5 bytes)
Event: 2.899 Thread 0x0000022ff8b62730 nmethod 2335 0x0000022feda1a590 code [0x0000022feda1a720, 0x0000022feda1a7f8]
Event: 2.982 Thread 0x0000022ff8b62730 2336       3       java.util.concurrent.Semaphore$NonfairSync::tryAcquireShared (6 bytes)
Event: 2.982 Thread 0x0000022ff8b62730 nmethod 2336 0x0000022fe689e890 code [0x0000022fe689ea20, 0x0000022fe689eb68]
Event: 2.982 Thread 0x0000022ff8b62730 2337       3       java.util.concurrent.Semaphore$Sync::nonfairTryAcquireShared (27 bytes)
Event: 2.982 Thread 0x0000022ff8b62730 nmethod 2337 0x0000022fe689ec10 code [0x0000022fe689edc0, 0x0000022fe689f028]

GC Heap History (12 events):
Event: 0.918 GC heap before
{Heap before GC invocations=1 (full 0):
 PSYoungGen      total 29696K, used 25600K [0x00000000eab00000, 0x00000000ecc00000, 0x0000000100000000)
  eden space 25600K, 100% used [0x00000000eab00000,0x00000000ec400000,0x00000000ec400000)
  from space 4096K, 0% used [0x00000000ec800000,0x00000000ec800000,0x00000000ecc00000)
  to   space 4096K, 0% used [0x00000000ec400000,0x00000000ec400000,0x00000000ec800000)
 ParOldGen       total 68608K, used 0K [0x00000000c0000000, 0x00000000c4300000, 0x00000000eab00000)
  object space 68608K, 0% used [0x00000000c0000000,0x00000000c0000000,0x00000000c4300000)
 Metaspace       used 10046K, committed 10176K, reserved 1064960K
  class space    used 1011K, committed 1088K, reserved 1048576K
}
Event: 0.929 GC heap after
{Heap after GC invocations=1 (full 0):
 PSYoungGen      total 29696K, used 3012K [0x00000000eab00000, 0x00000000ecc00000, 0x0000000100000000)
  eden space 25600K, 0% used [0x00000000eab00000,0x00000000eab00000,0x00000000ec400000)
  from space 4096K, 73% used [0x00000000ec400000,0x00000000ec6f13d0,0x00000000ec800000)
  to   space 4096K, 0% used [0x00000000ec800000,0x00000000ec800000,0x00000000ecc00000)
 ParOldGen       total 68608K, used 16K [0x00000000c0000000, 0x00000000c4300000, 0x00000000eab00000)
  object space 68608K, 0% used [0x00000000c0000000,0x00000000c0004000,0x00000000c4300000)
 Metaspace       used 10046K, committed 10176K, reserved 1064960K
  class space    used 1011K, committed 1088K, reserved 1048576K
}
Event: 1.916 GC heap before
{Heap before GC invocations=2 (full 0):
 PSYoungGen      total 29696K, used 28612K [0x00000000eab00000, 0x00000000ecc00000, 0x0000000100000000)
  eden space 25600K, 100% used [0x00000000eab00000,0x00000000ec400000,0x00000000ec400000)
  from space 4096K, 73% used [0x00000000ec400000,0x00000000ec6f13d0,0x00000000ec800000)
  to   space 4096K, 0% used [0x00000000ec800000,0x00000000ec800000,0x00000000ecc00000)
 ParOldGen       total 68608K, used 16K [0x00000000c0000000, 0x00000000c4300000, 0x00000000eab00000)
  object space 68608K, 0% used [0x00000000c0000000,0x00000000c0004000,0x00000000c4300000)
 Metaspace       used 14779K, committed 15104K, reserved 1064960K
  class space    used 1516K, committed 1664K, reserved 1048576K
}
Event: 1.922 GC heap after
{Heap after GC invocations=2 (full 0):
 PSYoungGen      total 29696K, used 4075K [0x00000000eab00000, 0x00000000ecc00000, 0x0000000100000000)
  eden space 25600K, 0% used [0x00000000eab00000,0x00000000eab00000,0x00000000ec400000)
  from space 4096K, 99% used [0x00000000ec800000,0x00000000ecbfae50,0x00000000ecc00000)
  to   space 4096K, 0% used [0x00000000ec400000,0x00000000ec400000,0x00000000ec800000)
 ParOldGen       total 68608K, used 488K [0x00000000c0000000, 0x00000000c4300000, 0x00000000eab00000)
  object space 68608K, 0% used [0x00000000c0000000,0x00000000c007a000,0x00000000c4300000)
 Metaspace       used 14779K, committed 15104K, reserved 1064960K
  class space    used 1516K, committed 1664K, reserved 1048576K
}
Event: 2.410 GC heap before
{Heap before GC invocations=3 (full 0):
 PSYoungGen      total 29696K, used 29667K [0x00000000eab00000, 0x00000000ecc00000, 0x0000000100000000)
  eden space 25600K, 99% used [0x00000000eab00000,0x00000000ec3fdff0,0x00000000ec400000)
  from space 4096K, 99% used [0x00000000ec800000,0x00000000ecbfae50,0x00000000ecc00000)
  to   space 4096K, 0% used [0x00000000ec400000,0x00000000ec400000,0x00000000ec800000)
 ParOldGen       total 68608K, used 488K [0x00000000c0000000, 0x00000000c4300000, 0x00000000eab00000)
  object space 68608K, 0% used [0x00000000c0000000,0x00000000c007a000,0x00000000c4300000)
 Metaspace       used 20363K, committed 20864K, reserved 1073152K
  class space    used 2092K, committed 2304K, reserved 1048576K
}
Event: 2.415 GC heap after
{Heap after GC invocations=3 (full 0):
 PSYoungGen      total 29696K, used 4087K [0x00000000eab00000, 0x00000000ecc00000, 0x0000000100000000)
  eden space 25600K, 0% used [0x00000000eab00000,0x00000000eab00000,0x00000000ec400000)
  from space 4096K, 99% used [0x00000000ec400000,0x00000000ec7fdd88,0x00000000ec800000)
  to   space 4096K, 0% used [0x00000000ec800000,0x00000000ec800000,0x00000000ecc00000)
 ParOldGen       total 68608K, used 2521K [0x00000000c0000000, 0x00000000c4300000, 0x00000000eab00000)
  object space 68608K, 3% used [0x00000000c0000000,0x00000000c0276788,0x00000000c4300000)
 Metaspace       used 20363K, committed 20864K, reserved 1073152K
  class space    used 2092K, committed 2304K, reserved 1048576K
}
Event: 2.449 GC heap before
{Heap before GC invocations=4 (full 0):
 PSYoungGen      total 29696K, used 7983K [0x00000000eab00000, 0x00000000ecc00000, 0x0000000100000000)
  eden space 25600K, 15% used [0x00000000eab00000,0x00000000eaece200,0x00000000ec400000)
  from space 4096K, 99% used [0x00000000ec400000,0x00000000ec7fdd88,0x00000000ec800000)
  to   space 4096K, 0% used [0x00000000ec800000,0x00000000ec800000,0x00000000ecc00000)
 ParOldGen       total 68608K, used 2521K [0x00000000c0000000, 0x00000000c4300000, 0x00000000eab00000)
  object space 68608K, 3% used [0x00000000c0000000,0x00000000c0276788,0x00000000c4300000)
 Metaspace       used 21076K, committed 21504K, reserved 1073152K
  class space    used 2157K, committed 2368K, reserved 1048576K
}
Event: 2.451 GC heap after
{Heap after GC invocations=4 (full 0):
 PSYoungGen      total 29696K, used 4075K [0x00000000eab00000, 0x00000000ecc00000, 0x0000000100000000)
  eden space 25600K, 0% used [0x00000000eab00000,0x00000000eab00000,0x00000000ec400000)
  from space 4096K, 99% used [0x00000000ec800000,0x00000000ecbfad58,0x00000000ecc00000)
  to   space 4096K, 0% used [0x00000000ec400000,0x00000000ec400000,0x00000000ec800000)
 ParOldGen       total 68608K, used 2905K [0x00000000c0000000, 0x00000000c4300000, 0x00000000eab00000)
  object space 68608K, 4% used [0x00000000c0000000,0x00000000c02d6798,0x00000000c4300000)
 Metaspace       used 21076K, committed 21504K, reserved 1073152K
  class space    used 2157K, committed 2368K, reserved 1048576K
}
Event: 2.451 GC heap before
{Heap before GC invocations=5 (full 1):
 PSYoungGen      total 29696K, used 4075K [0x00000000eab00000, 0x00000000ecc00000, 0x0000000100000000)
  eden space 25600K, 0% used [0x00000000eab00000,0x00000000eab00000,0x00000000ec400000)
  from space 4096K, 99% used [0x00000000ec800000,0x00000000ecbfad58,0x00000000ecc00000)
  to   space 4096K, 0% used [0x00000000ec400000,0x00000000ec400000,0x00000000ec800000)
 ParOldGen       total 68608K, used 2905K [0x00000000c0000000, 0x00000000c4300000, 0x00000000eab00000)
  object space 68608K, 4% used [0x00000000c0000000,0x00000000c02d6798,0x00000000c4300000)
 Metaspace       used 21076K, committed 21504K, reserved 1073152K
  class space    used 2157K, committed 2368K, reserved 1048576K
}
Event: 2.465 GC heap after
{Heap after GC invocations=5 (full 1):
 PSYoungGen      total 29696K, used 0K [0x00000000eab00000, 0x00000000ecc00000, 0x0000000100000000)
  eden space 25600K, 0% used [0x00000000eab00000,0x00000000eab00000,0x00000000ec400000)
  from space 4096K, 0% used [0x00000000ec800000,0x00000000ec800000,0x00000000ecc00000)
  to   space 4096K, 0% used [0x00000000ec400000,0x00000000ec400000,0x00000000ec800000)
 ParOldGen       total 68608K, used 6831K [0x00000000c0000000, 0x00000000c4300000, 0x00000000eab00000)
  object space 68608K, 9% used [0x00000000c0000000,0x00000000c06abfa8,0x00000000c4300000)
 Metaspace       used 21076K, committed 21504K, reserved 1073152K
  class space    used 2157K, committed 2368K, reserved 1048576K
}
Event: 2.614 GC heap before
{Heap before GC invocations=6 (full 1):
 PSYoungGen      total 29696K, used 25600K [0x00000000eab00000, 0x00000000ecc00000, 0x0000000100000000)
  eden space 25600K, 100% used [0x00000000eab00000,0x00000000ec400000,0x00000000ec400000)
  from space 4096K, 0% used [0x00000000ec800000,0x00000000ec800000,0x00000000ecc00000)
  to   space 4096K, 0% used [0x00000000ec400000,0x00000000ec400000,0x00000000ec800000)
 ParOldGen       total 68608K, used 6831K [0x00000000c0000000, 0x00000000c4300000, 0x00000000eab00000)
  object space 68608K, 9% used [0x00000000c0000000,0x00000000c06abfa8,0x00000000c4300000)
 Metaspace       used 24661K, committed 25088K, reserved 1073152K
  class space    used 2423K, committed 2624K, reserved 1048576K
}
Event: 2.615 GC heap after
{Heap after GC invocations=6 (full 1):
 PSYoungGen      total 27136K, used 1880K [0x00000000eab00000, 0x00000000ec980000, 0x0000000100000000)
  eden space 25088K, 0% used [0x00000000eab00000,0x00000000eab00000,0x00000000ec380000)
  from space 2048K, 91% used [0x00000000ec400000,0x00000000ec5d6330,0x00000000ec600000)
  to   space 3072K, 0% used [0x00000000ec680000,0x00000000ec680000,0x00000000ec980000)
 ParOldGen       total 68608K, used 6839K [0x00000000c0000000, 0x00000000c4300000, 0x00000000eab00000)
  object space 68608K, 9% used [0x00000000c0000000,0x00000000c06adfa8,0x00000000c4300000)
 Metaspace       used 24661K, committed 25088K, reserved 1073152K
  class space    used 2423K, committed 2624K, reserved 1048576K
}

Deoptimization events (20 events):
Event: 2.724 Thread 0x0000022ffaf09450 Uncommon trap: trap_request=0xffffff45 fr.pc=0x0000022feda110b0 relative=0x0000000000000ef0
Event: 2.724 Thread 0x0000022ffaf09450 Uncommon trap: reason=unstable_if action=reinterpret pc=0x0000022feda110b0 method=java.util.Properties.loadConvert([CIILjava/lang/StringBuilder;)Ljava/lang/String; @ 105 c2
Event: 2.724 Thread 0x0000022ffaf09450 DEOPT PACKING pc=0x0000022feda110b0 sp=0x000000d3fd4f8de0
Event: 2.724 Thread 0x0000022ffaf09450 DEOPT UNPACKING pc=0x0000022fe5eb20a3 sp=0x000000d3fd4f8dd0 mode 2
Event: 2.771 Thread 0x0000022ffaf09450 Uncommon trap: trap_request=0xffffffc6 fr.pc=0x0000022feda0689c relative=0x0000000000000adc
Event: 2.771 Thread 0x0000022ffaf09450 Uncommon trap: reason=bimorphic_or_optimized_type_check action=maybe_recompile pc=0x0000022feda0689c method=java.util.HashMap.putVal(ILjava/lang/Object;Ljava/lang/Object;ZZ)Ljava/lang/Object; @ 56 c2
Event: 2.771 Thread 0x0000022ffaf09450 DEOPT PACKING pc=0x0000022feda0689c sp=0x000000d3fd4fda30
Event: 2.771 Thread 0x0000022ffaf09450 DEOPT UNPACKING pc=0x0000022fe5eb20a3 sp=0x000000d3fd4fd978 mode 2
Event: 2.771 Thread 0x0000022ffaf09450 Uncommon trap: trap_request=0xffffffc6 fr.pc=0x0000022feda0689c relative=0x0000000000000adc
Event: 2.771 Thread 0x0000022ffaf09450 Uncommon trap: reason=bimorphic_or_optimized_type_check action=maybe_recompile pc=0x0000022feda0689c method=java.util.HashMap.putVal(ILjava/lang/Object;Ljava/lang/Object;ZZ)Ljava/lang/Object; @ 56 c2
Event: 2.771 Thread 0x0000022ffaf09450 DEOPT PACKING pc=0x0000022feda0689c sp=0x000000d3fd4fda30
Event: 2.771 Thread 0x0000022ffaf09450 DEOPT UNPACKING pc=0x0000022fe5eb20a3 sp=0x000000d3fd4fd978 mode 2
Event: 2.771 Thread 0x0000022ffaf09450 Uncommon trap: trap_request=0xffffffc6 fr.pc=0x0000022feda0689c relative=0x0000000000000adc
Event: 2.771 Thread 0x0000022ffaf09450 Uncommon trap: reason=bimorphic_or_optimized_type_check action=maybe_recompile pc=0x0000022feda0689c method=java.util.HashMap.putVal(ILjava/lang/Object;Ljava/lang/Object;ZZ)Ljava/lang/Object; @ 56 c2
Event: 2.771 Thread 0x0000022ffaf09450 DEOPT PACKING pc=0x0000022feda0689c sp=0x000000d3fd4fda30
Event: 2.771 Thread 0x0000022ffaf09450 DEOPT UNPACKING pc=0x0000022fe5eb20a3 sp=0x000000d3fd4fd978 mode 2
Event: 2.771 Thread 0x0000022ffaf09450 Uncommon trap: trap_request=0xffffffc6 fr.pc=0x0000022feda0689c relative=0x0000000000000adc
Event: 2.771 Thread 0x0000022ffaf09450 Uncommon trap: reason=bimorphic_or_optimized_type_check action=maybe_recompile pc=0x0000022feda0689c method=java.util.HashMap.putVal(ILjava/lang/Object;Ljava/lang/Object;ZZ)Ljava/lang/Object; @ 56 c2
Event: 2.771 Thread 0x0000022ffaf09450 DEOPT PACKING pc=0x0000022feda0689c sp=0x000000d3fd4fda30
Event: 2.771 Thread 0x0000022ffaf09450 DEOPT UNPACKING pc=0x0000022fe5eb20a3 sp=0x000000d3fd4fd978 mode 2

Classes unloaded (0 events):
No events

Classes redefined (0 events):
No events

Internal exceptions (20 events):
Event: 0.968 Thread 0x0000022fe31e32b0 Exception <a 'java/lang/NoSuchMethodError'{0x00000000eacbb968}: 'int java.lang.invoke.DirectMethodHandle$Holder.invokeStaticInit(java.lang.Object, java.lang.Object)'> (0x00000000eacbb968) 
thrown [e:\jenkins\tmp\workspace\build\src\src\hotspot\share\interpreter\linkResolver.cpp, line 766]
Event: 0.993 Thread 0x0000022fe31e32b0 Exception <a 'java/lang/NoSuchMethodError'{0x00000000ead94e98}: 'java.lang.Object java.lang.invoke.DirectMethodHandle$Holder.invokeStaticInit(java.lang.Object, int, int, int, int)'> (0x00000000ead94e98) 
thrown [e:\jenkins\tmp\workspace\build\src\src\hotspot\share\interpreter\linkResolver.cpp, line 766]
Event: 1.151 Thread 0x0000022fe31e32b0 Exception <a 'java/lang/NoSuchMethodError'{0x00000000eae8ba90}: 'java.lang.Object java.lang.invoke.DirectMethodHandle$Holder.invokeStaticInit(java.lang.Object, java.lang.Object, int, int, int, int)'> (0x00000000eae8ba90) 
thrown [e:\jenkins\tmp\workspace\build\src\src\hotspot\share\interpreter\linkResolver.cpp, line 766]
Event: 1.180 Thread 0x0000022fe31e32b0 Exception <a 'java/lang/NoSuchMethodError'{0x00000000eaf43848}: 'void java.lang.invoke.DirectMethodHandle$Holder.invokeSpecial(java.lang.Object, java.lang.Object, java.lang.Object)'> (0x00000000eaf43848) 
thrown [e:\jenkins\tmp\workspace\build\src\src\hotspot\share\interpreter\linkResolver.cpp, line 766]
Event: 1.234 Thread 0x0000022fe31e32b0 Exception <a 'java/lang/NoSuchMethodError'{0x00000000eb01d370}: 'void java.lang.invoke.DirectMethodHandle$Holder.invokeInterface(java.lang.Object, java.lang.Object)'> (0x00000000eb01d370) 
thrown [e:\jenkins\tmp\workspace\build\src\src\hotspot\share\interpreter\linkResolver.cpp, line 766]
Event: 1.243 Thread 0x0000022fe31e32b0 Exception <a 'java/lang/NoSuchMethodError'{0x00000000eb078710}: 'java.lang.Object java.lang.invoke.DirectMethodHandle$Holder.newInvokeSpecial(java.lang.Object, int, java.lang.Object, java.lang.Object)'> (0x00000000eb078710) 
thrown [e:\jenkins\tmp\workspace\build\src\src\hotspot\share\interpreter\linkResolver.cpp, line 766]
Event: 1.454 Thread 0x0000022fe31e32b0 Exception <a 'java/lang/NoSuchMethodError'{0x00000000eb5fdc68}: 'void java.lang.invoke.DirectMethodHandle$Holder.invokeStatic(java.lang.Object, java.lang.Object, java.lang.Object, java.lang.Object)'> (0x00000000eb5fdc68) 
thrown [e:\jenkins\tmp\workspace\build\src\src\hotspot\share\interpreter\linkResolver.cpp, line 766]
Event: 1.525 Thread 0x0000022fe31e32b0 Exception <a 'java/lang/NoSuchMethodError'{0x00000000eb723728}: 'java.lang.Object java.lang.invoke.Invokers$Holder.invokeExact_MT(java.lang.Object, java.lang.Object, java.lang.Object, java.lang.Object, java.lang.Object, java.lang.Object)'> (0x00000000eb723728) 
thrown [e:\jenkins\tmp\workspace\build\src\src\hotspot\share\interpreter\linkResolver.cpp, line 766]
Event: 1.625 Thread 0x0000022fe31e32b0 Exception <a 'java/lang/NoSuchMethodError'{0x00000000eba43b30}: 'java.lang.Object java.lang.invoke.DirectMethodHandle$Holder.newInvokeSpecial(java.lang.Object, int, java.lang.Object)'> (0x00000000eba43b30) 
thrown [e:\jenkins\tmp\workspace\build\src\src\hotspot\share\interpreter\linkResolver.cpp, line 766]
Event: 1.818 Thread 0x0000022fe31e32b0 Exception <a 'java/lang/UnsatisfiedLinkError'{0x00000000ebec7850}: 'void org.eclipse.equinox.launcher.JNIBridge._update_splash()'> (0x00000000ebec7850) 
thrown [e:\jenkins\tmp\workspace\build\src\src\hotspot\share\prims\nativeLookup.cpp, line 543]
Event: 1.827 Thread 0x0000022ffaf09450 Exception <a 'java/lang/NoSuchMethodError'{0x00000000ebf37110}: 'java.lang.Object java.lang.invoke.Invokers$Holder.linkToTargetMethod(java.lang.Object, java.lang.Object, java.lang.Object, int, java.lang.Object)'> (0x00000000ebf37110) 
thrown [e:\jenkins\tmp\workspace\build\src\src\hotspot\share\interpreter\linkResolver.cpp, line 766]
Event: 2.016 Thread 0x0000022ffaf09450 Exception <a 'java/io/FileNotFoundException'{0x00000000eb0cc3a0}> (0x00000000eb0cc3a0) 
thrown [e:\jenkins\tmp\workspace\build\src\src\hotspot\share\prims\jni.cpp, line 516]
Event: 2.176 Thread 0x0000022ffaf09450 Exception <a 'java/lang/NoSuchMethodError'{0x00000000eb94a3e0}: 'void java.lang.invoke.DirectMethodHandle$Holder.invokeInterface(java.lang.Object, java.lang.Object, java.lang.Object)'> (0x00000000eb94a3e0) 
thrown [e:\jenkins\tmp\workspace\build\src\src\hotspot\share\interpreter\linkResolver.cpp, line 766]
Event: 2.259 Thread 0x0000022ffaf09450 Exception <a 'java/io/FileNotFoundException'{0x00000000ebdb4878}> (0x00000000ebdb4878) 
thrown [e:\jenkins\tmp\workspace\build\src\src\hotspot\share\prims\jni.cpp, line 516]
Event: 2.408 Thread 0x0000022ffaf09450 Exception <a 'java/lang/NoSuchMethodError'{0x00000000ec3bfc38}: 'int java.lang.invoke.DirectMethodHandle$Holder.invokeStaticInit(java.lang.Object, java.lang.Object, java.lang.Object)'> (0x00000000ec3bfc38) 
thrown [e:\jenkins\tmp\workspace\build\src\src\hotspot\share\interpreter\linkResolver.cpp, line 766]
Event: 2.422 Thread 0x0000022ffaf09450 Exception <a 'java/lang/IncompatibleClassChangeError'{0x00000000eab41748}: Found class java.lang.Object, but interface was expected> (0x00000000eab41748) 
thrown [e:\jenkins\tmp\workspace\build\src\src\hotspot\share\interpreter\linkResolver.cpp, line 833]
Event: 2.721 Thread 0x0000022ffaf09450 Exception <a 'java/lang/ClassNotFoundException'{0x00000000ebaece80}: com/sun/org/apache/xerces/internal/impl/msg/spi/DOMMessagesProvider> (0x00000000ebaece80) 
thrown [e:\jenkins\tmp\workspace\build\src\src\hotspot\share\classfile\systemDictionary.cpp, line 256]
Event: 2.723 Thread 0x0000022ffaf09450 Implicit null exception at 0x0000022feda0838d to 0x0000022feda090fc
Event: 2.724 Thread 0x0000022ffaf09450 Exception <a 'java/lang/ClassNotFoundException'{0x00000000ebb22ba0}: com/sun/org/apache/xerces/internal/impl/msg/spi/XMLSerializerMessagesProvider> (0x00000000ebb22ba0) 
thrown [e:\jenkins\tmp\workspace\build\src\src\hotspot\share\classfile\systemDictionary.cpp, line 256]
Event: 2.725 Thread 0x0000022ffaf09450 Exception <a 'java/lang/ClassNotFoundException'{0x00000000ebb3da48}: com/sun/org/apache/xerces/internal/impl/msg/spi/XMLMessagesProvider> (0x00000000ebb3da48) 
thrown [e:\jenkins\tmp\workspace\build\src\src\hotspot\share\classfile\systemDictionary.cpp, line 256]

VM Operations (20 events):
Event: 1.916 Executing VM operation: ParallelGCFailedAllocation
Event: 1.922 Executing VM operation: ParallelGCFailedAllocation done
Event: 1.981 Executing VM operation: HandshakeAllThreads
Event: 1.982 Executing VM operation: HandshakeAllThreads done
Event: 2.118 Executing VM operation: HandshakeAllThreads
Event: 2.118 Executing VM operation: HandshakeAllThreads done
Event: 2.154 Executing VM operation: HandshakeAllThreads
Event: 2.154 Executing VM operation: HandshakeAllThreads done
Event: 2.157 Executing VM operation: HandshakeAllThreads
Event: 2.157 Executing VM operation: HandshakeAllThreads done
Event: 2.410 Executing VM operation: ParallelGCFailedAllocation
Event: 2.415 Executing VM operation: ParallelGCFailedAllocation done
Event: 2.449 Executing VM operation: CollectForMetadataAllocation
Event: 2.465 Executing VM operation: CollectForMetadataAllocation done
Event: 2.614 Executing VM operation: ParallelGCFailedAllocation
Event: 2.615 Executing VM operation: ParallelGCFailedAllocation done
Event: 2.747 Executing VM operation: HandshakeAllThreads
Event: 2.747 Executing VM operation: HandshakeAllThreads done
Event: 2.770 Executing VM operation: HandshakeAllThreads
Event: 2.770 Executing VM operation: HandshakeAllThreads done

Events (20 events):
Event: 2.764 loading class java/nio/channels/AsynchronousByteChannel
Event: 2.764 loading class java/nio/channels/AsynchronousChannel
Event: 2.764 loading class java/nio/channels/AsynchronousChannel done
Event: 2.764 loading class java/nio/channels/AsynchronousByteChannel done
Event: 2.767 loading class jdk/internal/reflect/UnsafeObjectFieldAccessorImpl
Event: 2.767 loading class jdk/internal/reflect/UnsafeObjectFieldAccessorImpl done
Event: 2.770 loading class java/lang/ProcessEnvironment
Event: 2.770 loading class java/lang/ProcessEnvironment done
Event: 2.771 loading class java/lang/ProcessEnvironment$NameComparator
Event: 2.771 loading class java/lang/ProcessEnvironment$NameComparator done
Event: 2.771 loading class java/lang/ProcessEnvironment$EntryComparator
Event: 2.771 loading class java/lang/ProcessEnvironment$EntryComparator done
Event: 2.771 loading class java/lang/ProcessEnvironment$CheckedEntrySet
Event: 2.771 loading class java/lang/ProcessEnvironment$CheckedEntrySet done
Event: 2.771 loading class java/lang/ProcessEnvironment$CheckedEntrySet$1
Event: 2.771 loading class java/lang/ProcessEnvironment$CheckedEntrySet$1 done
Event: 2.771 loading class java/lang/ProcessEnvironment$CheckedEntry
Event: 2.771 loading class java/lang/ProcessEnvironment$CheckedEntry done
Event: 2.899 Thread 0x0000022ff8b64590 Thread exited: 0x0000022ff8b64590
Event: 2.899 Thread 0x0000022ff8b64080 Thread exited: 0x0000022ff8b64080


Dynamic libraries:
0x00007ff719760000 - 0x00007ff71976e000 	c:\Users\JUNGMIN KIM\.vscode\extensions\redhat.java-1.3.0\jre\17.0.1-win32-x86_64\bin\java.exe
0x00007ffcf7350000 - 0x00007ffcf7545000 	C:\WINDOWS\SYSTEM32\ntdll.dll
0x00007ffcf6c80000 - 0x00007ffcf6d3e000 	C:\WINDOWS\System32\KERNEL32.DLL
0x00007ffcf50d0000 - 0x00007ffcf5398000 	C:\WINDOWS\System32\KERNELBASE.dll
0x00007ffcbbf20000 - 0x00007ffcbc03d000 	C:\WINDOWS\System32\AppCheck64.dll
0x00007ffcf4fd0000 - 0x00007ffcf50d0000 	C:\WINDOWS\System32\ucrtbase.dll
0x00007ffcecec0000 - 0x00007ffceced9000 	c:\Users\JUNGMIN KIM\.vscode\extensions\redhat.java-1.3.0\jre\17.0.1-win32-x86_64\bin\VCRUNTIME140.dll
0x00007ffce6770000 - 0x00007ffce6788000 	c:\Users\JUNGMIN KIM\.vscode\extensions\redhat.java-1.3.0\jre\17.0.1-win32-x86_64\bin\jli.dll
0x00007ffcf5740000 - 0x00007ffcf58e0000 	C:\WINDOWS\System32\USER32.dll
0x00007ffcee4f0000 - 0x00007ffcee4fa000 	C:\WINDOWS\SYSTEM32\VERSION.dll
0x00007ffcf4a90000 - 0x00007ffcf4ab2000 	C:\WINDOWS\System32\win32u.dll
0x00007ffcf6ea0000 - 0x00007ffcf6f3e000 	C:\WINDOWS\System32\msvcrt.dll
0x00007ffcf53a0000 - 0x00007ffcf53cb000 	C:\WINDOWS\System32\GDI32.dll
0x00007ffcda210000 - 0x00007ffcda4aa000 	C:\WINDOWS\WinSxS\amd64_microsoft.windows.common-controls_6595b64144ccf1df_6.0.19041.1110_none_60b5254171f9507e\COMCTL32.dll
0x00007ffcf4d60000 - 0x00007ffcf4e6d000 	C:\WINDOWS\System32\gdi32full.dll
0x00007ffcf4c10000 - 0x00007ffcf4cad000 	C:\WINDOWS\System32\msvcp_win.dll
0x00007ffcf6d40000 - 0x00007ffcf6dee000 	C:\WINDOWS\System32\ADVAPI32.dll
0x00007ffcf5bc0000 - 0x00007ffcf5c5c000 	C:\WINDOWS\System32\sechost.dll
0x00007ffcf5df0000 - 0x00007ffcf5f15000 	C:\WINDOWS\System32\RPCRT4.dll
0x00007ffcf58e0000 - 0x00007ffcf5910000 	C:\WINDOWS\System32\IMM32.DLL
0x00007ffcf00e0000 - 0x00007ffcf00ec000 	c:\Users\JUNGMIN KIM\.vscode\extensions\redhat.java-1.3.0\jre\17.0.1-win32-x86_64\bin\vcruntime140_1.dll
0x00007ffcc5110000 - 0x00007ffcc51a1000 	c:\Users\JUNGMIN KIM\.vscode\extensions\redhat.java-1.3.0\jre\17.0.1-win32-x86_64\bin\msvcp140.dll
0x00007ffcb4c70000 - 0x00007ffcb58b6000 	c:\Users\JUNGMIN KIM\.vscode\extensions\redhat.java-1.3.0\jre\17.0.1-win32-x86_64\bin\server\jvm.dll
0x00007ffcf5bb0000 - 0x00007ffcf5bb8000 	C:\WINDOWS\System32\PSAPI.DLL
0x00007ffcf0150000 - 0x00007ffcf0159000 	C:\WINDOWS\SYSTEM32\WSOCK32.dll
0x00007ffcf6f40000 - 0x00007ffcf6fab000 	C:\WINDOWS\System32\WS2_32.dll
0x00007ffcdbcc0000 - 0x00007ffcdbce7000 	C:\WINDOWS\SYSTEM32\WINMM.dll
0x00007ffcf3330000 - 0x00007ffcf3342000 	C:\WINDOWS\SYSTEM32\kernel.appcore.dll
0x00007ffcf00a0000 - 0x00007ffcf00aa000 	c:\Users\JUNGMIN KIM\.vscode\extensions\redhat.java-1.3.0\jre\17.0.1-win32-x86_64\bin\jimage.dll
0x00007ffcf2850000 - 0x00007ffcf2a34000 	C:\WINDOWS\SYSTEM32\DBGHELP.DLL
0x00007ffcdc440000 - 0x00007ffcdc46c000 	C:\WINDOWS\SYSTEM32\dbgcore.DLL
0x00007ffcf4b30000 - 0x00007ffcf4bb2000 	C:\WINDOWS\System32\bcryptPrimitives.dll
0x00007ffcef3f0000 - 0x00007ffcef3fe000 	c:\Users\JUNGMIN KIM\.vscode\extensions\redhat.java-1.3.0\jre\17.0.1-win32-x86_64\bin\instrument.dll
0x00007ffce4520000 - 0x00007ffce4545000 	c:\Users\JUNGMIN KIM\.vscode\extensions\redhat.java-1.3.0\jre\17.0.1-win32-x86_64\bin\java.dll
0x00007ffce6750000 - 0x00007ffce6768000 	c:\Users\JUNGMIN KIM\.vscode\extensions\redhat.java-1.3.0\jre\17.0.1-win32-x86_64\bin\zip.dll
0x00007ffcf6530000 - 0x00007ffcf6c74000 	C:\WINDOWS\System32\SHELL32.dll
0x00007ffcf2a40000 - 0x00007ffcf31d4000 	C:\WINDOWS\SYSTEM32\windows.storage.dll
0x00007ffcf6fb0000 - 0x00007ffcf7305000 	C:\WINDOWS\System32\combase.dll
0x00007ffcf44b0000 - 0x00007ffcf44de000 	C:\WINDOWS\SYSTEM32\Wldp.dll
0x00007ffcf6df0000 - 0x00007ffcf6e9d000 	C:\WINDOWS\System32\SHCORE.dll
0x00007ffcf55b0000 - 0x00007ffcf5605000 	C:\WINDOWS\System32\shlwapi.dll
0x00007ffcf49a0000 - 0x00007ffcf49bf000 	C:\WINDOWS\SYSTEM32\profapi.dll
0x00007ffce55d0000 - 0x00007ffce55e9000 	C:\Users\JUNGMIN KIM\.vscode\extensions\redhat.java-1.3.0\jre\17.0.1-win32-x86_64\bin\net.dll
0x00007ffce4a10000 - 0x00007ffce4b1c000 	C:\WINDOWS\SYSTEM32\WINHTTP.dll
0x00007ffcf4210000 - 0x00007ffcf427a000 	C:\WINDOWS\system32\mswsock.dll
0x00007ffce2960000 - 0x00007ffce2975000 	C:\Users\JUNGMIN KIM\.vscode\extensions\redhat.java-1.3.0\jre\17.0.1-win32-x86_64\bin\nio.dll
0x00007ffcef3b0000 - 0x00007ffcef3c0000 	c:\Users\JUNGMIN KIM\.vscode\extensions\redhat.java-1.3.0\jre\17.0.1-win32-x86_64\bin\verify.dll
0x00007ffcf4410000 - 0x00007ffcf4428000 	C:\WINDOWS\SYSTEM32\CRYPTSP.dll
0x00007ffcf3b20000 - 0x00007ffcf3b54000 	C:\WINDOWS\system32\rsaenh.dll
0x00007ffcf4a60000 - 0x00007ffcf4a87000 	C:\WINDOWS\System32\bcrypt.dll
0x00007ffcf4960000 - 0x00007ffcf498e000 	C:\WINDOWS\SYSTEM32\USERENV.dll
0x00007ffcf4400000 - 0x00007ffcf440c000 	C:\WINDOWS\SYSTEM32\CRYPTBASE.dll
0x00007ffcf3eb0000 - 0x00007ffcf3eeb000 	C:\WINDOWS\SYSTEM32\IPHLPAPI.DLL
0x00007ffcf5910000 - 0x00007ffcf5918000 	C:\WINDOWS\System32\NSI.dll
0x00007ffceb7d0000 - 0x00007ffceb7e7000 	C:\WINDOWS\SYSTEM32\dhcpcsvc6.DLL
0x00007ffcec3e0000 - 0x00007ffcec3fd000 	C:\WINDOWS\SYSTEM32\dhcpcsvc.DLL
0x00007ffcf3f00000 - 0x00007ffcf3fcb000 	C:\WINDOWS\SYSTEM32\DNSAPI.dll
0x00007ffcd9bb0000 - 0x00007ffcd9bee000 	C:\Users\JUNGMIN KIM\AppData\Roaming\Code\User\globalStorage\redhat.java\1.3.0\config_ss_win\org.eclipse.equinox.launcher\org.eclipse.equinox.launcher.win32.win32.x86_64_1.2.400.v20211117-0650\eclipse_11602.dll
0x00007ffcf5c60000 - 0x00007ffcf5d8a000 	C:\WINDOWS\System32\ole32.dll

dbghelp: loaded successfully - version: 4.0.5 - missing functions: none
symbol engine: initialized successfully - sym options: 0x614 - pdb path: .;c:\Users\JUNGMIN KIM\.vscode\extensions\redhat.java-1.3.0\jre\17.0.1-win32-x86_64\bin;C:\WINDOWS\SYSTEM32;C:\WINDOWS\WinSxS\amd64_microsoft.windows.common-controls_6595b64144ccf1df_6.0.19041.1110_none_60b5254171f9507e;c:\Users\JUNGMIN KIM\.vscode\extensions\redhat.java-1.3.0\jre\17.0.1-win32-x86_64\bin\server;C:\Users\JUNGMIN KIM\AppData\Roaming\Code\User\globalStorage\redhat.java\1.3.0\config_ss_win\org.eclipse.equinox.launcher\org.eclipse.equinox.launcher.win32.win32.x86_64_1.2.400.v20211117-0650

VM Arguments:
jvm_args: --add-modules=ALL-SYSTEM --add-opens=java.base/java.util=ALL-UNNAMED --add-opens=java.base/java.lang=ALL-UNNAMED --add-opens=java.base/sun.nio.fs=ALL-UNNAMED -Declipse.application=org.eclipse.jdt.ls.core.id1 -Dosgi.bundles.defaultStartLevel=4 -Declipse.product=org.eclipse.jdt.ls.core.product -Djava.import.generatesMetadataFilesAtProjectRoot=false -Dfile.encoding=utf8 -DwatchParentProcess=false -XX:+UseParallelGC -XX:GCTimeRatio=4 -XX:AdaptiveSizePolicyWeight=90 -Dsun.zip.disableMemoryMapping=true -Xmx1G -Xms100m -javaagent:c:\Users\JUNGMIN KIM\.vscode\extensions\gabrielbb.vscode-lombok-1.0.1\server\lombok.jar 
java_command: c:\Users\JUNGMIN KIM\.vscode\extensions\redhat.java-1.3.0\server\plugins\org.eclipse.equinox.launcher_1.6.400.v20210924-0641.jar -configuration c:\Users\JUNGMIN KIM\AppData\Roaming\Code\User\globalStorage\redhat.java\1.3.0\config_ss_win -data c:\Users\JUNGMIN KIM\AppData\Roaming\Code\User\workspaceStorage\fe6c779bf1ca33eb14b05bcd4537552c\redhat.java\ss_ws
java_class_path (initial): c:\Users\JUNGMIN KIM\.vscode\extensions\redhat.java-1.3.0\server\plugins\org.eclipse.equinox.launcher_1.6.400.v20210924-0641.jar
Launcher Type: SUN_STANDARD

[Global flags]
    uintx AdaptiveSizePolicyWeight                 = 90                                        {product} {command line}
     intx CICompilerCount                          = 4                                         {product} {ergonomic}
    uintx GCTimeRatio                              = 4                                         {product} {command line}
   size_t InitialHeapSize                          = 104857600                                 {product} {command line}
   size_t MaxHeapSize                              = 1073741824                                {product} {command line}
   size_t MaxNewSize                               = 357564416                                 {product} {ergonomic}
   size_t MinHeapDeltaBytes                        = 524288                                    {product} {ergonomic}
   size_t MinHeapSize                              = 104857600                                 {product} {command line}
   size_t NewSize                                  = 34603008                                  {product} {ergonomic}
    uintx NonNMethodCodeHeapSize                   = 5839372                                {pd product} {ergonomic}
    uintx NonProfiledCodeHeapSize                  = 122909434                              {pd product} {ergonomic}
   size_t OldSize                                  = 70254592                                  {product} {ergonomic}
    uintx ProfiledCodeHeapSize                     = 122909434                              {pd product} {ergonomic}
    uintx ReservedCodeCacheSize                    = 251658240                              {pd product} {ergonomic}
     bool SegmentedCodeCache                       = true                                      {product} {ergonomic}
   size_t SoftMaxHeapSize                          = 1073741824                             {manageable} {ergonomic}
     bool UseCompressedClassPointers               = true                           {product lp64_product} {ergonomic}
     bool UseCompressedOops                        = true                           {product lp64_product} {ergonomic}
     bool UseLargePagesIndividualAllocation        = false                                  {pd product} {ergonomic}
     bool UseParallelGC                            = true                                      {product} {command line}

Logging:
Log output configuration:
 #0: stdout all=warning uptime,level,tags
 #1: stderr all=off uptime,level,tags

Environment Variables:
JAVA_HOME=C:\green_workspace\tools\jdk-11.0.2
PATH=C:\oraclexe\app\oracle\product\11.2.0\server\bin;;C:\WINDOWS\system32;C:\WINDOWS;C:\WINDOWS\System32\Wbem;C:\WINDOWS\System32\WindowsPowerShell\v1.0\;C:\WINDOWS\System32\OpenSSH\;C:\Program Files\NVIDIA Corporation\NVIDIA NvDLISR;C:\green_workspace\tools\Git\cmd;C:\green_workspace\tools\jdk-11.0.2\bin;C:\Program Files\MySQL\MySQL Shell 8.0\bin\;C:\Python39\Scripts\;C:\Python39\;C:\Users\JUNGMIN KIM\AppData\Local\Microsoft\WindowsApps;C:\Program Files\Bandizip\;C:\Users\JUNGMIN KIM\AppData\Roaming\Amazon;C:\Users\JUNGMIN KIM\AppData\Local\Programs\Microsoft VS Code\bin
USERNAME=kimjungmin
OS=Windows_NT
PROCESSOR_IDENTIFIER=Intel64 Family 6 Model 165 Stepping 2, GenuineIntel



---------------  S Y S T E M  ---------------

OS:
 Windows 10 , 64 bit Build 19041 (10.0.19041.1503)
OS uptime: 7 days 16:27 hours

CPU: total 8 (initial active 8) (4 cores per cpu, 2 threads per core) family 6 model 165 stepping 2 microcode 0xea, cx8, cmov, fxsr, ht, mmx, 3dnowpref, sse, sse2, sse3, ssse3, sse4.1, sse4.2, popcnt, lzcnt, tsc, tscinvbit, avx, avx2, aes, erms, clmul, bmi1, bmi2, adx, fma, vzeroupper, clflush, clflushopt

Memory: 4k page, system-wide physical 8059M (568M free)
TotalPageFile size 23178M (AvailPageFile size 1M)
current process WorkingSet (physical memory assigned to process): 142M, peak: 142M
current process commit charge ("private bytes"): 249M, peak: 249M

vm_info: OpenJDK 64-Bit Server VM (17.0.1+12) for windows-amd64 JRE (17.0.1+12), built on Oct 20 2021 07:42:55 by "" with MS VC++ 16.7 (VS2019)

END.
