#
# There is insufficient memory for the Java Runtime Environment to continue.
# Native memory allocation (malloc) failed to allocate 1729920 bytes for Chunk::new
# Possible reasons:
#   The system is out of physical RAM or swap space
#   The process is running with CompressedOops enabled, and the Java Heap may be blocking the growth of the native heap
# Possible solutions:
#   Reduce memory load on the system
#   Increase physical memory or swap space
#   Check if swap backing store is full
#   Decrease Java heap size (-Xmx/-Xms)
#   Decrease number of Java threads
#   Decrease Java thread stack sizes (-Xss)
#   Set larger code cache with -XX:ReservedCodeCacheSize=
#   JVM is running with Unscaled Compressed Oops mode in which the Java heap is
#     placed in the first 4GB address space. The Java Heap base address is the
#     maximum limit for the native heap growth. Please use -XX:HeapBaseMinAddress
#     to set the Java Heap base and to place the Java Heap above 4GB virtual address.
# This output file may be truncated or incomplete.
#
#  Out of Memory Error (arena.cpp:189), pid=13796, tid=17032
#
# JRE version: OpenJDK Runtime Environment Temurin-17.0.1+12 (17.0.1+12) (build 17.0.1+12)
# Java VM: OpenJDK 64-Bit Server VM Temurin-17.0.1+12 (17.0.1+12, mixed mode, tiered, compressed oops, compressed class ptrs, parallel gc, windows-amd64)
# No core dump will be written. Minidumps are not enabled by default on client versions of Windows
#

---------------  S U M M A R Y ------------

Command Line: --add-modules=ALL-SYSTEM --add-opens=java.base/java.util=ALL-UNNAMED --add-opens=java.base/java.lang=ALL-UNNAMED --add-opens=java.base/sun.nio.fs=ALL-UNNAMED -Declipse.application=org.eclipse.jdt.ls.core.id1 -Dosgi.bundles.defaultStartLevel=4 -Declipse.product=org.eclipse.jdt.ls.core.product -Djava.import.generatesMetadataFilesAtProjectRoot=false -Dfile.encoding=utf8 -DwatchParentProcess=false -XX:+UseParallelGC -XX:GCTimeRatio=4 -XX:AdaptiveSizePolicyWeight=90 -Dsun.zip.disableMemoryMapping=true -Xmx1G -Xms100m -javaagent:c:\Users\JUNGMIN KIM\.vscode\extensions\gabrielbb.vscode-lombok-1.0.1\server\lombok.jar c:\Users\JUNGMIN KIM\.vscode\extensions\redhat.java-1.3.0\server\plugins\org.eclipse.equinox.launcher_1.6.400.v20210924-0641.jar -configuration c:\Users\JUNGMIN KIM\AppData\Roaming\Code\User\globalStorage\redhat.java\1.3.0\config_ss_win -data c:\Users\JUNGMIN KIM\AppData\Roaming\Code\User\workspaceStorage\fe6c779bf1ca33eb14b05bcd4537552c\redhat.java\ss_ws

Host: Intel(R) Core(TM) i5-10300H CPU @ 2.50GHz, 8 cores, 7G,  Windows 10 , 64 bit Build 19041 (10.0.19041.1503)
Time: Mon Feb 28 15:33:19 2022  Windows 10 , 64 bit Build 19041 (10.0.19041.1503) elapsed time: 4.593655 seconds (0d 0h 0m 4s)

---------------  T H R E A D  ---------------

Current thread (0x000001fe73e249b0):  JavaThread "C2 CompilerThread1" daemon [_thread_in_native, id=17032, stack(0x0000005cd1100000,0x0000005cd1200000)]


Current CompileTask:
C2:   4593 3880       4       org.objectweb.asm.ClassReader::readMethod (1052 bytes)

Stack: [0x0000005cd1100000,0x0000005cd1200000]
Native frames: (J=compiled Java code, j=interpreted, Vv=VM code, C=native code)
V  [jvm.dll+0x6744da]
V  [jvm.dll+0x82e144]
V  [jvm.dll+0x82f8ee]
V  [jvm.dll+0x82ff53]
V  [jvm.dll+0x245175]
V  [jvm.dll+0xab85b]
V  [jvm.dll+0xabdec]
V  [jvm.dll+0x362f07]
V  [jvm.dll+0x32d4c1]
V  [jvm.dll+0x32c96a]
V  [jvm.dll+0x218031]
V  [jvm.dll+0x217451]
V  [jvm.dll+0x1a355d]
V  [jvm.dll+0x226e38]
V  [jvm.dll+0x224f7c]
V  [jvm.dll+0x7e3f5b]
V  [jvm.dll+0x7de51a]
V  [jvm.dll+0x673305]
C  [ucrtbase.dll+0x21bb2]
C  [KERNEL32.DLL+0x17034]
C  [ntdll.dll+0x52651]


---------------  P R O C E S S  ---------------

Threads class SMR info:
_java_thread_list=0x000001fe6fb89940, length=25, elements={
0x000001fe5a141170, 0x000001fe6dfb0740, 0x000001fe6dfb25c0, 0x000001fe6dfb8740,
0x000001fe6dfb95b0, 0x000001fe6dfbc330, 0x000001fe6dfbe0f0, 0x000001fe6fa7b020,
0x000001fe6fa7b9d0, 0x000001fe6fa7cb60, 0x000001fe6de41010, 0x000001fe6fd51100,
0x000001fe71c377c0, 0x000001fe71cde030, 0x000001fe71ce0d80, 0x000001fe71c64780,
0x000001fe71d86e40, 0x000001fe71dd3160, 0x000001fe71e64f30, 0x000001fe71fddb00,
0x000001fe71c91bb0, 0x000001fe71c90870, 0x000001fe71c8eb90, 0x000001fe71c8f530,
0x000001fe73e249b0
}

Java Threads: ( => current thread )
  0x000001fe5a141170 JavaThread "main" [_thread_blocked, id=17632, stack(0x0000005cd0200000,0x0000005cd0300000)]
  0x000001fe6dfb0740 JavaThread "Reference Handler" daemon [_thread_blocked, id=1668, stack(0x0000005cd0500000,0x0000005cd0600000)]
  0x000001fe6dfb25c0 JavaThread "Finalizer" daemon [_thread_blocked, id=240, stack(0x0000005cd0600000,0x0000005cd0700000)]
  0x000001fe6dfb8740 JavaThread "Signal Dispatcher" daemon [_thread_blocked, id=15920, stack(0x0000005cd0700000,0x0000005cd0800000)]
  0x000001fe6dfb95b0 JavaThread "Attach Listener" daemon [_thread_blocked, id=15808, stack(0x0000005cd0800000,0x0000005cd0900000)]
  0x000001fe6dfbc330 JavaThread "Service Thread" daemon [_thread_blocked, id=19512, stack(0x0000005cd0900000,0x0000005cd0a00000)]
  0x000001fe6dfbe0f0 JavaThread "Monitor Deflation Thread" daemon [_thread_blocked, id=10444, stack(0x0000005cd0a00000,0x0000005cd0b00000)]
  0x000001fe6fa7b020 JavaThread "C2 CompilerThread0" daemon [_thread_in_native, id=19684, stack(0x0000005cd0b00000,0x0000005cd0c00000)]
  0x000001fe6fa7b9d0 JavaThread "C1 CompilerThread0" daemon [_thread_blocked, id=11400, stack(0x0000005cd0c00000,0x0000005cd0d00000)]
  0x000001fe6fa7cb60 JavaThread "Sweeper thread" daemon [_thread_blocked, id=13596, stack(0x0000005cd0d00000,0x0000005cd0e00000)]
  0x000001fe6de41010 JavaThread "Common-Cleaner" daemon [_thread_blocked, id=3192, stack(0x0000005cd0e00000,0x0000005cd0f00000)]
  0x000001fe6fd51100 JavaThread "Notification Thread" daemon [_thread_blocked, id=8892, stack(0x0000005cd0f00000,0x0000005cd1000000)]
  0x000001fe71c377c0 JavaThread "Active Thread: Equinox Container: 05954ebb-e9d4-4faa-a37a-0cb96a090bac" [_thread_blocked, id=4368, stack(0x0000005cd1700000,0x0000005cd1800000)]
  0x000001fe71cde030 JavaThread "Framework Event Dispatcher: Equinox Container: 05954ebb-e9d4-4faa-a37a-0cb96a090bac" daemon [_thread_blocked, id=4264, stack(0x0000005cd1800000,0x0000005cd1900000)]
  0x000001fe71ce0d80 JavaThread "Start Level: Equinox Container: 05954ebb-e9d4-4faa-a37a-0cb96a090bac" daemon [_thread_blocked, id=7240, stack(0x0000005cd1900000,0x0000005cd1a00000)]
  0x000001fe71c64780 JavaThread "SCR Component Actor" daemon [_thread_blocked, id=19952, stack(0x0000005cd1a00000,0x0000005cd1b00000)]
  0x000001fe71d86e40 JavaThread "Timer-0" [_thread_blocked, id=19300, stack(0x0000005cd1d00000,0x0000005cd1e00000)]
  0x000001fe71dd3160 JavaThread "Worker-JM" [_thread_blocked, id=13004, stack(0x0000005cd1e00000,0x0000005cd1f00000)]
  0x000001fe71e64f30 JavaThread "Worker-0" [_thread_blocked, id=17232, stack(0x0000005cd1f00000,0x0000005cd2000000)]
  0x000001fe71fddb00 JavaThread "Worker-1" [_thread_blocked, id=2880, stack(0x0000005cd2000000,0x0000005cd2100000)]
  0x000001fe71c91bb0 JavaThread "pool-1-thread-1" [_thread_in_native, id=20120, stack(0x0000005cd2100000,0x0000005cd2200000)]
  0x000001fe71c90870 JavaThread "ForkJoinPool.commonPool-worker-1" daemon [_thread_blocked, id=19692, stack(0x0000005cd2200000,0x0000005cd2300000)]
  0x000001fe71c8eb90 JavaThread "ForkJoinPool.commonPool-worker-2" daemon [_thread_blocked, id=14580, stack(0x0000005cd2300000,0x0000005cd2400000)]
  0x000001fe71c8f530 JavaThread "ForkJoinPool.commonPool-worker-3" daemon [_thread_blocked, id=10092, stack(0x0000005cd2400000,0x0000005cd2500000)]
=>0x000001fe73e249b0 JavaThread "C2 CompilerThread1" daemon [_thread_in_native, id=17032, stack(0x0000005cd1100000,0x0000005cd1200000)]

Other Threads:
  0x000001fe6df9c350 VMThread "VM Thread" [stack: 0x0000005cd0400000,0x0000005cd0500000] [id=12408]
  0x000001fe6fd515d0 WatcherThread [stack: 0x0000005cd1000000,0x0000005cd1100000] [id=18776]
  0x000001fe5a157890 GCTaskThread "GC Thread#0" [stack: 0x0000005cd0300000,0x0000005cd0400000] [id=5140]
  0x000001fe70f84f20 GCTaskThread "GC Thread#1" [stack: 0x0000005cd1200000,0x0000005cd1300000] [id=18184]
  0x000001fe70b0a100 GCTaskThread "GC Thread#2" [stack: 0x0000005cd1300000,0x0000005cd1400000] [id=7444]
  0x000001fe70b0a3b0 GCTaskThread "GC Thread#3" [stack: 0x0000005cd1400000,0x0000005cd1500000] [id=14208]
  0x000001fe70b0a660 GCTaskThread "GC Thread#4" [stack: 0x0000005cd1500000,0x0000005cd1600000] [id=11760]
  0x000001fe70bd0df0 GCTaskThread "GC Thread#5" [stack: 0x0000005cd1600000,0x0000005cd1700000] [id=14736]
  0x000001fe70a8df40 GCTaskThread "GC Thread#6" [stack: 0x0000005cd1b00000,0x0000005cd1c00000] [id=19444]
  0x000001fe71d56320 GCTaskThread "GC Thread#7" [stack: 0x0000005cd1c00000,0x0000005cd1d00000] [id=17608]

Threads with active compile tasks:
C2 CompilerThread0     4618 3881 %     4       org.objectweb.asm.SymbolTable::<init> @ 98 (536 bytes)
C2 CompilerThread1     4619 3880       4       org.objectweb.asm.ClassReader::readMethod (1052 bytes)

VM state: not at safepoint (normal execution)

VM Mutex/Monitor currently owned by a thread: None

Heap address: 0x00000000c0000000, size: 1024 MB, Compressed Oops mode: 32-bit

CDS archive(s) not mapped
Compressed class space mapped at: 0x0000000100000000-0x0000000140000000, reserved size: 1073741824
Narrow klass base: 0x0000000000000000, Narrow klass shift: 3, Narrow klass range: 0x140000000

GC Precious Log:
 CPUs: 8 total, 8 available
 Memory: 8059M
 Large Page Support: Disabled
 NUMA Support: Disabled
 Compressed Oops: Enabled (32-bit)
 Alignments: Space 512K, Generation 512K, Heap 2M
 Heap Min Capacity: 100M
 Heap Initial Capacity: 100M
 Heap Max Capacity: 1G
 Pre-touch: Disabled
 Parallel Workers: 8

Heap:
 PSYoungGen      total 19968K, used 6192K [0x00000000eab00000, 0x00000000ec180000, 0x0000000100000000)
  eden space 19456K, 30% used [0x00000000eab00000,0x00000000eb0dc130,0x00000000ebe00000)
  from space 512K, 37% used [0x00000000ebe00000,0x00000000ebe30000,0x00000000ebe80000)
  to   space 1536K, 0% used [0x00000000ec000000,0x00000000ec000000,0x00000000ec180000)
 ParOldGen       total 68608K, used 26154K [0x00000000c0000000, 0x00000000c4300000, 0x00000000eab00000)
  object space 68608K, 38% used [0x00000000c0000000,0x00000000c198a950,0x00000000c4300000)
 Metaspace       used 41809K, committed 42432K, reserved 1089536K
  class space    used 4241K, committed 4480K, reserved 1048576K

Card table byte_map: [0x000001fe59af0000,0x000001fe59d00000] _byte_map_base: 0x000001fe594f0000

Marking Bits: (ParMarkBitMap*) 0x00007ffcb65b2a60
 Begin Bits: [0x000001fe6bdc0000, 0x000001fe6cdc0000)
 End Bits:   [0x000001fe6cdc0000, 0x000001fe6ddc0000)

Polling page: 0x000001fe580c0000

Metaspace:

Usage:
  Non-class:     36.69 MB used.
      Class:      4.14 MB used.
       Both:     40.83 MB used.

Virtual space:
  Non-class space:       40.00 MB reserved,      37.06 MB ( 93%) committed,  5 nodes.
      Class space:        1.00 GB reserved,       4.38 MB ( <1%) committed,  1 nodes.
             Both:        1.04 GB reserved,      41.44 MB (  4%) committed. 

Chunk freelists:
   Non-Class:  2.84 MB
       Class:  3.64 MB
        Both:  6.48 MB

MaxMetaspaceSize: unlimited
CompressedClassSpaceSize: 1.00 GB
Initial GC threshold: 21.00 MB
Current GC threshold: 58.38 MB
CDS: off
MetaspaceReclaimPolicy: balanced
 - commit_granule_bytes: 65536.
 - commit_granule_words: 8192.
 - virtual_space_node_default_size: 1048576.
 - enlarge_chunks_in_place: 1.
 - new_chunks_are_fully_committed: 0.
 - uncommit_free_chunks: 1.
 - use_allocation_guard: 0.
 - handle_deallocations: 1.


Internal statistics:

num_allocs_failed_limit: 6.
num_arena_births: 240.
num_arena_deaths: 0.
num_vsnodes_births: 6.
num_vsnodes_deaths: 0.
num_space_committed: 663.
num_space_uncommitted: 0.
num_chunks_returned_to_freelist: 6.
num_chunks_taken_from_freelist: 1532.
num_chunk_merges: 6.
num_chunk_splits: 1070.
num_chunks_enlarged: 777.
num_purges: 0.
num_inconsistent_stats: 0.

CodeHeap 'non-profiled nmethods': size=120000Kb used=1979Kb max_used=1979Kb free=118020Kb
 bounds [0x000001fe64890000, 0x000001fe64b00000, 0x000001fe6bdc0000]
CodeHeap 'profiled nmethods': size=120000Kb used=8323Kb max_used=8323Kb free=111676Kb
 bounds [0x000001fe5d360000, 0x000001fe5db90000, 0x000001fe64890000]
CodeHeap 'non-nmethods': size=5760Kb used=1289Kb max_used=1343Kb free=4470Kb
 bounds [0x000001fe5cdc0000, 0x000001fe5d030000, 0x000001fe5d360000]
 total_blobs=4485 nmethods=3869 adapters=530
 compilation: enabled
              stopped_count=0, restarted_count=0
 full_count=0

Compilation events (20 events):
Event: 4.506 Thread 0x000001fe6fa7b9d0 3901       3       java.util.concurrent.ConcurrentHashMap::comparableClassFor (117 bytes)
Event: 4.507 Thread 0x000001fe6fa7b9d0 nmethod 3901 0x000001fe5db7af90 code [0x000001fe5db7b200, 0x000001fe5db7bf78]
Event: 4.507 Thread 0x000001fe6fa7b9d0 3902       3       java.util.concurrent.ConcurrentHashMap$TreeNode::findTreeNode (177 bytes)
Event: 4.507 Thread 0x000001fe6fa7b9d0 nmethod 3902 0x000001fe5db7c310 code [0x000001fe5db7c540, 0x000001fe5db7cfb8]
Event: 4.507 Thread 0x000001fe6fa7b9d0 3903       3       org.eclipse.jdt.internal.compiler.lookup.LookupEnvironment::getPackage0 (12 bytes)
Event: 4.507 Thread 0x000001fe6fa7b9d0 nmethod 3903 0x000001fe5db7d290 code [0x000001fe5db7d480, 0x000001fe5db7da38]
Event: 4.507 Thread 0x000001fe6fa7b9d0 3900       3       org.eclipse.jdt.internal.compiler.lookup.PackageBinding::getType0 (18 bytes)
Event: 4.507 Thread 0x000001fe6fa7b9d0 nmethod 3900 0x000001fe5db7dc90 code [0x000001fe5db7de40, 0x000001fe5db7dfe8]
Event: 4.507 Thread 0x000001fe6fa7b9d0 3904       1       org.eclipse.jdt.internal.compiler.lookup.ProblemReferenceBinding::problemId (5 bytes)
Event: 4.507 Thread 0x000001fe6fa7b9d0 nmethod 3904 0x000001fe64a7ea10 code [0x000001fe64a7eba0, 0x000001fe64a7ec78]
Event: 4.508 Thread 0x000001fe6fa7b9d0 3905       3       com.google.gson.stream.JsonWriter::newline (47 bytes)
Event: 4.509 Thread 0x000001fe6fa7b9d0 nmethod 3905 0x000001fe5db7e090 code [0x000001fe5db7e260, 0x000001fe5db7e638]
Event: 4.509 Thread 0x000001fe6fa7b9d0 3906       3       java.io.StringWriter::append (6 bytes)
Event: 4.509 Thread 0x000001fe6fa7b9d0 nmethod 3906 0x000001fe5db7e790 code [0x000001fe5db7e980, 0x000001fe5db7ee98]
Event: 4.509 Thread 0x000001fe6fa7b9d0 3907       3       java.io.StringWriter::append (10 bytes)
Event: 4.509 Thread 0x000001fe6fa7b9d0 nmethod 3907 0x000001fe5db7f090 code [0x000001fe5db7f260, 0x000001fe5db7f6f8]
Event: 4.509 Thread 0x000001fe6fa7b9d0 3908       3       com.google.gson.stream.JsonWriter::writeDeferredName (25 bytes)
Event: 4.509 Thread 0x000001fe6fa7b9d0 nmethod 3908 0x000001fe5db7f910 code [0x000001fe5db7fac0, 0x000001fe5db7fc98]
Event: 4.509 Thread 0x000001fe6fa7b9d0 3909       3       com.google.gson.stream.JsonWriter::beforeValue (134 bytes)
Event: 4.509 Thread 0x000001fe6fa7b9d0 nmethod 3909 0x000001fe5db7fd90 code [0x000001fe5db80000, 0x000001fe5db809a8]

GC Heap History (20 events):
Event: 3.109 GC heap before
{Heap before GC invocations=10 (full 1):
 PSYoungGen      total 25600K, used 25579K [0x00000000eab00000, 0x00000000ecb00000, 0x0000000100000000)
  eden space 23040K, 100% used [0x00000000eab00000,0x00000000ec180000,0x00000000ec180000)
  from space 2560K, 99% used [0x00000000ec600000,0x00000000ec87aea8,0x00000000ec880000)
  to   space 4608K, 0% used [0x00000000ec180000,0x00000000ec180000,0x00000000ec600000)
 ParOldGen       total 68608K, used 9234K [0x00000000c0000000, 0x00000000c4300000, 0x00000000eab00000)
  object space 68608K, 13% used [0x00000000c0000000,0x00000000c0904b80,0x00000000c4300000)
 Metaspace       used 33468K, committed 34112K, reserved 1081344K
  class space    used 3381K, committed 3648K, reserved 1048576K
}
Event: 3.113 GC heap after
{Heap after GC invocations=10 (full 1):
 PSYoungGen      total 26624K, used 3841K [0x00000000eab00000, 0x00000000ec900000, 0x0000000100000000)
  eden space 22528K, 0% used [0x00000000eab00000,0x00000000eab00000,0x00000000ec100000)
  from space 4096K, 93% used [0x00000000ec180000,0x00000000ec5406a0,0x00000000ec580000)
  to   space 3584K, 0% used [0x00000000ec580000,0x00000000ec580000,0x00000000ec900000)
 ParOldGen       total 68608K, used 10118K [0x00000000c0000000, 0x00000000c4300000, 0x00000000eab00000)
  object space 68608K, 14% used [0x00000000c0000000,0x00000000c09e1bc0,0x00000000c4300000)
 Metaspace       used 33468K, committed 34112K, reserved 1081344K
  class space    used 3381K, committed 3648K, reserved 1048576K
}
Event: 3.163 GC heap before
{Heap before GC invocations=11 (full 1):
 PSYoungGen      total 26624K, used 26369K [0x00000000eab00000, 0x00000000ec900000, 0x0000000100000000)
  eden space 22528K, 100% used [0x00000000eab00000,0x00000000ec100000,0x00000000ec100000)
  from space 4096K, 93% used [0x00000000ec180000,0x00000000ec5406a0,0x00000000ec580000)
  to   space 3584K, 0% used [0x00000000ec580000,0x00000000ec580000,0x00000000ec900000)
 ParOldGen       total 68608K, used 10118K [0x00000000c0000000, 0x00000000c4300000, 0x00000000eab00000)
  object space 68608K, 14% used [0x00000000c0000000,0x00000000c09e1bc0,0x00000000c4300000)
 Metaspace       used 33557K, committed 34176K, reserved 1081344K
  class space    used 3385K, committed 3648K, reserved 1048576K
}
Event: 3.167 GC heap after
{Heap after GC invocations=11 (full 1):
 PSYoungGen      total 24576K, used 3570K [0x00000000eab00000, 0x00000000ecc80000, 0x0000000100000000)
  eden space 20992K, 0% used [0x00000000eab00000,0x00000000eab00000,0x00000000ebf80000)
  from space 3584K, 99% used [0x00000000ec580000,0x00000000ec8fcb28,0x00000000ec900000)
  to   space 6144K, 0% used [0x00000000ebf80000,0x00000000ebf80000,0x00000000ec580000)
 ParOldGen       total 68608K, used 12328K [0x00000000c0000000, 0x00000000c4300000, 0x00000000eab00000)
  object space 68608K, 17% used [0x00000000c0000000,0x00000000c0c0a1d0,0x00000000c4300000)
 Metaspace       used 33557K, committed 34176K, reserved 1081344K
  class space    used 3385K, committed 3648K, reserved 1048576K
}
Event: 3.207 GC heap before
{Heap before GC invocations=12 (full 1):
 PSYoungGen      total 24576K, used 24562K [0x00000000eab00000, 0x00000000ecc80000, 0x0000000100000000)
  eden space 20992K, 100% used [0x00000000eab00000,0x00000000ebf80000,0x00000000ebf80000)
  from space 3584K, 99% used [0x00000000ec580000,0x00000000ec8fcb28,0x00000000ec900000)
  to   space 6144K, 0% used [0x00000000ebf80000,0x00000000ebf80000,0x00000000ec580000)
 ParOldGen       total 68608K, used 12328K [0x00000000c0000000, 0x00000000c4300000, 0x00000000eab00000)
  object space 68608K, 17% used [0x00000000c0000000,0x00000000c0c0a1d0,0x00000000c4300000)
 Metaspace       used 33604K, committed 34240K, reserved 1081344K
  class space    used 3397K, committed 3648K, reserved 1048576K
}
Event: 3.211 GC heap after
{Heap after GC invocations=12 (full 1):
 PSYoungGen      total 24064K, used 2560K [0x00000000eab00000, 0x00000000ec780000, 0x0000000100000000)
  eden space 20992K, 0% used [0x00000000eab00000,0x00000000eab00000,0x00000000ebf80000)
  from space 3072K, 83% used [0x00000000ebf80000,0x00000000ec200010,0x00000000ec280000)
  to   space 4096K, 0% used [0x00000000ec380000,0x00000000ec380000,0x00000000ec780000)
 ParOldGen       total 68608K, used 15936K [0x00000000c0000000, 0x00000000c4300000, 0x00000000eab00000)
  object space 68608K, 23% used [0x00000000c0000000,0x00000000c0f90050,0x00000000c4300000)
 Metaspace       used 33604K, committed 34240K, reserved 1081344K
  class space    used 3397K, committed 3648K, reserved 1048576K
}
Event: 3.243 GC heap before
{Heap before GC invocations=13 (full 1):
 PSYoungGen      total 24064K, used 23552K [0x00000000eab00000, 0x00000000ec780000, 0x0000000100000000)
  eden space 20992K, 100% used [0x00000000eab00000,0x00000000ebf80000,0x00000000ebf80000)
  from space 3072K, 83% used [0x00000000ebf80000,0x00000000ec200010,0x00000000ec280000)
  to   space 4096K, 0% used [0x00000000ec380000,0x00000000ec380000,0x00000000ec780000)
 ParOldGen       total 68608K, used 15936K [0x00000000c0000000, 0x00000000c4300000, 0x00000000eab00000)
  object space 68608K, 23% used [0x00000000c0000000,0x00000000c0f90050,0x00000000c4300000)
 Metaspace       used 33610K, committed 34240K, reserved 1081344K
  class space    used 3397K, committed 3648K, reserved 1048576K
}
Event: 3.247 GC heap after
{Heap after GC invocations=13 (full 1):
 PSYoungGen      total 23552K, used 2528K [0x00000000eab00000, 0x00000000ec600000, 0x0000000100000000)
  eden space 20992K, 0% used [0x00000000eab00000,0x00000000eab00000,0x00000000ebf80000)
  from space 2560K, 98% used [0x00000000ec380000,0x00000000ec5f8010,0x00000000ec600000)
  to   space 3072K, 0% used [0x00000000ec000000,0x00000000ec000000,0x00000000ec300000)
 ParOldGen       total 68608K, used 18427K [0x00000000c0000000, 0x00000000c4300000, 0x00000000eab00000)
  object space 68608K, 26% used [0x00000000c0000000,0x00000000c11fedb0,0x00000000c4300000)
 Metaspace       used 33610K, committed 34240K, reserved 1081344K
  class space    used 3397K, committed 3648K, reserved 1048576K
}
Event: 3.284 GC heap before
{Heap before GC invocations=14 (full 1):
 PSYoungGen      total 23552K, used 23520K [0x00000000eab00000, 0x00000000ec600000, 0x0000000100000000)
  eden space 20992K, 100% used [0x00000000eab00000,0x00000000ebf80000,0x00000000ebf80000)
  from space 2560K, 98% used [0x00000000ec380000,0x00000000ec5f8010,0x00000000ec600000)
  to   space 3072K, 0% used [0x00000000ec000000,0x00000000ec000000,0x00000000ec300000)
 ParOldGen       total 68608K, used 18427K [0x00000000c0000000, 0x00000000c4300000, 0x00000000eab00000)
  object space 68608K, 26% used [0x00000000c0000000,0x00000000c11fedb0,0x00000000c4300000)
 Metaspace       used 33610K, committed 34240K, reserved 1081344K
  class space    used 3397K, committed 3648K, reserved 1048576K
}
Event: 3.288 GC heap after
{Heap after GC invocations=14 (full 1):
 PSYoungGen      total 23040K, used 2016K [0x00000000eab00000, 0x00000000ec480000, 0x0000000100000000)
  eden space 20992K, 0% used [0x00000000eab00000,0x00000000eab00000,0x00000000ebf80000)
  from space 2048K, 98% used [0x00000000ec000000,0x00000000ec1f8000,0x00000000ec200000)
  to   space 2560K, 0% used [0x00000000ec200000,0x00000000ec200000,0x00000000ec480000)
 ParOldGen       total 68608K, used 20841K [0x00000000c0000000, 0x00000000c4300000, 0x00000000eab00000)
  object space 68608K, 30% used [0x00000000c0000000,0x00000000c145a640,0x00000000c4300000)
 Metaspace       used 33610K, committed 34240K, reserved 1081344K
  class space    used 3397K, committed 3648K, reserved 1048576K
}
Event: 3.404 GC heap before
{Heap before GC invocations=15 (full 1):
 PSYoungGen      total 23040K, used 17566K [0x00000000eab00000, 0x00000000ec480000, 0x0000000100000000)
  eden space 20992K, 74% used [0x00000000eab00000,0x00000000eba2f898,0x00000000ebf80000)
  from space 2048K, 98% used [0x00000000ec000000,0x00000000ec1f8000,0x00000000ec200000)
  to   space 2560K, 0% used [0x00000000ec200000,0x00000000ec200000,0x00000000ec480000)
 ParOldGen       total 68608K, used 20841K [0x00000000c0000000, 0x00000000c4300000, 0x00000000eab00000)
  object space 68608K, 30% used [0x00000000c0000000,0x00000000c145a640,0x00000000c4300000)
 Metaspace       used 35323K, committed 35840K, reserved 1081344K
  class space    used 3598K, committed 3840K, reserved 1048576K
}
Event: 3.407 GC heap after
{Heap after GC invocations=15 (full 1):
 PSYoungGen      total 23040K, used 1988K [0x00000000eab00000, 0x00000000ec400000, 0x0000000100000000)
  eden space 20992K, 0% used [0x00000000eab00000,0x00000000eab00000,0x00000000ebf80000)
  from space 2048K, 97% used [0x00000000ec200000,0x00000000ec3f13d0,0x00000000ec400000)
  to   space 2048K, 0% used [0x00000000ec000000,0x00000000ec000000,0x00000000ec200000)
 ParOldGen       total 68608K, used 22798K [0x00000000c0000000, 0x00000000c4300000, 0x00000000eab00000)
  object space 68608K, 33% used [0x00000000c0000000,0x00000000c1643998,0x00000000c4300000)
 Metaspace       used 35323K, committed 35840K, reserved 1081344K
  class space    used 3598K, committed 3840K, reserved 1048576K
}
Event: 3.407 GC heap before
{Heap before GC invocations=16 (full 2):
 PSYoungGen      total 23040K, used 1988K [0x00000000eab00000, 0x00000000ec400000, 0x0000000100000000)
  eden space 20992K, 0% used [0x00000000eab00000,0x00000000eab00000,0x00000000ebf80000)
  from space 2048K, 97% used [0x00000000ec200000,0x00000000ec3f13d0,0x00000000ec400000)
  to   space 2048K, 0% used [0x00000000ec000000,0x00000000ec000000,0x00000000ec200000)
 ParOldGen       total 68608K, used 22798K [0x00000000c0000000, 0x00000000c4300000, 0x00000000eab00000)
  object space 68608K, 33% used [0x00000000c0000000,0x00000000c1643998,0x00000000c4300000)
 Metaspace       used 35323K, committed 35840K, reserved 1081344K
  class space    used 3598K, committed 3840K, reserved 1048576K
}
Event: 3.436 GC heap after
{Heap after GC invocations=16 (full 2):
 PSYoungGen      total 23040K, used 0K [0x00000000eab00000, 0x00000000ec400000, 0x0000000100000000)
  eden space 20992K, 0% used [0x00000000eab00000,0x00000000eab00000,0x00000000ebf80000)
  from space 2048K, 0% used [0x00000000ec200000,0x00000000ec200000,0x00000000ec400000)
  to   space 2048K, 0% used [0x00000000ec000000,0x00000000ec000000,0x00000000ec200000)
 ParOldGen       total 68608K, used 23993K [0x00000000c0000000, 0x00000000c4300000, 0x00000000eab00000)
  object space 68608K, 34% used [0x00000000c0000000,0x00000000c176e750,0x00000000c4300000)
 Metaspace       used 35323K, committed 35840K, reserved 1081344K
  class space    used 3598K, committed 3840K, reserved 1048576K
}
Event: 3.750 GC heap before
{Heap before GC invocations=17 (full 2):
 PSYoungGen      total 23040K, used 20991K [0x00000000eab00000, 0x00000000ec400000, 0x0000000100000000)
  eden space 20992K, 99% used [0x00000000eab00000,0x00000000ebf7fd78,0x00000000ebf80000)
  from space 2048K, 0% used [0x00000000ec200000,0x00000000ec200000,0x00000000ec400000)
  to   space 2048K, 0% used [0x00000000ec000000,0x00000000ec000000,0x00000000ec200000)
 ParOldGen       total 68608K, used 23993K [0x00000000c0000000, 0x00000000c4300000, 0x00000000eab00000)
  object space 68608K, 34% used [0x00000000c0000000,0x00000000c176e750,0x00000000c4300000)
 Metaspace       used 36557K, committed 37120K, reserved 1089536K
  class space    used 3770K, committed 4032K, reserved 1048576K
}
Event: 3.750 GC heap after
{Heap after GC invocations=17 (full 2):
 PSYoungGen      total 22016K, used 603K [0x00000000eab00000, 0x00000000ec280000, 0x0000000100000000)
  eden space 20992K, 0% used [0x00000000eab00000,0x00000000eab00000,0x00000000ebf80000)
  from space 1024K, 58% used [0x00000000ec000000,0x00000000ec096d00,0x00000000ec100000)
  to   space 1536K, 0% used [0x00000000ec100000,0x00000000ec100000,0x00000000ec280000)
 ParOldGen       total 68608K, used 24001K [0x00000000c0000000, 0x00000000c4300000, 0x00000000eab00000)
  object space 68608K, 34% used [0x00000000c0000000,0x00000000c1770750,0x00000000c4300000)
 Metaspace       used 36557K, committed 37120K, reserved 1089536K
  class space    used 3770K, committed 4032K, reserved 1048576K
}
Event: 4.399 GC heap before
{Heap before GC invocations=18 (full 2):
 PSYoungGen      total 22016K, used 21595K [0x00000000eab00000, 0x00000000ec280000, 0x0000000100000000)
  eden space 20992K, 100% used [0x00000000eab00000,0x00000000ebf80000,0x00000000ebf80000)
  from space 1024K, 58% used [0x00000000ec000000,0x00000000ec096d00,0x00000000ec100000)
  to   space 1536K, 0% used [0x00000000ec100000,0x00000000ec100000,0x00000000ec280000)
 ParOldGen       total 68608K, used 24001K [0x00000000c0000000, 0x00000000c4300000, 0x00000000eab00000)
  object space 68608K, 34% used [0x00000000c0000000,0x00000000c1770750,0x00000000c4300000)
 Metaspace       used 40196K, committed 40832K, reserved 1089536K
  class space    used 4088K, committed 4352K, reserved 1048576K
}
Event: 4.400 GC heap after
{Heap after GC invocations=18 (full 2):
 PSYoungGen      total 20992K, used 1530K [0x00000000eab00000, 0x00000000ec580000, 0x0000000100000000)
  eden space 19456K, 0% used [0x00000000eab00000,0x00000000eab00000,0x00000000ebe00000)
  from space 1536K, 99% used [0x00000000ec100000,0x00000000ec27e918,0x00000000ec280000)
  to   space 3072K, 0% used [0x00000000ebe00000,0x00000000ebe00000,0x00000000ec100000)
 ParOldGen       total 68608K, used 25126K [0x00000000c0000000, 0x00000000c4300000, 0x00000000eab00000)
  object space 68608K, 36% used [0x00000000c0000000,0x00000000c1889900,0x00000000c4300000)
 Metaspace       used 40196K, committed 40832K, reserved 1089536K
  class space    used 4088K, committed 4352K, reserved 1048576K
}
Event: 4.447 GC heap before
{Heap before GC invocations=19 (full 2):
 PSYoungGen      total 20992K, used 20986K [0x00000000eab00000, 0x00000000ec580000, 0x0000000100000000)
  eden space 19456K, 100% used [0x00000000eab00000,0x00000000ebe00000,0x00000000ebe00000)
  from space 1536K, 99% used [0x00000000ec100000,0x00000000ec27e918,0x00000000ec280000)
  to   space 3072K, 0% used [0x00000000ebe00000,0x00000000ebe00000,0x00000000ec100000)
 ParOldGen       total 68608K, used 25126K [0x00000000c0000000, 0x00000000c4300000, 0x00000000eab00000)
  object space 68608K, 36% used [0x00000000c0000000,0x00000000c1889900,0x00000000c4300000)
 Metaspace       used 40415K, committed 41088K, reserved 1089536K
  class space    used 4095K, committed 4352K, reserved 1048576K
}
Event: 4.447 GC heap after
{Heap after GC invocations=19 (full 2):
 PSYoungGen      total 19968K, used 192K [0x00000000eab00000, 0x00000000ec180000, 0x0000000100000000)
  eden space 19456K, 0% used [0x00000000eab00000,0x00000000eab00000,0x00000000ebe00000)
  from space 512K, 37% used [0x00000000ebe00000,0x00000000ebe30000,0x00000000ebe80000)
  to   space 1536K, 0% used [0x00000000ec000000,0x00000000ec000000,0x00000000ec180000)
 ParOldGen       total 68608K, used 26154K [0x00000000c0000000, 0x00000000c4300000, 0x00000000eab00000)
  object space 68608K, 38% used [0x00000000c0000000,0x00000000c198a950,0x00000000c4300000)
 Metaspace       used 40415K, committed 41088K, reserved 1089536K
  class space    used 4095K, committed 4352K, reserved 1048576K
}

Deoptimization events (20 events):
Event: 4.505 Thread 0x000001fe71c8eb90 Uncommon trap: trap_request=0xffffffde fr.pc=0x000001fe6498e144 relative=0x0000000000000c24
Event: 4.505 Thread 0x000001fe71c8eb90 Uncommon trap: reason=class_check action=maybe_recompile pc=0x000001fe6498e144 method=java.util.concurrent.ConcurrentHashMap.putVal(Ljava/lang/Object;Ljava/lang/Object;Z)Ljava/lang/Object; @ 242 c2
Event: 4.505 Thread 0x000001fe71c8eb90 DEOPT PACKING pc=0x000001fe6498e144 sp=0x0000005cd23fe8b0
Event: 4.505 Thread 0x000001fe71c8eb90 DEOPT UNPACKING pc=0x000001fe5ce120a3 sp=0x0000005cd23fe820 mode 2
Event: 4.505 Thread 0x000001fe71c8eb90 Uncommon trap: trap_request=0xffffffde fr.pc=0x000001fe6498e144 relative=0x0000000000000c24
Event: 4.505 Thread 0x000001fe71c8eb90 Uncommon trap: reason=class_check action=maybe_recompile pc=0x000001fe6498e144 method=java.util.concurrent.ConcurrentHashMap.putVal(Ljava/lang/Object;Ljava/lang/Object;Z)Ljava/lang/Object; @ 242 c2
Event: 4.505 Thread 0x000001fe71c8eb90 DEOPT PACKING pc=0x000001fe6498e144 sp=0x0000005cd23fe830
Event: 4.505 Thread 0x000001fe71c8eb90 DEOPT UNPACKING pc=0x000001fe5ce120a3 sp=0x0000005cd23fe7a0 mode 2
Event: 4.505 Thread 0x000001fe71c8eb90 Uncommon trap: trap_request=0xffffffde fr.pc=0x000001fe6498e144 relative=0x0000000000000c24
Event: 4.505 Thread 0x000001fe71c8eb90 Uncommon trap: reason=class_check action=maybe_recompile pc=0x000001fe6498e144 method=java.util.concurrent.ConcurrentHashMap.putVal(Ljava/lang/Object;Ljava/lang/Object;Z)Ljava/lang/Object; @ 242 c2
Event: 4.505 Thread 0x000001fe71c8eb90 DEOPT PACKING pc=0x000001fe6498e144 sp=0x0000005cd23fe7c0
Event: 4.505 Thread 0x000001fe71c8eb90 DEOPT UNPACKING pc=0x000001fe5ce120a3 sp=0x0000005cd23fe730 mode 2
Event: 4.505 Thread 0x000001fe71c8eb90 Uncommon trap: trap_request=0xffffffde fr.pc=0x000001fe6498e144 relative=0x0000000000000c24
Event: 4.505 Thread 0x000001fe71c8eb90 Uncommon trap: reason=class_check action=maybe_recompile pc=0x000001fe6498e144 method=java.util.concurrent.ConcurrentHashMap.putVal(Ljava/lang/Object;Ljava/lang/Object;Z)Ljava/lang/Object; @ 242 c2
Event: 4.505 Thread 0x000001fe71c8eb90 DEOPT PACKING pc=0x000001fe6498e144 sp=0x0000005cd23fe740
Event: 4.505 Thread 0x000001fe71c8eb90 DEOPT UNPACKING pc=0x000001fe5ce120a3 sp=0x0000005cd23fe6b0 mode 2
Event: 4.508 Thread 0x000001fe71c8eb90 Uncommon trap: trap_request=0xffffff45 fr.pc=0x000001fe64a65bf4 relative=0x00000000000003b4
Event: 4.508 Thread 0x000001fe71c8eb90 Uncommon trap: reason=unstable_if action=reinterpret pc=0x000001fe64a65bf4 method=java.lang.ThreadLocal$ThreadLocalMap.set(Ljava/lang/ThreadLocal;Ljava/lang/Object;)V @ 116 c2
Event: 4.508 Thread 0x000001fe71c8eb90 DEOPT PACKING pc=0x000001fe64a65bf4 sp=0x0000005cd23fe910
Event: 4.508 Thread 0x000001fe71c8eb90 DEOPT UNPACKING pc=0x000001fe5ce120a3 sp=0x0000005cd23fe898 mode 2

Classes unloaded (0 events):
No events

Classes redefined (0 events):
No events

Internal exceptions (20 events):
Event: 2.073 Thread 0x000001fe71ce0d80 Implicit null exception at 0x000001fe6495ff8d to 0x000001fe64960cfc
Event: 2.075 Thread 0x000001fe71ce0d80 Exception <a 'java/lang/ClassNotFoundException'{0x00000000ebb7d7a0}: com/sun/org/apache/xerces/internal/impl/msg/spi/XMLSerializerMessagesProvider> (0x00000000ebb7d7a0) 
thrown [e:\jenkins\tmp\workspace\build\src\src\hotspot\share\classfile\systemDictionary.cpp, line 256]
Event: 2.076 Thread 0x000001fe71ce0d80 Exception <a 'java/lang/ClassNotFoundException'{0x00000000ebb97548}: com/sun/org/apache/xerces/internal/impl/msg/spi/XMLMessagesProvider> (0x00000000ebb97548) 
thrown [e:\jenkins\tmp\workspace\build\src\src\hotspot\share\classfile\systemDictionary.cpp, line 256]
Event: 2.651 Thread 0x000001fe71ce0d80 Exception <a 'java/lang/ClassNotFoundException'{0x00000000ec090c68}: com/sun/org/apache/xml/internal/serializer/spi/XMLEntitiesProvider> (0x00000000ec090c68) 
thrown [e:\jenkins\tmp\workspace\build\src\src\hotspot\share\classfile\systemDictionary.cpp, line 256]
Event: 2.701 Thread 0x000001fe71ce0d80 Exception <a 'java/io/FileNotFoundException'{0x00000000eab314b0}> (0x00000000eab314b0) 
thrown [e:\jenkins\tmp\workspace\build\src\src\hotspot\share\prims\jni.cpp, line 516]
Event: 2.711 Thread 0x000001fe71ce0d80 Exception <a 'java/io/FileNotFoundException'{0x00000000eabba428}> (0x00000000eabba428) 
thrown [e:\jenkins\tmp\workspace\build\src\src\hotspot\share\prims\jni.cpp, line 516]
Event: 2.715 Thread 0x000001fe71ce0d80 Exception <a 'java/io/FileNotFoundException'{0x00000000eac2c1a0}> (0x00000000eac2c1a0) 
thrown [e:\jenkins\tmp\workspace\build\src\src\hotspot\share\prims\jni.cpp, line 516]
Event: 2.796 Thread 0x000001fe5a141170 Exception <a 'java/lang/NoSuchMethodError'{0x00000000eb5141a0}: 'java.lang.Object java.lang.invoke.DirectMethodHandle$Holder.newInvokeSpecial(java.lang.Object, java.lang.Object, java.lang.Object, java.lang.Object, java.lang.Object)'> (0x00000000eb5141a0) 
thrown [e:\jenkins\tmp\workspace\build\src\src\hotspot\share\interpreter\linkResolver.cpp, line 766]
Event: 2.842 Thread 0x000001fe71c91bb0 Exception <a 'java/io/FileNotFoundException'{0x00000000eb8f06a8}> (0x00000000eb8f06a8) 
thrown [e:\jenkins\tmp\workspace\build\src\src\hotspot\share\prims\jni.cpp, line 516]
Event: 2.915 Thread 0x000001fe71e64f30 Exception <a 'java/lang/NoSuchMethodError'{0x00000000ec09ec10}: 'java.lang.Object java.lang.invoke.Invokers$Holder.invoke_MT(java.lang.Object, java.lang.Object, java.lang.Object)'> (0x00000000ec09ec10) 
thrown [e:\jenkins\tmp\workspace\build\src\src\hotspot\share\interpreter\linkResolver.cpp, line 766]
Event: 3.024 Thread 0x000001fe71e64f30 Exception <a 'java/io/FileNotFoundException'{0x00000000eb9ce2c8}> (0x00000000eb9ce2c8) 
thrown [e:\jenkins\tmp\workspace\build\src\src\hotspot\share\prims\jni.cpp, line 516]
Event: 3.025 Thread 0x000001fe71e64f30 Exception <a 'java/io/FileNotFoundException'{0x00000000eb9d0430}> (0x00000000eb9d0430) 
thrown [e:\jenkins\tmp\workspace\build\src\src\hotspot\share\prims\jni.cpp, line 516]
Event: 3.025 Thread 0x000001fe71e64f30 Exception <a 'java/lang/NoSuchMethodError'{0x00000000eb9dba10}: 'void java.lang.invoke.DirectMethodHandle$Holder.invokeStaticInit(java.lang.Object, java.lang.Object, java.lang.Object)'> (0x00000000eb9dba10) 
thrown [e:\jenkins\tmp\workspace\build\src\src\hotspot\share\interpreter\linkResolver.cpp, line 766]
Event: 3.337 Thread 0x000001fe71c91bb0 Exception <a 'java/lang/NoSuchMethodError'{0x00000000eb1d8358}: 'java.lang.Object java.lang.invoke.DirectMethodHandle$Holder.invokeInterface(java.lang.Object, java.lang.Object, java.lang.Object)'> (0x00000000eb1d8358) 
thrown [e:\jenkins\tmp\workspace\build\src\src\hotspot\share\interpreter\linkResolver.cpp, line 766]
Event: 3.764 Thread 0x000001fe71c91bb0 Implicit null exception at 0x000001fe64983e4a to 0x000001fe64984b3c
Event: 4.241 Thread 0x000001fe71c90870 Exception <a 'java/lang/NoSuchMethodError'{0x00000000eb0efb78}: 'int java.lang.invoke.DirectMethodHandle$Holder.invokeSpecial(java.lang.Object, java.lang.Object, java.lang.Object)'> (0x00000000eb0efb78) 
thrown [e:\jenkins\tmp\workspace\build\src\src\hotspot\share\interpreter\linkResolver.cpp, line 766]
Event: 4.249 Thread 0x000001fe71c8f530 Exception <a 'java/lang/ArrayIndexOutOfBoundsException'{0x00000000eb323420}: Index 937 out of bounds for length 936> (0x00000000eb323420) 
thrown [e:\jenkins\tmp\workspace\build\src\src\hotspot\share\interpreter\interpreterRuntime.cpp, line 428]
Event: 4.332 Thread 0x000001fe71c8eb90 Exception <a 'java/lang/NoSuchMethodError'{0x00000000eb9b0560}: 'int java.lang.invoke.DirectMethodHandle$Holder.invokeVirtual(java.lang.Object, java.lang.Object, java.lang.Object)'> (0x00000000eb9b0560) 
thrown [e:\jenkins\tmp\workspace\build\src\src\hotspot\share\interpreter\linkResolver.cpp, line 766]
Event: 4.354 Thread 0x000001fe71c8eb90 Exception <a 'java/io/FileNotFoundException'{0x00000000ebb92418}> (0x00000000ebb92418) 
thrown [e:\jenkins\tmp\workspace\build\src\src\hotspot\share\prims\jni.cpp, line 516]
Event: 4.356 Thread 0x000001fe71c8eb90 Exception <a 'java/io/FileNotFoundException'{0x00000000ebbabe40}> (0x00000000ebbabe40) 
thrown [e:\jenkins\tmp\workspace\build\src\src\hotspot\share\prims\jni.cpp, line 516]

VM Operations (20 events):
Event: 3.284 Executing VM operation: ParallelGCFailedAllocation
Event: 3.288 Executing VM operation: ParallelGCFailedAllocation done
Event: 3.404 Executing VM operation: CollectForMetadataAllocation
Event: 3.436 Executing VM operation: CollectForMetadataAllocation done
Event: 3.471 Executing VM operation: HandshakeAllThreads
Event: 3.471 Executing VM operation: HandshakeAllThreads done
Event: 3.471 Executing VM operation: HandshakeAllThreads
Event: 3.471 Executing VM operation: HandshakeAllThreads done
Event: 3.584 Executing VM operation: ICBufferFull
Event: 3.584 Executing VM operation: ICBufferFull done
Event: 3.750 Executing VM operation: ParallelGCFailedAllocation
Event: 3.750 Executing VM operation: ParallelGCFailedAllocation done
Event: 4.335 Executing VM operation: HandshakeAllThreads
Event: 4.335 Executing VM operation: HandshakeAllThreads done
Event: 4.373 Executing VM operation: HandshakeAllThreads
Event: 4.373 Executing VM operation: HandshakeAllThreads done
Event: 4.399 Executing VM operation: ParallelGCFailedAllocation
Event: 4.400 Executing VM operation: ParallelGCFailedAllocation done
Event: 4.446 Executing VM operation: ParallelGCFailedAllocation
Event: 4.447 Executing VM operation: ParallelGCFailedAllocation done

Events (20 events):
Event: 4.261 loading class jdk/internal/reflect/UnsafeQualifiedStaticIntegerFieldAccessorImpl
Event: 4.261 loading class jdk/internal/reflect/UnsafeQualifiedStaticIntegerFieldAccessorImpl done
Event: 4.281 loading class java/util/stream/MatchOps$MatchKind
Event: 4.281 loading class java/util/stream/MatchOps$MatchKind done
Event: 4.281 loading class java/util/stream/MatchOps
Event: 4.282 loading class java/util/stream/MatchOps done
Event: 4.282 loading class java/util/stream/MatchOps$MatchOp
Event: 4.282 loading class java/util/stream/MatchOps$MatchOp done
Event: 4.282 loading class java/util/stream/MatchOps$BooleanTerminalSink
Event: 4.282 loading class java/util/stream/MatchOps$BooleanTerminalSink done
Event: 4.282 loading class java/util/stream/MatchOps$1MatchSink
Event: 4.282 loading class java/util/stream/MatchOps$1MatchSink done
Event: 4.332 loading class java/util/stream/ReduceOps$4
Event: 4.332 loading class java/util/stream/ReduceOps$4 done
Event: 4.333 loading class java/util/stream/ReduceOps$4ReducingSink
Event: 4.333 loading class java/util/stream/ReduceOps$4ReducingSink done
Event: 4.505 loading class java/util/concurrent/ConcurrentHashMap$TreeNode
Event: 4.505 loading class java/util/concurrent/ConcurrentHashMap$TreeNode done
Event: 4.505 loading class java/util/concurrent/ConcurrentHashMap$TreeBin
Event: 4.506 loading class java/util/concurrent/ConcurrentHashMap$TreeBin done


Dynamic libraries:
0x00007ff719760000 - 0x00007ff71976e000 	c:\Users\JUNGMIN KIM\.vscode\extensions\redhat.java-1.3.0\jre\17.0.1-win32-x86_64\bin\java.exe
0x00007ffcf7350000 - 0x00007ffcf7545000 	C:\WINDOWS\SYSTEM32\ntdll.dll
0x00007ffcf6c80000 - 0x00007ffcf6d3e000 	C:\WINDOWS\System32\KERNEL32.DLL
0x00007ffcf50d0000 - 0x00007ffcf5398000 	C:\WINDOWS\System32\KERNELBASE.dll
0x00007ffcbbf20000 - 0x00007ffcbc03d000 	C:\WINDOWS\System32\AppCheck64.dll
0x00007ffcf4fd0000 - 0x00007ffcf50d0000 	C:\WINDOWS\System32\ucrtbase.dll
0x00007ffcee4f0000 - 0x00007ffcee4fa000 	C:\WINDOWS\SYSTEM32\VERSION.dll
0x00007ffce6770000 - 0x00007ffce6789000 	c:\Users\JUNGMIN KIM\.vscode\extensions\redhat.java-1.3.0\jre\17.0.1-win32-x86_64\bin\VCRUNTIME140.dll
0x00007ffce6750000 - 0x00007ffce6768000 	c:\Users\JUNGMIN KIM\.vscode\extensions\redhat.java-1.3.0\jre\17.0.1-win32-x86_64\bin\jli.dll
0x00007ffcf6ea0000 - 0x00007ffcf6f3e000 	C:\WINDOWS\System32\msvcrt.dll
0x00007ffcf5740000 - 0x00007ffcf58e0000 	C:\WINDOWS\System32\USER32.dll
0x00007ffcf4a90000 - 0x00007ffcf4ab2000 	C:\WINDOWS\System32\win32u.dll
0x00007ffcf53a0000 - 0x00007ffcf53cb000 	C:\WINDOWS\System32\GDI32.dll
0x00007ffcda210000 - 0x00007ffcda4aa000 	C:\WINDOWS\WinSxS\amd64_microsoft.windows.common-controls_6595b64144ccf1df_6.0.19041.1110_none_60b5254171f9507e\COMCTL32.dll
0x00007ffcf4d60000 - 0x00007ffcf4e6d000 	C:\WINDOWS\System32\gdi32full.dll
0x00007ffcf4c10000 - 0x00007ffcf4cad000 	C:\WINDOWS\System32\msvcp_win.dll
0x00007ffcf6d40000 - 0x00007ffcf6dee000 	C:\WINDOWS\System32\ADVAPI32.dll
0x00007ffcf5bc0000 - 0x00007ffcf5c5c000 	C:\WINDOWS\System32\sechost.dll
0x00007ffcf5df0000 - 0x00007ffcf5f15000 	C:\WINDOWS\System32\RPCRT4.dll
0x00007ffcf58e0000 - 0x00007ffcf5910000 	C:\WINDOWS\System32\IMM32.DLL
0x00007ffcf0180000 - 0x00007ffcf018c000 	c:\Users\JUNGMIN KIM\.vscode\extensions\redhat.java-1.3.0\jre\17.0.1-win32-x86_64\bin\vcruntime140_1.dll
0x00007ffcc5110000 - 0x00007ffcc51a1000 	c:\Users\JUNGMIN KIM\.vscode\extensions\redhat.java-1.3.0\jre\17.0.1-win32-x86_64\bin\msvcp140.dll
0x00007ffcb5a30000 - 0x00007ffcb6676000 	c:\Users\JUNGMIN KIM\.vscode\extensions\redhat.java-1.3.0\jre\17.0.1-win32-x86_64\bin\server\jvm.dll
0x00007ffcf5bb0000 - 0x00007ffcf5bb8000 	C:\WINDOWS\System32\PSAPI.DLL
0x00007ffcdbcc0000 - 0x00007ffcdbce7000 	C:\WINDOWS\SYSTEM32\WINMM.dll
0x00007ffcf0150000 - 0x00007ffcf0159000 	C:\WINDOWS\SYSTEM32\WSOCK32.dll
0x00007ffcf6f40000 - 0x00007ffcf6fab000 	C:\WINDOWS\System32\WS2_32.dll
0x00007ffcf3330000 - 0x00007ffcf3342000 	C:\WINDOWS\SYSTEM32\kernel.appcore.dll
0x00007ffcf00e0000 - 0x00007ffcf00ea000 	c:\Users\JUNGMIN KIM\.vscode\extensions\redhat.java-1.3.0\jre\17.0.1-win32-x86_64\bin\jimage.dll
0x00007ffcf2850000 - 0x00007ffcf2a34000 	C:\WINDOWS\SYSTEM32\DBGHELP.DLL
0x00007ffcdc440000 - 0x00007ffcdc46c000 	C:\WINDOWS\SYSTEM32\dbgcore.DLL
0x00007ffcf4b30000 - 0x00007ffcf4bb2000 	C:\WINDOWS\System32\bcryptPrimitives.dll
0x00007ffcf00a0000 - 0x00007ffcf00ae000 	c:\Users\JUNGMIN KIM\.vscode\extensions\redhat.java-1.3.0\jre\17.0.1-win32-x86_64\bin\instrument.dll
0x00007ffce4520000 - 0x00007ffce4545000 	c:\Users\JUNGMIN KIM\.vscode\extensions\redhat.java-1.3.0\jre\17.0.1-win32-x86_64\bin\java.dll
0x00007ffce55d0000 - 0x00007ffce55e8000 	c:\Users\JUNGMIN KIM\.vscode\extensions\redhat.java-1.3.0\jre\17.0.1-win32-x86_64\bin\zip.dll
0x00007ffcf6530000 - 0x00007ffcf6c74000 	C:\WINDOWS\System32\SHELL32.dll
0x00007ffcf2a40000 - 0x00007ffcf31d4000 	C:\WINDOWS\SYSTEM32\windows.storage.dll
0x00007ffcf6fb0000 - 0x00007ffcf7305000 	C:\WINDOWS\System32\combase.dll
0x00007ffcf44b0000 - 0x00007ffcf44de000 	C:\WINDOWS\SYSTEM32\Wldp.dll
0x00007ffcf6df0000 - 0x00007ffcf6e9d000 	C:\WINDOWS\System32\SHCORE.dll
0x00007ffcf55b0000 - 0x00007ffcf5605000 	C:\WINDOWS\System32\shlwapi.dll
0x00007ffcf49a0000 - 0x00007ffcf49bf000 	C:\WINDOWS\SYSTEM32\profapi.dll
0x00007ffce2960000 - 0x00007ffce2979000 	C:\Users\JUNGMIN KIM\.vscode\extensions\redhat.java-1.3.0\jre\17.0.1-win32-x86_64\bin\net.dll
0x00007ffce4a10000 - 0x00007ffce4b1c000 	C:\WINDOWS\SYSTEM32\WINHTTP.dll
0x00007ffcf4210000 - 0x00007ffcf427a000 	C:\WINDOWS\system32\mswsock.dll
0x00007ffce22f0000 - 0x00007ffce2305000 	C:\Users\JUNGMIN KIM\.vscode\extensions\redhat.java-1.3.0\jre\17.0.1-win32-x86_64\bin\nio.dll
0x00007ffcef3f0000 - 0x00007ffcef400000 	c:\Users\JUNGMIN KIM\.vscode\extensions\redhat.java-1.3.0\jre\17.0.1-win32-x86_64\bin\verify.dll
0x00007ffcf4410000 - 0x00007ffcf4428000 	C:\WINDOWS\SYSTEM32\CRYPTSP.dll
0x00007ffcf3b20000 - 0x00007ffcf3b54000 	C:\WINDOWS\system32\rsaenh.dll
0x00007ffcf4a60000 - 0x00007ffcf4a87000 	C:\WINDOWS\System32\bcrypt.dll
0x00007ffcf4960000 - 0x00007ffcf498e000 	C:\WINDOWS\SYSTEM32\USERENV.dll
0x00007ffcf4400000 - 0x00007ffcf440c000 	C:\WINDOWS\SYSTEM32\CRYPTBASE.dll
0x00007ffcf3eb0000 - 0x00007ffcf3eeb000 	C:\WINDOWS\SYSTEM32\IPHLPAPI.DLL
0x00007ffcf5910000 - 0x00007ffcf5918000 	C:\WINDOWS\System32\NSI.dll
0x00007ffceb7d0000 - 0x00007ffceb7e7000 	C:\WINDOWS\SYSTEM32\dhcpcsvc6.DLL
0x00007ffcec3e0000 - 0x00007ffcec3fd000 	C:\WINDOWS\SYSTEM32\dhcpcsvc.DLL
0x00007ffcf3f00000 - 0x00007ffcf3fcb000 	C:\WINDOWS\SYSTEM32\DNSAPI.dll
0x00007ffcd9bb0000 - 0x00007ffcd9bee000 	C:\Users\JUNGMIN KIM\AppData\Roaming\Code\User\globalStorage\redhat.java\1.3.0\config_ss_win\org.eclipse.equinox.launcher\org.eclipse.equinox.launcher.win32.win32.x86_64_1.2.400.v20211117-0650\eclipse_11602.dll
0x00007ffcf5c60000 - 0x00007ffcf5d8a000 	C:\WINDOWS\System32\ole32.dll
0x00007ffcdc7f0000 - 0x00007ffcdc801000 	C:\Users\JUNGMIN KIM\AppData\Roaming\Code\User\globalStorage\redhat.java\1.3.0\config_ss_win\org.eclipse.osgi\15\0\.cp\jWinHttp-1.0.0.dll

dbghelp: loaded successfully - version: 4.0.5 - missing functions: none
symbol engine: initialized successfully - sym options: 0x614 - pdb path: .;c:\Users\JUNGMIN KIM\.vscode\extensions\redhat.java-1.3.0\jre\17.0.1-win32-x86_64\bin;C:\WINDOWS\SYSTEM32;C:\WINDOWS\WinSxS\amd64_microsoft.windows.common-controls_6595b64144ccf1df_6.0.19041.1110_none_60b5254171f9507e;c:\Users\JUNGMIN KIM\.vscode\extensions\redhat.java-1.3.0\jre\17.0.1-win32-x86_64\bin\server;C:\Users\JUNGMIN KIM\AppData\Roaming\Code\User\globalStorage\redhat.java\1.3.0\config_ss_win\org.eclipse.equinox.launcher\org.eclipse.equinox.launcher.win32.win32.x86_64_1.2.400.v20211117-0650;C:\Users\JUNGMIN KIM\AppData\Roaming\Code\User\globalStorage\redhat.java\1.3.0\config_ss_win\org.eclipse.osgi\15\0\.cp

VM Arguments:
jvm_args: --add-modules=ALL-SYSTEM --add-opens=java.base/java.util=ALL-UNNAMED --add-opens=java.base/java.lang=ALL-UNNAMED --add-opens=java.base/sun.nio.fs=ALL-UNNAMED -Declipse.application=org.eclipse.jdt.ls.core.id1 -Dosgi.bundles.defaultStartLevel=4 -Declipse.product=org.eclipse.jdt.ls.core.product -Djava.import.generatesMetadataFilesAtProjectRoot=false -Dfile.encoding=utf8 -DwatchParentProcess=false -XX:+UseParallelGC -XX:GCTimeRatio=4 -XX:AdaptiveSizePolicyWeight=90 -Dsun.zip.disableMemoryMapping=true -Xmx1G -Xms100m -javaagent:c:\Users\JUNGMIN KIM\.vscode\extensions\gabrielbb.vscode-lombok-1.0.1\server\lombok.jar 
java_command: c:\Users\JUNGMIN KIM\.vscode\extensions\redhat.java-1.3.0\server\plugins\org.eclipse.equinox.launcher_1.6.400.v20210924-0641.jar -configuration c:\Users\JUNGMIN KIM\AppData\Roaming\Code\User\globalStorage\redhat.java\1.3.0\config_ss_win -data c:\Users\JUNGMIN KIM\AppData\Roaming\Code\User\workspaceStorage\fe6c779bf1ca33eb14b05bcd4537552c\redhat.java\ss_ws
java_class_path (initial): c:\Users\JUNGMIN KIM\.vscode\extensions\redhat.java-1.3.0\server\plugins\org.eclipse.equinox.launcher_1.6.400.v20210924-0641.jar
Launcher Type: SUN_STANDARD

[Global flags]
    uintx AdaptiveSizePolicyWeight                 = 90                                        {product} {command line}
     intx CICompilerCount                          = 4                                         {product} {ergonomic}
    uintx GCTimeRatio                              = 4                                         {product} {command line}
   size_t InitialHeapSize                          = 104857600                                 {product} {command line}
   size_t MaxHeapSize                              = 1073741824                                {product} {command line}
   size_t MaxNewSize                               = 357564416                                 {product} {ergonomic}
   size_t MinHeapDeltaBytes                        = 524288                                    {product} {ergonomic}
   size_t MinHeapSize                              = 104857600                                 {product} {command line}
   size_t NewSize                                  = 34603008                                  {product} {ergonomic}
    uintx NonNMethodCodeHeapSize                   = 5839372                                {pd product} {ergonomic}
    uintx NonProfiledCodeHeapSize                  = 122909434                              {pd product} {ergonomic}
   size_t OldSize                                  = 70254592                                  {product} {ergonomic}
    uintx ProfiledCodeHeapSize                     = 122909434                              {pd product} {ergonomic}
    uintx ReservedCodeCacheSize                    = 251658240                              {pd product} {ergonomic}
     bool SegmentedCodeCache                       = true                                      {product} {ergonomic}
   size_t SoftMaxHeapSize                          = 1073741824                             {manageable} {ergonomic}
     bool UseCompressedClassPointers               = true                           {product lp64_product} {ergonomic}
     bool UseCompressedOops                        = true                           {product lp64_product} {ergonomic}
     bool UseLargePagesIndividualAllocation        = false                                  {pd product} {ergonomic}
     bool UseParallelGC                            = true                                      {product} {command line}

Logging:
Log output configuration:
 #0: stdout all=warning uptime,level,tags
 #1: stderr all=off uptime,level,tags

Environment Variables:
JAVA_HOME=C:\green_workspace\tools\jdk-11.0.2
PATH=C:\oraclexe\app\oracle\product\11.2.0\server\bin;;C:\WINDOWS\system32;C:\WINDOWS;C:\WINDOWS\System32\Wbem;C:\WINDOWS\System32\WindowsPowerShell\v1.0\;C:\WINDOWS\System32\OpenSSH\;C:\Program Files\NVIDIA Corporation\NVIDIA NvDLISR;C:\green_workspace\tools\Git\cmd;C:\green_workspace\tools\jdk-11.0.2\bin;C:\Program Files\MySQL\MySQL Shell 8.0\bin\;C:\Python39\Scripts\;C:\Python39\;C:\Users\JUNGMIN KIM\AppData\Local\Microsoft\WindowsApps;C:\Program Files\Bandizip\;C:\Users\JUNGMIN KIM\AppData\Roaming\Amazon;C:\Users\JUNGMIN KIM\AppData\Local\Programs\Microsoft VS Code\bin
USERNAME=kimjungmin
OS=Windows_NT
PROCESSOR_IDENTIFIER=Intel64 Family 6 Model 165 Stepping 2, GenuineIntel



---------------  S Y S T E M  ---------------

OS:
 Windows 10 , 64 bit Build 19041 (10.0.19041.1503)
OS uptime: 7 days 16:28 hours

CPU: total 8 (initial active 8) (4 cores per cpu, 2 threads per core) family 6 model 165 stepping 2 microcode 0xea, cx8, cmov, fxsr, ht, mmx, 3dnowpref, sse, sse2, sse3, ssse3, sse4.1, sse4.2, popcnt, lzcnt, tsc, tscinvbit, avx, avx2, aes, erms, clmul, bmi1, bmi2, adx, fma, vzeroupper, clflush, clflushopt

Memory: 4k page, system-wide physical 8059M (413M free)
TotalPageFile size 23178M (AvailPageFile size 8M)
current process WorkingSet (physical memory assigned to process): 188M, peak: 191M
current process commit charge ("private bytes"): 274M, peak: 278M

vm_info: OpenJDK 64-Bit Server VM (17.0.1+12) for windows-amd64 JRE (17.0.1+12), built on Oct 20 2021 07:42:55 by "" with MS VC++ 16.7 (VS2019)

END.
