#
# There is insufficient memory for the Java Runtime Environment to continue.
# Native memory allocation (malloc) failed to allocate 32744 bytes for ChunkPool::allocate
# Possible reasons:
#   The system is out of physical RAM or swap space
#   The process is running with CompressedOops enabled, and the Java Heap may be blocking the growth of the native heap
# Possible solutions:
#   Reduce memory load on the system
#   Increase physical memory or swap space
#   Check if swap backing store is full
#   Decrease Java heap size (-Xmx/-Xms)
#   Decrease number of Java threads
#   Decrease Java thread stack sizes (-Xss)
#   Set larger code cache with -XX:ReservedCodeCacheSize=
#   JVM is running with Unscaled Compressed Oops mode in which the Java heap is
#     placed in the first 4GB address space. The Java Heap base address is the
#     maximum limit for the native heap growth. Please use -XX:HeapBaseMinAddress
#     to set the Java Heap base and to place the Java Heap above 4GB virtual address.
# This output file may be truncated or incomplete.
#
#  Out of Memory Error (arena.cpp:78), pid=9596, tid=20448
#
# JRE version: OpenJDK Runtime Environment Temurin-17.0.1+12 (17.0.1+12) (build 17.0.1+12)
# Java VM: OpenJDK 64-Bit Server VM Temurin-17.0.1+12 (17.0.1+12, mixed mode, tiered, compressed oops, compressed class ptrs, parallel gc, windows-amd64)
# No core dump will be written. Minidumps are not enabled by default on client versions of Windows
#

---------------  S U M M A R Y ------------

Command Line: --add-modules=ALL-SYSTEM --add-opens=java.base/java.util=ALL-UNNAMED --add-opens=java.base/java.lang=ALL-UNNAMED --add-opens=java.base/sun.nio.fs=ALL-UNNAMED -Declipse.application=org.eclipse.jdt.ls.core.id1 -Dosgi.bundles.defaultStartLevel=4 -Declipse.product=org.eclipse.jdt.ls.core.product -Djava.import.generatesMetadataFilesAtProjectRoot=false -Dfile.encoding=utf8 -DwatchParentProcess=false -XX:+UseParallelGC -XX:GCTimeRatio=4 -XX:AdaptiveSizePolicyWeight=90 -Dsun.zip.disableMemoryMapping=true -Xmx1G -Xms100m -javaagent:c:\Users\JUNGMIN KIM\.vscode\extensions\gabrielbb.vscode-lombok-1.0.1\server\lombok.jar c:\Users\JUNGMIN KIM\.vscode\extensions\redhat.java-1.3.0\server\plugins\org.eclipse.equinox.launcher_1.6.400.v20210924-0641.jar -configuration c:\Users\JUNGMIN KIM\AppData\Roaming\Code\User\globalStorage\redhat.java\1.3.0\config_ss_win -data c:\Users\JUNGMIN KIM\AppData\Roaming\Code\User\workspaceStorage\fe6c779bf1ca33eb14b05bcd4537552c\redhat.java\ss_ws

Host: Intel(R) Core(TM) i5-10300H CPU @ 2.50GHz, 8 cores, 7G,  Windows 10 , 64 bit Build 19041 (10.0.19041.1503)
Time: Mon Feb 28 15:34:32 2022  Windows 10 , 64 bit Build 19041 (10.0.19041.1503) elapsed time: 68.428542 seconds (0d 0h 1m 8s)

---------------  T H R E A D  ---------------

Current thread (0x0000026e29a87f60):  JavaThread "C1 CompilerThread0" daemon [_thread_in_native, id=20448, stack(0x00000097a8a00000,0x00000097a8b00000)]


Current CompileTask:
C1:  68428 4517   !   3       org.eclipse.jdt.internal.core.NameLookup::seekTypesInBinaryPackage (393 bytes)

Stack: [0x00000097a8a00000,0x00000097a8b00000]
Native frames: (J=compiled Java code, j=interpreted, Vv=VM code, C=native code)
V  [jvm.dll+0x6744da]
V  [jvm.dll+0x82e144]
V  [jvm.dll+0x82f8ee]
V  [jvm.dll+0x82ff53]
V  [jvm.dll+0x245175]
V  [jvm.dll+0xabaa0]
V  [jvm.dll+0xabdec]
V  [jvm.dll+0x1748ea]
V  [jvm.dll+0x1753e2]
V  [jvm.dll+0x177c6c]
V  [jvm.dll+0x179fb1]
V  [jvm.dll+0x1342b3]
V  [jvm.dll+0x133baf]
V  [jvm.dll+0x133de6]
V  [jvm.dll+0x13327a]
V  [jvm.dll+0x134f41]
V  [jvm.dll+0x226e38]
V  [jvm.dll+0x224f7c]
V  [jvm.dll+0x7e3f5b]
V  [jvm.dll+0x7de51a]
V  [jvm.dll+0x673305]
C  [ucrtbase.dll+0x21bb2]
C  [KERNEL32.DLL+0x17034]
C  [ntdll.dll+0x52651]


---------------  P R O C E S S  ---------------

Threads class SMR info:
_java_thread_list=0x0000026e2bff5b90, length=24, elements={
0x0000026e14082f10, 0x0000026e27ef1750, 0x0000026e27ef2aa0, 0x0000026e29a7b640,
0x0000026e29a7c100, 0x0000026e29a7cbb0, 0x0000026e29a66620, 0x0000026e29a84540,
0x0000026e29a87f60, 0x0000026e29a88560, 0x0000026e29a97d20, 0x0000026e2a93a9c0,
0x0000026e2ae32440, 0x0000026e2bd0fef0, 0x0000026e2bdd28f0, 0x0000026e2bd18740,
0x0000026e2c0ab0e0, 0x0000026e2c0a6480, 0x0000026e2c09e450, 0x0000026e2a92ba40,
0x0000026e2a92b0a0, 0x0000026e2a929890, 0x0000026e2da46230, 0x0000026e2e380a20
}

Java Threads: ( => current thread )
  0x0000026e14082f10 JavaThread "main" [_thread_blocked, id=2308, stack(0x00000097a8000000,0x00000097a8100000)]
  0x0000026e27ef1750 JavaThread "Reference Handler" daemon [_thread_blocked, id=16160, stack(0x00000097a8300000,0x00000097a8400000)]
  0x0000026e27ef2aa0 JavaThread "Finalizer" daemon [_thread_blocked, id=20352, stack(0x00000097a8400000,0x00000097a8500000)]
  0x0000026e29a7b640 JavaThread "Signal Dispatcher" daemon [_thread_blocked, id=17560, stack(0x00000097a8500000,0x00000097a8600000)]
  0x0000026e29a7c100 JavaThread "Attach Listener" daemon [_thread_blocked, id=15352, stack(0x00000097a8600000,0x00000097a8700000)]
  0x0000026e29a7cbb0 JavaThread "Service Thread" daemon [_thread_blocked, id=14268, stack(0x00000097a8700000,0x00000097a8800000)]
  0x0000026e29a66620 JavaThread "Monitor Deflation Thread" daemon [_thread_blocked, id=20340, stack(0x00000097a8800000,0x00000097a8900000)]
  0x0000026e29a84540 JavaThread "C2 CompilerThread0" daemon [_thread_in_native, id=11284, stack(0x00000097a8900000,0x00000097a8a00000)]
=>0x0000026e29a87f60 JavaThread "C1 CompilerThread0" daemon [_thread_in_native, id=20448, stack(0x00000097a8a00000,0x00000097a8b00000)]
  0x0000026e29a88560 JavaThread "Sweeper thread" daemon [_thread_blocked, id=8276, stack(0x00000097a8b00000,0x00000097a8c00000)]
  0x0000026e29a97d20 JavaThread "Common-Cleaner" daemon [_thread_blocked, id=10416, stack(0x00000097a8c00000,0x00000097a8d00000)]
  0x0000026e2a93a9c0 JavaThread "Notification Thread" daemon [_thread_blocked, id=13500, stack(0x00000097a8e00000,0x00000097a8f00000)]
  0x0000026e2ae32440 JavaThread "Active Thread: Equinox Container: 6068f65e-07a4-46ee-bf32-bbc6412b486a" [_thread_blocked, id=11800, stack(0x00000097a9600000,0x00000097a9700000)]
  0x0000026e2bd0fef0 JavaThread "Framework Event Dispatcher: Equinox Container: 6068f65e-07a4-46ee-bf32-bbc6412b486a" daemon [_thread_blocked, id=20048, stack(0x00000097a9700000,0x00000097a9800000)]
  0x0000026e2bdd28f0 JavaThread "Start Level: Equinox Container: 6068f65e-07a4-46ee-bf32-bbc6412b486a" daemon [_thread_blocked, id=1744, stack(0x00000097a9800000,0x00000097a9900000)]
  0x0000026e2bd18740 JavaThread "SCR Component Actor" daemon [_thread_blocked, id=19160, stack(0x00000097a9900000,0x00000097a9a00000)]
  0x0000026e2c0ab0e0 JavaThread "Worker-JM" [_thread_blocked, id=9052, stack(0x00000097a9d00000,0x00000097a9e00000)]
  0x0000026e2c0a6480 JavaThread "Worker-0" [_thread_blocked, id=15936, stack(0x00000097a9e00000,0x00000097a9f00000)]
  0x0000026e2c09e450 JavaThread "Worker-1" [_thread_blocked, id=19760, stack(0x00000097a9f00000,0x00000097aa000000)]
  0x0000026e2a92ba40 JavaThread "pool-1-thread-1" [_thread_in_native, id=20260, stack(0x00000097a9000000,0x00000097a9100000)]
  0x0000026e2a92b0a0 JavaThread "ForkJoinPool.commonPool-worker-1" daemon [_thread_blocked, id=4240, stack(0x00000097aa000000,0x00000097aa100000)]
  0x0000026e2a929890 JavaThread "ForkJoinPool.commonPool-worker-2" daemon [_thread_blocked, id=8328, stack(0x00000097aa100000,0x00000097aa200000)]
  0x0000026e2da46230 JavaThread "C2 CompilerThread1" daemon [_thread_in_native, id=19552, stack(0x00000097a7d00000,0x00000097a7e00000)]
  0x0000026e2e380a20 JavaThread "C2 CompilerThread2" daemon [_thread_in_native, id=8980, stack(0x00000097a7e00000,0x00000097a7f00000)]

Other Threads:
  0x0000026e29a40c20 VMThread "VM Thread" [stack: 0x00000097a8200000,0x00000097a8300000] [id=19740]
  0x0000026e2a93ae90 WatcherThread [stack: 0x00000097a8f00000,0x00000097a9000000] [id=16496]
  0x0000026e14098b50 GCTaskThread "GC Thread#0" [stack: 0x00000097a8100000,0x00000097a8200000] [id=17464]
  0x0000026e2ad808b0 GCTaskThread "GC Thread#1" [stack: 0x00000097a9100000,0x00000097a9200000] [id=17068]
  0x0000026e2afe6010 GCTaskThread "GC Thread#2" [stack: 0x00000097a9200000,0x00000097a9300000] [id=16412]
  0x0000026e2aadc840 GCTaskThread "GC Thread#3" [stack: 0x00000097a9300000,0x00000097a9400000] [id=19496]
  0x0000026e2aadcaf0 GCTaskThread "GC Thread#4" [stack: 0x00000097a9400000,0x00000097a9500000] [id=10680]
  0x0000026e2aea63e0 GCTaskThread "GC Thread#5" [stack: 0x00000097a9500000,0x00000097a9600000] [id=9352]
  0x0000026e2bdcf410 GCTaskThread "GC Thread#6" [stack: 0x00000097a9a00000,0x00000097a9b00000] [id=10732]
  0x0000026e2bdcf6c0 GCTaskThread "GC Thread#7" [stack: 0x00000097a9b00000,0x00000097a9c00000] [id=3012]

Threads with active compile tasks:
C2 CompilerThread0    68454 4403       4       org.eclipse.jdt.internal.compiler.lookup.BinaryTypeBinding::createMethod (1687 bytes)
C1 CompilerThread0    68454 4517   !   3       org.eclipse.jdt.internal.core.NameLookup::seekTypesInBinaryPackage (393 bytes)
C2 CompilerThread1    68454 4505   !   4       org.eclipse.jdt.internal.core.Openable::exists (114 bytes)
C2 CompilerThread2    68454 4509       4       java.util.HashSet::add (20 bytes)

VM state: not at safepoint (normal execution)

VM Mutex/Monitor currently owned by a thread: None

Heap address: 0x00000000c0000000, size: 1024 MB, Compressed Oops mode: 32-bit

CDS archive(s) not mapped
Compressed class space mapped at: 0x0000000100000000-0x0000000140000000, reserved size: 1073741824
Narrow klass base: 0x0000000000000000, Narrow klass shift: 3, Narrow klass range: 0x140000000

GC Precious Log:
 CPUs: 8 total, 8 available
 Memory: 8059M
 Large Page Support: Disabled
 NUMA Support: Disabled
 Compressed Oops: Enabled (32-bit)
 Alignments: Space 512K, Generation 512K, Heap 2M
 Heap Min Capacity: 100M
 Heap Initial Capacity: 100M
 Heap Max Capacity: 1G
 Pre-touch: Disabled
 Parallel Workers: 8

Heap:
 PSYoungGen      total 20480K, used 7802K [0x00000000eab00000, 0x00000000ec180000, 0x0000000100000000)
  eden space 19456K, 36% used [0x00000000eab00000,0x00000000eb1f29e8,0x00000000ebe00000)
  from space 1024K, 67% used [0x00000000ec080000,0x00000000ec12be58,0x00000000ec180000)
  to   space 1024K, 0% used [0x00000000ebf80000,0x00000000ebf80000,0x00000000ec080000)
 ParOldGen       total 68608K, used 25852K [0x00000000c0000000, 0x00000000c4300000, 0x00000000eab00000)
  object space 68608K, 37% used [0x00000000c0000000,0x00000000c193f268,0x00000000c4300000)
 Metaspace       used 42811K, committed 43520K, reserved 1089536K
  class space    used 4287K, committed 4608K, reserved 1048576K

Card table byte_map: [0x0000026e13a60000,0x0000026e13c70000] _byte_map_base: 0x0000026e13460000

Marking Bits: (ParMarkBitMap*) 0x00007ffcb65b2a60
 Begin Bits: [0x0000026e25d00000, 0x0000026e26d00000)
 End Bits:   [0x0000026e26d00000, 0x0000026e27d00000)

Polling page: 0x0000026e13850000

Metaspace:

Usage:
  Non-class:     37.62 MB used.
      Class:      4.19 MB used.
       Both:     41.81 MB used.

Virtual space:
  Non-class space:       40.00 MB reserved,      38.00 MB ( 95%) committed,  5 nodes.
      Class space:        1.00 GB reserved,       4.50 MB ( <1%) committed,  1 nodes.
             Both:        1.04 GB reserved,      42.50 MB (  4%) committed. 

Chunk freelists:
   Non-Class:  1.92 MB
       Class:  3.53 MB
        Both:  5.44 MB

MaxMetaspaceSize: unlimited
CompressedClassSpaceSize: 1.00 GB
Initial GC threshold: 21.00 MB
Current GC threshold: 58.38 MB
CDS: off
MetaspaceReclaimPolicy: balanced
 - commit_granule_bytes: 65536.
 - commit_granule_words: 8192.
 - virtual_space_node_default_size: 1048576.
 - enlarge_chunks_in_place: 1.
 - new_chunks_are_fully_committed: 0.
 - uncommit_free_chunks: 1.
 - use_allocation_guard: 0.
 - handle_deallocations: 1.


Internal statistics:

num_allocs_failed_limit: 6.
num_arena_births: 250.
num_arena_deaths: 0.
num_vsnodes_births: 6.
num_vsnodes_deaths: 0.
num_space_committed: 680.
num_space_uncommitted: 0.
num_chunks_returned_to_freelist: 6.
num_chunks_taken_from_freelist: 1575.
num_chunk_merges: 6.
num_chunk_splits: 1104.
num_chunks_enlarged: 822.
num_purges: 0.
num_inconsistent_stats: 0.

CodeHeap 'non-profiled nmethods': size=120000Kb used=2472Kb max_used=2472Kb free=117527Kb
 bounds [0x0000026e1e7d0000, 0x0000026e1ea40000, 0x0000026e25d00000]
CodeHeap 'profiled nmethods': size=120000Kb used=9932Kb max_used=9932Kb free=110067Kb
 bounds [0x0000026e172a0000, 0x0000026e17c60000, 0x0000026e1e7d0000]
CodeHeap 'non-nmethods': size=5760Kb used=1291Kb max_used=1397Kb free=4468Kb
 bounds [0x0000026e16d00000, 0x0000026e16f70000, 0x0000026e172a0000]
 total_blobs=5088 nmethods=4467 adapters=535
 compilation: enabled
              stopped_count=0, restarted_count=0
 full_count=0

Compilation events (20 events):
Event: 68.417 Thread 0x0000026e29a87f60 nmethod 4503 0x0000026e17c4b810 code [0x0000026e17c4b9c0, 0x0000026e17c4bce8]
Event: 68.417 Thread 0x0000026e29a87f60 4504       3       org.eclipse.jdt.internal.core.PackageFragmentRoot::internalPath (10 bytes)
Event: 68.417 Thread 0x0000026e2da46230 4505   !   4       org.eclipse.jdt.internal.core.Openable::exists (114 bytes)
Event: 68.417 Thread 0x0000026e29a87f60 nmethod 4504 0x0000026e17c4be10 code [0x0000026e17c4c020, 0x0000026e17c4c8b8]
Event: 68.417 Thread 0x0000026e29a87f60 4506       3       org.eclipse.jdt.internal.core.JavaProject::getPatchedModules (192 bytes)
Event: 68.418 Thread 0x0000026e2e380a20 4509       4       java.util.HashSet::add (20 bytes)
Event: 68.418 Thread 0x0000026e29a87f60 nmethod 4506 0x0000026e17c4cb10 code [0x0000026e17c4cea0, 0x0000026e17c4e668]
Event: 68.418 Thread 0x0000026e29a87f60 4510       3       org.eclipse.jdt.internal.compiler.lookup.SplitPackageBinding::getPackage0 (92 bytes)
Event: 68.419 Thread 0x0000026e29a87f60 nmethod 4510 0x0000026e17c4f290 code [0x0000026e17c4f520, 0x0000026e17c50258]
Event: 68.419 Thread 0x0000026e29a87f60 4507       3       org.eclipse.jdt.internal.core.BinaryModule::getModuleInfo (28 bytes)
Event: 68.419 Thread 0x0000026e29a87f60 nmethod 4507 0x0000026e17c50690 code [0x0000026e17c50840, 0x0000026e17c50b88]
Event: 68.419 Thread 0x0000026e29a87f60 4511       3       java.util.stream.ReferencePipeline$Head::forEach (26 bytes)
Event: 68.419 Thread 0x0000026e29a87f60 nmethod 4511 0x0000026e17c50c90 code [0x0000026e17c50ec0, 0x0000026e17c51598]
Event: 68.419 Thread 0x0000026e29a87f60 4512       3       java.util.stream.AbstractPipeline::sourceStageSpliterator (112 bytes)
Event: 68.419 Thread 0x0000026e29a87f60 nmethod 4512 0x0000026e17c51890 code [0x0000026e17c51aa0, 0x0000026e17c52158]
Event: 68.419 Thread 0x0000026e29a87f60 4514       3       org.eclipse.jdt.internal.core.ModuleUpdater::applyModuleUpdates (85 bytes)
Event: 68.420 Thread 0x0000026e29a87f60 nmethod 4514 0x0000026e17c52390 code [0x0000026e17c525e0, 0x0000026e17c53028]
Event: 68.420 Thread 0x0000026e29a87f60 4508       1       org.eclipse.jdt.internal.compiler.classfmt.ModuleInfo::getAnnotations (5 bytes)
Event: 68.420 Thread 0x0000026e29a87f60 nmethod 4508 0x0000026e1ea39e10 code [0x0000026e1ea39fa0, 0x0000026e1ea3a078]
Event: 68.420 Thread 0x0000026e29a87f60 4517   !   3       org.eclipse.jdt.internal.core.NameLookup::seekTypesInBinaryPackage (393 bytes)

GC Heap History (20 events):
Event: 2.454 GC heap before
{Heap before GC invocations=11 (full 1):
 PSYoungGen      total 26624K, used 26161K [0x00000000eab00000, 0x00000000ec900000, 0x0000000100000000)
  eden space 22528K, 100% used [0x00000000eab00000,0x00000000ec100000,0x00000000ec100000)
  from space 4096K, 88% used [0x00000000ec180000,0x00000000ec50c6b0,0x00000000ec580000)
  to   space 3584K, 0% used [0x00000000ec580000,0x00000000ec580000,0x00000000ec900000)
 ParOldGen       total 68608K, used 10409K [0x00000000c0000000, 0x00000000c4300000, 0x00000000eab00000)
  object space 68608K, 15% used [0x00000000c0000000,0x00000000c0a2a638,0x00000000c4300000)
 Metaspace       used 33559K, committed 34240K, reserved 1081344K
  class space    used 3385K, committed 3712K, reserved 1048576K
}
Event: 2.458 GC heap after
{Heap after GC invocations=11 (full 1):
 PSYoungGen      total 24576K, used 3584K [0x00000000eab00000, 0x00000000ecc80000, 0x0000000100000000)
  eden space 20992K, 0% used [0x00000000eab00000,0x00000000eab00000,0x00000000ebf80000)
  from space 3584K, 100% used [0x00000000ec580000,0x00000000ec900000,0x00000000ec900000)
  to   space 6144K, 0% used [0x00000000ebf80000,0x00000000ebf80000,0x00000000ec580000)
 ParOldGen       total 68608K, used 12514K [0x00000000c0000000, 0x00000000c4300000, 0x00000000eab00000)
  object space 68608K, 18% used [0x00000000c0000000,0x00000000c0c38ba8,0x00000000c4300000)
 Metaspace       used 33559K, committed 34240K, reserved 1081344K
  class space    used 3385K, committed 3712K, reserved 1048576K
}
Event: 2.487 GC heap before
{Heap before GC invocations=12 (full 1):
 PSYoungGen      total 24576K, used 24576K [0x00000000eab00000, 0x00000000ecc80000, 0x0000000100000000)
  eden space 20992K, 100% used [0x00000000eab00000,0x00000000ebf80000,0x00000000ebf80000)
  from space 3584K, 100% used [0x00000000ec580000,0x00000000ec900000,0x00000000ec900000)
  to   space 6144K, 0% used [0x00000000ebf80000,0x00000000ebf80000,0x00000000ec580000)
 ParOldGen       total 68608K, used 12514K [0x00000000c0000000, 0x00000000c4300000, 0x00000000eab00000)
  object space 68608K, 18% used [0x00000000c0000000,0x00000000c0c38ba8,0x00000000c4300000)
 Metaspace       used 33607K, committed 34304K, reserved 1081344K
  class space    used 3397K, committed 3712K, reserved 1048576K
}
Event: 2.490 GC heap after
{Heap after GC invocations=12 (full 1):
 PSYoungGen      total 24064K, used 2560K [0x00000000eab00000, 0x00000000ec780000, 0x0000000100000000)
  eden space 20992K, 0% used [0x00000000eab00000,0x00000000eab00000,0x00000000ebf80000)
  from space 3072K, 83% used [0x00000000ebf80000,0x00000000ec200010,0x00000000ec280000)
  to   space 4096K, 0% used [0x00000000ec380000,0x00000000ec380000,0x00000000ec780000)
 ParOldGen       total 68608K, used 16101K [0x00000000c0000000, 0x00000000c4300000, 0x00000000eab00000)
  object space 68608K, 23% used [0x00000000c0000000,0x00000000c0fb96c0,0x00000000c4300000)
 Metaspace       used 33607K, committed 34304K, reserved 1081344K
  class space    used 3397K, committed 3712K, reserved 1048576K
}
Event: 2.512 GC heap before
{Heap before GC invocations=13 (full 1):
 PSYoungGen      total 24064K, used 23552K [0x00000000eab00000, 0x00000000ec780000, 0x0000000100000000)
  eden space 20992K, 100% used [0x00000000eab00000,0x00000000ebf80000,0x00000000ebf80000)
  from space 3072K, 83% used [0x00000000ebf80000,0x00000000ec200010,0x00000000ec280000)
  to   space 4096K, 0% used [0x00000000ec380000,0x00000000ec380000,0x00000000ec780000)
 ParOldGen       total 68608K, used 16101K [0x00000000c0000000, 0x00000000c4300000, 0x00000000eab00000)
  object space 68608K, 23% used [0x00000000c0000000,0x00000000c0fb96c0,0x00000000c4300000)
 Metaspace       used 33612K, committed 34304K, reserved 1081344K
  class space    used 3397K, committed 3712K, reserved 1048576K
}
Event: 2.515 GC heap after
{Heap after GC invocations=13 (full 1):
 PSYoungGen      total 24064K, used 2560K [0x00000000eab00000, 0x00000000ec680000, 0x0000000100000000)
  eden space 20992K, 0% used [0x00000000eab00000,0x00000000eab00000,0x00000000ebf80000)
  from space 3072K, 83% used [0x00000000ec380000,0x00000000ec600010,0x00000000ec680000)
  to   space 3072K, 0% used [0x00000000ebf80000,0x00000000ebf80000,0x00000000ec280000)
 ParOldGen       total 68608K, used 18585K [0x00000000c0000000, 0x00000000c4300000, 0x00000000eab00000)
  object space 68608K, 27% used [0x00000000c0000000,0x00000000c1226420,0x00000000c4300000)
 Metaspace       used 33612K, committed 34304K, reserved 1081344K
  class space    used 3397K, committed 3712K, reserved 1048576K
}
Event: 2.538 GC heap before
{Heap before GC invocations=14 (full 1):
 PSYoungGen      total 24064K, used 23552K [0x00000000eab00000, 0x00000000ec680000, 0x0000000100000000)
  eden space 20992K, 100% used [0x00000000eab00000,0x00000000ebf80000,0x00000000ebf80000)
  from space 3072K, 83% used [0x00000000ec380000,0x00000000ec600010,0x00000000ec680000)
  to   space 3072K, 0% used [0x00000000ebf80000,0x00000000ebf80000,0x00000000ec280000)
 ParOldGen       total 68608K, used 18585K [0x00000000c0000000, 0x00000000c4300000, 0x00000000eab00000)
  object space 68608K, 27% used [0x00000000c0000000,0x00000000c1226420,0x00000000c4300000)
 Metaspace       used 33612K, committed 34304K, reserved 1081344K
  class space    used 3397K, committed 3712K, reserved 1048576K
}
Event: 2.542 GC heap after
{Heap after GC invocations=14 (full 1):
 PSYoungGen      total 23040K, used 2016K [0x00000000eab00000, 0x00000000ec480000, 0x0000000100000000)
  eden space 20992K, 0% used [0x00000000eab00000,0x00000000eab00000,0x00000000ebf80000)
  from space 2048K, 98% used [0x00000000ebf80000,0x00000000ec178000,0x00000000ec180000)
  to   space 2560K, 0% used [0x00000000ec200000,0x00000000ec200000,0x00000000ec480000)
 ParOldGen       total 68608K, used 20983K [0x00000000c0000000, 0x00000000c4300000, 0x00000000eab00000)
  object space 68608K, 30% used [0x00000000c0000000,0x00000000c147dcb0,0x00000000c4300000)
 Metaspace       used 33612K, committed 34304K, reserved 1081344K
  class space    used 3397K, committed 3712K, reserved 1048576K
}
Event: 2.650 GC heap before
{Heap before GC invocations=15 (full 1):
 PSYoungGen      total 23040K, used 17369K [0x00000000eab00000, 0x00000000ec480000, 0x0000000100000000)
  eden space 20992K, 73% used [0x00000000eab00000,0x00000000eb9fe4b8,0x00000000ebf80000)
  from space 2048K, 98% used [0x00000000ebf80000,0x00000000ec178000,0x00000000ec180000)
  to   space 2560K, 0% used [0x00000000ec200000,0x00000000ec200000,0x00000000ec480000)
 ParOldGen       total 68608K, used 20983K [0x00000000c0000000, 0x00000000c4300000, 0x00000000eab00000)
  object space 68608K, 30% used [0x00000000c0000000,0x00000000c147dcb0,0x00000000c4300000)
 Metaspace       used 35198K, committed 35840K, reserved 1081344K
  class space    used 3592K, committed 3904K, reserved 1048576K
}
Event: 2.653 GC heap after
{Heap after GC invocations=15 (full 1):
 PSYoungGen      total 23040K, used 1932K [0x00000000eab00000, 0x00000000ec400000, 0x0000000100000000)
  eden space 20992K, 0% used [0x00000000eab00000,0x00000000eab00000,0x00000000ebf80000)
  from space 2048K, 94% used [0x00000000ec200000,0x00000000ec3e32b8,0x00000000ec400000)
  to   space 2048K, 0% used [0x00000000ebf80000,0x00000000ebf80000,0x00000000ec180000)
 ParOldGen       total 68608K, used 22932K [0x00000000c0000000, 0x00000000c4300000, 0x00000000eab00000)
  object space 68608K, 33% used [0x00000000c0000000,0x00000000c1665008,0x00000000c4300000)
 Metaspace       used 35198K, committed 35840K, reserved 1081344K
  class space    used 3592K, committed 3904K, reserved 1048576K
}
Event: 2.653 GC heap before
{Heap before GC invocations=16 (full 2):
 PSYoungGen      total 23040K, used 1932K [0x00000000eab00000, 0x00000000ec400000, 0x0000000100000000)
  eden space 20992K, 0% used [0x00000000eab00000,0x00000000eab00000,0x00000000ebf80000)
  from space 2048K, 94% used [0x00000000ec200000,0x00000000ec3e32b8,0x00000000ec400000)
  to   space 2048K, 0% used [0x00000000ebf80000,0x00000000ebf80000,0x00000000ec180000)
 ParOldGen       total 68608K, used 22932K [0x00000000c0000000, 0x00000000c4300000, 0x00000000eab00000)
  object space 68608K, 33% used [0x00000000c0000000,0x00000000c1665008,0x00000000c4300000)
 Metaspace       used 35198K, committed 35840K, reserved 1081344K
  class space    used 3592K, committed 3904K, reserved 1048576K
}
Event: 2.680 GC heap after
{Heap after GC invocations=16 (full 2):
 PSYoungGen      total 23040K, used 0K [0x00000000eab00000, 0x00000000ec400000, 0x0000000100000000)
  eden space 20992K, 0% used [0x00000000eab00000,0x00000000eab00000,0x00000000ebf80000)
  from space 2048K, 0% used [0x00000000ec200000,0x00000000ec200000,0x00000000ec400000)
  to   space 2048K, 0% used [0x00000000ebf80000,0x00000000ebf80000,0x00000000ec180000)
 ParOldGen       total 68608K, used 23983K [0x00000000c0000000, 0x00000000c4300000, 0x00000000eab00000)
  object space 68608K, 34% used [0x00000000c0000000,0x00000000c176be00,0x00000000c4300000)
 Metaspace       used 35198K, committed 35840K, reserved 1081344K
  class space    used 3592K, committed 3904K, reserved 1048576K
}
Event: 2.962 GC heap before
{Heap before GC invocations=17 (full 2):
 PSYoungGen      total 23040K, used 20961K [0x00000000eab00000, 0x00000000ec400000, 0x0000000100000000)
  eden space 20992K, 99% used [0x00000000eab00000,0x00000000ebf78710,0x00000000ebf80000)
  from space 2048K, 0% used [0x00000000ec200000,0x00000000ec200000,0x00000000ec400000)
  to   space 2048K, 0% used [0x00000000ebf80000,0x00000000ebf80000,0x00000000ec180000)
 ParOldGen       total 68608K, used 23983K [0x00000000c0000000, 0x00000000c4300000, 0x00000000eab00000)
  object space 68608K, 34% used [0x00000000c0000000,0x00000000c176be00,0x00000000c4300000)
 Metaspace       used 36548K, committed 37248K, reserved 1089536K
  class space    used 3771K, committed 4096K, reserved 1048576K
}
Event: 2.963 GC heap after
{Heap after GC invocations=17 (full 2):
 PSYoungGen      total 22016K, used 571K [0x00000000eab00000, 0x00000000ec280000, 0x0000000100000000)
  eden space 20992K, 0% used [0x00000000eab00000,0x00000000eab00000,0x00000000ebf80000)
  from space 1024K, 55% used [0x00000000ebf80000,0x00000000ec00ed00,0x00000000ec080000)
  to   space 1536K, 0% used [0x00000000ec100000,0x00000000ec100000,0x00000000ec280000)
 ParOldGen       total 68608K, used 23991K [0x00000000c0000000, 0x00000000c4300000, 0x00000000eab00000)
  object space 68608K, 34% used [0x00000000c0000000,0x00000000c176de00,0x00000000c4300000)
 Metaspace       used 36548K, committed 37248K, reserved 1089536K
  class space    used 3771K, committed 4096K, reserved 1048576K
}
Event: 3.622 GC heap before
{Heap before GC invocations=18 (full 2):
 PSYoungGen      total 22016K, used 21563K [0x00000000eab00000, 0x00000000ec280000, 0x0000000100000000)
  eden space 20992K, 100% used [0x00000000eab00000,0x00000000ebf80000,0x00000000ebf80000)
  from space 1024K, 55% used [0x00000000ebf80000,0x00000000ec00ed00,0x00000000ec080000)
  to   space 1536K, 0% used [0x00000000ec100000,0x00000000ec100000,0x00000000ec280000)
 ParOldGen       total 68608K, used 23991K [0x00000000c0000000, 0x00000000c4300000, 0x00000000eab00000)
  object space 68608K, 34% used [0x00000000c0000000,0x00000000c176de00,0x00000000c4300000)
 Metaspace       used 39624K, committed 40256K, reserved 1089536K
  class space    used 4054K, committed 4352K, reserved 1048576K
}
Event: 3.623 GC heap after
{Heap after GC invocations=18 (full 2):
 PSYoungGen      total 20992K, used 1509K [0x00000000eab00000, 0x00000000ec580000, 0x0000000100000000)
  eden space 19456K, 0% used [0x00000000eab00000,0x00000000eab00000,0x00000000ebe00000)
  from space 1536K, 98% used [0x00000000ec100000,0x00000000ec279540,0x00000000ec280000)
  to   space 3072K, 0% used [0x00000000ebe00000,0x00000000ebe00000,0x00000000ec100000)
 ParOldGen       total 68608K, used 24955K [0x00000000c0000000, 0x00000000c4300000, 0x00000000eab00000)
  object space 68608K, 36% used [0x00000000c0000000,0x00000000c185ef60,0x00000000c4300000)
 Metaspace       used 39624K, committed 40256K, reserved 1089536K
  class space    used 4054K, committed 4352K, reserved 1048576K
}
Event: 3.667 GC heap before
{Heap before GC invocations=19 (full 2):
 PSYoungGen      total 20992K, used 20965K [0x00000000eab00000, 0x00000000ec580000, 0x0000000100000000)
  eden space 19456K, 100% used [0x00000000eab00000,0x00000000ebe00000,0x00000000ebe00000)
  from space 1536K, 98% used [0x00000000ec100000,0x00000000ec279540,0x00000000ec280000)
  to   space 3072K, 0% used [0x00000000ebe00000,0x00000000ebe00000,0x00000000ec100000)
 ParOldGen       total 68608K, used 24955K [0x00000000c0000000, 0x00000000c4300000, 0x00000000eab00000)
  object space 68608K, 36% used [0x00000000c0000000,0x00000000c185ef60,0x00000000c4300000)
 Metaspace       used 40114K, committed 40704K, reserved 1089536K
  class space    used 4096K, committed 4352K, reserved 1048576K
}
Event: 3.667 GC heap after
{Heap after GC invocations=19 (full 2):
 PSYoungGen      total 19968K, used 160K [0x00000000eab00000, 0x00000000ec180000, 0x0000000100000000)
  eden space 19456K, 0% used [0x00000000eab00000,0x00000000eab00000,0x00000000ebe00000)
  from space 512K, 31% used [0x00000000ebe00000,0x00000000ebe28000,0x00000000ebe80000)
  to   space 1024K, 0% used [0x00000000ec080000,0x00000000ec080000,0x00000000ec180000)
 ParOldGen       total 68608K, used 25812K [0x00000000c0000000, 0x00000000c4300000, 0x00000000eab00000)
  object space 68608K, 37% used [0x00000000c0000000,0x00000000c1935268,0x00000000c4300000)
 Metaspace       used 40114K, committed 40704K, reserved 1089536K
  class space    used 4096K, committed 4352K, reserved 1048576K
}
Event: 67.989 GC heap before
{Heap before GC invocations=20 (full 2):
 PSYoungGen      total 19968K, used 19616K [0x00000000eab00000, 0x00000000ec180000, 0x0000000100000000)
  eden space 19456K, 100% used [0x00000000eab00000,0x00000000ebe00000,0x00000000ebe00000)
  from space 512K, 31% used [0x00000000ebe00000,0x00000000ebe28000,0x00000000ebe80000)
  to   space 1024K, 0% used [0x00000000ec080000,0x00000000ec080000,0x00000000ec180000)
 ParOldGen       total 68608K, used 25812K [0x00000000c0000000, 0x00000000c4300000, 0x00000000eab00000)
  object space 68608K, 37% used [0x00000000c0000000,0x00000000c1935268,0x00000000c4300000)
 Metaspace       used 42696K, committed 43392K, reserved 1089536K
  class space    used 4283K, committed 4608K, reserved 1048576K
}
Event: 67.990 GC heap after
{Heap after GC invocations=20 (full 2):
 PSYoungGen      total 20480K, used 687K [0x00000000eab00000, 0x00000000ec180000, 0x0000000100000000)
  eden space 19456K, 0% used [0x00000000eab00000,0x00000000eab00000,0x00000000ebe00000)
  from space 1024K, 67% used [0x00000000ec080000,0x00000000ec12be58,0x00000000ec180000)
  to   space 1024K, 0% used [0x00000000ebf80000,0x00000000ebf80000,0x00000000ec080000)
 ParOldGen       total 68608K, used 25852K [0x00000000c0000000, 0x00000000c4300000, 0x00000000eab00000)
  object space 68608K, 37% used [0x00000000c0000000,0x00000000c193f268,0x00000000c4300000)
 Metaspace       used 42696K, committed 43392K, reserved 1089536K
  class space    used 4283K, committed 4608K, reserved 1048576K
}

Deoptimization events (20 events):
Event: 3.937 Thread 0x0000026e2c0a6480 DEOPT PACKING pc=0x0000026e1747c823 sp=0x00000097a9efd2e0
Event: 3.938 Thread 0x0000026e2c0a6480 DEOPT UNPACKING pc=0x0000026e16d52843 sp=0x00000097a9efc818 mode 0
Event: 31.765 Thread 0x0000026e2a92b0a0 Uncommon trap: trap_request=0xffffff45 fr.pc=0x0000026e1e921584 relative=0x0000000000000264
Event: 31.765 Thread 0x0000026e2a92b0a0 Uncommon trap: reason=unstable_if action=reinterpret pc=0x0000026e1e921584 method=org.eclipse.jdt.internal.core.util.Util.equalArraysOrNull([Ljava/lang/Object;[Ljava/lang/Object;)Z @ 23 c2
Event: 31.765 Thread 0x0000026e2a92b0a0 DEOPT PACKING pc=0x0000026e1e921584 sp=0x00000097aa0fcfd0
Event: 31.765 Thread 0x0000026e2a92b0a0 DEOPT UNPACKING pc=0x0000026e16d520a3 sp=0x00000097aa0fcf68 mode 2
Event: 31.796 Thread 0x0000026e2a929890 DEOPT PACKING pc=0x0000026e1747c823 sp=0x00000097aa1fdf00
Event: 31.797 Thread 0x0000026e2a929890 DEOPT UNPACKING pc=0x0000026e16d52843 sp=0x00000097aa1fd438 mode 0
Event: 32.165 Thread 0x0000026e2c0a6480 DEOPT PACKING pc=0x0000026e17a0982d sp=0x00000097a9efe2e0
Event: 32.165 Thread 0x0000026e2c0a6480 DEOPT UNPACKING pc=0x0000026e16d52843 sp=0x00000097a9efd788 mode 0
Event: 67.997 Thread 0x0000026e2a92b0a0 Uncommon trap: trap_request=0xffffffcc fr.pc=0x0000026e1ea21ca0 relative=0x000000000000a180
Event: 67.997 Thread 0x0000026e2a92b0a0 Uncommon trap: reason=intrinsic_or_type_checked_inlining action=make_not_entrant pc=0x0000026e1ea21ca0 method=java.util.ArrayList.toArray([Ljava/lang/Object;)[Ljava/lang/Object; @ 36 c2
Event: 67.997 Thread 0x0000026e2a92b0a0 DEOPT PACKING pc=0x0000026e1ea21ca0 sp=0x00000097aa0fd660
Event: 67.997 Thread 0x0000026e2a92b0a0 DEOPT UNPACKING pc=0x0000026e16d520a3 sp=0x00000097aa0fd5b8 mode 2
Event: 68.001 Thread 0x0000026e2a92b0a0 DEOPT PACKING pc=0x0000026e17b69fa1 sp=0x00000097aa0fd5a0
Event: 68.001 Thread 0x0000026e2a92b0a0 DEOPT UNPACKING pc=0x0000026e16d52843 sp=0x00000097aa0fc9d8 mode 0
Event: 68.399 Thread 0x0000026e2c09e450 DEOPT PACKING pc=0x0000026e17a1e270 sp=0x00000097a9ffded0
Event: 68.399 Thread 0x0000026e2c09e450 DEOPT UNPACKING pc=0x0000026e16d52843 sp=0x00000097a9ffd348 mode 0
Event: 68.407 Thread 0x0000026e2c09e450 DEOPT PACKING pc=0x0000026e17a1e270 sp=0x00000097a9ffdde0
Event: 68.407 Thread 0x0000026e2c09e450 DEOPT UNPACKING pc=0x0000026e16d52843 sp=0x00000097a9ffd258 mode 0

Classes unloaded (0 events):
No events

Classes redefined (0 events):
No events

Internal exceptions (20 events):
Event: 1.418 Thread 0x0000026e2bdd28f0 Exception <a 'java/lang/ClassNotFoundException'{0x00000000ebaca348}: com/sun/org/apache/xerces/internal/impl/msg/spi/XMLSerializerMessagesProvider> (0x00000000ebaca348) 
thrown [e:\jenkins\tmp\workspace\build\src\src\hotspot\share\classfile\systemDictionary.cpp, line 256]
Event: 1.419 Thread 0x0000026e2bdd28f0 Exception <a 'java/lang/ClassNotFoundException'{0x00000000ebae46e8}: com/sun/org/apache/xerces/internal/impl/msg/spi/XMLMessagesProvider> (0x00000000ebae46e8) 
thrown [e:\jenkins\tmp\workspace\build\src\src\hotspot\share\classfile\systemDictionary.cpp, line 256]
Event: 1.993 Thread 0x0000026e2bdd28f0 Exception <a 'java/lang/ClassNotFoundException'{0x00000000ec059e00}: com/sun/org/apache/xml/internal/serializer/spi/XMLEntitiesProvider> (0x00000000ec059e00) 
thrown [e:\jenkins\tmp\workspace\build\src\src\hotspot\share\classfile\systemDictionary.cpp, line 256]
Event: 2.045 Thread 0x0000026e2bdd28f0 Exception <a 'java/io/FileNotFoundException'{0x00000000ec37b4d8}> (0x00000000ec37b4d8) 
thrown [e:\jenkins\tmp\workspace\build\src\src\hotspot\share\prims\jni.cpp, line 516]
Event: 2.056 Thread 0x0000026e2bdd28f0 Exception <a 'java/io/FileNotFoundException'{0x00000000eab92b90}> (0x00000000eab92b90) 
thrown [e:\jenkins\tmp\workspace\build\src\src\hotspot\share\prims\jni.cpp, line 516]
Event: 2.060 Thread 0x0000026e2bdd28f0 Exception <a 'java/io/FileNotFoundException'{0x00000000eabf7bf8}> (0x00000000eabf7bf8) 
thrown [e:\jenkins\tmp\workspace\build\src\src\hotspot\share\prims\jni.cpp, line 516]
Event: 2.138 Thread 0x0000026e14082f10 Exception <a 'java/lang/NoSuchMethodError'{0x00000000eb512588}: 'java.lang.Object java.lang.invoke.DirectMethodHandle$Holder.newInvokeSpecial(java.lang.Object, java.lang.Object, java.lang.Object, java.lang.Object, java.lang.Object)'> (0x00000000eb512588) 
thrown [e:\jenkins\tmp\workspace\build\src\src\hotspot\share\interpreter\linkResolver.cpp, line 766]
Event: 2.178 Thread 0x0000026e2a92ba40 Exception <a 'java/io/FileNotFoundException'{0x00000000eb8f8cd8}> (0x00000000eb8f8cd8) 
thrown [e:\jenkins\tmp\workspace\build\src\src\hotspot\share\prims\jni.cpp, line 516]
Event: 2.244 Thread 0x0000026e2c0a6480 Exception <a 'java/lang/NoSuchMethodError'{0x00000000ec0a7208}: 'java.lang.Object java.lang.invoke.Invokers$Holder.invoke_MT(java.lang.Object, java.lang.Object, java.lang.Object)'> (0x00000000ec0a7208) 
thrown [e:\jenkins\tmp\workspace\build\src\src\hotspot\share\interpreter\linkResolver.cpp, line 766]
Event: 2.348 Thread 0x0000026e2c0a6480 Exception <a 'java/io/FileNotFoundException'{0x00000000eb9d3190}> (0x00000000eb9d3190) 
thrown [e:\jenkins\tmp\workspace\build\src\src\hotspot\share\prims\jni.cpp, line 516]
Event: 2.348 Thread 0x0000026e2c0a6480 Exception <a 'java/io/FileNotFoundException'{0x00000000eb9d52f8}> (0x00000000eb9d52f8) 
thrown [e:\jenkins\tmp\workspace\build\src\src\hotspot\share\prims\jni.cpp, line 516]
Event: 2.349 Thread 0x0000026e2c0a6480 Exception <a 'java/lang/NoSuchMethodError'{0x00000000eb9e08d8}: 'void java.lang.invoke.DirectMethodHandle$Holder.invokeStaticInit(java.lang.Object, java.lang.Object, java.lang.Object)'> (0x00000000eb9e08d8) 
thrown [e:\jenkins\tmp\workspace\build\src\src\hotspot\share\interpreter\linkResolver.cpp, line 766]
Event: 2.594 Thread 0x0000026e2a92ba40 Exception <a 'java/lang/NoSuchMethodError'{0x00000000eb1d8140}: 'java.lang.Object java.lang.invoke.DirectMethodHandle$Holder.invokeInterface(java.lang.Object, java.lang.Object, java.lang.Object)'> (0x00000000eb1d8140) 
thrown [e:\jenkins\tmp\workspace\build\src\src\hotspot\share\interpreter\linkResolver.cpp, line 766]
Event: 2.980 Thread 0x0000026e2a92ba40 Implicit null exception at 0x0000026e1e8cf04a to 0x0000026e1e8cfd40
Event: 3.484 Thread 0x0000026e2a92b0a0 Exception <a 'java/lang/ArrayIndexOutOfBoundsException'{0x00000000eb2a7aa0}: Index 937 out of bounds for length 936> (0x00000000eb2a7aa0) 
thrown [e:\jenkins\tmp\workspace\build\src\src\hotspot\share\interpreter\interpreterRuntime.cpp, line 428]
Event: 3.536 Thread 0x0000026e2a929890 Exception <a 'java/lang/NoSuchMethodError'{0x00000000eb737df8}: 'int java.lang.invoke.DirectMethodHandle$Holder.invokeSpecial(java.lang.Object, java.lang.Object, java.lang.Object)'> (0x00000000eb737df8) 
thrown [e:\jenkins\tmp\workspace\build\src\src\hotspot\share\interpreter\linkResolver.cpp, line 766]
Event: 3.551 Thread 0x0000026e2a929890 Exception <a 'java/lang/NoSuchMethodError'{0x00000000eb822148}: 'int java.lang.invoke.DirectMethodHandle$Holder.invokeVirtual(java.lang.Object, java.lang.Object, java.lang.Object)'> (0x00000000eb822148) 
thrown [e:\jenkins\tmp\workspace\build\src\src\hotspot\share\interpreter\linkResolver.cpp, line 766]
Event: 3.573 Thread 0x0000026e2a929890 Exception <a 'java/io/FileNotFoundException'{0x00000000eba00fc8}> (0x00000000eba00fc8) 
thrown [e:\jenkins\tmp\workspace\build\src\src\hotspot\share\prims\jni.cpp, line 516]
Event: 3.576 Thread 0x0000026e2a929890 Exception <a 'java/io/FileNotFoundException'{0x00000000eba1a7a8}> (0x00000000eba1a7a8) 
thrown [e:\jenkins\tmp\workspace\build\src\src\hotspot\share\prims\jni.cpp, line 516]
Event: 60.938 Thread 0x0000026e2a92b0a0 Exception <a 'java/lang/ArrayIndexOutOfBoundsException'{0x00000000eba11530}: Index 937 out of bounds for length 936> (0x00000000eba11530) 
thrown [e:\jenkins\tmp\workspace\build\src\src\hotspot\share\interpreter\interpreterRuntime.cpp, line 428]

VM Operations (20 events):
Event: 3.554 Executing VM operation: HandshakeAllThreads
Event: 3.554 Executing VM operation: HandshakeAllThreads done
Event: 3.622 Executing VM operation: ParallelGCFailedAllocation
Event: 3.623 Executing VM operation: ParallelGCFailedAllocation done
Event: 3.667 Executing VM operation: ParallelGCFailedAllocation
Event: 3.667 Executing VM operation: ParallelGCFailedAllocation done
Event: 4.668 Executing VM operation: Cleanup
Event: 4.668 Executing VM operation: Cleanup done
Event: 30.924 Executing VM operation: Cleanup
Event: 30.925 Executing VM operation: Cleanup done
Event: 31.938 Executing VM operation: Cleanup
Event: 31.939 Executing VM operation: Cleanup done
Event: 32.939 Executing VM operation: Cleanup
Event: 32.939 Executing VM operation: Cleanup done
Event: 52.116 Executing VM operation: Cleanup
Event: 52.116 Executing VM operation: Cleanup done
Event: 61.209 Executing VM operation: Cleanup
Event: 61.209 Executing VM operation: Cleanup done
Event: 67.989 Executing VM operation: ParallelGCFailedAllocation
Event: 67.990 Executing VM operation: ParallelGCFailedAllocation done

Events (20 events):
Event: 3.514 loading class java/util/stream/MatchOps$1MatchSink
Event: 3.515 loading class java/util/stream/MatchOps$1MatchSink done
Event: 3.552 loading class java/util/stream/ReduceOps$4
Event: 3.552 loading class java/util/stream/ReduceOps$4 done
Event: 3.552 loading class java/util/stream/ReduceOps$4ReducingSink
Event: 3.552 loading class java/util/stream/ReduceOps$4ReducingSink done
Event: 3.711 loading class java/util/concurrent/ConcurrentHashMap$TreeNode
Event: 3.711 loading class java/util/concurrent/ConcurrentHashMap$TreeNode done
Event: 3.711 loading class java/util/concurrent/ConcurrentHashMap$TreeBin
Event: 3.711 loading class java/util/concurrent/ConcurrentHashMap$TreeBin done
Event: 5.936 Thread 0x0000026e2beb89b0 Thread exited: 0x0000026e2beb89b0
Event: 9.109 Thread 0x0000026e3732c430 Thread exited: 0x0000026e3732c430
Event: 31.758 Thread 0x0000026e2beb89b0 Thread added: 0x0000026e2beb89b0
Event: 31.781 loading class java/util/regex/PatternSyntaxException
Event: 31.782 loading class java/util/regex/PatternSyntaxException done
Event: 32.154 Thread 0x0000026e2beb89b0 Thread exited: 0x0000026e2beb89b0
Event: 32.157 Thread 0x0000026e2da46230 Thread added: 0x0000026e2da46230
Event: 37.314 Thread 0x0000026e2da46230 Thread exited: 0x0000026e2da46230
Event: 68.399 Thread 0x0000026e2da46230 Thread added: 0x0000026e2da46230
Event: 68.411 Thread 0x0000026e2e380a20 Thread added: 0x0000026e2e380a20


Dynamic libraries:
0x00007ff719760000 - 0x00007ff71976e000 	c:\Users\JUNGMIN KIM\.vscode\extensions\redhat.java-1.3.0\jre\17.0.1-win32-x86_64\bin\java.exe
0x00007ffcf7350000 - 0x00007ffcf7545000 	C:\WINDOWS\SYSTEM32\ntdll.dll
0x00007ffcf6c80000 - 0x00007ffcf6d3e000 	C:\WINDOWS\System32\KERNEL32.DLL
0x00007ffcf50d0000 - 0x00007ffcf5398000 	C:\WINDOWS\System32\KERNELBASE.dll
0x00007ffcbbf20000 - 0x00007ffcbc03d000 	C:\WINDOWS\System32\AppCheck64.dll
0x00007ffcf4fd0000 - 0x00007ffcf50d0000 	C:\WINDOWS\System32\ucrtbase.dll
0x00007ffce6770000 - 0x00007ffce6788000 	c:\Users\JUNGMIN KIM\.vscode\extensions\redhat.java-1.3.0\jre\17.0.1-win32-x86_64\bin\jli.dll
0x00007ffcee4f0000 - 0x00007ffcee4fa000 	C:\WINDOWS\SYSTEM32\VERSION.dll
0x00007ffce6750000 - 0x00007ffce6769000 	c:\Users\JUNGMIN KIM\.vscode\extensions\redhat.java-1.3.0\jre\17.0.1-win32-x86_64\bin\VCRUNTIME140.dll
0x00007ffcf6ea0000 - 0x00007ffcf6f3e000 	C:\WINDOWS\System32\msvcrt.dll
0x00007ffcf5740000 - 0x00007ffcf58e0000 	C:\WINDOWS\System32\USER32.dll
0x00007ffcf4a90000 - 0x00007ffcf4ab2000 	C:\WINDOWS\System32\win32u.dll
0x00007ffcf53a0000 - 0x00007ffcf53cb000 	C:\WINDOWS\System32\GDI32.dll
0x00007ffcf4d60000 - 0x00007ffcf4e6d000 	C:\WINDOWS\System32\gdi32full.dll
0x00007ffcda210000 - 0x00007ffcda4aa000 	C:\WINDOWS\WinSxS\amd64_microsoft.windows.common-controls_6595b64144ccf1df_6.0.19041.1110_none_60b5254171f9507e\COMCTL32.dll
0x00007ffcf4c10000 - 0x00007ffcf4cad000 	C:\WINDOWS\System32\msvcp_win.dll
0x00007ffcf6d40000 - 0x00007ffcf6dee000 	C:\WINDOWS\System32\ADVAPI32.dll
0x00007ffcf5bc0000 - 0x00007ffcf5c5c000 	C:\WINDOWS\System32\sechost.dll
0x00007ffcf5df0000 - 0x00007ffcf5f15000 	C:\WINDOWS\System32\RPCRT4.dll
0x00007ffcf58e0000 - 0x00007ffcf5910000 	C:\WINDOWS\System32\IMM32.DLL
0x00007ffcf0180000 - 0x00007ffcf018c000 	c:\Users\JUNGMIN KIM\.vscode\extensions\redhat.java-1.3.0\jre\17.0.1-win32-x86_64\bin\vcruntime140_1.dll
0x00007ffcc5110000 - 0x00007ffcc51a1000 	c:\Users\JUNGMIN KIM\.vscode\extensions\redhat.java-1.3.0\jre\17.0.1-win32-x86_64\bin\msvcp140.dll
0x00007ffcb5a30000 - 0x00007ffcb6676000 	c:\Users\JUNGMIN KIM\.vscode\extensions\redhat.java-1.3.0\jre\17.0.1-win32-x86_64\bin\server\jvm.dll
0x00007ffcf5bb0000 - 0x00007ffcf5bb8000 	C:\WINDOWS\System32\PSAPI.DLL
0x00007ffcdbcc0000 - 0x00007ffcdbce7000 	C:\WINDOWS\SYSTEM32\WINMM.dll
0x00007ffcf0150000 - 0x00007ffcf0159000 	C:\WINDOWS\SYSTEM32\WSOCK32.dll
0x00007ffcf6f40000 - 0x00007ffcf6fab000 	C:\WINDOWS\System32\WS2_32.dll
0x00007ffcf3330000 - 0x00007ffcf3342000 	C:\WINDOWS\SYSTEM32\kernel.appcore.dll
0x00007ffcf00e0000 - 0x00007ffcf00ea000 	c:\Users\JUNGMIN KIM\.vscode\extensions\redhat.java-1.3.0\jre\17.0.1-win32-x86_64\bin\jimage.dll
0x00007ffcf2850000 - 0x00007ffcf2a34000 	C:\WINDOWS\SYSTEM32\DBGHELP.DLL
0x00007ffcdc440000 - 0x00007ffcdc46c000 	C:\WINDOWS\SYSTEM32\dbgcore.DLL
0x00007ffcf4b30000 - 0x00007ffcf4bb2000 	C:\WINDOWS\System32\bcryptPrimitives.dll
0x00007ffcf00a0000 - 0x00007ffcf00ae000 	c:\Users\JUNGMIN KIM\.vscode\extensions\redhat.java-1.3.0\jre\17.0.1-win32-x86_64\bin\instrument.dll
0x00007ffce4520000 - 0x00007ffce4545000 	c:\Users\JUNGMIN KIM\.vscode\extensions\redhat.java-1.3.0\jre\17.0.1-win32-x86_64\bin\java.dll
0x00007ffce55d0000 - 0x00007ffce55e8000 	c:\Users\JUNGMIN KIM\.vscode\extensions\redhat.java-1.3.0\jre\17.0.1-win32-x86_64\bin\zip.dll
0x00007ffcf6530000 - 0x00007ffcf6c74000 	C:\WINDOWS\System32\SHELL32.dll
0x00007ffcf2a40000 - 0x00007ffcf31d4000 	C:\WINDOWS\SYSTEM32\windows.storage.dll
0x00007ffcf6fb0000 - 0x00007ffcf7305000 	C:\WINDOWS\System32\combase.dll
0x00007ffcf44b0000 - 0x00007ffcf44de000 	C:\WINDOWS\SYSTEM32\Wldp.dll
0x00007ffcf6df0000 - 0x00007ffcf6e9d000 	C:\WINDOWS\System32\SHCORE.dll
0x00007ffcf55b0000 - 0x00007ffcf5605000 	C:\WINDOWS\System32\shlwapi.dll
0x00007ffcf49a0000 - 0x00007ffcf49bf000 	C:\WINDOWS\SYSTEM32\profapi.dll
0x00007ffce2960000 - 0x00007ffce2979000 	C:\Users\JUNGMIN KIM\.vscode\extensions\redhat.java-1.3.0\jre\17.0.1-win32-x86_64\bin\net.dll
0x00007ffce4a10000 - 0x00007ffce4b1c000 	C:\WINDOWS\SYSTEM32\WINHTTP.dll
0x00007ffcf4210000 - 0x00007ffcf427a000 	C:\WINDOWS\system32\mswsock.dll
0x00007ffce22f0000 - 0x00007ffce2305000 	C:\Users\JUNGMIN KIM\.vscode\extensions\redhat.java-1.3.0\jre\17.0.1-win32-x86_64\bin\nio.dll
0x00007ffcef3f0000 - 0x00007ffcef400000 	c:\Users\JUNGMIN KIM\.vscode\extensions\redhat.java-1.3.0\jre\17.0.1-win32-x86_64\bin\verify.dll
0x00007ffcf4410000 - 0x00007ffcf4428000 	C:\WINDOWS\SYSTEM32\CRYPTSP.dll
0x00007ffcf3b20000 - 0x00007ffcf3b54000 	C:\WINDOWS\system32\rsaenh.dll
0x00007ffcf4a60000 - 0x00007ffcf4a87000 	C:\WINDOWS\System32\bcrypt.dll
0x00007ffcf4960000 - 0x00007ffcf498e000 	C:\WINDOWS\SYSTEM32\USERENV.dll
0x00007ffcf4400000 - 0x00007ffcf440c000 	C:\WINDOWS\SYSTEM32\CRYPTBASE.dll
0x00007ffcf3eb0000 - 0x00007ffcf3eeb000 	C:\WINDOWS\SYSTEM32\IPHLPAPI.DLL
0x00007ffcf5910000 - 0x00007ffcf5918000 	C:\WINDOWS\System32\NSI.dll
0x00007ffceb7d0000 - 0x00007ffceb7e7000 	C:\WINDOWS\SYSTEM32\dhcpcsvc6.DLL
0x00007ffcec3e0000 - 0x00007ffcec3fd000 	C:\WINDOWS\SYSTEM32\dhcpcsvc.DLL
0x00007ffcf3f00000 - 0x00007ffcf3fcb000 	C:\WINDOWS\SYSTEM32\DNSAPI.dll
0x00007ffcd9bb0000 - 0x00007ffcd9bee000 	C:\Users\JUNGMIN KIM\AppData\Roaming\Code\User\globalStorage\redhat.java\1.3.0\config_ss_win\org.eclipse.equinox.launcher\org.eclipse.equinox.launcher.win32.win32.x86_64_1.2.400.v20211117-0650\eclipse_11602.dll
0x00007ffcf5c60000 - 0x00007ffcf5d8a000 	C:\WINDOWS\System32\ole32.dll
0x00007ffcdc7f0000 - 0x00007ffcdc801000 	C:\Users\JUNGMIN KIM\AppData\Roaming\Code\User\globalStorage\redhat.java\1.3.0\config_ss_win\org.eclipse.osgi\15\0\.cp\jWinHttp-1.0.0.dll

dbghelp: loaded successfully - version: 4.0.5 - missing functions: none
symbol engine: initialized successfully - sym options: 0x614 - pdb path: .;c:\Users\JUNGMIN KIM\.vscode\extensions\redhat.java-1.3.0\jre\17.0.1-win32-x86_64\bin;C:\WINDOWS\SYSTEM32;C:\WINDOWS\WinSxS\amd64_microsoft.windows.common-controls_6595b64144ccf1df_6.0.19041.1110_none_60b5254171f9507e;c:\Users\JUNGMIN KIM\.vscode\extensions\redhat.java-1.3.0\jre\17.0.1-win32-x86_64\bin\server;C:\Users\JUNGMIN KIM\AppData\Roaming\Code\User\globalStorage\redhat.java\1.3.0\config_ss_win\org.eclipse.equinox.launcher\org.eclipse.equinox.launcher.win32.win32.x86_64_1.2.400.v20211117-0650;C:\Users\JUNGMIN KIM\AppData\Roaming\Code\User\globalStorage\redhat.java\1.3.0\config_ss_win\org.eclipse.osgi\15\0\.cp

VM Arguments:
jvm_args: --add-modules=ALL-SYSTEM --add-opens=java.base/java.util=ALL-UNNAMED --add-opens=java.base/java.lang=ALL-UNNAMED --add-opens=java.base/sun.nio.fs=ALL-UNNAMED -Declipse.application=org.eclipse.jdt.ls.core.id1 -Dosgi.bundles.defaultStartLevel=4 -Declipse.product=org.eclipse.jdt.ls.core.product -Djava.import.generatesMetadataFilesAtProjectRoot=false -Dfile.encoding=utf8 -DwatchParentProcess=false -XX:+UseParallelGC -XX:GCTimeRatio=4 -XX:AdaptiveSizePolicyWeight=90 -Dsun.zip.disableMemoryMapping=true -Xmx1G -Xms100m -javaagent:c:\Users\JUNGMIN KIM\.vscode\extensions\gabrielbb.vscode-lombok-1.0.1\server\lombok.jar 
java_command: c:\Users\JUNGMIN KIM\.vscode\extensions\redhat.java-1.3.0\server\plugins\org.eclipse.equinox.launcher_1.6.400.v20210924-0641.jar -configuration c:\Users\JUNGMIN KIM\AppData\Roaming\Code\User\globalStorage\redhat.java\1.3.0\config_ss_win -data c:\Users\JUNGMIN KIM\AppData\Roaming\Code\User\workspaceStorage\fe6c779bf1ca33eb14b05bcd4537552c\redhat.java\ss_ws
java_class_path (initial): c:\Users\JUNGMIN KIM\.vscode\extensions\redhat.java-1.3.0\server\plugins\org.eclipse.equinox.launcher_1.6.400.v20210924-0641.jar
Launcher Type: SUN_STANDARD

[Global flags]
    uintx AdaptiveSizePolicyWeight                 = 90                                        {product} {command line}
     intx CICompilerCount                          = 4                                         {product} {ergonomic}
    uintx GCTimeRatio                              = 4                                         {product} {command line}
   size_t InitialHeapSize                          = 104857600                                 {product} {command line}
   size_t MaxHeapSize                              = 1073741824                                {product} {command line}
   size_t MaxNewSize                               = 357564416                                 {product} {ergonomic}
   size_t MinHeapDeltaBytes                        = 524288                                    {product} {ergonomic}
   size_t MinHeapSize                              = 104857600                                 {product} {command line}
   size_t NewSize                                  = 34603008                                  {product} {ergonomic}
    uintx NonNMethodCodeHeapSize                   = 5839372                                {pd product} {ergonomic}
    uintx NonProfiledCodeHeapSize                  = 122909434                              {pd product} {ergonomic}
   size_t OldSize                                  = 70254592                                  {product} {ergonomic}
    uintx ProfiledCodeHeapSize                     = 122909434                              {pd product} {ergonomic}
    uintx ReservedCodeCacheSize                    = 251658240                              {pd product} {ergonomic}
     bool SegmentedCodeCache                       = true                                      {product} {ergonomic}
   size_t SoftMaxHeapSize                          = 1073741824                             {manageable} {ergonomic}
     bool UseCompressedClassPointers               = true                           {product lp64_product} {ergonomic}
     bool UseCompressedOops                        = true                           {product lp64_product} {ergonomic}
     bool UseLargePagesIndividualAllocation        = false                                  {pd product} {ergonomic}
     bool UseParallelGC                            = true                                      {product} {command line}

Logging:
Log output configuration:
 #0: stdout all=warning uptime,level,tags
 #1: stderr all=off uptime,level,tags

Environment Variables:
JAVA_HOME=C:\green_workspace\tools\jdk-11.0.2
PATH=C:\oraclexe\app\oracle\product\11.2.0\server\bin;;C:\WINDOWS\system32;C:\WINDOWS;C:\WINDOWS\System32\Wbem;C:\WINDOWS\System32\WindowsPowerShell\v1.0\;C:\WINDOWS\System32\OpenSSH\;C:\Program Files\NVIDIA Corporation\NVIDIA NvDLISR;C:\green_workspace\tools\Git\cmd;C:\green_workspace\tools\jdk-11.0.2\bin;C:\Program Files\MySQL\MySQL Shell 8.0\bin\;C:\Python39\Scripts\;C:\Python39\;C:\Users\JUNGMIN KIM\AppData\Local\Microsoft\WindowsApps;C:\Program Files\Bandizip\;C:\Users\JUNGMIN KIM\AppData\Roaming\Amazon;C:\Users\JUNGMIN KIM\AppData\Local\Programs\Microsoft VS Code\bin
USERNAME=kimjungmin
OS=Windows_NT
PROCESSOR_IDENTIFIER=Intel64 Family 6 Model 165 Stepping 2, GenuineIntel



---------------  S Y S T E M  ---------------

OS:
 Windows 10 , 64 bit Build 19041 (10.0.19041.1503)
OS uptime: 7 days 16:30 hours

CPU: total 8 (initial active 8) (4 cores per cpu, 2 threads per core) family 6 model 165 stepping 2 microcode 0xea, cx8, cmov, fxsr, ht, mmx, 3dnowpref, sse, sse2, sse3, ssse3, sse4.1, sse4.2, popcnt, lzcnt, tsc, tscinvbit, avx, avx2, aes, erms, clmul, bmi1, bmi2, adx, fma, vzeroupper, clflush, clflushopt

Memory: 4k page, system-wide physical 8059M (639M free)
TotalPageFile size 23178M (AvailPageFile size 3M)
current process WorkingSet (physical memory assigned to process): 196M, peak: 216M
current process commit charge ("private bytes"): 279M, peak: 300M

vm_info: OpenJDK 64-Bit Server VM (17.0.1+12) for windows-amd64 JRE (17.0.1+12), built on Oct 20 2021 07:42:55 by "" with MS VC++ 16.7 (VS2019)

END.
