#
# There is insufficient memory for the Java Runtime Environment to continue.
# Native memory allocation (malloc) failed to allocate 2534944 bytes for Chunk::new
# Possible reasons:
#   The system is out of physical RAM or swap space
#   The process is running with CompressedOops enabled, and the Java Heap may be blocking the growth of the native heap
# Possible solutions:
#   Reduce memory load on the system
#   Increase physical memory or swap space
#   Check if swap backing store is full
#   Decrease Java heap size (-Xmx/-Xms)
#   Decrease number of Java threads
#   Decrease Java thread stack sizes (-Xss)
#   Set larger code cache with -XX:ReservedCodeCacheSize=
#   JVM is running with Unscaled Compressed Oops mode in which the Java heap is
#     placed in the first 4GB address space. The Java Heap base address is the
#     maximum limit for the native heap growth. Please use -XX:HeapBaseMinAddress
#     to set the Java Heap base and to place the Java Heap above 4GB virtual address.
# This output file may be truncated or incomplete.
#
#  Out of Memory Error (arena.cpp:189), pid=19920, tid=1296
#
# JRE version: OpenJDK Runtime Environment Temurin-17.0.1+12 (17.0.1+12) (build 17.0.1+12)
# Java VM: OpenJDK 64-Bit Server VM Temurin-17.0.1+12 (17.0.1+12, mixed mode, tiered, compressed oops, compressed class ptrs, parallel gc, windows-amd64)
# No core dump will be written. Minidumps are not enabled by default on client versions of Windows
#

---------------  S U M M A R Y ------------

Command Line: --add-modules=ALL-SYSTEM --add-opens=java.base/java.util=ALL-UNNAMED --add-opens=java.base/java.lang=ALL-UNNAMED --add-opens=java.base/sun.nio.fs=ALL-UNNAMED -Declipse.application=org.eclipse.jdt.ls.core.id1 -Dosgi.bundles.defaultStartLevel=4 -Declipse.product=org.eclipse.jdt.ls.core.product -Djava.import.generatesMetadataFilesAtProjectRoot=false -Dfile.encoding=utf8 -DwatchParentProcess=false -XX:+UseParallelGC -XX:GCTimeRatio=4 -XX:AdaptiveSizePolicyWeight=90 -Dsun.zip.disableMemoryMapping=true -Xmx1G -Xms100m -javaagent:c:\Users\JUNGMIN KIM\.vscode\extensions\gabrielbb.vscode-lombok-1.0.1\server\lombok.jar c:\Users\JUNGMIN KIM\.vscode\extensions\redhat.java-1.3.0\server\plugins\org.eclipse.equinox.launcher_1.6.400.v20210924-0641.jar -configuration c:\Users\JUNGMIN KIM\AppData\Roaming\Code\User\globalStorage\redhat.java\1.3.0\config_ss_win -data c:\Users\JUNGMIN KIM\AppData\Roaming\Code\User\workspaceStorage\fe6c779bf1ca33eb14b05bcd4537552c\redhat.java\ss_ws

Host: Intel(R) Core(TM) i5-10300H CPU @ 2.50GHz, 8 cores, 7G,  Windows 10 , 64 bit Build 19041 (10.0.19041.1503)
Time: Mon Feb 28 15:32:09 2022  Windows 10 , 64 bit Build 19041 (10.0.19041.1503) elapsed time: 1.692607 seconds (0d 0h 0m 1s)

---------------  T H R E A D  ---------------

Current thread (0x0000017cee5520b0):  JavaThread "C2 CompilerThread1" daemon [_thread_in_native, id=1296, stack(0x0000003ab3f00000,0x0000003ab4000000)]


Current CompileTask:
C2:   1692 2172       4       org.objectweb.asm.ClassReader::readMethod (1052 bytes)

Stack: [0x0000003ab3f00000,0x0000003ab4000000]
Native frames: (J=compiled Java code, j=interpreted, Vv=VM code, C=native code)
V  [jvm.dll+0x6744da]
V  [jvm.dll+0x82e144]
V  [jvm.dll+0x82f8ee]
V  [jvm.dll+0x82ff53]
V  [jvm.dll+0x245175]
V  [jvm.dll+0xab85b]
V  [jvm.dll+0xabdec]
V  [jvm.dll+0x362f07]
V  [jvm.dll+0x1bb698]
V  [jvm.dll+0x218189]
V  [jvm.dll+0x217451]
V  [jvm.dll+0x1a355d]
V  [jvm.dll+0x226e38]
V  [jvm.dll+0x224f7c]
V  [jvm.dll+0x7e3f5b]
V  [jvm.dll+0x7de51a]
V  [jvm.dll+0x673305]
C  [ucrtbase.dll+0x21bb2]
C  [KERNEL32.DLL+0x17034]
C  [ntdll.dll+0x52651]


---------------  P R O C E S S  ---------------

Threads class SMR info:
_java_thread_list=0x0000017cf0805fc0, length=22, elements={
0x0000017cd8a969f0, 0x0000017cee412fd0, 0x0000017cee413bd0, 0x0000017cec90d260,
0x0000017cec90de10, 0x0000017cec90ea00, 0x0000017cee445fb0, 0x0000017cee45d2b0,
0x0000017cee45e350, 0x0000017cee46fca0, 0x0000017cec790ca0, 0x0000017cee5520b0,
0x0000017cee7c1960, 0x0000017cf065c9f0, 0x0000017cf0664f60, 0x0000017cf0665430,
0x0000017cf06b98a0, 0x0000017cf04fb470, 0x0000017cf0878020, 0x0000017cf079aa20,
0x0000017cf0863860, 0x0000017cf27df610
}

Java Threads: ( => current thread )
  0x0000017cd8a969f0 JavaThread "main" [_thread_blocked, id=20444, stack(0x0000003ab3200000,0x0000003ab3300000)]
  0x0000017cee412fd0 JavaThread "Reference Handler" daemon [_thread_blocked, id=19952, stack(0x0000003ab3500000,0x0000003ab3600000)]
  0x0000017cee413bd0 JavaThread "Finalizer" daemon [_thread_blocked, id=17656, stack(0x0000003ab3600000,0x0000003ab3700000)]
  0x0000017cec90d260 JavaThread "Signal Dispatcher" daemon [_thread_blocked, id=19444, stack(0x0000003ab3700000,0x0000003ab3800000)]
  0x0000017cec90de10 JavaThread "Attach Listener" daemon [_thread_blocked, id=17608, stack(0x0000003ab3800000,0x0000003ab3900000)]
  0x0000017cec90ea00 JavaThread "Service Thread" daemon [_thread_blocked, id=19300, stack(0x0000003ab3900000,0x0000003ab3a00000)]
  0x0000017cee445fb0 JavaThread "Monitor Deflation Thread" daemon [_thread_blocked, id=13748, stack(0x0000003ab3a00000,0x0000003ab3b00000)]
  0x0000017cee45d2b0 JavaThread "C2 CompilerThread0" daemon [_thread_blocked, id=20168, stack(0x0000003ab3b00000,0x0000003ab3c00000)]
  0x0000017cee45e350 JavaThread "C1 CompilerThread0" daemon [_thread_blocked, id=13004, stack(0x0000003ab3c00000,0x0000003ab3d00000)]
  0x0000017cee46fca0 JavaThread "Sweeper thread" daemon [_thread_blocked, id=17232, stack(0x0000003ab3d00000,0x0000003ab3e00000)]
  0x0000017cec790ca0 JavaThread "Common-Cleaner" daemon [_thread_blocked, id=2880, stack(0x0000003ab3e00000,0x0000003ab3f00000)]
=>0x0000017cee5520b0 JavaThread "C2 CompilerThread1" daemon [_thread_in_native, id=1296, stack(0x0000003ab3f00000,0x0000003ab4000000)]
  0x0000017cee7c1960 JavaThread "Notification Thread" daemon [_thread_blocked, id=7016, stack(0x0000003ab4000000,0x0000003ab4100000)]
  0x0000017cf065c9f0 JavaThread "Active Thread: Equinox Container: ecaba463-7cad-4193-ab59-1f02a76e283a" [_thread_blocked, id=20400, stack(0x0000003ab4800000,0x0000003ab4900000)]
  0x0000017cf0664f60 JavaThread "Framework Event Dispatcher: Equinox Container: ecaba463-7cad-4193-ab59-1f02a76e283a" daemon [_thread_blocked, id=19460, stack(0x0000003ab4900000,0x0000003ab4a00000)]
  0x0000017cf0665430 JavaThread "Start Level: Equinox Container: ecaba463-7cad-4193-ab59-1f02a76e283a" daemon [_thread_blocked, id=6172, stack(0x0000003ab4a00000,0x0000003ab4b00000)]
  0x0000017cf06b98a0 JavaThread "SCR Component Actor" daemon [_thread_blocked, id=15948, stack(0x0000003ab4b00000,0x0000003ab4c00000)]
  0x0000017cf04fb470 JavaThread "Timer-0" [_thread_blocked, id=4668, stack(0x0000003ab4e00000,0x0000003ab4f00000)]
  0x0000017cf0878020 JavaThread "Worker-JM" [_thread_blocked, id=9836, stack(0x0000003ab4f00000,0x0000003ab5000000)]
  0x0000017cf079aa20 JavaThread "Worker-0" [_thread_blocked, id=10076, stack(0x0000003ab5000000,0x0000003ab5100000)]
  0x0000017cf0863860 JavaThread "Worker-1" [_thread_blocked, id=10760, stack(0x0000003ab5100000,0x0000003ab5200000)]
  0x0000017cf27df610 JavaThread "Java indexing" daemon [_thread_blocked, id=1232, stack(0x0000003ab5200000,0x0000003ab5300000)]

Other Threads:
  0x0000017cec7d5d70 VMThread "VM Thread" [stack: 0x0000003ab3400000,0x0000003ab3500000] [id=7240]
  0x0000017cee785570 WatcherThread [stack: 0x0000003ab4100000,0x0000003ab4200000] [id=20120]
  0x0000017cd8aac630 GCTaskThread "GC Thread#0" [stack: 0x0000003ab3300000,0x0000003ab3400000] [id=4264]
  0x0000017cef897ea0 GCTaskThread "GC Thread#1" [stack: 0x0000003ab4300000,0x0000003ab4400000] [id=19692]
  0x0000017cef5ef320 GCTaskThread "GC Thread#2" [stack: 0x0000003ab4400000,0x0000003ab4500000] [id=14580]
  0x0000017cef338620 GCTaskThread "GC Thread#3" [stack: 0x0000003ab4500000,0x0000003ab4600000] [id=10092]
  0x0000017cef334ea0 GCTaskThread "GC Thread#4" [stack: 0x0000003ab4600000,0x0000003ab4700000] [id=17032]
  0x0000017cef335150 GCTaskThread "GC Thread#5" [stack: 0x0000003ab4700000,0x0000003ab4800000] [id=4100]
  0x0000017cef79f770 GCTaskThread "GC Thread#6" [stack: 0x0000003ab4c00000,0x0000003ab4d00000] [id=7676]
  0x0000017cf04f1050 GCTaskThread "GC Thread#7" [stack: 0x0000003ab4d00000,0x0000003ab4e00000] [id=4984]

Threads with active compile tasks:
C2 CompilerThread1     1719 2172       4       org.objectweb.asm.ClassReader::readMethod (1052 bytes)

VM state: not at safepoint (normal execution)

VM Mutex/Monitor currently owned by a thread: None

Heap address: 0x00000000c0000000, size: 1024 MB, Compressed Oops mode: 32-bit

CDS archive(s) not mapped
Compressed class space mapped at: 0x0000000100000000-0x0000000140000000, reserved size: 1073741824
Narrow klass base: 0x0000000000000000, Narrow klass shift: 3, Narrow klass range: 0x140000000

GC Precious Log:
 CPUs: 8 total, 8 available
 Memory: 8059M
 Large Page Support: Disabled
 NUMA Support: Disabled
 Compressed Oops: Enabled (32-bit)
 Alignments: Space 512K, Generation 512K, Heap 2M
 Heap Min Capacity: 100M
 Heap Initial Capacity: 100M
 Heap Max Capacity: 1G
 Pre-touch: Disabled
 Parallel Workers: 8

Heap:
 PSYoungGen      total 27648K, used 21304K [0x00000000eab00000, 0x00000000eca80000, 0x0000000100000000)
  eden space 25088K, 76% used [0x00000000eab00000,0x00000000ebdccb48,0x00000000ec380000)
  from space 2560K, 80% used [0x00000000ec400000,0x00000000ec601858,0x00000000ec680000)
  to   space 3584K, 0% used [0x00000000ec700000,0x00000000ec700000,0x00000000eca80000)
 ParOldGen       total 68608K, used 6960K [0x00000000c0000000, 0x00000000c4300000, 0x00000000eab00000)
  object space 68608K, 10% used [0x00000000c0000000,0x00000000c06cc318,0x00000000c4300000)
 Metaspace       used 26790K, committed 27328K, reserved 1073152K
  class space    used 2601K, committed 2816K, reserved 1048576K

Card table byte_map: [0x0000017cd8470000,0x0000017cd8680000] _byte_map_base: 0x0000017cd7e70000

Marking Bits: (ParMarkBitMap*) 0x00007ffcb57f2a60
 Begin Bits: [0x0000017cea710000, 0x0000017ceb710000)
 End Bits:   [0x0000017ceb710000, 0x0000017cec710000)

Polling page: 0x0000017cd8260000

Metaspace:

Usage:
  Non-class:     23.62 MB used.
      Class:      2.54 MB used.
       Both:     26.16 MB used.

Virtual space:
  Non-class space:       24.00 MB reserved,      23.94 MB (>99%) committed,  3 nodes.
      Class space:        1.00 GB reserved,       2.75 MB ( <1%) committed,  1 nodes.
             Both:        1.02 GB reserved,      26.69 MB (  3%) committed. 

Chunk freelists:
   Non-Class:  61.00 KB
       Class:  1.10 MB
        Both:  1.16 MB

MaxMetaspaceSize: unlimited
CompressedClassSpaceSize: 1.00 GB
Initial GC threshold: 21.00 MB
Current GC threshold: 35.00 MB
CDS: off
MetaspaceReclaimPolicy: balanced
 - commit_granule_bytes: 65536.
 - commit_granule_words: 8192.
 - virtual_space_node_default_size: 1048576.
 - enlarge_chunks_in_place: 1.
 - new_chunks_are_fully_committed: 0.
 - uncommit_free_chunks: 1.
 - use_allocation_guard: 0.
 - handle_deallocations: 1.


Internal statistics:

num_allocs_failed_limit: 3.
num_arena_births: 176.
num_arena_deaths: 0.
num_vsnodes_births: 4.
num_vsnodes_deaths: 0.
num_space_committed: 427.
num_space_uncommitted: 0.
num_chunks_returned_to_freelist: 3.
num_chunks_taken_from_freelist: 857.
num_chunk_merges: 3.
num_chunk_splits: 593.
num_chunks_enlarged: 438.
num_purges: 0.
num_inconsistent_stats: 0.

CodeHeap 'non-profiled nmethods': size=120000Kb used=912Kb max_used=912Kb free=119087Kb
 bounds [0x0000017ce31e0000, 0x0000017ce3450000, 0x0000017cea710000]
CodeHeap 'profiled nmethods': size=120000Kb used=4559Kb max_used=4559Kb free=115441Kb
 bounds [0x0000017cdbcb0000, 0x0000017cdc130000, 0x0000017ce31e0000]
CodeHeap 'non-nmethods': size=5760Kb used=1224Kb max_used=1254Kb free=4535Kb
 bounds [0x0000017cdb710000, 0x0000017cdb980000, 0x0000017cdbcb0000]
 total_blobs=2817 nmethods=2284 adapters=447
 compilation: enabled
              stopped_count=0, restarted_count=0
 full_count=0

Compilation events (20 events):
Event: 1.495 Thread 0x0000017cee45d2b0 nmethod 2245 0x0000017ce32bbb10 code [0x0000017ce32bbc80, 0x0000017ce32bbd18]
Event: 1.495 Thread 0x0000017cee45d2b0 2242       4       java.lang.StringUTF16::length (5 bytes)
Event: 1.495 Thread 0x0000017cee45d2b0 nmethod 2242 0x0000017ce32bbe10 code [0x0000017ce32bbf80, 0x0000017ce32bbff8]
Event: 1.495 Thread 0x0000017cee45d2b0 2233       4       java.util.HashMap::afterNodeRemoval (1 bytes)
Event: 1.496 Thread 0x0000017cee45d2b0 nmethod 2233 0x0000017ce32bc110 code [0x0000017ce32bc280, 0x0000017ce32bc2f8]
Event: 1.496 Thread 0x0000017cee45d2b0 2280       4       java.util.HashMap::putVal (300 bytes)
Event: 1.496 Thread 0x0000017cee45e350 2281       3       java.lang.Character::toUpperCase (6 bytes)
Event: 1.497 Thread 0x0000017cee45e350 nmethod 2281 0x0000017cdc122910 code [0x0000017cdc122ac0, 0x0000017cdc122d18]
Event: 1.497 Thread 0x0000017cee45e350 2282       3       java.lang.Character::toUpperCase (9 bytes)
Event: 1.497 Thread 0x0000017cee45e350 nmethod 2282 0x0000017cdc122e10 code [0x0000017cdc122fc0, 0x0000017cdc1231b8]
Event: 1.497 Thread 0x0000017cee45e350 2283       3       java.util.TreeMap::leftOf (13 bytes)
Event: 1.497 Thread 0x0000017cee45e350 nmethod 2283 0x0000017cdc123290 code [0x0000017cdc123420, 0x0000017cdc123598]
Event: 1.497 Thread 0x0000017cee45e350 2284       3       java.lang.ProcessEnvironment$NameComparator::compare (13 bytes)
Event: 1.497 Thread 0x0000017cee45e350 nmethod 2284 0x0000017cdc123690 code [0x0000017cdc123840, 0x0000017cdc123b48]
Event: 1.502 Thread 0x0000017cee45d2b0 nmethod 2280 0x0000017ce32bc410 code [0x0000017ce32bc600, 0x0000017ce32bcd60]
Event: 1.508 Thread 0x0000017cee7c3550 nmethod 2181 0x0000017ce32bd390 code [0x0000017ce32bda20, 0x0000017ce32c12a8]
Event: 1.607 Thread 0x0000017cee45e350 2285       1       java.lang.reflect.Constructor::getSharedParameterTypes (5 bytes)
Event: 1.607 Thread 0x0000017cee45e350 nmethod 2285 0x0000017ce32c3b10 code [0x0000017ce32c3ca0, 0x0000017ce32c3d78]
Event: 1.639 Thread 0x0000017cee45e350 2286       1       org.eclipse.core.internal.jobs.InternalJob::previous (5 bytes)
Event: 1.639 Thread 0x0000017cee45e350 nmethod 2286 0x0000017ce32c3e10 code [0x0000017ce32c3fa0, 0x0000017ce32c4078]

GC Heap History (12 events):
Event: 0.479 GC heap before
{Heap before GC invocations=1 (full 0):
 PSYoungGen      total 29696K, used 25600K [0x00000000eab00000, 0x00000000ecc00000, 0x0000000100000000)
  eden space 25600K, 100% used [0x00000000eab00000,0x00000000ec400000,0x00000000ec400000)
  from space 4096K, 0% used [0x00000000ec800000,0x00000000ec800000,0x00000000ecc00000)
  to   space 4096K, 0% used [0x00000000ec400000,0x00000000ec400000,0x00000000ec800000)
 ParOldGen       total 68608K, used 0K [0x00000000c0000000, 0x00000000c4300000, 0x00000000eab00000)
  object space 68608K, 0% used [0x00000000c0000000,0x00000000c0000000,0x00000000c4300000)
 Metaspace       used 10031K, committed 10176K, reserved 1064960K
  class space    used 1010K, committed 1088K, reserved 1048576K
}
Event: 0.482 GC heap after
{Heap after GC invocations=1 (full 0):
 PSYoungGen      total 29696K, used 3006K [0x00000000eab00000, 0x00000000ecc00000, 0x0000000100000000)
  eden space 25600K, 0% used [0x00000000eab00000,0x00000000eab00000,0x00000000ec400000)
  from space 4096K, 73% used [0x00000000ec400000,0x00000000ec6ef858,0x00000000ec800000)
  to   space 4096K, 0% used [0x00000000ec800000,0x00000000ec800000,0x00000000ecc00000)
 ParOldGen       total 68608K, used 16K [0x00000000c0000000, 0x00000000c4300000, 0x00000000eab00000)
  object space 68608K, 0% used [0x00000000c0000000,0x00000000c0004000,0x00000000c4300000)
 Metaspace       used 10031K, committed 10176K, reserved 1064960K
  class space    used 1010K, committed 1088K, reserved 1048576K
}
Event: 0.869 GC heap before
{Heap before GC invocations=2 (full 0):
 PSYoungGen      total 29696K, used 28606K [0x00000000eab00000, 0x00000000ecc00000, 0x0000000100000000)
  eden space 25600K, 100% used [0x00000000eab00000,0x00000000ec400000,0x00000000ec400000)
  from space 4096K, 73% used [0x00000000ec400000,0x00000000ec6ef858,0x00000000ec800000)
  to   space 4096K, 0% used [0x00000000ec800000,0x00000000ec800000,0x00000000ecc00000)
 ParOldGen       total 68608K, used 16K [0x00000000c0000000, 0x00000000c4300000, 0x00000000eab00000)
  object space 68608K, 0% used [0x00000000c0000000,0x00000000c0004000,0x00000000c4300000)
 Metaspace       used 14723K, committed 15040K, reserved 1064960K
  class space    used 1514K, committed 1664K, reserved 1048576K
}
Event: 0.872 GC heap after
{Heap after GC invocations=2 (full 0):
 PSYoungGen      total 29696K, used 4068K [0x00000000eab00000, 0x00000000ecc00000, 0x0000000100000000)
  eden space 25600K, 0% used [0x00000000eab00000,0x00000000eab00000,0x00000000ec400000)
  from space 4096K, 99% used [0x00000000ec800000,0x00000000ecbf92b8,0x00000000ecc00000)
  to   space 4096K, 0% used [0x00000000ec400000,0x00000000ec400000,0x00000000ec800000)
 ParOldGen       total 68608K, used 480K [0x00000000c0000000, 0x00000000c4300000, 0x00000000eab00000)
  object space 68608K, 0% used [0x00000000c0000000,0x00000000c0078000,0x00000000c4300000)
 Metaspace       used 14723K, committed 15040K, reserved 1064960K
  class space    used 1514K, committed 1664K, reserved 1048576K
}
Event: 1.199 GC heap before
{Heap before GC invocations=3 (full 0):
 PSYoungGen      total 29696K, used 29668K [0x00000000eab00000, 0x00000000ecc00000, 0x0000000100000000)
  eden space 25600K, 100% used [0x00000000eab00000,0x00000000ec400000,0x00000000ec400000)
  from space 4096K, 99% used [0x00000000ec800000,0x00000000ecbf92b8,0x00000000ecc00000)
  to   space 4096K, 0% used [0x00000000ec400000,0x00000000ec400000,0x00000000ec800000)
 ParOldGen       total 68608K, used 480K [0x00000000c0000000, 0x00000000c4300000, 0x00000000eab00000)
  object space 68608K, 0% used [0x00000000c0000000,0x00000000c0078000,0x00000000c4300000)
 Metaspace       used 20326K, committed 20736K, reserved 1073152K
  class space    used 2087K, committed 2240K, reserved 1048576K
}
Event: 1.202 GC heap after
{Heap after GC invocations=3 (full 0):
 PSYoungGen      total 29696K, used 4085K [0x00000000eab00000, 0x00000000ecc00000, 0x0000000100000000)
  eden space 25600K, 0% used [0x00000000eab00000,0x00000000eab00000,0x00000000ec400000)
  from space 4096K, 99% used [0x00000000ec400000,0x00000000ec7fd728,0x00000000ec800000)
  to   space 4096K, 0% used [0x00000000ec800000,0x00000000ec800000,0x00000000ecc00000)
 ParOldGen       total 68608K, used 2513K [0x00000000c0000000, 0x00000000c4300000, 0x00000000eab00000)
  object space 68608K, 3% used [0x00000000c0000000,0x00000000c0274778,0x00000000c4300000)
 Metaspace       used 20326K, committed 20736K, reserved 1073152K
  class space    used 2087K, committed 2240K, reserved 1048576K
}
Event: 1.232 GC heap before
{Heap before GC invocations=4 (full 0):
 PSYoungGen      total 29696K, used 7951K [0x00000000eab00000, 0x00000000ecc00000, 0x0000000100000000)
  eden space 25600K, 15% used [0x00000000eab00000,0x00000000eaec6770,0x00000000ec400000)
  from space 4096K, 99% used [0x00000000ec400000,0x00000000ec7fd728,0x00000000ec800000)
  to   space 4096K, 0% used [0x00000000ec800000,0x00000000ec800000,0x00000000ecc00000)
 ParOldGen       total 68608K, used 2513K [0x00000000c0000000, 0x00000000c4300000, 0x00000000eab00000)
  object space 68608K, 3% used [0x00000000c0000000,0x00000000c0274778,0x00000000c4300000)
 Metaspace       used 21078K, committed 21504K, reserved 1073152K
  class space    used 2162K, committed 2368K, reserved 1048576K
}
Event: 1.234 GC heap after
{Heap after GC invocations=4 (full 0):
 PSYoungGen      total 29696K, used 4070K [0x00000000eab00000, 0x00000000ecc00000, 0x0000000100000000)
  eden space 25600K, 0% used [0x00000000eab00000,0x00000000eab00000,0x00000000ec400000)
  from space 4096K, 99% used [0x00000000ec800000,0x00000000ecbf9870,0x00000000ecc00000)
  to   space 4096K, 0% used [0x00000000ec400000,0x00000000ec400000,0x00000000ec800000)
 ParOldGen       total 68608K, used 3039K [0x00000000c0000000, 0x00000000c4300000, 0x00000000eab00000)
  object space 68608K, 4% used [0x00000000c0000000,0x00000000c02f7fa8,0x00000000c4300000)
 Metaspace       used 21078K, committed 21504K, reserved 1073152K
  class space    used 2162K, committed 2368K, reserved 1048576K
}
Event: 1.234 GC heap before
{Heap before GC invocations=5 (full 1):
 PSYoungGen      total 29696K, used 4070K [0x00000000eab00000, 0x00000000ecc00000, 0x0000000100000000)
  eden space 25600K, 0% used [0x00000000eab00000,0x00000000eab00000,0x00000000ec400000)
  from space 4096K, 99% used [0x00000000ec800000,0x00000000ecbf9870,0x00000000ecc00000)
  to   space 4096K, 0% used [0x00000000ec400000,0x00000000ec400000,0x00000000ec800000)
 ParOldGen       total 68608K, used 3039K [0x00000000c0000000, 0x00000000c4300000, 0x00000000eab00000)
  object space 68608K, 4% used [0x00000000c0000000,0x00000000c02f7fa8,0x00000000c4300000)
 Metaspace       used 21078K, committed 21504K, reserved 1073152K
  class space    used 2162K, committed 2368K, reserved 1048576K
}
Event: 1.245 GC heap after
{Heap after GC invocations=5 (full 1):
 PSYoungGen      total 29696K, used 0K [0x00000000eab00000, 0x00000000ecc00000, 0x0000000100000000)
  eden space 25600K, 0% used [0x00000000eab00000,0x00000000eab00000,0x00000000ec400000)
  from space 4096K, 0% used [0x00000000ec800000,0x00000000ec800000,0x00000000ecc00000)
  to   space 4096K, 0% used [0x00000000ec400000,0x00000000ec400000,0x00000000ec800000)
 ParOldGen       total 68608K, used 6952K [0x00000000c0000000, 0x00000000c4300000, 0x00000000eab00000)
  object space 68608K, 10% used [0x00000000c0000000,0x00000000c06ca318,0x00000000c4300000)
 Metaspace       used 21078K, committed 21504K, reserved 1073152K
  class space    used 2162K, committed 2368K, reserved 1048576K
}
Event: 1.382 GC heap before
{Heap before GC invocations=6 (full 1):
 PSYoungGen      total 29696K, used 25600K [0x00000000eab00000, 0x00000000ecc00000, 0x0000000100000000)
  eden space 25600K, 100% used [0x00000000eab00000,0x00000000ec400000,0x00000000ec400000)
  from space 4096K, 0% used [0x00000000ec800000,0x00000000ec800000,0x00000000ecc00000)
  to   space 4096K, 0% used [0x00000000ec400000,0x00000000ec400000,0x00000000ec800000)
 ParOldGen       total 68608K, used 6952K [0x00000000c0000000, 0x00000000c4300000, 0x00000000eab00000)
  object space 68608K, 10% used [0x00000000c0000000,0x00000000c06ca318,0x00000000c4300000)
 Metaspace       used 24680K, committed 25152K, reserved 1073152K
  class space    used 2428K, committed 2624K, reserved 1048576K
}
Event: 1.383 GC heap after
{Heap after GC invocations=6 (full 1):
 PSYoungGen      total 27648K, used 2054K [0x00000000eab00000, 0x00000000eca80000, 0x0000000100000000)
  eden space 25088K, 0% used [0x00000000eab00000,0x00000000eab00000,0x00000000ec380000)
  from space 2560K, 80% used [0x00000000ec400000,0x00000000ec601858,0x00000000ec680000)
  to   space 3584K, 0% used [0x00000000ec700000,0x00000000ec700000,0x00000000eca80000)
 ParOldGen       total 68608K, used 6960K [0x00000000c0000000, 0x00000000c4300000, 0x00000000eab00000)
  object space 68608K, 10% used [0x00000000c0000000,0x00000000c06cc318,0x00000000c4300000)
 Metaspace       used 24680K, committed 25152K, reserved 1073152K
  class space    used 2428K, committed 2624K, reserved 1048576K
}

Deoptimization events (20 events):
Event: 1.468 Thread 0x0000017cf0665430 Uncommon trap: trap_request=0xffffff76 fr.pc=0x0000017ce32b3618 relative=0x0000000000000e98
Event: 1.468 Thread 0x0000017cf0665430 Uncommon trap: reason=predicate action=maybe_recompile pc=0x0000017ce32b3618 method=java.util.Properties$LineReader.readLine()I @ 53 c2
Event: 1.468 Thread 0x0000017cf0665430 DEOPT PACKING pc=0x0000017ce32b3618 sp=0x0000003ab4af8b60
Event: 1.468 Thread 0x0000017cf0665430 DEOPT UNPACKING pc=0x0000017cdb7620a3 sp=0x0000003ab4af8b18 mode 2
Event: 1.496 Thread 0x0000017cf0665430 Uncommon trap: trap_request=0xffffffc6 fr.pc=0x0000017ce3262760 relative=0x00000000000009a0
Event: 1.496 Thread 0x0000017cf0665430 Uncommon trap: reason=bimorphic_or_optimized_type_check action=maybe_recompile pc=0x0000017ce3262760 method=java.util.HashMap.putVal(ILjava/lang/Object;Ljava/lang/Object;ZZ)Ljava/lang/Object; @ 56 c2
Event: 1.496 Thread 0x0000017cf0665430 DEOPT PACKING pc=0x0000017ce3262760 sp=0x0000003ab4afd830
Event: 1.496 Thread 0x0000017cf0665430 DEOPT UNPACKING pc=0x0000017cdb7620a3 sp=0x0000003ab4afd788 mode 2
Event: 1.496 Thread 0x0000017cf0665430 Uncommon trap: trap_request=0xffffffc6 fr.pc=0x0000017ce3262760 relative=0x00000000000009a0
Event: 1.496 Thread 0x0000017cf0665430 Uncommon trap: reason=bimorphic_or_optimized_type_check action=maybe_recompile pc=0x0000017ce3262760 method=java.util.HashMap.putVal(ILjava/lang/Object;Ljava/lang/Object;ZZ)Ljava/lang/Object; @ 56 c2
Event: 1.496 Thread 0x0000017cf0665430 DEOPT PACKING pc=0x0000017ce3262760 sp=0x0000003ab4afd830
Event: 1.496 Thread 0x0000017cf0665430 DEOPT UNPACKING pc=0x0000017cdb7620a3 sp=0x0000003ab4afd788 mode 2
Event: 1.496 Thread 0x0000017cf0665430 Uncommon trap: trap_request=0xffffffc6 fr.pc=0x0000017ce3262760 relative=0x00000000000009a0
Event: 1.496 Thread 0x0000017cf0665430 Uncommon trap: reason=bimorphic_or_optimized_type_check action=maybe_recompile pc=0x0000017ce3262760 method=java.util.HashMap.putVal(ILjava/lang/Object;Ljava/lang/Object;ZZ)Ljava/lang/Object; @ 56 c2
Event: 1.496 Thread 0x0000017cf0665430 DEOPT PACKING pc=0x0000017ce3262760 sp=0x0000003ab4afd830
Event: 1.496 Thread 0x0000017cf0665430 DEOPT UNPACKING pc=0x0000017cdb7620a3 sp=0x0000003ab4afd788 mode 2
Event: 1.496 Thread 0x0000017cf0665430 Uncommon trap: trap_request=0xffffffc6 fr.pc=0x0000017ce3262760 relative=0x00000000000009a0
Event: 1.496 Thread 0x0000017cf0665430 Uncommon trap: reason=bimorphic_or_optimized_type_check action=maybe_recompile pc=0x0000017ce3262760 method=java.util.HashMap.putVal(ILjava/lang/Object;Ljava/lang/Object;ZZ)Ljava/lang/Object; @ 56 c2
Event: 1.496 Thread 0x0000017cf0665430 DEOPT PACKING pc=0x0000017ce3262760 sp=0x0000003ab4afd830
Event: 1.496 Thread 0x0000017cf0665430 DEOPT UNPACKING pc=0x0000017cdb7620a3 sp=0x0000003ab4afd788 mode 2

Classes unloaded (0 events):
No events

Classes redefined (0 events):
No events

Internal exceptions (20 events):
Event: 0.506 Thread 0x0000017cd8a969f0 Exception <a 'java/lang/NoSuchMethodError'{0x00000000eacc5a98}: 'int java.lang.invoke.DirectMethodHandle$Holder.invokeStaticInit(java.lang.Object, java.lang.Object)'> (0x00000000eacc5a98) 
thrown [e:\jenkins\tmp\workspace\build\src\src\hotspot\share\interpreter\linkResolver.cpp, line 766]
Event: 0.517 Thread 0x0000017cd8a969f0 Exception <a 'java/lang/NoSuchMethodError'{0x00000000ead9ef78}: 'java.lang.Object java.lang.invoke.DirectMethodHandle$Holder.invokeStaticInit(java.lang.Object, int, int, int, int)'> (0x00000000ead9ef78) 
thrown [e:\jenkins\tmp\workspace\build\src\src\hotspot\share\interpreter\linkResolver.cpp, line 766]
Event: 0.574 Thread 0x0000017cd8a969f0 Exception <a 'java/lang/NoSuchMethodError'{0x00000000eae960b8}: 'java.lang.Object java.lang.invoke.DirectMethodHandle$Holder.invokeStaticInit(java.lang.Object, java.lang.Object, int, int, int, int)'> (0x00000000eae960b8) 
thrown [e:\jenkins\tmp\workspace\build\src\src\hotspot\share\interpreter\linkResolver.cpp, line 766]
Event: 0.589 Thread 0x0000017cd8a969f0 Exception <a 'java/lang/NoSuchMethodError'{0x00000000eaf4d830}: 'void java.lang.invoke.DirectMethodHandle$Holder.invokeSpecial(java.lang.Object, java.lang.Object, java.lang.Object)'> (0x00000000eaf4d830) 
thrown [e:\jenkins\tmp\workspace\build\src\src\hotspot\share\interpreter\linkResolver.cpp, line 766]
Event: 0.600 Thread 0x0000017cd8a969f0 Exception <a 'java/lang/NoSuchMethodError'{0x00000000eb027718}: 'void java.lang.invoke.DirectMethodHandle$Holder.invokeInterface(java.lang.Object, java.lang.Object)'> (0x00000000eb027718) 
thrown [e:\jenkins\tmp\workspace\build\src\src\hotspot\share\interpreter\linkResolver.cpp, line 766]
Event: 0.605 Thread 0x0000017cd8a969f0 Exception <a 'java/lang/NoSuchMethodError'{0x00000000eb0829e0}: 'java.lang.Object java.lang.invoke.DirectMethodHandle$Holder.newInvokeSpecial(java.lang.Object, int, java.lang.Object, java.lang.Object)'> (0x00000000eb0829e0) 
thrown [e:\jenkins\tmp\workspace\build\src\src\hotspot\share\interpreter\linkResolver.cpp, line 766]
Event: 0.678 Thread 0x0000017cd8a969f0 Exception <a 'java/lang/NoSuchMethodError'{0x00000000eb606580}: 'void java.lang.invoke.DirectMethodHandle$Holder.invokeStatic(java.lang.Object, java.lang.Object, java.lang.Object, java.lang.Object)'> (0x00000000eb606580) 
thrown [e:\jenkins\tmp\workspace\build\src\src\hotspot\share\interpreter\linkResolver.cpp, line 766]
Event: 0.690 Thread 0x0000017cd8a969f0 Exception <a 'java/lang/NoSuchMethodError'{0x00000000eb72c4f8}: 'java.lang.Object java.lang.invoke.Invokers$Holder.invokeExact_MT(java.lang.Object, java.lang.Object, java.lang.Object, java.lang.Object, java.lang.Object, java.lang.Object)'> (0x00000000eb72c4f8) 
thrown [e:\jenkins\tmp\workspace\build\src\src\hotspot\share\interpreter\linkResolver.cpp, line 766]
Event: 0.723 Thread 0x0000017cd8a969f0 Exception <a 'java/lang/NoSuchMethodError'{0x00000000eba53cd8}: 'java.lang.Object java.lang.invoke.DirectMethodHandle$Holder.newInvokeSpecial(java.lang.Object, int, java.lang.Object)'> (0x00000000eba53cd8) 
thrown [e:\jenkins\tmp\workspace\build\src\src\hotspot\share\interpreter\linkResolver.cpp, line 766]
Event: 0.808 Thread 0x0000017cd8a969f0 Exception <a 'java/lang/UnsatisfiedLinkError'{0x00000000ebed86f8}: 'void org.eclipse.equinox.launcher.JNIBridge._update_splash()'> (0x00000000ebed86f8) 
thrown [e:\jenkins\tmp\workspace\build\src\src\hotspot\share\prims\nativeLookup.cpp, line 543]
Event: 0.810 Thread 0x0000017cf0665430 Exception <a 'java/lang/NoSuchMethodError'{0x00000000ebf52fa8}: 'java.lang.Object java.lang.invoke.Invokers$Holder.linkToTargetMethod(java.lang.Object, java.lang.Object, java.lang.Object, int, java.lang.Object)'> (0x00000000ebf52fa8) 
thrown [e:\jenkins\tmp\workspace\build\src\src\hotspot\share\interpreter\linkResolver.cpp, line 766]
Event: 0.916 Thread 0x0000017cf0665430 Exception <a 'java/io/FileNotFoundException'{0x00000000eb076390}> (0x00000000eb076390) 
thrown [e:\jenkins\tmp\workspace\build\src\src\hotspot\share\prims\jni.cpp, line 516]
Event: 1.039 Thread 0x0000017cf0665430 Exception <a 'java/lang/NoSuchMethodError'{0x00000000eb966980}: 'void java.lang.invoke.DirectMethodHandle$Holder.invokeInterface(java.lang.Object, java.lang.Object, java.lang.Object)'> (0x00000000eb966980) 
thrown [e:\jenkins\tmp\workspace\build\src\src\hotspot\share\interpreter\linkResolver.cpp, line 766]
Event: 1.106 Thread 0x0000017cf0665430 Exception <a 'java/io/FileNotFoundException'{0x00000000ebdcf4b8}> (0x00000000ebdcf4b8) 
thrown [e:\jenkins\tmp\workspace\build\src\src\hotspot\share\prims\jni.cpp, line 516]
Event: 1.198 Thread 0x0000017cf0665430 Exception <a 'java/lang/NoSuchMethodError'{0x00000000ec3eb2a8}: 'int java.lang.invoke.DirectMethodHandle$Holder.invokeStaticInit(java.lang.Object, java.lang.Object, java.lang.Object)'> (0x00000000ec3eb2a8) 
thrown [e:\jenkins\tmp\workspace\build\src\src\hotspot\share\interpreter\linkResolver.cpp, line 766]
Event: 1.205 Thread 0x0000017cf0665430 Exception <a 'java/lang/IncompatibleClassChangeError'{0x00000000eab5c7f8}: Found class java.lang.Object, but interface was expected> (0x00000000eab5c7f8) 
thrown [e:\jenkins\tmp\workspace\build\src\src\hotspot\share\interpreter\linkResolver.cpp, line 833]
Event: 1.467 Thread 0x0000017cf0665430 Exception <a 'java/lang/ClassNotFoundException'{0x00000000ebb01680}: com/sun/org/apache/xerces/internal/impl/msg/spi/DOMMessagesProvider> (0x00000000ebb01680) 
thrown [e:\jenkins\tmp\workspace\build\src\src\hotspot\share\classfile\systemDictionary.cpp, line 256]
Event: 1.468 Thread 0x0000017cf0665430 Implicit null exception at 0x0000017ce32b288d to 0x0000017ce32b35d0
Event: 1.470 Thread 0x0000017cf0665430 Exception <a 'java/lang/ClassNotFoundException'{0x00000000ebb373a0}: com/sun/org/apache/xerces/internal/impl/msg/spi/XMLSerializerMessagesProvider> (0x00000000ebb373a0) 
thrown [e:\jenkins\tmp\workspace\build\src\src\hotspot\share\classfile\systemDictionary.cpp, line 256]
Event: 1.471 Thread 0x0000017cf0665430 Exception <a 'java/lang/ClassNotFoundException'{0x00000000ebb4cbd0}: com/sun/org/apache/xerces/internal/impl/msg/spi/XMLMessagesProvider> (0x00000000ebb4cbd0) 
thrown [e:\jenkins\tmp\workspace\build\src\src\hotspot\share\classfile\systemDictionary.cpp, line 256]

VM Operations (20 events):
Event: 0.869 Executing VM operation: ParallelGCFailedAllocation
Event: 0.872 Executing VM operation: ParallelGCFailedAllocation done
Event: 0.900 Executing VM operation: HandshakeAllThreads
Event: 0.900 Executing VM operation: HandshakeAllThreads done
Event: 0.994 Executing VM operation: HandshakeAllThreads
Event: 0.994 Executing VM operation: HandshakeAllThreads done
Event: 1.025 Executing VM operation: HandshakeAllThreads
Event: 1.025 Executing VM operation: HandshakeAllThreads done
Event: 1.027 Executing VM operation: HandshakeAllThreads
Event: 1.027 Executing VM operation: HandshakeAllThreads done
Event: 1.199 Executing VM operation: ParallelGCFailedAllocation
Event: 1.202 Executing VM operation: ParallelGCFailedAllocation done
Event: 1.232 Executing VM operation: CollectForMetadataAllocation
Event: 1.245 Executing VM operation: CollectForMetadataAllocation done
Event: 1.382 Executing VM operation: ParallelGCFailedAllocation
Event: 1.383 Executing VM operation: ParallelGCFailedAllocation done
Event: 1.487 Executing VM operation: HandshakeAllThreads
Event: 1.487 Executing VM operation: HandshakeAllThreads done
Event: 1.496 Executing VM operation: HandshakeAllThreads
Event: 1.496 Executing VM operation: HandshakeAllThreads done

Events (20 events):
Event: 1.491 loading class java/net/InetSocketAddress done
Event: 1.491 loading class java/nio/channels/AsynchronousByteChannel
Event: 1.491 loading class java/nio/channels/AsynchronousChannel
Event: 1.491 loading class java/nio/channels/AsynchronousChannel done
Event: 1.491 loading class java/nio/channels/AsynchronousByteChannel done
Event: 1.493 loading class jdk/internal/reflect/UnsafeObjectFieldAccessorImpl
Event: 1.493 loading class jdk/internal/reflect/UnsafeObjectFieldAccessorImpl done
Event: 1.495 loading class java/lang/ProcessEnvironment
Event: 1.495 loading class java/lang/ProcessEnvironment done
Event: 1.496 loading class java/lang/ProcessEnvironment$NameComparator
Event: 1.496 loading class java/lang/ProcessEnvironment$NameComparator done
Event: 1.496 loading class java/lang/ProcessEnvironment$EntryComparator
Event: 1.496 loading class java/lang/ProcessEnvironment$EntryComparator done
Event: 1.496 loading class java/lang/ProcessEnvironment$CheckedEntrySet
Event: 1.496 loading class java/lang/ProcessEnvironment$CheckedEntrySet done
Event: 1.496 loading class java/lang/ProcessEnvironment$CheckedEntrySet$1
Event: 1.496 loading class java/lang/ProcessEnvironment$CheckedEntrySet$1 done
Event: 1.496 loading class java/lang/ProcessEnvironment$CheckedEntry
Event: 1.496 loading class java/lang/ProcessEnvironment$CheckedEntry done
Event: 1.639 Thread 0x0000017cee7c3550 Thread exited: 0x0000017cee7c3550


Dynamic libraries:
0x00007ff719760000 - 0x00007ff71976e000 	c:\Users\JUNGMIN KIM\.vscode\extensions\redhat.java-1.3.0\jre\17.0.1-win32-x86_64\bin\java.exe
0x00007ffcf7350000 - 0x00007ffcf7545000 	C:\WINDOWS\SYSTEM32\ntdll.dll
0x00007ffcf6c80000 - 0x00007ffcf6d3e000 	C:\WINDOWS\System32\KERNEL32.DLL
0x00007ffcf50d0000 - 0x00007ffcf5398000 	C:\WINDOWS\System32\KERNELBASE.dll
0x00007ffcbbf20000 - 0x00007ffcbc03d000 	C:\WINDOWS\System32\AppCheck64.dll
0x00007ffcf4fd0000 - 0x00007ffcf50d0000 	C:\WINDOWS\System32\ucrtbase.dll
0x00007ffcee4f0000 - 0x00007ffcee4fa000 	C:\WINDOWS\SYSTEM32\VERSION.dll
0x00007ffcecec0000 - 0x00007ffceced8000 	c:\Users\JUNGMIN KIM\.vscode\extensions\redhat.java-1.3.0\jre\17.0.1-win32-x86_64\bin\jli.dll
0x00007ffce6770000 - 0x00007ffce6789000 	c:\Users\JUNGMIN KIM\.vscode\extensions\redhat.java-1.3.0\jre\17.0.1-win32-x86_64\bin\VCRUNTIME140.dll
0x00007ffcf6ea0000 - 0x00007ffcf6f3e000 	C:\WINDOWS\System32\msvcrt.dll
0x00007ffcf5740000 - 0x00007ffcf58e0000 	C:\WINDOWS\System32\USER32.dll
0x00007ffcf4a90000 - 0x00007ffcf4ab2000 	C:\WINDOWS\System32\win32u.dll
0x00007ffcf53a0000 - 0x00007ffcf53cb000 	C:\WINDOWS\System32\GDI32.dll
0x00007ffcf4d60000 - 0x00007ffcf4e6d000 	C:\WINDOWS\System32\gdi32full.dll
0x00007ffcda210000 - 0x00007ffcda4aa000 	C:\WINDOWS\WinSxS\amd64_microsoft.windows.common-controls_6595b64144ccf1df_6.0.19041.1110_none_60b5254171f9507e\COMCTL32.dll
0x00007ffcf4c10000 - 0x00007ffcf4cad000 	C:\WINDOWS\System32\msvcp_win.dll
0x00007ffcf6d40000 - 0x00007ffcf6dee000 	C:\WINDOWS\System32\ADVAPI32.dll
0x00007ffcf5bc0000 - 0x00007ffcf5c5c000 	C:\WINDOWS\System32\sechost.dll
0x00007ffcf5df0000 - 0x00007ffcf5f15000 	C:\WINDOWS\System32\RPCRT4.dll
0x00007ffcf58e0000 - 0x00007ffcf5910000 	C:\WINDOWS\System32\IMM32.DLL
0x00007ffcf0180000 - 0x00007ffcf018c000 	c:\Users\JUNGMIN KIM\.vscode\extensions\redhat.java-1.3.0\jre\17.0.1-win32-x86_64\bin\vcruntime140_1.dll
0x00007ffce2450000 - 0x00007ffce24e1000 	c:\Users\JUNGMIN KIM\.vscode\extensions\redhat.java-1.3.0\jre\17.0.1-win32-x86_64\bin\msvcp140.dll
0x00007ffcb4c70000 - 0x00007ffcb58b6000 	c:\Users\JUNGMIN KIM\.vscode\extensions\redhat.java-1.3.0\jre\17.0.1-win32-x86_64\bin\server\jvm.dll
0x00007ffcf5bb0000 - 0x00007ffcf5bb8000 	C:\WINDOWS\System32\PSAPI.DLL
0x00007ffcf0150000 - 0x00007ffcf0159000 	C:\WINDOWS\SYSTEM32\WSOCK32.dll
0x00007ffcdbcc0000 - 0x00007ffcdbce7000 	C:\WINDOWS\SYSTEM32\WINMM.dll
0x00007ffcf6f40000 - 0x00007ffcf6fab000 	C:\WINDOWS\System32\WS2_32.dll
0x00007ffcf3330000 - 0x00007ffcf3342000 	C:\WINDOWS\SYSTEM32\kernel.appcore.dll
0x00007ffcf00e0000 - 0x00007ffcf00ea000 	c:\Users\JUNGMIN KIM\.vscode\extensions\redhat.java-1.3.0\jre\17.0.1-win32-x86_64\bin\jimage.dll
0x00007ffcf2850000 - 0x00007ffcf2a34000 	C:\WINDOWS\SYSTEM32\DBGHELP.DLL
0x00007ffcdc440000 - 0x00007ffcdc46c000 	C:\WINDOWS\SYSTEM32\dbgcore.DLL
0x00007ffcf4b30000 - 0x00007ffcf4bb2000 	C:\WINDOWS\System32\bcryptPrimitives.dll
0x00007ffcf00a0000 - 0x00007ffcf00ae000 	c:\Users\JUNGMIN KIM\.vscode\extensions\redhat.java-1.3.0\jre\17.0.1-win32-x86_64\bin\instrument.dll
0x00007ffce4520000 - 0x00007ffce4545000 	c:\Users\JUNGMIN KIM\.vscode\extensions\redhat.java-1.3.0\jre\17.0.1-win32-x86_64\bin\java.dll
0x00007ffcecee0000 - 0x00007ffcecef8000 	c:\Users\JUNGMIN KIM\.vscode\extensions\redhat.java-1.3.0\jre\17.0.1-win32-x86_64\bin\zip.dll
0x00007ffcf6530000 - 0x00007ffcf6c74000 	C:\WINDOWS\System32\SHELL32.dll
0x00007ffcf2a40000 - 0x00007ffcf31d4000 	C:\WINDOWS\SYSTEM32\windows.storage.dll
0x00007ffcf6fb0000 - 0x00007ffcf7305000 	C:\WINDOWS\System32\combase.dll
0x00007ffcf44b0000 - 0x00007ffcf44de000 	C:\WINDOWS\SYSTEM32\Wldp.dll
0x00007ffcf6df0000 - 0x00007ffcf6e9d000 	C:\WINDOWS\System32\SHCORE.dll
0x00007ffcf55b0000 - 0x00007ffcf5605000 	C:\WINDOWS\System32\shlwapi.dll
0x00007ffcf49a0000 - 0x00007ffcf49bf000 	C:\WINDOWS\SYSTEM32\profapi.dll
0x00007ffce6750000 - 0x00007ffce6769000 	C:\Users\JUNGMIN KIM\.vscode\extensions\redhat.java-1.3.0\jre\17.0.1-win32-x86_64\bin\net.dll
0x00007ffce4a10000 - 0x00007ffce4b1c000 	C:\WINDOWS\SYSTEM32\WINHTTP.dll
0x00007ffcf4210000 - 0x00007ffcf427a000 	C:\WINDOWS\system32\mswsock.dll
0x00007ffce55d0000 - 0x00007ffce55e5000 	C:\Users\JUNGMIN KIM\.vscode\extensions\redhat.java-1.3.0\jre\17.0.1-win32-x86_64\bin\nio.dll
0x00007ffcef3f0000 - 0x00007ffcef400000 	c:\Users\JUNGMIN KIM\.vscode\extensions\redhat.java-1.3.0\jre\17.0.1-win32-x86_64\bin\verify.dll
0x00007ffcf4410000 - 0x00007ffcf4428000 	C:\WINDOWS\SYSTEM32\CRYPTSP.dll
0x00007ffcf3b20000 - 0x00007ffcf3b54000 	C:\WINDOWS\system32\rsaenh.dll
0x00007ffcf4a60000 - 0x00007ffcf4a87000 	C:\WINDOWS\System32\bcrypt.dll
0x00007ffcf4960000 - 0x00007ffcf498e000 	C:\WINDOWS\SYSTEM32\USERENV.dll
0x00007ffcf4400000 - 0x00007ffcf440c000 	C:\WINDOWS\SYSTEM32\CRYPTBASE.dll
0x00007ffcf3eb0000 - 0x00007ffcf3eeb000 	C:\WINDOWS\SYSTEM32\IPHLPAPI.DLL
0x00007ffcf5910000 - 0x00007ffcf5918000 	C:\WINDOWS\System32\NSI.dll
0x00007ffceb7d0000 - 0x00007ffceb7e7000 	C:\WINDOWS\SYSTEM32\dhcpcsvc6.DLL
0x00007ffcec3e0000 - 0x00007ffcec3fd000 	C:\WINDOWS\SYSTEM32\dhcpcsvc.DLL
0x00007ffcf3f00000 - 0x00007ffcf3fcb000 	C:\WINDOWS\SYSTEM32\DNSAPI.dll
0x00007ffce23d0000 - 0x00007ffce240e000 	C:\Users\JUNGMIN KIM\AppData\Roaming\Code\User\globalStorage\redhat.java\1.3.0\config_ss_win\org.eclipse.equinox.launcher\org.eclipse.equinox.launcher.win32.win32.x86_64_1.2.400.v20211117-0650\eclipse_11602.dll
0x00007ffcf5c60000 - 0x00007ffcf5d8a000 	C:\WINDOWS\System32\ole32.dll

dbghelp: loaded successfully - version: 4.0.5 - missing functions: none
symbol engine: initialized successfully - sym options: 0x614 - pdb path: .;c:\Users\JUNGMIN KIM\.vscode\extensions\redhat.java-1.3.0\jre\17.0.1-win32-x86_64\bin;C:\WINDOWS\SYSTEM32;C:\WINDOWS\WinSxS\amd64_microsoft.windows.common-controls_6595b64144ccf1df_6.0.19041.1110_none_60b5254171f9507e;c:\Users\JUNGMIN KIM\.vscode\extensions\redhat.java-1.3.0\jre\17.0.1-win32-x86_64\bin\server;C:\Users\JUNGMIN KIM\AppData\Roaming\Code\User\globalStorage\redhat.java\1.3.0\config_ss_win\org.eclipse.equinox.launcher\org.eclipse.equinox.launcher.win32.win32.x86_64_1.2.400.v20211117-0650

VM Arguments:
jvm_args: --add-modules=ALL-SYSTEM --add-opens=java.base/java.util=ALL-UNNAMED --add-opens=java.base/java.lang=ALL-UNNAMED --add-opens=java.base/sun.nio.fs=ALL-UNNAMED -Declipse.application=org.eclipse.jdt.ls.core.id1 -Dosgi.bundles.defaultStartLevel=4 -Declipse.product=org.eclipse.jdt.ls.core.product -Djava.import.generatesMetadataFilesAtProjectRoot=false -Dfile.encoding=utf8 -DwatchParentProcess=false -XX:+UseParallelGC -XX:GCTimeRatio=4 -XX:AdaptiveSizePolicyWeight=90 -Dsun.zip.disableMemoryMapping=true -Xmx1G -Xms100m -javaagent:c:\Users\JUNGMIN KIM\.vscode\extensions\gabrielbb.vscode-lombok-1.0.1\server\lombok.jar 
java_command: c:\Users\JUNGMIN KIM\.vscode\extensions\redhat.java-1.3.0\server\plugins\org.eclipse.equinox.launcher_1.6.400.v20210924-0641.jar -configuration c:\Users\JUNGMIN KIM\AppData\Roaming\Code\User\globalStorage\redhat.java\1.3.0\config_ss_win -data c:\Users\JUNGMIN KIM\AppData\Roaming\Code\User\workspaceStorage\fe6c779bf1ca33eb14b05bcd4537552c\redhat.java\ss_ws
java_class_path (initial): c:\Users\JUNGMIN KIM\.vscode\extensions\redhat.java-1.3.0\server\plugins\org.eclipse.equinox.launcher_1.6.400.v20210924-0641.jar
Launcher Type: SUN_STANDARD

[Global flags]
    uintx AdaptiveSizePolicyWeight                 = 90                                        {product} {command line}
     intx CICompilerCount                          = 4                                         {product} {ergonomic}
    uintx GCTimeRatio                              = 4                                         {product} {command line}
   size_t InitialHeapSize                          = 104857600                                 {product} {command line}
   size_t MaxHeapSize                              = 1073741824                                {product} {command line}
   size_t MaxNewSize                               = 357564416                                 {product} {ergonomic}
   size_t MinHeapDeltaBytes                        = 524288                                    {product} {ergonomic}
   size_t MinHeapSize                              = 104857600                                 {product} {command line}
   size_t NewSize                                  = 34603008                                  {product} {ergonomic}
    uintx NonNMethodCodeHeapSize                   = 5839372                                {pd product} {ergonomic}
    uintx NonProfiledCodeHeapSize                  = 122909434                              {pd product} {ergonomic}
   size_t OldSize                                  = 70254592                                  {product} {ergonomic}
    uintx ProfiledCodeHeapSize                     = 122909434                              {pd product} {ergonomic}
    uintx ReservedCodeCacheSize                    = 251658240                              {pd product} {ergonomic}
     bool SegmentedCodeCache                       = true                                      {product} {ergonomic}
   size_t SoftMaxHeapSize                          = 1073741824                             {manageable} {ergonomic}
     bool UseCompressedClassPointers               = true                           {product lp64_product} {ergonomic}
     bool UseCompressedOops                        = true                           {product lp64_product} {ergonomic}
     bool UseLargePagesIndividualAllocation        = false                                  {pd product} {ergonomic}
     bool UseParallelGC                            = true                                      {product} {command line}

Logging:
Log output configuration:
 #0: stdout all=warning uptime,level,tags
 #1: stderr all=off uptime,level,tags

Environment Variables:
JAVA_HOME=C:\green_workspace\tools\jdk-11.0.2
PATH=C:\oraclexe\app\oracle\product\11.2.0\server\bin;;C:\WINDOWS\system32;C:\WINDOWS;C:\WINDOWS\System32\Wbem;C:\WINDOWS\System32\WindowsPowerShell\v1.0\;C:\WINDOWS\System32\OpenSSH\;C:\Program Files\NVIDIA Corporation\NVIDIA NvDLISR;C:\green_workspace\tools\Git\cmd;C:\green_workspace\tools\jdk-11.0.2\bin;C:\Program Files\MySQL\MySQL Shell 8.0\bin\;C:\Python39\Scripts\;C:\Python39\;C:\Users\JUNGMIN KIM\AppData\Local\Microsoft\WindowsApps;C:\Program Files\Bandizip\;C:\Users\JUNGMIN KIM\AppData\Roaming\Amazon;C:\Users\JUNGMIN KIM\AppData\Local\Programs\Microsoft VS Code\bin
USERNAME=kimjungmin
OS=Windows_NT
PROCESSOR_IDENTIFIER=Intel64 Family 6 Model 165 Stepping 2, GenuineIntel



---------------  S Y S T E M  ---------------

OS:
 Windows 10 , 64 bit Build 19041 (10.0.19041.1503)
OS uptime: 7 days 16:27 hours

CPU: total 8 (initial active 8) (4 cores per cpu, 2 threads per core) family 6 model 165 stepping 2 microcode 0xea, cx8, cmov, fxsr, ht, mmx, 3dnowpref, sse, sse2, sse3, ssse3, sse4.1, sse4.2, popcnt, lzcnt, tsc, tscinvbit, avx, avx2, aes, erms, clmul, bmi1, bmi2, adx, fma, vzeroupper, clflush, clflushopt

Memory: 4k page, system-wide physical 8059M (573M free)
TotalPageFile size 23178M (AvailPageFile size 5M)
current process WorkingSet (physical memory assigned to process): 135M, peak: 138M
current process commit charge ("private bytes"): 244M, peak: 246M

vm_info: OpenJDK 64-Bit Server VM (17.0.1+12) for windows-amd64 JRE (17.0.1+12), built on Oct 20 2021 07:42:55 by "" with MS VC++ 16.7 (VS2019)

END.
