#
# There is insufficient memory for the Java Runtime Environment to continue.
# Native memory allocation (malloc) failed to allocate 898256 bytes for Chunk::new
# Possible reasons:
#   The system is out of physical RAM or swap space
#   The process is running with CompressedOops enabled, and the Java Heap may be blocking the growth of the native heap
# Possible solutions:
#   Reduce memory load on the system
#   Increase physical memory or swap space
#   Check if swap backing store is full
#   Decrease Java heap size (-Xmx/-Xms)
#   Decrease number of Java threads
#   Decrease Java thread stack sizes (-Xss)
#   Set larger code cache with -XX:ReservedCodeCacheSize=
#   JVM is running with Unscaled Compressed Oops mode in which the Java heap is
#     placed in the first 4GB address space. The Java Heap base address is the
#     maximum limit for the native heap growth. Please use -XX:HeapBaseMinAddress
#     to set the Java Heap base and to place the Java Heap above 4GB virtual address.
# This output file may be truncated or incomplete.
#
#  Out of Memory Error (arena.cpp:189), pid=17780, tid=13524
#
# JRE version: OpenJDK Runtime Environment Temurin-17.0.1+12 (17.0.1+12) (build 17.0.1+12)
# Java VM: OpenJDK 64-Bit Server VM Temurin-17.0.1+12 (17.0.1+12, mixed mode, tiered, compressed oops, compressed class ptrs, parallel gc, windows-amd64)
# No core dump will be written. Minidumps are not enabled by default on client versions of Windows
#

---------------  S U M M A R Y ------------

Command Line: --add-modules=ALL-SYSTEM --add-opens=java.base/java.util=ALL-UNNAMED --add-opens=java.base/java.lang=ALL-UNNAMED --add-opens=java.base/sun.nio.fs=ALL-UNNAMED -Declipse.application=org.eclipse.jdt.ls.core.id1 -Dosgi.bundles.defaultStartLevel=4 -Declipse.product=org.eclipse.jdt.ls.core.product -Djava.import.generatesMetadataFilesAtProjectRoot=false -Dfile.encoding=utf8 -DwatchParentProcess=false -XX:+UseParallelGC -XX:GCTimeRatio=4 -XX:AdaptiveSizePolicyWeight=90 -Dsun.zip.disableMemoryMapping=true -Xmx1G -Xms100m -javaagent:c:\Users\JUNGMIN KIM\.vscode\extensions\gabrielbb.vscode-lombok-1.0.1\server\lombok.jar -XX:+HeapDumpOnOutOfMemoryError -XX:HeapDumpPath=c:\Users\JUNGMIN KIM\AppData\Roaming\Code\User\workspaceStorage\fe6c779bf1ca33eb14b05bcd4537552c\redhat.java c:\Users\JUNGMIN KIM\.vscode\extensions\redhat.java-1.3.0\server\plugins\org.eclipse.equinox.launcher_1.6.400.v20210924-0641.jar -configuration c:\Users\JUNGMIN KIM\AppData\Roaming\Code\User\globalStorage\redhat.java\1.3.0\config_win -data c:\Users\JUNGMIN KIM\AppData\Roaming\Code\User\workspaceStorage\fe6c779bf1ca33eb14b05bcd4537552c\redhat.java\jdt_ws

Host: Intel(R) Core(TM) i5-10300H CPU @ 2.50GHz, 8 cores, 7G,  Windows 10 , 64 bit Build 19041 (10.0.19041.1503)
Time: Mon Feb 28 15:32:07 2022  Windows 10 , 64 bit Build 19041 (10.0.19041.1503) elapsed time: 1.669401 seconds (0d 0h 0m 1s)

---------------  T H R E A D  ---------------

Current thread (0x0000023f1104b050):  JavaThread "C2 CompilerThread1" daemon [_thread_in_native, id=13524, stack(0x00000057d7400000,0x00000057d7500000)]


Current CompileTask:
C2:   1669 2579       4       org.objectweb.asm.ClassReader::readMethod (1052 bytes)

Stack: [0x00000057d7400000,0x00000057d7500000]
Native frames: (J=compiled Java code, j=interpreted, Vv=VM code, C=native code)
V  [jvm.dll+0x6744da]
V  [jvm.dll+0x82e144]
V  [jvm.dll+0x82f8ee]
V  [jvm.dll+0x82ff53]
V  [jvm.dll+0x245175]
V  [jvm.dll+0xab85b]
V  [jvm.dll+0xabdec]
V  [jvm.dll+0x2abf6f]
V  [jvm.dll+0x57b849]
V  [jvm.dll+0x22022d]
V  [jvm.dll+0x22060f]
V  [jvm.dll+0x219e6a]
V  [jvm.dll+0x217345]
V  [jvm.dll+0x1a355d]
V  [jvm.dll+0x226e38]
V  [jvm.dll+0x224f7c]
V  [jvm.dll+0x7e3f5b]
V  [jvm.dll+0x7de51a]
V  [jvm.dll+0x673305]
C  [ucrtbase.dll+0x21bb2]
C  [KERNEL32.DLL+0x17034]
C  [ntdll.dll+0x52651]


---------------  P R O C E S S  ---------------

Threads class SMR info:
_java_thread_list=0x0000023f12d7e070, length=24, elements={
0x0000023f795519c0, 0x0000023f10e435b0, 0x0000023f10e44b80, 0x0000023f0f3fd380,
0x0000023f0f3fde30, 0x0000023f10e8b020, 0x0000023f10e8e6c0, 0x0000023f10e761a0,
0x0000023f10e90f90, 0x0000023f10e914a0, 0x0000023f110100c0, 0x0000023f1104b050,
0x0000023f1120d910, 0x0000023f1286c550, 0x0000023f1269ffa0, 0x0000023f126a0470,
0x0000023f1269bb30, 0x0000023f128ed910, 0x0000023f12a73790, 0x0000023f12bab950,
0x0000023f12c89080, 0x0000023f12e09d20, 0x0000023f12e0a1f0, 0x0000023f12e09380
}

Java Threads: ( => current thread )
  0x0000023f795519c0 JavaThread "main" [_thread_blocked, id=16200, stack(0x00000057d6700000,0x00000057d6800000)]
  0x0000023f10e435b0 JavaThread "Reference Handler" daemon [_thread_blocked, id=16036, stack(0x00000057d6a00000,0x00000057d6b00000)]
  0x0000023f10e44b80 JavaThread "Finalizer" daemon [_thread_blocked, id=2712, stack(0x00000057d6b00000,0x00000057d6c00000)]
  0x0000023f0f3fd380 JavaThread "Signal Dispatcher" daemon [_thread_blocked, id=8788, stack(0x00000057d6c00000,0x00000057d6d00000)]
  0x0000023f0f3fde30 JavaThread "Attach Listener" daemon [_thread_blocked, id=19724, stack(0x00000057d6d00000,0x00000057d6e00000)]
  0x0000023f10e8b020 JavaThread "Service Thread" daemon [_thread_blocked, id=15308, stack(0x00000057d6e00000,0x00000057d6f00000)]
  0x0000023f10e8e6c0 JavaThread "Monitor Deflation Thread" daemon [_thread_blocked, id=8812, stack(0x00000057d6f00000,0x00000057d7000000)]
  0x0000023f10e761a0 JavaThread "C2 CompilerThread0" daemon [_thread_in_native, id=12516, stack(0x00000057d7000000,0x00000057d7100000)]
  0x0000023f10e90f90 JavaThread "C1 CompilerThread0" daemon [_thread_blocked, id=5152, stack(0x00000057d7100000,0x00000057d7200000)]
  0x0000023f10e914a0 JavaThread "Sweeper thread" daemon [_thread_blocked, id=6916, stack(0x00000057d7200000,0x00000057d7300000)]
  0x0000023f110100c0 JavaThread "Common-Cleaner" daemon [_thread_blocked, id=10260, stack(0x00000057d7300000,0x00000057d7400000)]
=>0x0000023f1104b050 JavaThread "C2 CompilerThread1" daemon [_thread_in_native, id=13524, stack(0x00000057d7400000,0x00000057d7500000)]
  0x0000023f1120d910 JavaThread "Notification Thread" daemon [_thread_blocked, id=6048, stack(0x00000057d7500000,0x00000057d7600000)]
  0x0000023f1286c550 JavaThread "Active Thread: Equinox Container: 79dd0d96-575d-4039-bb44-cc240253cf2d" [_thread_blocked, id=1400, stack(0x00000057d7d00000,0x00000057d7e00000)]
  0x0000023f1269ffa0 JavaThread "Framework Event Dispatcher: Equinox Container: 79dd0d96-575d-4039-bb44-cc240253cf2d" daemon [_thread_blocked, id=9136, stack(0x00000057d7e00000,0x00000057d7f00000)]
  0x0000023f126a0470 JavaThread "Start Level: Equinox Container: 79dd0d96-575d-4039-bb44-cc240253cf2d" daemon [_thread_in_vm, id=12096, stack(0x00000057d7f00000,0x00000057d8000000)]
  0x0000023f1269bb30 JavaThread "SCR Component Actor" daemon [_thread_blocked, id=8892, stack(0x00000057d8000000,0x00000057d8100000)]
  0x0000023f128ed910 JavaThread "Timer-0" [_thread_blocked, id=17072, stack(0x00000057d8300000,0x00000057d8400000)]
  0x0000023f12a73790 JavaThread "Bundle File Closer" daemon [_thread_blocked, id=19052, stack(0x00000057d8400000,0x00000057d8500000)]
  0x0000023f12bab950 JavaThread "Worker-JM" [_thread_blocked, id=19256, stack(0x00000057d8500000,0x00000057d8600000)]
  0x0000023f12c89080 JavaThread "Worker-0" [_thread_blocked, id=8932, stack(0x00000057d7700000,0x00000057d7800000)]
  0x0000023f12e09d20 JavaThread "Worker-1: Refreshing workspace" [_thread_in_native, id=19476, stack(0x00000057d8600000,0x00000057d8700000)]
  0x0000023f12e0a1f0 JavaThread "Java indexing" daemon [_thread_blocked, id=19860, stack(0x00000057d8700000,0x00000057d8800000)]
  0x0000023f12e09380 JavaThread "Worker-2" [_thread_blocked, id=6188, stack(0x00000057d8800000,0x00000057d8900000)]

Other Threads:
  0x0000023f10e41d00 VMThread "VM Thread" [stack: 0x00000057d6900000,0x00000057d6a00000] [id=7264]
  0x0000023f1118efd0 WatcherThread [stack: 0x00000057d7600000,0x00000057d7700000] [id=10440]
  0x0000023f795667e0 GCTaskThread "GC Thread#0" [stack: 0x00000057d6800000,0x00000057d6900000] [id=19508]
  0x0000023f120c0030 GCTaskThread "GC Thread#1" [stack: 0x00000057d7800000,0x00000057d7900000] [id=19312]
  0x0000023f120c02e0 GCTaskThread "GC Thread#2" [stack: 0x00000057d7900000,0x00000057d7a00000] [id=17248]
  0x0000023f124902f0 GCTaskThread "GC Thread#3" [stack: 0x00000057d7a00000,0x00000057d7b00000] [id=18660]
  0x0000023f12025240 GCTaskThread "GC Thread#4" [stack: 0x00000057d7b00000,0x00000057d7c00000] [id=16664]
  0x0000023f120254f0 GCTaskThread "GC Thread#5" [stack: 0x00000057d7c00000,0x00000057d7d00000] [id=16984]
  0x0000023f121c27b0 GCTaskThread "GC Thread#6" [stack: 0x00000057d8100000,0x00000057d8200000] [id=18776]
  0x0000023f121c3520 GCTaskThread "GC Thread#7" [stack: 0x00000057d8200000,0x00000057d8300000] [id=4192]

Threads with active compile tasks:
C2 CompilerThread0     1697 2665       4       java.util.Properties::loadConvert (540 bytes)
C1 CompilerThread0     1697 2759   !   3       jdk.internal.reflect.NativeConstructorAccessorImpl::newInstance (122 bytes)
C2 CompilerThread1     1697 2579       4       org.objectweb.asm.ClassReader::readMethod (1052 bytes)

VM state: not at safepoint (normal execution)

VM Mutex/Monitor currently owned by a thread: None

Heap address: 0x00000000c0000000, size: 1024 MB, Compressed Oops mode: 32-bit

CDS archive(s) not mapped
Compressed class space mapped at: 0x0000000100000000-0x0000000140000000, reserved size: 1073741824
Narrow klass base: 0x0000000000000000, Narrow klass shift: 3, Narrow klass range: 0x140000000

GC Precious Log:
 CPUs: 8 total, 8 available
 Memory: 8059M
 Large Page Support: Disabled
 NUMA Support: Disabled
 Compressed Oops: Enabled (32-bit)
 Alignments: Space 512K, Generation 512K, Heap 2M
 Heap Min Capacity: 100M
 Heap Initial Capacity: 100M
 Heap Max Capacity: 1G
 Pre-touch: Disabled
 Parallel Workers: 8

Heap:
 PSYoungGen      total 25600K, used 23367K [0x00000000eab00000, 0x00000000ec880000, 0x0000000100000000)
  eden space 25088K, 91% used [0x00000000eab00000,0x00000000ec179f40,0x00000000ec380000)
  from space 512K, 68% used [0x00000000ec400000,0x00000000ec458000,0x00000000ec480000)
  to   space 2560K, 0% used [0x00000000ec600000,0x00000000ec600000,0x00000000ec880000)
 ParOldGen       total 68608K, used 10232K [0x00000000c0000000, 0x00000000c4300000, 0x00000000eab00000)
  object space 68608K, 14% used [0x00000000c0000000,0x00000000c09fe3d8,0x00000000c4300000)
 Metaspace       used 27443K, committed 27904K, reserved 1081344K
  class space    used 2631K, committed 2880K, reserved 1048576K

Card table byte_map: [0x0000023f7dbc0000,0x0000023f7ddd0000] _byte_map_base: 0x0000023f7d5c0000

Marking Bits: (ParMarkBitMap*) 0x00007ffcb57f2a60
 Begin Bits: [0x0000023f7df30000, 0x0000023f7ef30000)
 End Bits:   [0x0000023f7ef30000, 0x0000023f7ff30000)

Polling page: 0x0000023f79620000

Metaspace:

Usage:
  Non-class:     24.23 MB used.
      Class:      2.57 MB used.
       Both:     26.80 MB used.

Virtual space:
  Non-class space:       32.00 MB reserved,      24.44 MB ( 76%) committed,  4 nodes.
      Class space:        1.00 GB reserved,       2.81 MB ( <1%) committed,  1 nodes.
             Both:        1.03 GB reserved,      27.25 MB (  3%) committed. 

Chunk freelists:
   Non-Class:  2.72 MB
       Class:  1.04 MB
        Both:  3.76 MB

MaxMetaspaceSize: unlimited
CompressedClassSpaceSize: 1.00 GB
Initial GC threshold: 21.00 MB
Current GC threshold: 35.00 MB
CDS: off
MetaspaceReclaimPolicy: balanced
 - commit_granule_bytes: 65536.
 - commit_granule_words: 8192.
 - virtual_space_node_default_size: 1048576.
 - enlarge_chunks_in_place: 1.
 - new_chunks_are_fully_committed: 0.
 - uncommit_free_chunks: 1.
 - use_allocation_guard: 0.
 - handle_deallocations: 1.


Internal statistics:

num_allocs_failed_limit: 3.
num_arena_births: 180.
num_arena_deaths: 0.
num_vsnodes_births: 5.
num_vsnodes_deaths: 0.
num_space_committed: 437.
num_space_uncommitted: 0.
num_chunks_returned_to_freelist: 3.
num_chunks_taken_from_freelist: 883.
num_chunk_merges: 3.
num_chunk_splits: 604.
num_chunks_enlarged: 441.
num_purges: 0.
num_inconsistent_stats: 0.

CodeHeap 'non-profiled nmethods': size=120000Kb used=1051Kb max_used=1051Kb free=118948Kb
 bounds [0x0000023f07ad0000, 0x0000023f07d40000, 0x0000023f0f000000]
CodeHeap 'profiled nmethods': size=120000Kb used=5795Kb max_used=5795Kb free=114204Kb
 bounds [0x0000023f005a0000, 0x0000023f00b50000, 0x0000023f07ad0000]
CodeHeap 'non-nmethods': size=5760Kb used=1227Kb max_used=1251Kb free=4532Kb
 bounds [0x0000023f00000000, 0x0000023f00270000, 0x0000023f005a0000]
 total_blobs=3289 nmethods=2754 adapters=449
 compilation: enabled
              stopped_count=0, restarted_count=0
 full_count=0

Compilation events (20 events):
Event: 1.657 Thread 0x0000023f10e90f90 nmethod 2675 0x0000023f00b21b10 code [0x0000023f00b21cc0, 0x0000023f00b21f08]
Event: 1.657 Thread 0x0000023f10e90f90 2676       3       java.lang.StringUTF16::putCharsSB (21 bytes)
Event: 1.658 Thread 0x0000023f10e90f90 nmethod 2676 0x0000023f00b22010 code [0x0000023f00b221e0, 0x0000023f00b22548]
Event: 1.658 Thread 0x0000023f10e90f90 2677       3       jdk.internal.org.objectweb.asm.Type::getReturnTypeOffset (64 bytes)
Event: 1.659 Thread 0x0000023f10e90f90 nmethod 2677 0x0000023f00b22790 code [0x0000023f00b22ac0, 0x0000023f00b23e98]
Event: 1.659 Thread 0x0000023f10e90f90 2680       3       java.lang.invoke.LambdaForm$Name::<init> (44 bytes)
Event: 1.660 Thread 0x0000023f10e90f90 nmethod 2680 0x0000023f00b24610 code [0x0000023f00b24820, 0x0000023f00b24de8]
Event: 1.660 Thread 0x0000023f10e90f90 2681       3       java.lang.invoke.LambdaForm$NamedFunction::returnType (11 bytes)
Event: 1.660 Thread 0x0000023f10e90f90 nmethod 2681 0x0000023f00b25110 code [0x0000023f00b25300, 0x0000023f00b25768]
Event: 1.660 Thread 0x0000023f10e90f90 2678   !   3       java.lang.invoke.MemberName::getFieldType (176 bytes)
Event: 1.661 Thread 0x0000023f10e90f90 nmethod 2678 0x0000023f00b25990 code [0x0000023f00b25cc0, 0x0000023f00b27198]
Event: 1.661 Thread 0x0000023f10e90f90 2682       3       java.lang.invoke.MemberName::isMethod (7 bytes)
Event: 1.661 Thread 0x0000023f10e90f90 nmethod 2682 0x0000023f00b27890 code [0x0000023f00b27a40, 0x0000023f00b27c78]
Event: 1.661 Thread 0x0000023f10e90f90 2686       3       java.lang.invoke.LambdaForm$BasicType::basicType (187 bytes)
Event: 1.661 Thread 0x0000023f10e90f90 nmethod 2686 0x0000023f00b27d90 code [0x0000023f00b28020, 0x0000023f00b28b48]
Event: 1.661 Thread 0x0000023f10e90f90 2685       3       sun.nio.fs.WindowsPath::addPrefixIfNeeded (72 bytes)
Event: 1.662 Thread 0x0000023f10e90f90 nmethod 2685 0x0000023f00b28e10 code [0x0000023f00b29100, 0x0000023f00b29e18]
Event: 1.662 Thread 0x0000023f10e90f90 2688       3       java.lang.invoke.DirectMethodHandle::internalMemberName (8 bytes)
Event: 1.662 Thread 0x0000023f10e90f90 nmethod 2688 0x0000023f00b2a310 code [0x0000023f00b2a4a0, 0x0000023f00b2a678]
Event: 1.662 Thread 0x0000023f10e90f90 2687       3       jdk.internal.org.objectweb.asm.SymbolTable::addTypeInternal (85 bytes)

GC Heap History (12 events):
Event: 0.473 GC heap before
{Heap before GC invocations=1 (full 0):
 PSYoungGen      total 29696K, used 25600K [0x00000000eab00000, 0x00000000ecc00000, 0x0000000100000000)
  eden space 25600K, 100% used [0x00000000eab00000,0x00000000ec400000,0x00000000ec400000)
  from space 4096K, 0% used [0x00000000ec800000,0x00000000ec800000,0x00000000ecc00000)
  to   space 4096K, 0% used [0x00000000ec400000,0x00000000ec400000,0x00000000ec800000)
 ParOldGen       total 68608K, used 0K [0x00000000c0000000, 0x00000000c4300000, 0x00000000eab00000)
  object space 68608K, 0% used [0x00000000c0000000,0x00000000c0000000,0x00000000c4300000)
 Metaspace       used 10023K, committed 10176K, reserved 1064960K
  class space    used 1009K, committed 1088K, reserved 1048576K
}
Event: 0.476 GC heap after
{Heap after GC invocations=1 (full 0):
 PSYoungGen      total 29696K, used 3022K [0x00000000eab00000, 0x00000000ecc00000, 0x0000000100000000)
  eden space 25600K, 0% used [0x00000000eab00000,0x00000000eab00000,0x00000000ec400000)
  from space 4096K, 73% used [0x00000000ec400000,0x00000000ec6f3848,0x00000000ec800000)
  to   space 4096K, 0% used [0x00000000ec800000,0x00000000ec800000,0x00000000ecc00000)
 ParOldGen       total 68608K, used 16K [0x00000000c0000000, 0x00000000c4300000, 0x00000000eab00000)
  object space 68608K, 0% used [0x00000000c0000000,0x00000000c0004000,0x00000000c4300000)
 Metaspace       used 10023K, committed 10176K, reserved 1064960K
  class space    used 1009K, committed 1088K, reserved 1048576K
}
Event: 0.882 GC heap before
{Heap before GC invocations=2 (full 0):
 PSYoungGen      total 29696K, used 28622K [0x00000000eab00000, 0x00000000ecc00000, 0x0000000100000000)
  eden space 25600K, 100% used [0x00000000eab00000,0x00000000ec400000,0x00000000ec400000)
  from space 4096K, 73% used [0x00000000ec400000,0x00000000ec6f3848,0x00000000ec800000)
  to   space 4096K, 0% used [0x00000000ec800000,0x00000000ec800000,0x00000000ecc00000)
 ParOldGen       total 68608K, used 16K [0x00000000c0000000, 0x00000000c4300000, 0x00000000eab00000)
  object space 68608K, 0% used [0x00000000c0000000,0x00000000c0004000,0x00000000c4300000)
 Metaspace       used 14090K, committed 14336K, reserved 1064960K
  class space    used 1426K, committed 1536K, reserved 1048576K
}
Event: 0.886 GC heap after
{Heap after GC invocations=2 (full 0):
 PSYoungGen      total 29696K, used 4090K [0x00000000eab00000, 0x00000000ecc00000, 0x0000000100000000)
  eden space 25600K, 0% used [0x00000000eab00000,0x00000000eab00000,0x00000000ec400000)
  from space 4096K, 99% used [0x00000000ec800000,0x00000000ecbfeb10,0x00000000ecc00000)
  to   space 4096K, 0% used [0x00000000ec400000,0x00000000ec400000,0x00000000ec800000)
 ParOldGen       total 68608K, used 1277K [0x00000000c0000000, 0x00000000c4300000, 0x00000000eab00000)
  object space 68608K, 1% used [0x00000000c0000000,0x00000000c013f748,0x00000000c4300000)
 Metaspace       used 14090K, committed 14336K, reserved 1064960K
  class space    used 1426K, committed 1536K, reserved 1048576K
}
Event: 1.218 GC heap before
{Heap before GC invocations=3 (full 0):
 PSYoungGen      total 29696K, used 29690K [0x00000000eab00000, 0x00000000ecc00000, 0x0000000100000000)
  eden space 25600K, 100% used [0x00000000eab00000,0x00000000ec400000,0x00000000ec400000)
  from space 4096K, 99% used [0x00000000ec800000,0x00000000ecbfeb10,0x00000000ecc00000)
  to   space 4096K, 0% used [0x00000000ec400000,0x00000000ec400000,0x00000000ec800000)
 ParOldGen       total 68608K, used 1277K [0x00000000c0000000, 0x00000000c4300000, 0x00000000eab00000)
  object space 68608K, 1% used [0x00000000c0000000,0x00000000c013f748,0x00000000c4300000)
 Metaspace       used 18082K, committed 18496K, reserved 1073152K
  class space    used 1839K, committed 1984K, reserved 1048576K
}
Event: 1.222 GC heap after
{Heap after GC invocations=3 (full 0):
 PSYoungGen      total 29696K, used 4070K [0x00000000eab00000, 0x00000000ecc00000, 0x0000000100000000)
  eden space 25600K, 0% used [0x00000000eab00000,0x00000000eab00000,0x00000000ec400000)
  from space 4096K, 99% used [0x00000000ec400000,0x00000000ec7f9848,0x00000000ec800000)
  to   space 4096K, 0% used [0x00000000ec800000,0x00000000ec800000,0x00000000ecc00000)
 ParOldGen       total 68608K, used 5381K [0x00000000c0000000, 0x00000000c4300000, 0x00000000eab00000)
  object space 68608K, 7% used [0x00000000c0000000,0x00000000c0541778,0x00000000c4300000)
 Metaspace       used 18082K, committed 18496K, reserved 1073152K
  class space    used 1839K, committed 1984K, reserved 1048576K
}
Event: 1.415 GC heap before
{Heap before GC invocations=4 (full 0):
 PSYoungGen      total 29696K, used 19000K [0x00000000eab00000, 0x00000000ecc00000, 0x0000000100000000)
  eden space 25600K, 58% used [0x00000000eab00000,0x00000000eb994858,0x00000000ec400000)
  from space 4096K, 99% used [0x00000000ec400000,0x00000000ec7f9848,0x00000000ec800000)
  to   space 4096K, 0% used [0x00000000ec800000,0x00000000ec800000,0x00000000ecc00000)
 ParOldGen       total 68608K, used 5381K [0x00000000c0000000, 0x00000000c4300000, 0x00000000eab00000)
  object space 68608K, 7% used [0x00000000c0000000,0x00000000c0541778,0x00000000c4300000)
 Metaspace       used 21037K, committed 21504K, reserved 1073152K
  class space    used 2133K, committed 2368K, reserved 1048576K
}
Event: 1.418 GC heap after
{Heap after GC invocations=4 (full 0):
 PSYoungGen      total 29696K, used 4074K [0x00000000eab00000, 0x00000000ecc00000, 0x0000000100000000)
  eden space 25600K, 0% used [0x00000000eab00000,0x00000000eab00000,0x00000000ec400000)
  from space 4096K, 99% used [0x00000000ec800000,0x00000000ecbfa9a8,0x00000000ecc00000)
  to   space 4096K, 0% used [0x00000000ec400000,0x00000000ec400000,0x00000000ec800000)
 ParOldGen       total 68608K, used 6372K [0x00000000c0000000, 0x00000000c4300000, 0x00000000eab00000)
  object space 68608K, 9% used [0x00000000c0000000,0x00000000c0639358,0x00000000c4300000)
 Metaspace       used 21037K, committed 21504K, reserved 1073152K
  class space    used 2133K, committed 2368K, reserved 1048576K
}
Event: 1.418 GC heap before
{Heap before GC invocations=5 (full 1):
 PSYoungGen      total 29696K, used 4074K [0x00000000eab00000, 0x00000000ecc00000, 0x0000000100000000)
  eden space 25600K, 0% used [0x00000000eab00000,0x00000000eab00000,0x00000000ec400000)
  from space 4096K, 99% used [0x00000000ec800000,0x00000000ecbfa9a8,0x00000000ecc00000)
  to   space 4096K, 0% used [0x00000000ec400000,0x00000000ec400000,0x00000000ec800000)
 ParOldGen       total 68608K, used 6372K [0x00000000c0000000, 0x00000000c4300000, 0x00000000eab00000)
  object space 68608K, 9% used [0x00000000c0000000,0x00000000c0639358,0x00000000c4300000)
 Metaspace       used 21037K, committed 21504K, reserved 1073152K
  class space    used 2133K, committed 2368K, reserved 1048576K
}
Event: 1.434 GC heap after
{Heap after GC invocations=5 (full 1):
 PSYoungGen      total 29696K, used 0K [0x00000000eab00000, 0x00000000ecc00000, 0x0000000100000000)
  eden space 25600K, 0% used [0x00000000eab00000,0x00000000eab00000,0x00000000ec400000)
  from space 4096K, 0% used [0x00000000ec800000,0x00000000ec800000,0x00000000ecc00000)
  to   space 4096K, 0% used [0x00000000ec400000,0x00000000ec400000,0x00000000ec800000)
 ParOldGen       total 68608K, used 10224K [0x00000000c0000000, 0x00000000c4300000, 0x00000000eab00000)
  object space 68608K, 14% used [0x00000000c0000000,0x00000000c09fc3d8,0x00000000c4300000)
 Metaspace       used 21037K, committed 21504K, reserved 1073152K
  class space    used 2133K, committed 2368K, reserved 1048576K
}
Event: 1.572 GC heap before
{Heap before GC invocations=6 (full 1):
 PSYoungGen      total 29696K, used 25600K [0x00000000eab00000, 0x00000000ecc00000, 0x0000000100000000)
  eden space 25600K, 100% used [0x00000000eab00000,0x00000000ec400000,0x00000000ec400000)
  from space 4096K, 0% used [0x00000000ec800000,0x00000000ec800000,0x00000000ecc00000)
  to   space 4096K, 0% used [0x00000000ec400000,0x00000000ec400000,0x00000000ec800000)
 ParOldGen       total 68608K, used 10224K [0x00000000c0000000, 0x00000000c4300000, 0x00000000eab00000)
  object space 68608K, 14% used [0x00000000c0000000,0x00000000c09fc3d8,0x00000000c4300000)
 Metaspace       used 25085K, committed 25600K, reserved 1073152K
  class space    used 2450K, committed 2688K, reserved 1048576K
}
Event: 1.573 GC heap after
{Heap after GC invocations=6 (full 1):
 PSYoungGen      total 25600K, used 352K [0x00000000eab00000, 0x00000000ec880000, 0x0000000100000000)
  eden space 25088K, 0% used [0x00000000eab00000,0x00000000eab00000,0x00000000ec380000)
  from space 512K, 68% used [0x00000000ec400000,0x00000000ec458000,0x00000000ec480000)
  to   space 2560K, 0% used [0x00000000ec600000,0x00000000ec600000,0x00000000ec880000)
 ParOldGen       total 68608K, used 10232K [0x00000000c0000000, 0x00000000c4300000, 0x00000000eab00000)
  object space 68608K, 14% used [0x00000000c0000000,0x00000000c09fe3d8,0x00000000c4300000)
 Metaspace       used 25085K, committed 25600K, reserved 1073152K
  class space    used 2450K, committed 2688K, reserved 1048576K
}

Deoptimization events (20 events):
Event: 1.379 Thread 0x0000023f126a0470 DEOPT PACKING pc=0x0000023f00a71fd6 sp=0x00000057d7fefbf0
Event: 1.379 Thread 0x0000023f126a0470 DEOPT UNPACKING pc=0x0000023f00052843 sp=0x00000057d7fef078 mode 0
Event: 1.379 Thread 0x0000023f126a0470 DEOPT PACKING pc=0x0000023f00a71fd6 sp=0x00000057d7fefbf0
Event: 1.379 Thread 0x0000023f126a0470 DEOPT UNPACKING pc=0x0000023f00052843 sp=0x00000057d7fef078 mode 0
Event: 1.482 Thread 0x0000023f126a0470 Uncommon trap: trap_request=0xffffff45 fr.pc=0x0000023f07bbec24 relative=0x00000000000006e4
Event: 1.482 Thread 0x0000023f126a0470 Uncommon trap: reason=unstable_if action=reinterpret pc=0x0000023f07bbec24 method=org.objectweb.asm.ClassReader.readUTF8(I[C)Ljava/lang/String; @ 11 c2
Event: 1.482 Thread 0x0000023f126a0470 DEOPT PACKING pc=0x0000023f07bbec24 sp=0x00000057d7fef6d0
Event: 1.482 Thread 0x0000023f126a0470 DEOPT UNPACKING pc=0x0000023f000520a3 sp=0x00000057d7fef698 mode 2
Event: 1.628 Thread 0x0000023f126a0470 DEOPT PACKING pc=0x0000023f006190e5 sp=0x00000057d7ff9860
Event: 1.628 Thread 0x0000023f126a0470 DEOPT UNPACKING pc=0x0000023f00052843 sp=0x00000057d7ff8cb0 mode 0
Event: 1.628 Thread 0x0000023f126a0470 DEOPT PACKING pc=0x0000023f006190e5 sp=0x00000057d7ff9860
Event: 1.628 Thread 0x0000023f126a0470 DEOPT UNPACKING pc=0x0000023f00052843 sp=0x00000057d7ff8cb0 mode 0
Event: 1.634 Thread 0x0000023f126a0470 Uncommon trap: trap_request=0xffffff45 fr.pc=0x0000023f07b95200 relative=0x0000000000000f60
Event: 1.634 Thread 0x0000023f126a0470 Uncommon trap: reason=unstable_if action=reinterpret pc=0x0000023f07b95200 method=java.util.Properties.loadConvert([CIILjava/lang/StringBuilder;)Ljava/lang/String; @ 463 c2
Event: 1.634 Thread 0x0000023f126a0470 DEOPT PACKING pc=0x0000023f07b95200 sp=0x00000057d7ff7f00
Event: 1.634 Thread 0x0000023f126a0470 DEOPT UNPACKING pc=0x0000023f000520a3 sp=0x00000057d7ff7ee0 mode 2
Event: 1.645 Thread 0x0000023f126a0470 Uncommon trap: trap_request=0xffffff45 fr.pc=0x0000023f07b88bfc relative=0x000000000000007c
Event: 1.645 Thread 0x0000023f126a0470 Uncommon trap: reason=unstable_if action=reinterpret pc=0x0000023f07b88bfc method=com.sun.org.apache.xerces.internal.impl.XMLEntityScanner.checkBeforeLoad(Lcom/sun/xml/internal/stream/Entity$ScannedEntity;II)I @ 18 c2
Event: 1.645 Thread 0x0000023f126a0470 DEOPT PACKING pc=0x0000023f07b88bfc sp=0x00000057d7ff95f0
Event: 1.645 Thread 0x0000023f126a0470 DEOPT UNPACKING pc=0x0000023f000520a3 sp=0x00000057d7ff9580 mode 2

Classes unloaded (0 events):
No events

Classes redefined (0 events):
No events

Internal exceptions (20 events):
Event: 0.570 Thread 0x0000023f795519c0 Exception <a 'java/lang/NoSuchMethodError'{0x00000000eaeb2f10}: 'java.lang.Object java.lang.invoke.DirectMethodHandle$Holder.invokeStaticInit(java.lang.Object, java.lang.Object, int, int, int, int)'> (0x00000000eaeb2f10) 
thrown [e:\jenkins\tmp\workspace\build\src\src\hotspot\share\interpreter\linkResolver.cpp, line 766]
Event: 0.587 Thread 0x0000023f795519c0 Exception <a 'java/lang/NoSuchMethodError'{0x00000000eaf87bc0}: 'void java.lang.invoke.DirectMethodHandle$Holder.invokeSpecial(java.lang.Object, java.lang.Object, java.lang.Object)'> (0x00000000eaf87bc0) 
thrown [e:\jenkins\tmp\workspace\build\src\src\hotspot\share\interpreter\linkResolver.cpp, line 766]
Event: 0.597 Thread 0x0000023f795519c0 Exception <a 'java/lang/NoSuchMethodError'{0x00000000eb0656c0}: 'void java.lang.invoke.DirectMethodHandle$Holder.invokeInterface(java.lang.Object, java.lang.Object)'> (0x00000000eb0656c0) 
thrown [e:\jenkins\tmp\workspace\build\src\src\hotspot\share\interpreter\linkResolver.cpp, line 766]
Event: 0.603 Thread 0x0000023f795519c0 Exception <a 'java/lang/NoSuchMethodError'{0x00000000eb0c0b38}: 'java.lang.Object java.lang.invoke.DirectMethodHandle$Holder.newInvokeSpecial(java.lang.Object, int, java.lang.Object, java.lang.Object)'> (0x00000000eb0c0b38) 
thrown [e:\jenkins\tmp\workspace\build\src\src\hotspot\share\interpreter\linkResolver.cpp, line 766]
Event: 0.690 Thread 0x0000023f795519c0 Exception <a 'java/lang/NoSuchMethodError'{0x00000000eb6cc1d8}: 'void java.lang.invoke.DirectMethodHandle$Holder.invokeStatic(java.lang.Object, java.lang.Object, java.lang.Object, java.lang.Object)'> (0x00000000eb6cc1d8) 
thrown [e:\jenkins\tmp\workspace\build\src\src\hotspot\share\interpreter\linkResolver.cpp, line 766]
Event: 0.711 Thread 0x0000023f795519c0 Exception <a 'java/lang/NoSuchMethodError'{0x00000000eb8c6250}: 'java.lang.Object java.lang.invoke.Invokers$Holder.invokeExact_MT(java.lang.Object, java.lang.Object, java.lang.Object, java.lang.Object, java.lang.Object, java.lang.Object)'> (0x00000000eb8c6250) 
thrown [e:\jenkins\tmp\workspace\build\src\src\hotspot\share\interpreter\linkResolver.cpp, line 766]
Event: 0.747 Thread 0x0000023f795519c0 Exception <a 'java/lang/NoSuchMethodError'{0x00000000ebbf0fd8}: 'java.lang.Object java.lang.invoke.DirectMethodHandle$Holder.newInvokeSpecial(java.lang.Object, int, java.lang.Object)'> (0x00000000ebbf0fd8) 
thrown [e:\jenkins\tmp\workspace\build\src\src\hotspot\share\interpreter\linkResolver.cpp, line 766]
Event: 0.849 Thread 0x0000023f795519c0 Exception <a 'java/lang/NoSuchMethodError'{0x00000000ec098658}: 'java.lang.Object java.lang.invoke.Invokers$Holder.linkToTargetMethod(java.lang.Object, java.lang.Object, java.lang.Object, int, java.lang.Object)'> (0x00000000ec098658) 
thrown [e:\jenkins\tmp\workspace\build\src\src\hotspot\share\interpreter\linkResolver.cpp, line 766]
Event: 0.855 Thread 0x0000023f795519c0 Exception <a 'java/lang/UnsatisfiedLinkError'{0x00000000ec127f80}: 'void org.eclipse.equinox.launcher.JNIBridge._update_splash()'> (0x00000000ec127f80) 
thrown [e:\jenkins\tmp\workspace\build\src\src\hotspot\share\prims\nativeLookup.cpp, line 543]
Event: 0.959 Thread 0x0000023f126a0470 Exception <a 'java/io/FileNotFoundException'{0x00000000eb316e20}> (0x00000000eb316e20) 
thrown [e:\jenkins\tmp\workspace\build\src\src\hotspot\share\prims\jni.cpp, line 516]
Event: 1.254 Thread 0x0000023f126a0470 Exception <a 'java/lang/NoSuchMethodError'{0x00000000eadd6ec0}: 'void java.lang.invoke.DirectMethodHandle$Holder.invokeInterface(java.lang.Object, java.lang.Object, java.lang.Object)'> (0x00000000eadd6ec0) 
thrown [e:\jenkins\tmp\workspace\build\src\src\hotspot\share\interpreter\linkResolver.cpp, line 766]
Event: 1.320 Thread 0x0000023f126a0470 Exception <a 'java/io/FileNotFoundException'{0x00000000eb234080}> (0x00000000eb234080) 
thrown [e:\jenkins\tmp\workspace\build\src\src\hotspot\share\prims\jni.cpp, line 516]
Event: 1.408 Thread 0x0000023f126a0470 Exception <a 'java/lang/NoSuchMethodError'{0x00000000eb8c1fb8}: 'int java.lang.invoke.DirectMethodHandle$Holder.invokeStaticInit(java.lang.Object, java.lang.Object, java.lang.Object)'> (0x00000000eb8c1fb8) 
thrown [e:\jenkins\tmp\workspace\build\src\src\hotspot\share\interpreter\linkResolver.cpp, line 766]
Event: 1.413 Thread 0x0000023f126a0470 Exception <a 'java/lang/IncompatibleClassChangeError'{0x00000000eb943aa8}: Found class java.lang.Object, but interface was expected> (0x00000000eb943aa8) 
thrown [e:\jenkins\tmp\workspace\build\src\src\hotspot\share\interpreter\linkResolver.cpp, line 833]
Event: 1.502 Thread 0x0000023f126a0470 Exception <a 'java/io/FileNotFoundException'{0x00000000eb875ca0}> (0x00000000eb875ca0) 
thrown [e:\jenkins\tmp\workspace\build\src\src\hotspot\share\prims\jni.cpp, line 516]
Event: 1.502 Thread 0x0000023f126a0470 Exception <a 'java/io/FileNotFoundException'{0x00000000eb877360}> (0x00000000eb877360) 
thrown [e:\jenkins\tmp\workspace\build\src\src\hotspot\share\prims\jni.cpp, line 516]
Event: 1.503 Thread 0x0000023f126a0470 Exception <a 'java/io/FileNotFoundException'{0x00000000eb878a28}> (0x00000000eb878a28) 
thrown [e:\jenkins\tmp\workspace\build\src\src\hotspot\share\prims\jni.cpp, line 516]
Event: 1.649 Thread 0x0000023f126a0470 Exception <a 'java/lang/ClassNotFoundException'{0x00000000ebcef758}: com/sun/org/apache/xerces/internal/impl/msg/spi/DOMMessagesProvider> (0x00000000ebcef758) 
thrown [e:\jenkins\tmp\workspace\build\src\src\hotspot\share\classfile\systemDictionary.cpp, line 256]
Event: 1.652 Thread 0x0000023f126a0470 Exception <a 'java/lang/ClassNotFoundException'{0x00000000ebd293e8}: com/sun/org/apache/xerces/internal/impl/msg/spi/XMLSerializerMessagesProvider> (0x00000000ebd293e8) 
thrown [e:\jenkins\tmp\workspace\build\src\src\hotspot\share\classfile\systemDictionary.cpp, line 256]
Event: 1.653 Thread 0x0000023f126a0470 Exception <a 'java/lang/ClassNotFoundException'{0x00000000ebd42c28}: com/sun/org/apache/xerces/internal/impl/msg/spi/XMLMessagesProvider> (0x00000000ebd42c28) 
thrown [e:\jenkins\tmp\workspace\build\src\src\hotspot\share\classfile\systemDictionary.cpp, line 256]

VM Operations (20 events):
Event: 0.882 Executing VM operation: ParallelGCFailedAllocation
Event: 0.886 Executing VM operation: ParallelGCFailedAllocation done
Event: 0.887 Executing VM operation: HandshakeAllThreads
Event: 0.887 Executing VM operation: HandshakeAllThreads done
Event: 0.943 Executing VM operation: HandshakeAllThreads
Event: 0.943 Executing VM operation: HandshakeAllThreads done
Event: 1.187 Executing VM operation: ICBufferFull
Event: 1.187 Executing VM operation: ICBufferFull done
Event: 1.209 Executing VM operation: HandshakeAllThreads
Event: 1.209 Executing VM operation: HandshakeAllThreads done
Event: 1.218 Executing VM operation: ParallelGCFailedAllocation
Event: 1.222 Executing VM operation: ParallelGCFailedAllocation done
Event: 1.242 Executing VM operation: HandshakeAllThreads
Event: 1.242 Executing VM operation: HandshakeAllThreads done
Event: 1.245 Executing VM operation: HandshakeAllThreads
Event: 1.245 Executing VM operation: HandshakeAllThreads done
Event: 1.415 Executing VM operation: CollectForMetadataAllocation
Event: 1.434 Executing VM operation: CollectForMetadataAllocation done
Event: 1.572 Executing VM operation: ParallelGCFailedAllocation
Event: 1.573 Executing VM operation: ParallelGCFailedAllocation done

Events (20 events):
Event: 1.653 loading class com/sun/org/apache/xerces/internal/impl/msg/XMLSerializerMessages_ko
Event: 1.653 loading class com/sun/org/apache/xerces/internal/impl/msg/XMLSerializerMessages_ko done
Event: 1.653 loading class com/sun/org/apache/xerces/internal/impl/msg/XMLSerializerMessages_ko
Event: 1.653 loading class com/sun/org/apache/xerces/internal/impl/msg/XMLSerializerMessages_ko done
Event: 1.653 loading class com/sun/org/apache/xerces/internal/impl/msg/XMLSerializerMessages_ko_KR
Event: 1.653 loading class com/sun/org/apache/xerces/internal/impl/msg/XMLSerializerMessages_ko_KR done
Event: 1.653 loading class com/sun/org/apache/xerces/internal/impl/msg/XMLSerializerMessages_ko_KR
Event: 1.653 loading class com/sun/org/apache/xerces/internal/impl/msg/XMLSerializerMessages_ko_KR done
Event: 1.653 loading class com/sun/org/apache/xerces/internal/impl/msg/XMLMessages
Event: 1.653 loading class com/sun/org/apache/xerces/internal/impl/msg/XMLMessages done
Event: 1.653 loading class com/sun/org/apache/xerces/internal/impl/msg/XMLMessages
Event: 1.653 loading class com/sun/org/apache/xerces/internal/impl/msg/XMLMessages done
Event: 1.655 loading class com/sun/org/apache/xerces/internal/impl/msg/XMLMessages_ko
Event: 1.655 loading class com/sun/org/apache/xerces/internal/impl/msg/XMLMessages_ko done
Event: 1.655 loading class com/sun/org/apache/xerces/internal/impl/msg/XMLMessages_ko
Event: 1.655 loading class com/sun/org/apache/xerces/internal/impl/msg/XMLMessages_ko done
Event: 1.658 loading class com/sun/org/apache/xerces/internal/impl/msg/XMLMessages_ko_KR
Event: 1.658 loading class com/sun/org/apache/xerces/internal/impl/msg/XMLMessages_ko_KR done
Event: 1.658 loading class com/sun/org/apache/xerces/internal/impl/msg/XMLMessages_ko_KR
Event: 1.658 loading class com/sun/org/apache/xerces/internal/impl/msg/XMLMessages_ko_KR done


Dynamic libraries:
0x00007ff719760000 - 0x00007ff71976e000 	c:\Users\JUNGMIN KIM\.vscode\extensions\redhat.java-1.3.0\jre\17.0.1-win32-x86_64\bin\java.exe
0x00007ffcf7350000 - 0x00007ffcf7545000 	C:\WINDOWS\SYSTEM32\ntdll.dll
0x00007ffcf6c80000 - 0x00007ffcf6d3e000 	C:\WINDOWS\System32\KERNEL32.DLL
0x00007ffcf50d0000 - 0x00007ffcf5398000 	C:\WINDOWS\System32\KERNELBASE.dll
0x00007ffcbbf20000 - 0x00007ffcbc03d000 	C:\WINDOWS\System32\AppCheck64.dll
0x00007ffcf4fd0000 - 0x00007ffcf50d0000 	C:\WINDOWS\System32\ucrtbase.dll
0x00007ffce6770000 - 0x00007ffce6789000 	c:\Users\JUNGMIN KIM\.vscode\extensions\redhat.java-1.3.0\jre\17.0.1-win32-x86_64\bin\VCRUNTIME140.dll
0x00007ffcecec0000 - 0x00007ffceced8000 	c:\Users\JUNGMIN KIM\.vscode\extensions\redhat.java-1.3.0\jre\17.0.1-win32-x86_64\bin\jli.dll
0x00007ffcee4f0000 - 0x00007ffcee4fa000 	C:\WINDOWS\SYSTEM32\VERSION.dll
0x00007ffcf6ea0000 - 0x00007ffcf6f3e000 	C:\WINDOWS\System32\msvcrt.dll
0x00007ffcf5740000 - 0x00007ffcf58e0000 	C:\WINDOWS\System32\USER32.dll
0x00007ffcf4a90000 - 0x00007ffcf4ab2000 	C:\WINDOWS\System32\win32u.dll
0x00007ffcf53a0000 - 0x00007ffcf53cb000 	C:\WINDOWS\System32\GDI32.dll
0x00007ffcf4d60000 - 0x00007ffcf4e6d000 	C:\WINDOWS\System32\gdi32full.dll
0x00007ffcda210000 - 0x00007ffcda4aa000 	C:\WINDOWS\WinSxS\amd64_microsoft.windows.common-controls_6595b64144ccf1df_6.0.19041.1110_none_60b5254171f9507e\COMCTL32.dll
0x00007ffcf4c10000 - 0x00007ffcf4cad000 	C:\WINDOWS\System32\msvcp_win.dll
0x00007ffcf6d40000 - 0x00007ffcf6dee000 	C:\WINDOWS\System32\ADVAPI32.dll
0x00007ffcf5bc0000 - 0x00007ffcf5c5c000 	C:\WINDOWS\System32\sechost.dll
0x00007ffcf5df0000 - 0x00007ffcf5f15000 	C:\WINDOWS\System32\RPCRT4.dll
0x00007ffcf58e0000 - 0x00007ffcf5910000 	C:\WINDOWS\System32\IMM32.DLL
0x00007ffcf00e0000 - 0x00007ffcf00ec000 	c:\Users\JUNGMIN KIM\.vscode\extensions\redhat.java-1.3.0\jre\17.0.1-win32-x86_64\bin\vcruntime140_1.dll
0x00007ffcc5110000 - 0x00007ffcc51a1000 	c:\Users\JUNGMIN KIM\.vscode\extensions\redhat.java-1.3.0\jre\17.0.1-win32-x86_64\bin\msvcp140.dll
0x00007ffcb4c70000 - 0x00007ffcb58b6000 	c:\Users\JUNGMIN KIM\.vscode\extensions\redhat.java-1.3.0\jre\17.0.1-win32-x86_64\bin\server\jvm.dll
0x00007ffcf5bb0000 - 0x00007ffcf5bb8000 	C:\WINDOWS\System32\PSAPI.DLL
0x00007ffcdbcc0000 - 0x00007ffcdbce7000 	C:\WINDOWS\SYSTEM32\WINMM.dll
0x00007ffcf0150000 - 0x00007ffcf0159000 	C:\WINDOWS\SYSTEM32\WSOCK32.dll
0x00007ffcf6f40000 - 0x00007ffcf6fab000 	C:\WINDOWS\System32\WS2_32.dll
0x00007ffcf3330000 - 0x00007ffcf3342000 	C:\WINDOWS\SYSTEM32\kernel.appcore.dll
0x00007ffcf00a0000 - 0x00007ffcf00aa000 	c:\Users\JUNGMIN KIM\.vscode\extensions\redhat.java-1.3.0\jre\17.0.1-win32-x86_64\bin\jimage.dll
0x00007ffcf2850000 - 0x00007ffcf2a34000 	C:\WINDOWS\SYSTEM32\DBGHELP.DLL
0x00007ffcdc440000 - 0x00007ffcdc46c000 	C:\WINDOWS\SYSTEM32\dbgcore.DLL
0x00007ffcf4b30000 - 0x00007ffcf4bb2000 	C:\WINDOWS\System32\bcryptPrimitives.dll
0x00007ffcef3f0000 - 0x00007ffcef3fe000 	c:\Users\JUNGMIN KIM\.vscode\extensions\redhat.java-1.3.0\jre\17.0.1-win32-x86_64\bin\instrument.dll
0x00007ffce4520000 - 0x00007ffce4545000 	c:\Users\JUNGMIN KIM\.vscode\extensions\redhat.java-1.3.0\jre\17.0.1-win32-x86_64\bin\java.dll
0x00007ffce6750000 - 0x00007ffce6768000 	c:\Users\JUNGMIN KIM\.vscode\extensions\redhat.java-1.3.0\jre\17.0.1-win32-x86_64\bin\zip.dll
0x00007ffcf6530000 - 0x00007ffcf6c74000 	C:\WINDOWS\System32\SHELL32.dll
0x00007ffcf2a40000 - 0x00007ffcf31d4000 	C:\WINDOWS\SYSTEM32\windows.storage.dll
0x00007ffcf6fb0000 - 0x00007ffcf7305000 	C:\WINDOWS\System32\combase.dll
0x00007ffcf44b0000 - 0x00007ffcf44de000 	C:\WINDOWS\SYSTEM32\Wldp.dll
0x00007ffcf6df0000 - 0x00007ffcf6e9d000 	C:\WINDOWS\System32\SHCORE.dll
0x00007ffcf55b0000 - 0x00007ffcf5605000 	C:\WINDOWS\System32\shlwapi.dll
0x00007ffcf49a0000 - 0x00007ffcf49bf000 	C:\WINDOWS\SYSTEM32\profapi.dll
0x00007ffce55d0000 - 0x00007ffce55e9000 	C:\Users\JUNGMIN KIM\.vscode\extensions\redhat.java-1.3.0\jre\17.0.1-win32-x86_64\bin\net.dll
0x00007ffce4a10000 - 0x00007ffce4b1c000 	C:\WINDOWS\SYSTEM32\WINHTTP.dll
0x00007ffcf4210000 - 0x00007ffcf427a000 	C:\WINDOWS\system32\mswsock.dll
0x00007ffce2960000 - 0x00007ffce2975000 	C:\Users\JUNGMIN KIM\.vscode\extensions\redhat.java-1.3.0\jre\17.0.1-win32-x86_64\bin\nio.dll
0x00007ffcef3b0000 - 0x00007ffcef3c0000 	c:\Users\JUNGMIN KIM\.vscode\extensions\redhat.java-1.3.0\jre\17.0.1-win32-x86_64\bin\verify.dll
0x00007ffcf4410000 - 0x00007ffcf4428000 	C:\WINDOWS\SYSTEM32\CRYPTSP.dll
0x00007ffcf3b20000 - 0x00007ffcf3b54000 	C:\WINDOWS\system32\rsaenh.dll
0x00007ffcf4a60000 - 0x00007ffcf4a87000 	C:\WINDOWS\System32\bcrypt.dll
0x00007ffcf4960000 - 0x00007ffcf498e000 	C:\WINDOWS\SYSTEM32\USERENV.dll
0x00007ffcf4400000 - 0x00007ffcf440c000 	C:\WINDOWS\SYSTEM32\CRYPTBASE.dll
0x00007ffcf3eb0000 - 0x00007ffcf3eeb000 	C:\WINDOWS\SYSTEM32\IPHLPAPI.DLL
0x00007ffcf5910000 - 0x00007ffcf5918000 	C:\WINDOWS\System32\NSI.dll
0x00007ffceb7d0000 - 0x00007ffceb7e7000 	C:\WINDOWS\SYSTEM32\dhcpcsvc6.DLL
0x00007ffcec3e0000 - 0x00007ffcec3fd000 	C:\WINDOWS\SYSTEM32\dhcpcsvc.DLL
0x00007ffcf3f00000 - 0x00007ffcf3fcb000 	C:\WINDOWS\SYSTEM32\DNSAPI.dll
0x00007ffcd8270000 - 0x00007ffcd82ae000 	C:\Users\JUNGMIN KIM\AppData\Roaming\Code\User\globalStorage\redhat.java\1.3.0\config_win\org.eclipse.equinox.launcher\org.eclipse.equinox.launcher.win32.win32.x86_64_1.2.400.v20211117-0650\eclipse_11602.dll
0x00007ffcf5c60000 - 0x00007ffcf5d8a000 	C:\WINDOWS\System32\ole32.dll

dbghelp: loaded successfully - version: 4.0.5 - missing functions: none
symbol engine: initialized successfully - sym options: 0x614 - pdb path: .;c:\Users\JUNGMIN KIM\.vscode\extensions\redhat.java-1.3.0\jre\17.0.1-win32-x86_64\bin;C:\WINDOWS\SYSTEM32;C:\WINDOWS\WinSxS\amd64_microsoft.windows.common-controls_6595b64144ccf1df_6.0.19041.1110_none_60b5254171f9507e;c:\Users\JUNGMIN KIM\.vscode\extensions\redhat.java-1.3.0\jre\17.0.1-win32-x86_64\bin\server;C:\Users\JUNGMIN KIM\AppData\Roaming\Code\User\globalStorage\redhat.java\1.3.0\config_win\org.eclipse.equinox.launcher\org.eclipse.equinox.launcher.win32.win32.x86_64_1.2.400.v20211117-0650

VM Arguments:
jvm_args: --add-modules=ALL-SYSTEM --add-opens=java.base/java.util=ALL-UNNAMED --add-opens=java.base/java.lang=ALL-UNNAMED --add-opens=java.base/sun.nio.fs=ALL-UNNAMED -Declipse.application=org.eclipse.jdt.ls.core.id1 -Dosgi.bundles.defaultStartLevel=4 -Declipse.product=org.eclipse.jdt.ls.core.product -Djava.import.generatesMetadataFilesAtProjectRoot=false -Dfile.encoding=utf8 -DwatchParentProcess=false -XX:+UseParallelGC -XX:GCTimeRatio=4 -XX:AdaptiveSizePolicyWeight=90 -Dsun.zip.disableMemoryMapping=true -Xmx1G -Xms100m -javaagent:c:\Users\JUNGMIN KIM\.vscode\extensions\gabrielbb.vscode-lombok-1.0.1\server\lombok.jar -XX:+HeapDumpOnOutOfMemoryError -XX:HeapDumpPath=c:\Users\JUNGMIN KIM\AppData\Roaming\Code\User\workspaceStorage\fe6c779bf1ca33eb14b05bcd4537552c\redhat.java 
java_command: c:\Users\JUNGMIN KIM\.vscode\extensions\redhat.java-1.3.0\server\plugins\org.eclipse.equinox.launcher_1.6.400.v20210924-0641.jar -configuration c:\Users\JUNGMIN KIM\AppData\Roaming\Code\User\globalStorage\redhat.java\1.3.0\config_win -data c:\Users\JUNGMIN KIM\AppData\Roaming\Code\User\workspaceStorage\fe6c779bf1ca33eb14b05bcd4537552c\redhat.java\jdt_ws
java_class_path (initial): c:\Users\JUNGMIN KIM\.vscode\extensions\redhat.java-1.3.0\server\plugins\org.eclipse.equinox.launcher_1.6.400.v20210924-0641.jar
Launcher Type: SUN_STANDARD

[Global flags]
    uintx AdaptiveSizePolicyWeight                 = 90                                        {product} {command line}
     intx CICompilerCount                          = 4                                         {product} {ergonomic}
    uintx GCTimeRatio                              = 4                                         {product} {command line}
     bool HeapDumpOnOutOfMemoryError               = true                                   {manageable} {command line}
    ccstr HeapDumpPath                             = c:\Users\JUNGMIN KIM\AppData\Roaming\Code\User\workspaceStorage\fe6c779bf1ca33eb14b05bcd4537552c\redhat.java         {manageable} {command line}
   size_t InitialHeapSize                          = 104857600                                 {product} {command line}
   size_t MaxHeapSize                              = 1073741824                                {product} {command line}
   size_t MaxNewSize                               = 357564416                                 {product} {ergonomic}
   size_t MinHeapDeltaBytes                        = 524288                                    {product} {ergonomic}
   size_t MinHeapSize                              = 104857600                                 {product} {command line}
   size_t NewSize                                  = 34603008                                  {product} {ergonomic}
    uintx NonNMethodCodeHeapSize                   = 5839372                                {pd product} {ergonomic}
    uintx NonProfiledCodeHeapSize                  = 122909434                              {pd product} {ergonomic}
   size_t OldSize                                  = 70254592                                  {product} {ergonomic}
    uintx ProfiledCodeHeapSize                     = 122909434                              {pd product} {ergonomic}
    uintx ReservedCodeCacheSize                    = 251658240                              {pd product} {ergonomic}
     bool SegmentedCodeCache                       = true                                      {product} {ergonomic}
   size_t SoftMaxHeapSize                          = 1073741824                             {manageable} {ergonomic}
     bool UseCompressedClassPointers               = true                           {product lp64_product} {ergonomic}
     bool UseCompressedOops                        = true                           {product lp64_product} {ergonomic}
     bool UseLargePagesIndividualAllocation        = false                                  {pd product} {ergonomic}
     bool UseParallelGC                            = true                                      {product} {command line}

Logging:
Log output configuration:
 #0: stdout all=warning uptime,level,tags
 #1: stderr all=off uptime,level,tags

Environment Variables:
JAVA_HOME=C:\green_workspace\tools\jdk-11.0.2
PATH=C:\oraclexe\app\oracle\product\11.2.0\server\bin;;C:\WINDOWS\system32;C:\WINDOWS;C:\WINDOWS\System32\Wbem;C:\WINDOWS\System32\WindowsPowerShell\v1.0\;C:\WINDOWS\System32\OpenSSH\;C:\Program Files\NVIDIA Corporation\NVIDIA NvDLISR;C:\green_workspace\tools\Git\cmd;C:\green_workspace\tools\jdk-11.0.2\bin;C:\Program Files\MySQL\MySQL Shell 8.0\bin\;C:\Python39\Scripts\;C:\Python39\;C:\Users\JUNGMIN KIM\AppData\Local\Microsoft\WindowsApps;C:\Program Files\Bandizip\;C:\Users\JUNGMIN KIM\AppData\Roaming\Amazon;C:\Users\JUNGMIN KIM\AppData\Local\Programs\Microsoft VS Code\bin
USERNAME=kimjungmin
OS=Windows_NT
PROCESSOR_IDENTIFIER=Intel64 Family 6 Model 165 Stepping 2, GenuineIntel



---------------  S Y S T E M  ---------------

OS:
 Windows 10 , 64 bit Build 19041 (10.0.19041.1503)
OS uptime: 7 days 16:27 hours

CPU: total 8 (initial active 8) (4 cores per cpu, 2 threads per core) family 6 model 165 stepping 2 microcode 0xea, cx8, cmov, fxsr, ht, mmx, 3dnowpref, sse, sse2, sse3, ssse3, sse4.1, sse4.2, popcnt, lzcnt, tsc, tscinvbit, avx, avx2, aes, erms, clmul, bmi1, bmi2, adx, fma, vzeroupper, clflush, clflushopt

Memory: 4k page, system-wide physical 8059M (568M free)
TotalPageFile size 23178M (AvailPageFile size 0M)
current process WorkingSet (physical memory assigned to process): 133M, peak: 133M
current process commit charge ("private bytes"): 236M, peak: 236M

vm_info: OpenJDK 64-Bit Server VM (17.0.1+12) for windows-amd64 JRE (17.0.1+12), built on Oct 20 2021 07:42:55 by "" with MS VC++ 16.7 (VS2019)

END.
