#
# There is insufficient memory for the Java Runtime Environment to continue.
# Native memory allocation (mmap) failed to map 65536 bytes for Failed to commit metaspace.
# Possible reasons:
#   The system is out of physical RAM or swap space
#   The process is running with CompressedOops enabled, and the Java Heap may be blocking the growth of the native heap
# Possible solutions:
#   Reduce memory load on the system
#   Increase physical memory or swap space
#   Check if swap backing store is full
#   Decrease Java heap size (-Xmx/-Xms)
#   Decrease number of Java threads
#   Decrease Java thread stack sizes (-Xss)
#   Set larger code cache with -XX:ReservedCodeCacheSize=
#   JVM is running with Unscaled Compressed Oops mode in which the Java heap is
#     placed in the first 4GB address space. The Java Heap base address is the
#     maximum limit for the native heap growth. Please use -XX:HeapBaseMinAddress
#     to set the Java Heap base and to place the Java Heap above 4GB virtual address.
# This output file may be truncated or incomplete.
#
#  Out of Memory Error (virtualSpaceNode.cpp:110), pid=17812, tid=8212
#
# JRE version: OpenJDK Runtime Environment Temurin-17.0.1+12 (17.0.1+12) (build 17.0.1+12)
# Java VM: OpenJDK 64-Bit Server VM Temurin-17.0.1+12 (17.0.1+12, mixed mode, tiered, compressed oops, compressed class ptrs, parallel gc, windows-amd64)
# No core dump will be written. Minidumps are not enabled by default on client versions of Windows
#

---------------  S U M M A R Y ------------

Command Line: --add-modules=ALL-SYSTEM --add-opens=java.base/java.util=ALL-UNNAMED --add-opens=java.base/java.lang=ALL-UNNAMED --add-opens=java.base/sun.nio.fs=ALL-UNNAMED -Declipse.application=org.eclipse.jdt.ls.core.id1 -Dosgi.bundles.defaultStartLevel=4 -Declipse.product=org.eclipse.jdt.ls.core.product -Djava.import.generatesMetadataFilesAtProjectRoot=false -Dfile.encoding=utf8 -DwatchParentProcess=false -XX:+UseParallelGC -XX:GCTimeRatio=4 -XX:AdaptiveSizePolicyWeight=90 -Dsun.zip.disableMemoryMapping=true -Xmx1G -Xms100m -javaagent:c:\Users\JUNGMIN KIM\.vscode\extensions\gabrielbb.vscode-lombok-1.0.1\server\lombok.jar -XX:+HeapDumpOnOutOfMemoryError -XX:HeapDumpPath=c:\Users\JUNGMIN KIM\AppData\Roaming\Code\User\workspaceStorage\fe6c779bf1ca33eb14b05bcd4537552c\redhat.java c:\Users\JUNGMIN KIM\.vscode\extensions\redhat.java-1.3.0\server\plugins\org.eclipse.equinox.launcher_1.6.400.v20210924-0641.jar -configuration c:\Users\JUNGMIN KIM\AppData\Roaming\Code\User\globalStorage\redhat.java\1.3.0\config_win -data c:\Users\JUNGMIN KIM\AppData\Roaming\Code\User\workspaceStorage\fe6c779bf1ca33eb14b05bcd4537552c\redhat.java\jdt_ws

Host: Intel(R) Core(TM) i5-10300H CPU @ 2.50GHz, 8 cores, 7G,  Windows 10 , 64 bit Build 19041 (10.0.19041.1503)
Time: Mon Feb 28 15:32:05 2022  Windows 10 , 64 bit Build 19041 (10.0.19041.1503) elapsed time: 2.609016 seconds (0d 0h 0m 2s)

---------------  T H R E A D  ---------------

Current thread (0x000001bdec64bea0):  JavaThread "Start Level: Equinox Container: 612e5754-2be4-439d-a1b1-eced6551ab2d" daemon [_thread_in_vm, id=8212, stack(0x000000ad40c00000,0x000000ad40d00000)]

Stack: [0x000000ad40c00000,0x000000ad40d00000]
Native frames: (J=compiled Java code, j=interpreted, Vv=VM code, C=native code)
V  [jvm.dll+0x6744da]
V  [jvm.dll+0x82e144]
V  [jvm.dll+0x82f8ee]
V  [jvm.dll+0x82ff53]
V  [jvm.dll+0x245175]
V  [jvm.dll+0x82a0eb]
V  [jvm.dll+0x619566]
V  [jvm.dll+0x1bff1e]
V  [jvm.dll+0x61beb1]
V  [jvm.dll+0x619f06]
V  [jvm.dll+0x2396df]
V  [jvm.dll+0x623b45]
V  [jvm.dll+0x1e9e4b]
V  [jvm.dll+0x1ea385]
V  [jvm.dll+0x1eadbf]
V  [jvm.dll+0x1e0261]
V  [jvm.dll+0x53b150]
V  [jvm.dll+0x7a9378]
V  [jvm.dll+0x7a9464]
V  [jvm.dll+0x40bfd5]
V  [jvm.dll+0x4121c8]
C  [java.dll+0x17ec]

Java frames: (J=compiled Java code, j=interpreted, Vv=VM code)
J 1105  java.lang.ClassLoader.defineClass1(Ljava/lang/ClassLoader;Ljava/lang/String;[BIILjava/security/ProtectionDomain;Ljava/lang/String;)Ljava/lang/Class; java.base@17.0.1 (0 bytes) @ 0x000001bddfec1ddb [0x000001bddfec1d20+0x00000000000000bb]
J 1746 c1 java.lang.ClassLoader.defineClass(Ljava/lang/String;[BIILjava/security/ProtectionDomain;)Ljava/lang/Class; java.base@17.0.1 (43 bytes) @ 0x000001bdd8c49954 [0x000001bdd8c49600+0x0000000000000354]
J 2397 c1 org.eclipse.osgi.internal.loader.ModuleClassLoader.defineClass(Ljava/lang/String;[BLorg/eclipse/osgi/internal/loader/classpath/ClasspathEntry;)Lorg/eclipse/osgi/internal/loader/ModuleClassLoader$DefineClassResult; (138 bytes) @ 0x000001bdd8dfb09c [0x000001bdd8dfae40+0x000000000000025c]
J 2322 c1 org.eclipse.osgi.internal.loader.classpath.ClasspathManager.defineClass(Ljava/lang/String;[BLorg/eclipse/osgi/internal/loader/classpath/ClasspathEntry;Lorg/eclipse/osgi/storage/bundlefile/BundleEntry;Ljava/util/List;)Ljava/lang/Class; (636 bytes) @ 0x000001bdd8dc51b4 [0x000001bdd8dc37e0+0x00000000000019d4]
J 1792 c1 org.eclipse.osgi.internal.loader.classpath.ClasspathManager.findClassImpl(Ljava/lang/String;Lorg/eclipse/osgi/internal/loader/classpath/ClasspathEntry;Ljava/util/List;)Ljava/lang/Class; (308 bytes) @ 0x000001bdd8c6b474 [0x000001bdd8c686c0+0x0000000000002db4]
J 1791 c1 org.eclipse.osgi.internal.loader.classpath.ClasspathManager.findLocalClassImpl(Ljava/lang/String;[Lorg/eclipse/osgi/internal/loader/classpath/ClasspathEntry;Ljava/util/List;)Ljava/lang/Class; (55 bytes) @ 0x000001bdd8c67b4c [0x000001bdd8c679c0+0x000000000000018c]
J 2307 c1 org.eclipse.osgi.internal.loader.classpath.ClasspathManager.findLocalClassImpl(Ljava/lang/String;Ljava/util/List;)Ljava/lang/Class; (132 bytes) @ 0x000001bdd8dbf854 [0x000001bdd8dbf340+0x0000000000000514]
J 1776 c1 org.eclipse.osgi.internal.loader.classpath.ClasspathManager.findLocalClass(Ljava/lang/String;)Ljava/lang/Class; (210 bytes) @ 0x000001bdd8c5babc [0x000001bdd8c5ae20+0x0000000000000c9c]
J 1774 c1 org.eclipse.osgi.internal.loader.BundleLoader.findLocalClass(Ljava/lang/String;)Ljava/lang/Class; (152 bytes) @ 0x000001bdd8c58f6c [0x000001bdd8c58720+0x000000000000084c]
J 1743 c1 org.eclipse.osgi.internal.loader.BundleLoader.findClass0(Ljava/lang/String;Z)Ljava/lang/Class; (461 bytes) @ 0x000001bdd8c46874 [0x000001bdd8c441a0+0x00000000000026d4]
J 1709 c1 org.eclipse.osgi.internal.loader.BundleLoader.findClass(Ljava/lang/String;)Ljava/lang/Class; (7 bytes) @ 0x000001bdd8c2d31c [0x000001bdd8c2d2a0+0x000000000000007c]
J 1744 c1 org.eclipse.osgi.internal.loader.ModuleClassLoader.loadClass(Ljava/lang/String;Z)Ljava/lang/Class; (36 bytes) @ 0x000001bdd8c4a8bc [0x000001bdd8c4a6a0+0x000000000000021c]
J 767 c1 java.lang.ClassLoader.loadClass(Ljava/lang/String;)Ljava/lang/Class; java.base@17.0.1 (7 bytes) @ 0x000001bdd8a596bc [0x000001bdd8a595c0+0x00000000000000fc]
v  ~StubRoutines::call_stub
j  org.eclipse.jdt.internal.core.JavaModelManager$8.optionsChanged(Lorg/eclipse/osgi/service/debug/DebugOptions;)V+329
j  org.eclipse.osgi.internal.debug.FrameworkDebugOptions.addingService(Lorg/osgi/framework/ServiceReference;)Lorg/eclipse/osgi/service/debug/DebugOptionsListener;+16
j  org.eclipse.osgi.internal.debug.FrameworkDebugOptions.addingService(Lorg/osgi/framework/ServiceReference;)Ljava/lang/Object;+5
j  org.osgi.util.tracker.ServiceTracker$Tracked.customizerAdding(Lorg/osgi/framework/ServiceReference;Lorg/osgi/framework/ServiceEvent;)Ljava/lang/Object;+8
j  org.osgi.util.tracker.ServiceTracker$Tracked.customizerAdding(Ljava/lang/Object;Ljava/lang/Object;)Ljava/lang/Object;+9
j  org.osgi.util.tracker.AbstractTracked.trackAdding(Ljava/lang/Object;Ljava/lang/Object;)V+8
j  org.osgi.util.tracker.AbstractTracked.track(Ljava/lang/Object;Ljava/lang/Object;)V+83
j  org.osgi.util.tracker.ServiceTracker$Tracked.serviceChanged(Lorg/osgi/framework/ServiceEvent;)V+67
J 1595 c1 org.eclipse.osgi.internal.serviceregistry.FilteredServiceListener.serviceChanged(Lorg/osgi/framework/ServiceEvent;)V (284 bytes) @ 0x000001bdd8c02884 [0x000001bdd8c005e0+0x00000000000022a4]
J 1584 c1 org.eclipse.osgi.internal.framework.BundleContextImpl.dispatchEvent(Ljava/lang/Object;Ljava/lang/Object;ILjava/lang/Object;)V (558 bytes) @ 0x000001bdd8bf3f74 [0x000001bdd8bf0ea0+0x00000000000030d4]
J 2185 c1 org.eclipse.osgi.framework.eventmgr.EventManager.dispatchEvent(Ljava/util/Set;Lorg/eclipse/osgi/framework/eventmgr/EventDispatcher;ILjava/lang/Object;)V (69 bytes) @ 0x000001bdd8d71874 [0x000001bdd8d713a0+0x00000000000004d4]
j  org.eclipse.osgi.framework.eventmgr.ListenerQueue.dispatchEventSynchronous(ILjava/lang/Object;)V+67
j  org.eclipse.osgi.internal.serviceregistry.ServiceRegistry.publishServiceEventPrivileged(Lorg/osgi/framework/ServiceEvent;)V+320
j  org.eclipse.osgi.internal.serviceregistry.ServiceRegistry.publishServiceEvent(Lorg/osgi/framework/ServiceEvent;)V+8
j  org.eclipse.osgi.internal.serviceregistry.ServiceRegistrationImpl.register(Ljava/util/Dictionary;)V+128
j  org.eclipse.osgi.internal.serviceregistry.ServiceRegistry.registerService(Lorg/eclipse/osgi/internal/framework/BundleContextImpl;[Ljava/lang/String;Ljava/lang/Object;Ljava/util/Dictionary;)Lorg/eclipse/osgi/internal/serviceregistry/ServiceRegistrationImpl;+298
j  org.eclipse.osgi.internal.framework.BundleContextImpl.registerService([Ljava/lang/String;Ljava/lang/Object;Ljava/util/Dictionary;)Lorg/osgi/framework/ServiceRegistration;+15
j  org.eclipse.osgi.internal.framework.BundleContextImpl.registerService(Ljava/lang/String;Ljava/lang/Object;Ljava/util/Dictionary;)Lorg/osgi/framework/ServiceRegistration;+15
j  org.eclipse.osgi.internal.framework.BundleContextImpl.registerService(Ljava/lang/Class;Ljava/lang/Object;Ljava/util/Dictionary;)Lorg/osgi/framework/ServiceRegistration;+7
j  org.eclipse.jdt.internal.core.JavaModelManager.registerDebugOptionsListener(Lorg/osgi/framework/BundleContext;)V+32
j  org.eclipse.jdt.core.JavaCore.start(Lorg/osgi/framework/BundleContext;)V+6
j  org.eclipse.osgi.internal.framework.BundleContextImpl.lambda$2(Lorg/osgi/framework/BundleActivator;)Ljava/lang/Void;+11
j  org.eclipse.osgi.internal.framework.BundleContextImpl$$Lambda$77+0x0000000100130d78.run()Ljava/lang/Object;+8
J 1333 c1 java.security.AccessController.executePrivileged(Ljava/security/PrivilegedExceptionAction;Ljava/security/AccessControlContext;Ljava/lang/Class;)Ljava/lang/Object; java.base@17.0.1 (65 bytes) @ 0x000001bdd8b5beb4 [0x000001bdd8b5bd60+0x0000000000000154]
j  java.security.AccessController.doPrivileged(Ljava/security/PrivilegedExceptionAction;)Ljava/lang/Object;+9 java.base@17.0.1
j  org.eclipse.osgi.internal.framework.BundleContextImpl.startActivator(Lorg/osgi/framework/BundleActivator;)V+7
j  org.eclipse.osgi.internal.framework.BundleContextImpl.start()V+134
j  org.eclipse.osgi.internal.framework.EquinoxBundle.startWorker0()V+35
j  org.eclipse.osgi.internal.framework.EquinoxBundle$EquinoxModule.startWorker()V+4
j  org.eclipse.osgi.container.Module.doStart([Lorg/eclipse/osgi/container/Module$StartOptions;)Lorg/eclipse/osgi/container/ModuleContainerAdaptor$ModuleEvent;+190
J 2375 c1 org.eclipse.osgi.container.Module.start([Lorg/eclipse/osgi/container/Module$StartOptions;)V (655 bytes) @ 0x000001bdd8ded3a4 [0x000001bdd8deafe0+0x00000000000023c4]
J 2392 c1 org.eclipse.osgi.framework.util.SecureAction.start(Lorg/eclipse/osgi/container/Module;[Lorg/eclipse/osgi/container/Module$StartOptions;)V (58 bytes) @ 0x000001bdd8df99dc [0x000001bdd8df94e0+0x00000000000004fc]
J 2208 c1 org.eclipse.osgi.internal.hooks.EclipseLazyStarter.postFindLocalClass(Ljava/lang/String;Ljava/lang/Class;Lorg/eclipse/osgi/internal/loader/classpath/ClasspathManager;)V (394 bytes) @ 0x000001bdd8d7e4bc [0x000001bdd8d7d540+0x0000000000000f7c]
J 1776 c1 org.eclipse.osgi.internal.loader.classpath.ClasspathManager.findLocalClass(Ljava/lang/String;)Ljava/lang/Class; (210 bytes) @ 0x000001bdd8c5bdd4 [0x000001bdd8c5ae20+0x0000000000000fb4]
J 1774 c1 org.eclipse.osgi.internal.loader.BundleLoader.findLocalClass(Ljava/lang/String;)Ljava/lang/Class; (152 bytes) @ 0x000001bdd8c58f6c [0x000001bdd8c58720+0x000000000000084c]
J 2370 c1 org.eclipse.osgi.internal.loader.sources.SingleSourcePackage.loadClass(Ljava/lang/String;)Ljava/lang/Class; (9 bytes) @ 0x000001bdd8de2d3c [0x000001bdd8de2c40+0x00000000000000fc]
J 1743 c1 org.eclipse.osgi.internal.loader.BundleLoader.findClass0(Ljava/lang/String;Z)Ljava/lang/Class; (461 bytes) @ 0x000001bdd8c4677c [0x000001bdd8c441a0+0x00000000000025dc]
J 1709 c1 org.eclipse.osgi.internal.loader.BundleLoader.findClass(Ljava/lang/String;)Ljava/lang/Class; (7 bytes) @ 0x000001bdd8c2d31c [0x000001bdd8c2d2a0+0x000000000000007c]
J 1744 c1 org.eclipse.osgi.internal.loader.ModuleClassLoader.loadClass(Ljava/lang/String;Z)Ljava/lang/Class; (36 bytes) @ 0x000001bdd8c4a8bc [0x000001bdd8c4a6a0+0x000000000000021c]
J 767 c1 java.lang.ClassLoader.loadClass(Ljava/lang/String;)Ljava/lang/Class; java.base@17.0.1 (7 bytes) @ 0x000001bdd8a596bc [0x000001bdd8a595c0+0x00000000000000fc]
v  ~StubRoutines::call_stub
j  java.lang.Class.getDeclaredConstructors0(Z)[Ljava/lang/reflect/Constructor;+0 java.base@17.0.1
j  java.lang.Class.privateGetDeclaredConstructors(Z)[Ljava/lang/reflect/Constructor;+52 java.base@17.0.1
j  java.lang.Class.getConstructor0([Ljava/lang/Class;I)Ljava/lang/reflect/Constructor;+14 java.base@17.0.1
j  java.lang.Class.getConstructor([Ljava/lang/Class;)Ljava/lang/reflect/Constructor;+24 java.base@17.0.1
j  org.eclipse.osgi.internal.framework.BundleContextImpl.loadBundleActivator()Lorg/osgi/framework/BundleActivator;+105
j  org.eclipse.osgi.internal.framework.BundleContextImpl.start()V+18
j  org.eclipse.osgi.internal.framework.EquinoxBundle.startWorker0()V+35
j  org.eclipse.osgi.internal.framework.EquinoxBundle$EquinoxModule.startWorker()V+4
j  org.eclipse.osgi.container.Module.doStart([Lorg/eclipse/osgi/container/Module$StartOptions;)Lorg/eclipse/osgi/container/ModuleContainerAdaptor$ModuleEvent;+190
j  org.eclipse.osgi.container.Module.start([Lorg/eclipse/osgi/container/Module$StartOptions;)V+460
j  org.eclipse.osgi.container.ModuleContainer$ContainerStartLevel.lambda$1(Ljava/util/concurrent/CountDownLatch;Lorg/eclipse/osgi/container/Module;I)V+58
j  org.eclipse.osgi.container.ModuleContainer$ContainerStartLevel$$Lambda$86+0x0000000100181000.run()V+16
j  org.eclipse.osgi.internal.framework.EquinoxContainerAdaptor$$Lambda$85+0x0000000100183c38.execute(Ljava/lang/Runnable;)V+1
j  org.eclipse.osgi.container.ModuleContainer$ContainerStartLevel.incStartLevel(ILjava/util/List;Z)V+187
j  org.eclipse.osgi.container.ModuleContainer$ContainerStartLevel.incStartLevel(ILjava/util/List;Ljava/util/List;Ljava/util/List;Ljava/util/List;)V+19
j  org.eclipse.osgi.container.ModuleContainer$ContainerStartLevel.doContainerStartLevel(Lorg/eclipse/osgi/container/Module;I[Lorg/osgi/framework/FrameworkListener;)V+349
j  org.eclipse.osgi.container.ModuleContainer$ContainerStartLevel.dispatchEvent(Lorg/eclipse/osgi/container/Module;[Lorg/osgi/framework/FrameworkListener;ILjava/lang/Integer;)V+32
j  org.eclipse.osgi.container.ModuleContainer$ContainerStartLevel.dispatchEvent(Ljava/lang/Object;Ljava/lang/Object;ILjava/lang/Object;)V+15
j  org.eclipse.osgi.framework.eventmgr.EventManager.dispatchEvent(Ljava/util/Set;Lorg/eclipse/osgi/framework/eventmgr/EventDispatcher;ILjava/lang/Object;)V+48
j  org.eclipse.osgi.framework.eventmgr.EventManager$EventThread.run()V+26
v  ~StubRoutines::call_stub

---------------  P R O C E S S  ---------------

Threads class SMR info:
_java_thread_list=0x000001bded7e7660, length=22, elements={
0x000001bdd57055d0, 0x000001bdeb0233d0, 0x000001bdeb023e90, 0x000001bde957c270,
0x000001bdeb069010, 0x000001bdeb0698d0, 0x000001bdeb06c1a0, 0x000001bdeb06cb10,
0x000001bdeb0543e0, 0x000001bdeb0d6c90, 0x000001bdeb0fa810, 0x000001bdeb3af7a0,
0x000001bdebfb03e0, 0x000001bdec49cbd0, 0x000001bdec64b240, 0x000001bdec64bea0,
0x000001bded256d00, 0x000001bded1b8e60, 0x000001bded4486d0, 0x000001bded4cce00,
0x000001bded5db810, 0x000001bded7c5e50
}

Java Threads: ( => current thread )
  0x000001bdd57055d0 JavaThread "main" [_thread_blocked, id=5580, stack(0x000000ad3f500000,0x000000ad3f600000)]
  0x000001bdeb0233d0 JavaThread "Reference Handler" daemon [_thread_blocked, id=1668, stack(0x000000ad3f800000,0x000000ad3f900000)]
  0x000001bdeb023e90 JavaThread "Finalizer" daemon [_thread_blocked, id=240, stack(0x000000ad3f900000,0x000000ad3fa00000)]
  0x000001bde957c270 JavaThread "Signal Dispatcher" daemon [_thread_blocked, id=18864, stack(0x000000ad3fa00000,0x000000ad3fb00000)]
  0x000001bdeb069010 JavaThread "Attach Listener" daemon [_thread_blocked, id=15920, stack(0x000000ad3fb00000,0x000000ad3fc00000)]
  0x000001bdeb0698d0 JavaThread "Service Thread" daemon [_thread_blocked, id=15808, stack(0x000000ad3fc00000,0x000000ad3fd00000)]
  0x000001bdeb06c1a0 JavaThread "Monitor Deflation Thread" daemon [_thread_blocked, id=19512, stack(0x000000ad3fd00000,0x000000ad3fe00000)]
  0x000001bdeb06cb10 JavaThread "C2 CompilerThread0" daemon [_thread_blocked, id=10444, stack(0x000000ad3fe00000,0x000000ad3ff00000)]
  0x000001bdeb0543e0 JavaThread "C1 CompilerThread0" daemon [_thread_blocked, id=19684, stack(0x000000ad3ff00000,0x000000ad40000000)]
  0x000001bdeb0d6c90 JavaThread "Sweeper thread" daemon [_thread_blocked, id=11400, stack(0x000000ad40000000,0x000000ad40100000)]
  0x000001bdeb0fa810 JavaThread "Common-Cleaner" daemon [_thread_blocked, id=13596, stack(0x000000ad40100000,0x000000ad40200000)]
  0x000001bdeb3af7a0 JavaThread "Notification Thread" daemon [_thread_blocked, id=5252, stack(0x000000ad40200000,0x000000ad40300000)]
  0x000001bdebfb03e0 JavaThread "C2 CompilerThread1" daemon [_thread_blocked, id=1436, stack(0x000000ad40400000,0x000000ad40500000)]
  0x000001bdec49cbd0 JavaThread "Active Thread: Equinox Container: 612e5754-2be4-439d-a1b1-eced6551ab2d" [_thread_blocked, id=11104, stack(0x000000ad40500000,0x000000ad40600000)]
  0x000001bdec64b240 JavaThread "Framework Event Dispatcher: Equinox Container: 612e5754-2be4-439d-a1b1-eced6551ab2d" daemon [_thread_blocked, id=12948, stack(0x000000ad40b00000,0x000000ad40c00000)]
=>0x000001bdec64bea0 JavaThread "Start Level: Equinox Container: 612e5754-2be4-439d-a1b1-eced6551ab2d" daemon [_thread_in_vm, id=8212, stack(0x000000ad40c00000,0x000000ad40d00000)]
  0x000001bded256d00 JavaThread "SCR Component Actor" daemon [_thread_blocked, id=20116, stack(0x000000ad40d00000,0x000000ad40e00000)]
  0x000001bded1b8e60 JavaThread "Timer-0" [_thread_blocked, id=14412, stack(0x000000ad41000000,0x000000ad41100000)]
  0x000001bded4486d0 JavaThread "Bundle File Closer" daemon [_thread_blocked, id=20296, stack(0x000000ad41100000,0x000000ad41200000)]
  0x000001bded4cce00 JavaThread "Worker-JM" [_thread_blocked, id=14832, stack(0x000000ad41200000,0x000000ad41300000)]
  0x000001bded5db810 JavaThread "Worker-0" [_thread_blocked, id=2116, stack(0x000000ad41300000,0x000000ad41400000)]
  0x000001bded7c5e50 JavaThread "Worker-1" [_thread_blocked, id=14436, stack(0x000000ad41400000,0x000000ad41500000)]

Other Threads:
  0x000001bdeb020c20 VMThread "VM Thread" [stack: 0x000000ad3f700000,0x000000ad3f800000] [id=12168]
  0x000001bdeb288eb0 WatcherThread [stack: 0x000000ad40300000,0x000000ad40400000] [id=2384]
  0x000001bdd571ba90 GCTaskThread "GC Thread#0" [stack: 0x000000ad3f600000,0x000000ad3f700000] [id=16364]
  0x000001bdec03db20 GCTaskThread "GC Thread#1" [stack: 0x000000ad40600000,0x000000ad40700000] [id=20436]
  0x000001bdec040bb0 GCTaskThread "GC Thread#2" [stack: 0x000000ad40700000,0x000000ad40800000] [id=9060]
  0x000001bdec398230 GCTaskThread "GC Thread#3" [stack: 0x000000ad40800000,0x000000ad40900000] [id=20316]
  0x000001bdec3984e0 GCTaskThread "GC Thread#4" [stack: 0x000000ad40900000,0x000000ad40a00000] [id=12372]
  0x000001bdec3950d0 GCTaskThread "GC Thread#5" [stack: 0x000000ad40a00000,0x000000ad40b00000] [id=13780]
  0x000001bdec61cfa0 GCTaskThread "GC Thread#6" [stack: 0x000000ad40e00000,0x000000ad40f00000] [id=6736]
  0x000001bded23b430 GCTaskThread "GC Thread#7" [stack: 0x000000ad40f00000,0x000000ad41000000] [id=16212]

Threads with active compile tasks:

VM state: not at safepoint (normal execution)

VM Mutex/Monitor currently owned by a thread:  ([mutex/lock_event])
[0x000001bdd5700830] Metaspace_lock - owner thread: 0x000001bdec64bea0

Heap address: 0x00000000c0000000, size: 1024 MB, Compressed Oops mode: 32-bit

CDS archive(s) not mapped
Compressed class space mapped at: 0x0000000100000000-0x0000000140000000, reserved size: 1073741824
Narrow klass base: 0x0000000000000000, Narrow klass shift: 3, Narrow klass range: 0x140000000

GC Precious Log:
 CPUs: 8 total, 8 available
 Memory: 8059M
 Large Page Support: Disabled
 NUMA Support: Disabled
 Compressed Oops: Enabled (32-bit)
 Alignments: Space 512K, Generation 512K, Heap 2M
 Heap Min Capacity: 100M
 Heap Initial Capacity: 100M
 Heap Max Capacity: 1G
 Pre-touch: Disabled
 Parallel Workers: 8

Heap:
 PSYoungGen      total 29696K, used 23426K [0x00000000eab00000, 0x00000000ecc00000, 0x0000000100000000)
  eden space 25600K, 91% used [0x00000000eab00000,0x00000000ec1e0848,0x00000000ec400000)
  from space 4096K, 0% used [0x00000000ec800000,0x00000000ec800000,0x00000000ecc00000)
  to   space 4096K, 0% used [0x00000000ec400000,0x00000000ec400000,0x00000000ec800000)
 ParOldGen       total 68608K, used 10208K [0x00000000c0000000, 0x00000000c4300000, 0x00000000eab00000)
  object space 68608K, 14% used [0x00000000c0000000,0x00000000c09f8360,0x00000000c4300000)
 Metaspace       used 24690K, committed 25024K, reserved 1073152K
  class space    used 2393K, committed 2560K, reserved 1048576K

Card table byte_map: [0x000001bdd50e0000,0x000001bdd52f0000] _byte_map_base: 0x000001bdd4ae0000

Marking Bits: (ParMarkBitMap*) 0x00007ffcb57f2a60
 Begin Bits: [0x000001bde7380000, 0x000001bde8380000)
 End Bits:   [0x000001bde8380000, 0x000001bde9380000)

Polling page: 0x000001bdd4ed0000

Metaspace:

Usage:
  Non-class:     21.77 MB used.
      Class:      2.34 MB used.
       Both:     24.11 MB used.

Virtual space:
  Non-class space:       24.00 MB reserved,      21.94 MB ( 91%) committed,  3 nodes.
      Class space:        1.00 GB reserved,       2.50 MB ( <1%) committed,  1 nodes.
             Both:        1.02 GB reserved,      24.44 MB (  2%) committed. 

Chunk freelists:
   Non-Class:  2.05 MB
       Class:  1.52 MB
        Both:  3.56 MB

MaxMetaspaceSize: unlimited
CompressedClassSpaceSize: 1.00 GB
Initial GC threshold: 21.00 MB
Current GC threshold: 35.00 MB
CDS: off
MetaspaceReclaimPolicy: balanced
 - commit_granule_bytes: 65536.
 - commit_granule_words: 8192.
 - virtual_space_node_default_size: 1048576.
 - enlarge_chunks_in_place: 1.
 - new_chunks_are_fully_committed: 0.
 - uncommit_free_chunks: 1.
 - use_allocation_guard: 0.
 - handle_deallocations: 1.


Internal statistics:

num_allocs_failed_limit: 3.
num_arena_births: 158.
num_arena_deaths: 0.
num_vsnodes_births: 4.
num_vsnodes_deaths: 0.
num_space_committed: 391.
num_space_uncommitted: 0.
num_chunks_returned_to_freelist: 3.
num_chunks_taken_from_freelist: 761.
num_chunk_merges: 3.
num_chunk_splits: 522.
num_chunks_enlarged: 376.
num_purges: 0.
num_inconsistent_stats: 0.

CodeHeap 'non-profiled nmethods': size=120000Kb used=985Kb max_used=985Kb free=119014Kb
 bounds [0x000001bddfe50000, 0x000001bde00c0000, 0x000001bde7380000]
CodeHeap 'profiled nmethods': size=120000Kb used=5423Kb max_used=5423Kb free=114576Kb
 bounds [0x000001bdd8920000, 0x000001bdd8e70000, 0x000001bddfe50000]
CodeHeap 'non-nmethods': size=5760Kb used=1210Kb max_used=1218Kb free=4550Kb
 bounds [0x000001bdd8380000, 0x000001bdd85f0000, 0x000001bdd8920000]
 total_blobs=3109 nmethods=2594 adapters=429
 compilation: enabled
              stopped_count=0, restarted_count=0
 full_count=0

Compilation events (20 events):
Event: 2.552 Thread 0x000001bdeb0543e0 2583       1       lombok.patcher.scripts.AddFieldScript::access$0 (5 bytes)
Event: 2.552 Thread 0x000001bdeb0543e0 nmethod 2583 0x000001bddff45c10 code [0x000001bddff45da0, 0x000001bddff45e58]
Event: 2.568 Thread 0x000001bdeb06cb10 2585   !   4       java.util.WeakHashMap::expungeStaleEntries (139 bytes)
Event: 2.570 Thread 0x000001bdeb06cb10 nmethod 2585 0x000001bddff45f10 code [0x000001bddff460a0, 0x000001bddff46448]
Event: 2.577 Thread 0x000001bdeb0543e0 2586       3       java.util.regex.Matcher::reset (128 bytes)
Event: 2.578 Thread 0x000001bdeb0543e0 nmethod 2586 0x000001bdd8e66210 code [0x000001bdd8e66400, 0x000001bdd8e669e8]
Event: 2.580 Thread 0x000001bdeb0543e0 2587       3       java.util.regex.Pattern$BmpCharProperty::match (55 bytes)
Event: 2.580 Thread 0x000001bdeb0543e0 nmethod 2587 0x000001bdd8e66c90 code [0x000001bdd8e66e60, 0x000001bdd8e672e8]
Event: 2.580 Thread 0x000001bdeb0543e0 2588       3       org.objectweb.asm.MethodVisitor::visitLabel (16 bytes)
Event: 2.580 Thread 0x000001bdeb0543e0 nmethod 2588 0x000001bdd8e67490 code [0x000001bdd8e67640, 0x000001bdd8e67848]
Event: 2.581 Thread 0x000001bdeb0543e0 2589       3       org.objectweb.asm.ByteVector::putUTF8 (144 bytes)
Event: 2.582 Thread 0x000001bdeb0543e0 nmethod 2589 0x000001bdd8e67910 code [0x000001bdd8e67b80, 0x000001bdd8e68688]
Event: 2.586 Thread 0x000001bdeb0543e0 2590       3       org.objectweb.asm.SymbolTable::addConstantIntegerOrFloat (21 bytes)
Event: 2.586 Thread 0x000001bdeb0543e0 nmethod 2590 0x000001bdd8e68b90 code [0x000001bdd8e68d40, 0x000001bdd8e68f98]
Event: 2.605 Thread 0x000001bdeb0543e0 2591       3       lombok.patcher.scripts.AddFieldScript$1::visitField (35 bytes)
Event: 2.606 Thread 0x000001bdeb0543e0 nmethod 2591 0x000001bdd8e69110 code [0x000001bdd8e692c0, 0x000001bdd8e69538]
Event: 2.606 Thread 0x000001bdeb0543e0 2592       3       org.objectweb.asm.SymbolTable::addConstantIntegerOrFloat (100 bytes)
Event: 2.606 Thread 0x000001bdeb0543e0 nmethod 2592 0x000001bdd8e69690 code [0x000001bdd8e698a0, 0x000001bdd8e69df8]
Event: 2.606 Thread 0x000001bdeb0543e0 2593       3       lombok.patcher.Hook::toSpec (95 bytes)
Event: 2.607 Thread 0x000001bdeb0543e0 nmethod 2593 0x000001bdd8e6a090 code [0x000001bdd8e6a3e0, 0x000001bdd8e6b518]

GC Heap History (10 events):
Event: 1.153 GC heap before
{Heap before GC invocations=1 (full 0):
 PSYoungGen      total 29696K, used 25600K [0x00000000eab00000, 0x00000000ecc00000, 0x0000000100000000)
  eden space 25600K, 100% used [0x00000000eab00000,0x00000000ec400000,0x00000000ec400000)
  from space 4096K, 0% used [0x00000000ec800000,0x00000000ec800000,0x00000000ecc00000)
  to   space 4096K, 0% used [0x00000000ec400000,0x00000000ec400000,0x00000000ec800000)
 ParOldGen       total 68608K, used 0K [0x00000000c0000000, 0x00000000c4300000, 0x00000000eab00000)
  object space 68608K, 0% used [0x00000000c0000000,0x00000000c0000000,0x00000000c4300000)
 Metaspace       used 10037K, committed 10176K, reserved 1064960K
  class space    used 1010K, committed 1088K, reserved 1048576K
}
Event: 1.167 GC heap after
{Heap after GC invocations=1 (full 0):
 PSYoungGen      total 29696K, used 3012K [0x00000000eab00000, 0x00000000ecc00000, 0x0000000100000000)
  eden space 25600K, 0% used [0x00000000eab00000,0x00000000eab00000,0x00000000ec400000)
  from space 4096K, 73% used [0x00000000ec400000,0x00000000ec6f13d0,0x00000000ec800000)
  to   space 4096K, 0% used [0x00000000ec800000,0x00000000ec800000,0x00000000ecc00000)
 ParOldGen       total 68608K, used 0K [0x00000000c0000000, 0x00000000c4300000, 0x00000000eab00000)
  object space 68608K, 0% used [0x00000000c0000000,0x00000000c0000000,0x00000000c4300000)
 Metaspace       used 10037K, committed 10176K, reserved 1064960K
  class space    used 1010K, committed 1088K, reserved 1048576K
}
Event: 1.800 GC heap before
{Heap before GC invocations=2 (full 0):
 PSYoungGen      total 29696K, used 28612K [0x00000000eab00000, 0x00000000ecc00000, 0x0000000100000000)
  eden space 25600K, 100% used [0x00000000eab00000,0x00000000ec400000,0x00000000ec400000)
  from space 4096K, 73% used [0x00000000ec400000,0x00000000ec6f13d0,0x00000000ec800000)
  to   space 4096K, 0% used [0x00000000ec800000,0x00000000ec800000,0x00000000ecc00000)
 ParOldGen       total 68608K, used 0K [0x00000000c0000000, 0x00000000c4300000, 0x00000000eab00000)
  object space 68608K, 0% used [0x00000000c0000000,0x00000000c0000000,0x00000000c4300000)
 Metaspace       used 14154K, committed 14400K, reserved 1064960K
  class space    used 1436K, committed 1536K, reserved 1048576K
}
Event: 1.805 GC heap after
{Heap after GC invocations=2 (full 0):
 PSYoungGen      total 29696K, used 4090K [0x00000000eab00000, 0x00000000ecc00000, 0x0000000100000000)
  eden space 25600K, 0% used [0x00000000eab00000,0x00000000eab00000,0x00000000ec400000)
  from space 4096K, 99% used [0x00000000ec800000,0x00000000ecbfeb10,0x00000000ecc00000)
  to   space 4096K, 0% used [0x00000000ec400000,0x00000000ec400000,0x00000000ec800000)
 ParOldGen       total 68608K, used 1326K [0x00000000c0000000, 0x00000000c4300000, 0x00000000eab00000)
  object space 68608K, 1% used [0x00000000c0000000,0x00000000c014bb70,0x00000000c4300000)
 Metaspace       used 14154K, committed 14400K, reserved 1064960K
  class space    used 1436K, committed 1536K, reserved 1048576K
}
Event: 2.228 GC heap before
{Heap before GC invocations=3 (full 0):
 PSYoungGen      total 29696K, used 29690K [0x00000000eab00000, 0x00000000ecc00000, 0x0000000100000000)
  eden space 25600K, 100% used [0x00000000eab00000,0x00000000ec400000,0x00000000ec400000)
  from space 4096K, 99% used [0x00000000ec800000,0x00000000ecbfeb10,0x00000000ecc00000)
  to   space 4096K, 0% used [0x00000000ec400000,0x00000000ec400000,0x00000000ec800000)
 ParOldGen       total 68608K, used 1326K [0x00000000c0000000, 0x00000000c4300000, 0x00000000eab00000)
  object space 68608K, 1% used [0x00000000c0000000,0x00000000c014bb70,0x00000000c4300000)
 Metaspace       used 18124K, committed 18432K, reserved 1073152K
  class space    used 1841K, committed 1984K, reserved 1048576K
}
Event: 2.236 GC heap after
{Heap after GC invocations=3 (full 0):
 PSYoungGen      total 29696K, used 4091K [0x00000000eab00000, 0x00000000ecc00000, 0x0000000100000000)
  eden space 25600K, 0% used [0x00000000eab00000,0x00000000eab00000,0x00000000ec400000)
  from space 4096K, 99% used [0x00000000ec400000,0x00000000ec7fec90,0x00000000ec800000)
  to   space 4096K, 0% used [0x00000000ec800000,0x00000000ec800000,0x00000000ecc00000)
 ParOldGen       total 68608K, used 5608K [0x00000000c0000000, 0x00000000c4300000, 0x00000000eab00000)
  object space 68608K, 8% used [0x00000000c0000000,0x00000000c057a0c0,0x00000000c4300000)
 Metaspace       used 18124K, committed 18432K, reserved 1073152K
  class space    used 1841K, committed 1984K, reserved 1048576K
}
Event: 2.434 GC heap before
{Heap before GC invocations=4 (full 0):
 PSYoungGen      total 29696K, used 19090K [0x00000000eab00000, 0x00000000ecc00000, 0x0000000100000000)
  eden space 25600K, 58% used [0x00000000eab00000,0x00000000eb9a5c58,0x00000000ec400000)
  from space 4096K, 99% used [0x00000000ec400000,0x00000000ec7fec90,0x00000000ec800000)
  to   space 4096K, 0% used [0x00000000ec800000,0x00000000ec800000,0x00000000ecc00000)
 ParOldGen       total 68608K, used 5608K [0x00000000c0000000, 0x00000000c4300000, 0x00000000eab00000)
  object space 68608K, 8% used [0x00000000c0000000,0x00000000c057a0c0,0x00000000c4300000)
 Metaspace       used 21185K, committed 21504K, reserved 1073152K
  class space    used 2143K, committed 2304K, reserved 1048576K
}
Event: 2.436 GC heap after
{Heap after GC invocations=4 (full 0):
 PSYoungGen      total 29696K, used 4074K [0x00000000eab00000, 0x00000000ecc00000, 0x0000000100000000)
  eden space 25600K, 0% used [0x00000000eab00000,0x00000000eab00000,0x00000000ec400000)
  from space 4096K, 99% used [0x00000000ec800000,0x00000000ecbfaa70,0x00000000ecc00000)
  to   space 4096K, 0% used [0x00000000ec400000,0x00000000ec400000,0x00000000ec800000)
 ParOldGen       total 68608K, used 6391K [0x00000000c0000000, 0x00000000c4300000, 0x00000000eab00000)
  object space 68608K, 9% used [0x00000000c0000000,0x00000000c063ddb8,0x00000000c4300000)
 Metaspace       used 21185K, committed 21504K, reserved 1073152K
  class space    used 2143K, committed 2304K, reserved 1048576K
}
Event: 2.436 GC heap before
{Heap before GC invocations=5 (full 1):
 PSYoungGen      total 29696K, used 4074K [0x00000000eab00000, 0x00000000ecc00000, 0x0000000100000000)
  eden space 25600K, 0% used [0x00000000eab00000,0x00000000eab00000,0x00000000ec400000)
  from space 4096K, 99% used [0x00000000ec800000,0x00000000ecbfaa70,0x00000000ecc00000)
  to   space 4096K, 0% used [0x00000000ec400000,0x00000000ec400000,0x00000000ec800000)
 ParOldGen       total 68608K, used 6391K [0x00000000c0000000, 0x00000000c4300000, 0x00000000eab00000)
  object space 68608K, 9% used [0x00000000c0000000,0x00000000c063ddb8,0x00000000c4300000)
 Metaspace       used 21185K, committed 21504K, reserved 1073152K
  class space    used 2143K, committed 2304K, reserved 1048576K
}
Event: 2.452 GC heap after
{Heap after GC invocations=5 (full 1):
 PSYoungGen      total 29696K, used 0K [0x00000000eab00000, 0x00000000ecc00000, 0x0000000100000000)
  eden space 25600K, 0% used [0x00000000eab00000,0x00000000eab00000,0x00000000ec400000)
  from space 4096K, 0% used [0x00000000ec800000,0x00000000ec800000,0x00000000ecc00000)
  to   space 4096K, 0% used [0x00000000ec400000,0x00000000ec400000,0x00000000ec800000)
 ParOldGen       total 68608K, used 10208K [0x00000000c0000000, 0x00000000c4300000, 0x00000000eab00000)
  object space 68608K, 14% used [0x00000000c0000000,0x00000000c09f8360,0x00000000c4300000)
 Metaspace       used 21185K, committed 21504K, reserved 1073152K
  class space    used 2143K, committed 2304K, reserved 1048576K
}

Deoptimization events (20 events):
Event: 2.350 Thread 0x000001bdec64bea0 Uncommon trap: trap_request=0xffffffde fr.pc=0x000001bddfec0294 relative=0x0000000000001134
Event: 2.350 Thread 0x000001bdec64bea0 Uncommon trap: reason=class_check action=maybe_recompile pc=0x000001bddfec0294 method=java.io.DataInputStream.readFully([BII)V @ 30 c2
Event: 2.350 Thread 0x000001bdec64bea0 DEOPT PACKING pc=0x000001bddfec0294 sp=0x000000ad40cf9af0
Event: 2.350 Thread 0x000001bdec64bea0 DEOPT UNPACKING pc=0x000001bdd83d20a3 sp=0x000000ad40cf9a28 mode 2
Event: 2.350 Thread 0x000001bdec64bea0 Uncommon trap: trap_request=0xffffffde fr.pc=0x000001bddfec0294 relative=0x0000000000001134
Event: 2.350 Thread 0x000001bdec64bea0 Uncommon trap: reason=class_check action=maybe_recompile pc=0x000001bddfec0294 method=java.io.DataInputStream.readFully([BII)V @ 30 c2
Event: 2.350 Thread 0x000001bdec64bea0 DEOPT PACKING pc=0x000001bddfec0294 sp=0x000000ad40cf9af0
Event: 2.350 Thread 0x000001bdec64bea0 DEOPT UNPACKING pc=0x000001bdd83d20a3 sp=0x000000ad40cf9a28 mode 2
Event: 2.350 Thread 0x000001bdec64bea0 Uncommon trap: trap_request=0xffffffde fr.pc=0x000001bddfec0294 relative=0x0000000000001134
Event: 2.350 Thread 0x000001bdec64bea0 Uncommon trap: reason=class_check action=maybe_recompile pc=0x000001bddfec0294 method=java.io.DataInputStream.readFully([BII)V @ 30 c2
Event: 2.350 Thread 0x000001bdec64bea0 DEOPT PACKING pc=0x000001bddfec0294 sp=0x000000ad40cf9af0
Event: 2.350 Thread 0x000001bdec64bea0 DEOPT UNPACKING pc=0x000001bdd83d20a3 sp=0x000000ad40cf9a28 mode 2
Event: 2.359 Thread 0x000001bdec64bea0 Uncommon trap: trap_request=0xffffff45 fr.pc=0x000001bddff32c68 relative=0x0000000000000ae8
Event: 2.359 Thread 0x000001bdec64bea0 Uncommon trap: reason=unstable_if action=reinterpret pc=0x000001bddff32c68 method=java.io.DataInputStream.readInt()I @ 41 c2
Event: 2.359 Thread 0x000001bdec64bea0 DEOPT PACKING pc=0x000001bddff32c68 sp=0x000000ad40cf9de0
Event: 2.359 Thread 0x000001bdec64bea0 DEOPT UNPACKING pc=0x000001bdd83d20a3 sp=0x000000ad40cf9da0 mode 2
Event: 2.503 Thread 0x000001bdec64bea0 Uncommon trap: trap_request=0xffffff45 fr.pc=0x000001bddff3cba4 relative=0x00000000000006e4
Event: 2.503 Thread 0x000001bdec64bea0 Uncommon trap: reason=unstable_if action=reinterpret pc=0x000001bddff3cba4 method=org.objectweb.asm.ClassReader.readUTF8(I[C)Ljava/lang/String; @ 11 c2
Event: 2.503 Thread 0x000001bdec64bea0 DEOPT PACKING pc=0x000001bddff3cba4 sp=0x000000ad40cef930
Event: 2.503 Thread 0x000001bdec64bea0 DEOPT UNPACKING pc=0x000001bdd83d20a3 sp=0x000000ad40cef8f8 mode 2

Classes unloaded (0 events):
No events

Classes redefined (0 events):
No events

Internal exceptions (20 events):
Event: 1.219 Thread 0x000001bdd57055d0 Exception <a 'java/lang/NoSuchMethodError'{0x00000000eacc37d8}: 'void java.lang.invoke.DirectMethodHandle$Holder.invokeStaticInit(java.lang.Object, java.lang.Object)'> (0x00000000eacc37d8) 
thrown [e:\jenkins\tmp\workspace\build\src\src\hotspot\share\interpreter\linkResolver.cpp, line 766]
Event: 1.220 Thread 0x000001bdd57055d0 Exception <a 'java/lang/NoSuchMethodError'{0x00000000eaccc1b8}: 'int java.lang.invoke.DirectMethodHandle$Holder.invokeStaticInit(java.lang.Object, java.lang.Object)'> (0x00000000eaccc1b8) 
thrown [e:\jenkins\tmp\workspace\build\src\src\hotspot\share\interpreter\linkResolver.cpp, line 766]
Event: 1.244 Thread 0x000001bdd57055d0 Exception <a 'java/lang/NoSuchMethodError'{0x00000000eada5648}: 'java.lang.Object java.lang.invoke.DirectMethodHandle$Holder.invokeStaticInit(java.lang.Object, int, int, int, int)'> (0x00000000eada5648) 
thrown [e:\jenkins\tmp\workspace\build\src\src\hotspot\share\interpreter\linkResolver.cpp, line 766]
Event: 1.358 Thread 0x000001bdd57055d0 Exception <a 'java/lang/NoSuchMethodError'{0x00000000eae9cbd0}: 'java.lang.Object java.lang.invoke.DirectMethodHandle$Holder.invokeStaticInit(java.lang.Object, java.lang.Object, int, int, int, int)'> (0x00000000eae9cbd0) 
thrown [e:\jenkins\tmp\workspace\build\src\src\hotspot\share\interpreter\linkResolver.cpp, line 766]
Event: 1.378 Thread 0x000001bdd57055d0 Exception <a 'java/lang/NoSuchMethodError'{0x00000000eaf724f0}: 'void java.lang.invoke.DirectMethodHandle$Holder.invokeSpecial(java.lang.Object, java.lang.Object, java.lang.Object)'> (0x00000000eaf724f0) 
thrown [e:\jenkins\tmp\workspace\build\src\src\hotspot\share\interpreter\linkResolver.cpp, line 766]
Event: 1.400 Thread 0x000001bdd57055d0 Exception <a 'java/lang/NoSuchMethodError'{0x00000000eb04fd60}: 'void java.lang.invoke.DirectMethodHandle$Holder.invokeInterface(java.lang.Object, java.lang.Object)'> (0x00000000eb04fd60) 
thrown [e:\jenkins\tmp\workspace\build\src\src\hotspot\share\interpreter\linkResolver.cpp, line 766]
Event: 1.409 Thread 0x000001bdd57055d0 Exception <a 'java/lang/NoSuchMethodError'{0x00000000eb0ab170}: 'java.lang.Object java.lang.invoke.DirectMethodHandle$Holder.newInvokeSpecial(java.lang.Object, int, java.lang.Object, java.lang.Object)'> (0x00000000eb0ab170) 
thrown [e:\jenkins\tmp\workspace\build\src\src\hotspot\share\interpreter\linkResolver.cpp, line 766]
Event: 1.540 Thread 0x000001bdd57055d0 Exception <a 'java/lang/NoSuchMethodError'{0x00000000eb6b35f0}: 'void java.lang.invoke.DirectMethodHandle$Holder.invokeStatic(java.lang.Object, java.lang.Object, java.lang.Object, java.lang.Object)'> (0x00000000eb6b35f0) 
thrown [e:\jenkins\tmp\workspace\build\src\src\hotspot\share\interpreter\linkResolver.cpp, line 766]
Event: 1.570 Thread 0x000001bdd57055d0 Exception <a 'java/lang/NoSuchMethodError'{0x00000000eb8ad838}: 'java.lang.Object java.lang.invoke.Invokers$Holder.invokeExact_MT(java.lang.Object, java.lang.Object, java.lang.Object, java.lang.Object, java.lang.Object, java.lang.Object)'> (0x00000000eb8ad838) 
thrown [e:\jenkins\tmp\workspace\build\src\src\hotspot\share\interpreter\linkResolver.cpp, line 766]
Event: 1.621 Thread 0x000001bdd57055d0 Exception <a 'java/lang/NoSuchMethodError'{0x00000000ebbd6f38}: 'java.lang.Object java.lang.invoke.DirectMethodHandle$Holder.newInvokeSpecial(java.lang.Object, int, java.lang.Object)'> (0x00000000ebbd6f38) 
thrown [e:\jenkins\tmp\workspace\build\src\src\hotspot\share\interpreter\linkResolver.cpp, line 766]
Event: 1.746 Thread 0x000001bdd57055d0 Exception <a 'java/lang/NoSuchMethodError'{0x00000000ec07c258}: 'java.lang.Object java.lang.invoke.Invokers$Holder.linkToTargetMethod(java.lang.Object, java.lang.Object, java.lang.Object, int, java.lang.Object)'> (0x00000000ec07c258) 
thrown [e:\jenkins\tmp\workspace\build\src\src\hotspot\share\interpreter\linkResolver.cpp, line 766]
Event: 1.753 Thread 0x000001bdd57055d0 Exception <a 'java/lang/UnsatisfiedLinkError'{0x00000000ec0cb630}: 'void org.eclipse.equinox.launcher.JNIBridge._update_splash()'> (0x00000000ec0cb630) 
thrown [e:\jenkins\tmp\workspace\build\src\src\hotspot\share\prims\nativeLookup.cpp, line 543]
Event: 1.913 Thread 0x000001bdec64bea0 Exception <a 'java/io/FileNotFoundException'{0x00000000eb2c28b0}> (0x00000000eb2c28b0) 
thrown [e:\jenkins\tmp\workspace\build\src\src\hotspot\share\prims\jni.cpp, line 516]
Event: 2.258 Thread 0x000001bdec64bea0 Exception <a 'java/lang/NoSuchMethodError'{0x00000000ead0a980}: 'void java.lang.invoke.DirectMethodHandle$Holder.invokeInterface(java.lang.Object, java.lang.Object, java.lang.Object)'> (0x00000000ead0a980) 
thrown [e:\jenkins\tmp\workspace\build\src\src\hotspot\share\interpreter\linkResolver.cpp, line 766]
Event: 2.320 Thread 0x000001bdec64bea0 Exception <a 'java/io/FileNotFoundException'{0x00000000eb17dba8}> (0x00000000eb17dba8) 
thrown [e:\jenkins\tmp\workspace\build\src\src\hotspot\share\prims\jni.cpp, line 516]
Event: 2.415 Thread 0x000001bdec64bea0 Exception <a 'java/lang/NoSuchMethodError'{0x00000000eb8039d8}: 'int java.lang.invoke.DirectMethodHandle$Holder.invokeStaticInit(java.lang.Object, java.lang.Object, java.lang.Object)'> (0x00000000eb8039d8) 
thrown [e:\jenkins\tmp\workspace\build\src\src\hotspot\share\interpreter\linkResolver.cpp, line 766]
Event: 2.424 Thread 0x000001bdec64bea0 Exception <a 'java/lang/IncompatibleClassChangeError'{0x00000000eb88dad0}: Found class java.lang.Object, but interface was expected> (0x00000000eb88dad0) 
thrown [e:\jenkins\tmp\workspace\build\src\src\hotspot\share\interpreter\linkResolver.cpp, line 833]
Event: 2.533 Thread 0x000001bdec64bea0 Exception <a 'java/io/FileNotFoundException'{0x00000000eb882880}> (0x00000000eb882880) 
thrown [e:\jenkins\tmp\workspace\build\src\src\hotspot\share\prims\jni.cpp, line 516]
Event: 2.533 Thread 0x000001bdec64bea0 Exception <a 'java/io/FileNotFoundException'{0x00000000eb883f40}> (0x00000000eb883f40) 
thrown [e:\jenkins\tmp\workspace\build\src\src\hotspot\share\prims\jni.cpp, line 516]
Event: 2.534 Thread 0x000001bdec64bea0 Exception <a 'java/io/FileNotFoundException'{0x00000000eb885608}> (0x00000000eb885608) 
thrown [e:\jenkins\tmp\workspace\build\src\src\hotspot\share\prims\jni.cpp, line 516]

VM Operations (20 events):
Event: 1.795 Executing VM operation: HandshakeAllThreads
Event: 1.795 Executing VM operation: HandshakeAllThreads done
Event: 1.799 Executing VM operation: ICBufferFull
Event: 1.799 Executing VM operation: ICBufferFull done
Event: 1.800 Executing VM operation: ParallelGCFailedAllocation
Event: 1.805 Executing VM operation: ParallelGCFailedAllocation done
Event: 1.887 Executing VM operation: HandshakeAllThreads
Event: 1.887 Executing VM operation: HandshakeAllThreads done
Event: 2.201 Executing VM operation: HandshakeAllThreads
Event: 2.201 Executing VM operation: HandshakeAllThreads done
Event: 2.205 Executing VM operation: ICBufferFull
Event: 2.205 Executing VM operation: ICBufferFull done
Event: 2.228 Executing VM operation: ParallelGCFailedAllocation
Event: 2.236 Executing VM operation: ParallelGCFailedAllocation done
Event: 2.247 Executing VM operation: HandshakeAllThreads
Event: 2.247 Executing VM operation: HandshakeAllThreads done
Event: 2.249 Executing VM operation: HandshakeAllThreads
Event: 2.249 Executing VM operation: HandshakeAllThreads done
Event: 2.434 Executing VM operation: CollectForMetadataAllocation
Event: 2.452 Executing VM operation: CollectForMetadataAllocation done

Events (20 events):
Event: 2.418 loading class java/io/DataOutputStream
Event: 2.418 loading class java/io/DataOutputStream done
Event: 2.426 loading class java/util/function/LongUnaryOperator
Event: 2.426 loading class java/util/function/LongUnaryOperator done
Event: 2.427 Thread 0x000001bded5db810 Thread added: 0x000001bded5db810
Event: 2.460 loading class java/io/StringReader
Event: 2.460 loading class java/io/StringReader done
Event: 2.472 loading class java/net/SocketTimeoutException
Event: 2.472 loading class java/io/InterruptedIOException
Event: 2.472 loading class java/io/InterruptedIOException done
Event: 2.472 loading class java/net/SocketTimeoutException done
Event: 2.472 loading class java/net/SocketException
Event: 2.472 loading class java/net/SocketException done
Event: 2.472 loading class java/net/UnknownHostException
Event: 2.473 loading class java/net/UnknownHostException done
Event: 2.473 loading class java/net/ProtocolException
Event: 2.473 loading class java/net/ProtocolException done
Event: 2.479 Thread 0x000001bded7c5e50 Thread added: 0x000001bded7c5e50
Event: 2.485 loading class java/io/FileWriter
Event: 2.485 loading class java/io/FileWriter done


Dynamic libraries:
0x00007ff719760000 - 0x00007ff71976e000 	c:\Users\JUNGMIN KIM\.vscode\extensions\redhat.java-1.3.0\jre\17.0.1-win32-x86_64\bin\java.exe
0x00007ffcf7350000 - 0x00007ffcf7545000 	C:\WINDOWS\SYSTEM32\ntdll.dll
0x00007ffcf6c80000 - 0x00007ffcf6d3e000 	C:\WINDOWS\System32\KERNEL32.DLL
0x00007ffcf50d0000 - 0x00007ffcf5398000 	C:\WINDOWS\System32\KERNELBASE.dll
0x00007ffcbbf20000 - 0x00007ffcbc03d000 	C:\WINDOWS\System32\AppCheck64.dll
0x00007ffcf4fd0000 - 0x00007ffcf50d0000 	C:\WINDOWS\System32\ucrtbase.dll
0x00007ffcee4f0000 - 0x00007ffcee4fa000 	C:\WINDOWS\SYSTEM32\VERSION.dll
0x00007ffcf6ea0000 - 0x00007ffcf6f3e000 	C:\WINDOWS\System32\msvcrt.dll
0x00007ffce6770000 - 0x00007ffce6788000 	c:\Users\JUNGMIN KIM\.vscode\extensions\redhat.java-1.3.0\jre\17.0.1-win32-x86_64\bin\jli.dll
0x00007ffcf5740000 - 0x00007ffcf58e0000 	C:\WINDOWS\System32\USER32.dll
0x00007ffcf4a90000 - 0x00007ffcf4ab2000 	C:\WINDOWS\System32\win32u.dll
0x00007ffcf53a0000 - 0x00007ffcf53cb000 	C:\WINDOWS\System32\GDI32.dll
0x00007ffcf4d60000 - 0x00007ffcf4e6d000 	C:\WINDOWS\System32\gdi32full.dll
0x00007ffcf4c10000 - 0x00007ffcf4cad000 	C:\WINDOWS\System32\msvcp_win.dll
0x00007ffcecec0000 - 0x00007ffceced9000 	c:\Users\JUNGMIN KIM\.vscode\extensions\redhat.java-1.3.0\jre\17.0.1-win32-x86_64\bin\VCRUNTIME140.dll
0x00007ffcda210000 - 0x00007ffcda4aa000 	C:\WINDOWS\WinSxS\amd64_microsoft.windows.common-controls_6595b64144ccf1df_6.0.19041.1110_none_60b5254171f9507e\COMCTL32.dll
0x00007ffcf6d40000 - 0x00007ffcf6dee000 	C:\WINDOWS\System32\ADVAPI32.dll
0x00007ffcf5bc0000 - 0x00007ffcf5c5c000 	C:\WINDOWS\System32\sechost.dll
0x00007ffcf5df0000 - 0x00007ffcf5f15000 	C:\WINDOWS\System32\RPCRT4.dll
0x00007ffcf58e0000 - 0x00007ffcf5910000 	C:\WINDOWS\System32\IMM32.DLL
0x00007ffcf00e0000 - 0x00007ffcf00ec000 	c:\Users\JUNGMIN KIM\.vscode\extensions\redhat.java-1.3.0\jre\17.0.1-win32-x86_64\bin\vcruntime140_1.dll
0x00007ffcc5110000 - 0x00007ffcc51a1000 	c:\Users\JUNGMIN KIM\.vscode\extensions\redhat.java-1.3.0\jre\17.0.1-win32-x86_64\bin\msvcp140.dll
0x00007ffcb4c70000 - 0x00007ffcb58b6000 	c:\Users\JUNGMIN KIM\.vscode\extensions\redhat.java-1.3.0\jre\17.0.1-win32-x86_64\bin\server\jvm.dll
0x00007ffcf5bb0000 - 0x00007ffcf5bb8000 	C:\WINDOWS\System32\PSAPI.DLL
0x00007ffcf0150000 - 0x00007ffcf0159000 	C:\WINDOWS\SYSTEM32\WSOCK32.dll
0x00007ffcf6f40000 - 0x00007ffcf6fab000 	C:\WINDOWS\System32\WS2_32.dll
0x00007ffcdbcc0000 - 0x00007ffcdbce7000 	C:\WINDOWS\SYSTEM32\WINMM.dll
0x00007ffcf3330000 - 0x00007ffcf3342000 	C:\WINDOWS\SYSTEM32\kernel.appcore.dll
0x00007ffcf00a0000 - 0x00007ffcf00aa000 	c:\Users\JUNGMIN KIM\.vscode\extensions\redhat.java-1.3.0\jre\17.0.1-win32-x86_64\bin\jimage.dll
0x00007ffcf2850000 - 0x00007ffcf2a34000 	C:\WINDOWS\SYSTEM32\DBGHELP.DLL
0x00007ffcdc440000 - 0x00007ffcdc46c000 	C:\WINDOWS\SYSTEM32\dbgcore.DLL
0x00007ffcf4b30000 - 0x00007ffcf4bb2000 	C:\WINDOWS\System32\bcryptPrimitives.dll
0x00007ffcef3f0000 - 0x00007ffcef3fe000 	c:\Users\JUNGMIN KIM\.vscode\extensions\redhat.java-1.3.0\jre\17.0.1-win32-x86_64\bin\instrument.dll
0x00007ffce4520000 - 0x00007ffce4545000 	c:\Users\JUNGMIN KIM\.vscode\extensions\redhat.java-1.3.0\jre\17.0.1-win32-x86_64\bin\java.dll
0x00007ffce6750000 - 0x00007ffce6768000 	c:\Users\JUNGMIN KIM\.vscode\extensions\redhat.java-1.3.0\jre\17.0.1-win32-x86_64\bin\zip.dll
0x00007ffcf6530000 - 0x00007ffcf6c74000 	C:\WINDOWS\System32\SHELL32.dll
0x00007ffcf2a40000 - 0x00007ffcf31d4000 	C:\WINDOWS\SYSTEM32\windows.storage.dll
0x00007ffcf6fb0000 - 0x00007ffcf7305000 	C:\WINDOWS\System32\combase.dll
0x00007ffcf44b0000 - 0x00007ffcf44de000 	C:\WINDOWS\SYSTEM32\Wldp.dll
0x00007ffcf6df0000 - 0x00007ffcf6e9d000 	C:\WINDOWS\System32\SHCORE.dll
0x00007ffcf55b0000 - 0x00007ffcf5605000 	C:\WINDOWS\System32\shlwapi.dll
0x00007ffcf49a0000 - 0x00007ffcf49bf000 	C:\WINDOWS\SYSTEM32\profapi.dll
0x00007ffce55d0000 - 0x00007ffce55e9000 	C:\Users\JUNGMIN KIM\.vscode\extensions\redhat.java-1.3.0\jre\17.0.1-win32-x86_64\bin\net.dll
0x00007ffce4a10000 - 0x00007ffce4b1c000 	C:\WINDOWS\SYSTEM32\WINHTTP.dll
0x00007ffcf4210000 - 0x00007ffcf427a000 	C:\WINDOWS\system32\mswsock.dll
0x00007ffce2960000 - 0x00007ffce2975000 	C:\Users\JUNGMIN KIM\.vscode\extensions\redhat.java-1.3.0\jre\17.0.1-win32-x86_64\bin\nio.dll
0x00007ffcef3b0000 - 0x00007ffcef3c0000 	c:\Users\JUNGMIN KIM\.vscode\extensions\redhat.java-1.3.0\jre\17.0.1-win32-x86_64\bin\verify.dll
0x00007ffcf4410000 - 0x00007ffcf4428000 	C:\WINDOWS\SYSTEM32\CRYPTSP.dll
0x00007ffcf3b20000 - 0x00007ffcf3b54000 	C:\WINDOWS\system32\rsaenh.dll
0x00007ffcf4a60000 - 0x00007ffcf4a87000 	C:\WINDOWS\System32\bcrypt.dll
0x00007ffcf4960000 - 0x00007ffcf498e000 	C:\WINDOWS\SYSTEM32\USERENV.dll
0x00007ffcf4400000 - 0x00007ffcf440c000 	C:\WINDOWS\SYSTEM32\CRYPTBASE.dll
0x00007ffcf3eb0000 - 0x00007ffcf3eeb000 	C:\WINDOWS\SYSTEM32\IPHLPAPI.DLL
0x00007ffcf5910000 - 0x00007ffcf5918000 	C:\WINDOWS\System32\NSI.dll
0x00007ffceb7d0000 - 0x00007ffceb7e7000 	C:\WINDOWS\SYSTEM32\dhcpcsvc6.DLL
0x00007ffcec3e0000 - 0x00007ffcec3fd000 	C:\WINDOWS\SYSTEM32\dhcpcsvc.DLL
0x00007ffcf3f00000 - 0x00007ffcf3fcb000 	C:\WINDOWS\SYSTEM32\DNSAPI.dll
0x00007ffcd8270000 - 0x00007ffcd82ae000 	C:\Users\JUNGMIN KIM\AppData\Roaming\Code\User\globalStorage\redhat.java\1.3.0\config_win\org.eclipse.equinox.launcher\org.eclipse.equinox.launcher.win32.win32.x86_64_1.2.400.v20211117-0650\eclipse_11602.dll
0x00007ffcf5c60000 - 0x00007ffcf5d8a000 	C:\WINDOWS\System32\ole32.dll

dbghelp: loaded successfully - version: 4.0.5 - missing functions: none
symbol engine: initialized successfully - sym options: 0x614 - pdb path: .;c:\Users\JUNGMIN KIM\.vscode\extensions\redhat.java-1.3.0\jre\17.0.1-win32-x86_64\bin;C:\WINDOWS\SYSTEM32;C:\WINDOWS\WinSxS\amd64_microsoft.windows.common-controls_6595b64144ccf1df_6.0.19041.1110_none_60b5254171f9507e;c:\Users\JUNGMIN KIM\.vscode\extensions\redhat.java-1.3.0\jre\17.0.1-win32-x86_64\bin\server;C:\Users\JUNGMIN KIM\AppData\Roaming\Code\User\globalStorage\redhat.java\1.3.0\config_win\org.eclipse.equinox.launcher\org.eclipse.equinox.launcher.win32.win32.x86_64_1.2.400.v20211117-0650

VM Arguments:
jvm_args: --add-modules=ALL-SYSTEM --add-opens=java.base/java.util=ALL-UNNAMED --add-opens=java.base/java.lang=ALL-UNNAMED --add-opens=java.base/sun.nio.fs=ALL-UNNAMED -Declipse.application=org.eclipse.jdt.ls.core.id1 -Dosgi.bundles.defaultStartLevel=4 -Declipse.product=org.eclipse.jdt.ls.core.product -Djava.import.generatesMetadataFilesAtProjectRoot=false -Dfile.encoding=utf8 -DwatchParentProcess=false -XX:+UseParallelGC -XX:GCTimeRatio=4 -XX:AdaptiveSizePolicyWeight=90 -Dsun.zip.disableMemoryMapping=true -Xmx1G -Xms100m -javaagent:c:\Users\JUNGMIN KIM\.vscode\extensions\gabrielbb.vscode-lombok-1.0.1\server\lombok.jar -XX:+HeapDumpOnOutOfMemoryError -XX:HeapDumpPath=c:\Users\JUNGMIN KIM\AppData\Roaming\Code\User\workspaceStorage\fe6c779bf1ca33eb14b05bcd4537552c\redhat.java 
java_command: c:\Users\JUNGMIN KIM\.vscode\extensions\redhat.java-1.3.0\server\plugins\org.eclipse.equinox.launcher_1.6.400.v20210924-0641.jar -configuration c:\Users\JUNGMIN KIM\AppData\Roaming\Code\User\globalStorage\redhat.java\1.3.0\config_win -data c:\Users\JUNGMIN KIM\AppData\Roaming\Code\User\workspaceStorage\fe6c779bf1ca33eb14b05bcd4537552c\redhat.java\jdt_ws
java_class_path (initial): c:\Users\JUNGMIN KIM\.vscode\extensions\redhat.java-1.3.0\server\plugins\org.eclipse.equinox.launcher_1.6.400.v20210924-0641.jar
Launcher Type: SUN_STANDARD

[Global flags]
    uintx AdaptiveSizePolicyWeight                 = 90                                        {product} {command line}
     intx CICompilerCount                          = 4                                         {product} {ergonomic}
    uintx GCTimeRatio                              = 4                                         {product} {command line}
     bool HeapDumpOnOutOfMemoryError               = true                                   {manageable} {command line}
    ccstr HeapDumpPath                             = c:\Users\JUNGMIN KIM\AppData\Roaming\Code\User\workspaceStorage\fe6c779bf1ca33eb14b05bcd4537552c\redhat.java         {manageable} {command line}
   size_t InitialHeapSize                          = 104857600                                 {product} {command line}
   size_t MaxHeapSize                              = 1073741824                                {product} {command line}
   size_t MaxNewSize                               = 357564416                                 {product} {ergonomic}
   size_t MinHeapDeltaBytes                        = 524288                                    {product} {ergonomic}
   size_t MinHeapSize                              = 104857600                                 {product} {command line}
   size_t NewSize                                  = 34603008                                  {product} {ergonomic}
    uintx NonNMethodCodeHeapSize                   = 5839372                                {pd product} {ergonomic}
    uintx NonProfiledCodeHeapSize                  = 122909434                              {pd product} {ergonomic}
   size_t OldSize                                  = 70254592                                  {product} {ergonomic}
    uintx ProfiledCodeHeapSize                     = 122909434                              {pd product} {ergonomic}
    uintx ReservedCodeCacheSize                    = 251658240                              {pd product} {ergonomic}
     bool SegmentedCodeCache                       = true                                      {product} {ergonomic}
   size_t SoftMaxHeapSize                          = 1073741824                             {manageable} {ergonomic}
     bool UseCompressedClassPointers               = true                           {product lp64_product} {ergonomic}
     bool UseCompressedOops                        = true                           {product lp64_product} {ergonomic}
     bool UseLargePagesIndividualAllocation        = false                                  {pd product} {ergonomic}
     bool UseParallelGC                            = true                                      {product} {command line}

Logging:
Log output configuration:
 #0: stdout all=warning uptime,level,tags
 #1: stderr all=off uptime,level,tags

Environment Variables:
JAVA_HOME=C:\green_workspace\tools\jdk-11.0.2
PATH=C:\oraclexe\app\oracle\product\11.2.0\server\bin;;C:\WINDOWS\system32;C:\WINDOWS;C:\WINDOWS\System32\Wbem;C:\WINDOWS\System32\WindowsPowerShell\v1.0\;C:\WINDOWS\System32\OpenSSH\;C:\Program Files\NVIDIA Corporation\NVIDIA NvDLISR;C:\green_workspace\tools\Git\cmd;C:\green_workspace\tools\jdk-11.0.2\bin;C:\Program Files\MySQL\MySQL Shell 8.0\bin\;C:\Python39\Scripts\;C:\Python39\;C:\Users\JUNGMIN KIM\AppData\Local\Microsoft\WindowsApps;C:\Program Files\Bandizip\;C:\Users\JUNGMIN KIM\AppData\Roaming\Amazon;C:\Users\JUNGMIN KIM\AppData\Local\Programs\Microsoft VS Code\bin
USERNAME=kimjungmin
OS=Windows_NT
PROCESSOR_IDENTIFIER=Intel64 Family 6 Model 165 Stepping 2, GenuineIntel



---------------  S Y S T E M  ---------------

OS:
 Windows 10 , 64 bit Build 19041 (10.0.19041.1503)
OS uptime: 7 days 16:27 hours

CPU: total 8 (initial active 8) (4 cores per cpu, 2 threads per core) family 6 model 165 stepping 2 microcode 0xea, cx8, cmov, fxsr, ht, mmx, 3dnowpref, sse, sse2, sse3, ssse3, sse4.1, sse4.2, popcnt, lzcnt, tsc, tscinvbit, avx, avx2, aes, erms, clmul, bmi1, bmi2, adx, fma, vzeroupper, clflush, clflushopt

Memory: 4k page, system-wide physical 8059M (690M free)
TotalPageFile size 23178M (AvailPageFile size 259M)
current process WorkingSet (physical memory assigned to process): 123M, peak: 123M
current process commit charge ("private bytes"): 226M, peak: 226M

vm_info: OpenJDK 64-Bit Server VM (17.0.1+12) for windows-amd64 JRE (17.0.1+12), built on Oct 20 2021 07:42:55 by "" with MS VC++ 16.7 (VS2019)

END.
