#
# There is insufficient memory for the Java Runtime Environment to continue.
# Native memory allocation (malloc) failed to allocate 1984944 bytes for Chunk::new
# Possible reasons:
#   The system is out of physical RAM or swap space
#   The process is running with CompressedOops enabled, and the Java Heap may be blocking the growth of the native heap
# Possible solutions:
#   Reduce memory load on the system
#   Increase physical memory or swap space
#   Check if swap backing store is full
#   Decrease Java heap size (-Xmx/-Xms)
#   Decrease number of Java threads
#   Decrease Java thread stack sizes (-Xss)
#   Set larger code cache with -XX:ReservedCodeCacheSize=
#   JVM is running with Unscaled Compressed Oops mode in which the Java heap is
#     placed in the first 4GB address space. The Java Heap base address is the
#     maximum limit for the native heap growth. Please use -XX:HeapBaseMinAddress
#     to set the Java Heap base and to place the Java Heap above 4GB virtual address.
# This output file may be truncated or incomplete.
#
#  Out of Memory Error (arena.cpp:189), pid=10392, tid=14080
#
# JRE version: OpenJDK Runtime Environment Temurin-17.0.1+12 (17.0.1+12) (build 17.0.1+12)
# Java VM: OpenJDK 64-Bit Server VM Temurin-17.0.1+12 (17.0.1+12, mixed mode, tiered, compressed oops, compressed class ptrs, parallel gc, windows-amd64)
# No core dump will be written. Minidumps are not enabled by default on client versions of Windows
#

---------------  S U M M A R Y ------------

Command Line: --add-modules=ALL-SYSTEM --add-opens=java.base/java.util=ALL-UNNAMED --add-opens=java.base/java.lang=ALL-UNNAMED --add-opens=java.base/sun.nio.fs=ALL-UNNAMED -Declipse.application=org.eclipse.jdt.ls.core.id1 -Dosgi.bundles.defaultStartLevel=4 -Declipse.product=org.eclipse.jdt.ls.core.product -Djava.import.generatesMetadataFilesAtProjectRoot=false -Dfile.encoding=utf8 -DwatchParentProcess=false -XX:+UseParallelGC -XX:GCTimeRatio=4 -XX:AdaptiveSizePolicyWeight=90 -Dsun.zip.disableMemoryMapping=true -Xmx1G -Xms100m -javaagent:c:\Users\JUNGMIN KIM\.vscode\extensions\gabrielbb.vscode-lombok-1.0.1\server\lombok.jar -XX:+HeapDumpOnOutOfMemoryError -XX:HeapDumpPath=c:\Users\JUNGMIN KIM\AppData\Roaming\Code\User\workspaceStorage\fe6c779bf1ca33eb14b05bcd4537552c\redhat.java c:\Users\JUNGMIN KIM\.vscode\extensions\redhat.java-1.3.0\server\plugins\org.eclipse.equinox.launcher_1.6.400.v20210924-0641.jar -configuration c:\Users\JUNGMIN KIM\AppData\Roaming\Code\User\globalStorage\redhat.java\1.3.0\config_win -data c:\Users\JUNGMIN KIM\AppData\Roaming\Code\User\workspaceStorage\fe6c779bf1ca33eb14b05bcd4537552c\redhat.java\jdt_ws

Host: Intel(R) Core(TM) i5-10300H CPU @ 2.50GHz, 8 cores, 7G,  Windows 10 , 64 bit Build 19041 (10.0.19041.1503)
Time: Mon Feb 28 15:26:05 2022  Windows 10 , 64 bit Build 19041 (10.0.19041.1503) elapsed time: 11.111428 seconds (0d 0h 0m 11s)

---------------  T H R E A D  ---------------

Current thread (0x000001f751486d20):  JavaThread "C2 CompilerThread1" daemon [_thread_in_native, id=14080, stack(0x000000dcbac00000,0x000000dcbad00000)]


Current CompileTask:
C2:  11111 7221       4       org.eclipse.jdt.internal.core.search.indexing.BinaryIndexer::extractReferenceFromConstantPool (341 bytes)

Stack: [0x000000dcbac00000,0x000000dcbad00000]
Native frames: (J=compiled Java code, j=interpreted, Vv=VM code, C=native code)
V  [jvm.dll+0x6744da]
V  [jvm.dll+0x82e144]
V  [jvm.dll+0x82f8ee]
V  [jvm.dll+0x82ff53]
V  [jvm.dll+0x245175]
V  [jvm.dll+0xab85b]
V  [jvm.dll+0xabdec]
V  [jvm.dll+0x362f07]
V  [jvm.dll+0x1bb698]
V  [jvm.dll+0x218189]
V  [jvm.dll+0x217451]
V  [jvm.dll+0x1a355d]
V  [jvm.dll+0x226e38]
V  [jvm.dll+0x224f7c]
V  [jvm.dll+0x7e3f5b]
V  [jvm.dll+0x7de51a]
V  [jvm.dll+0x673305]
C  [ucrtbase.dll+0x21bb2]
C  [KERNEL32.DLL+0x17034]
C  [ntdll.dll+0x52651]


---------------  P R O C E S S  ---------------

Threads class SMR info:
_java_thread_list=0x000001f7546e4ad0, length=38, elements={
0x000001f737235430, 0x000001f74cb034d0, 0x000001f74cb04aa0, 0x000001f74cb3c7e0,
0x000001f74cb3d0a0, 0x000001f74cb3ea00, 0x000001f74cb433d0, 0x000001f74cb44160,
0x000001f74cb44c00, 0x000001f74cb45e10, 0x000001f74cc7ed30, 0x000001f74cdad810,
0x000001f74e17aab0, 0x000001f74e164000, 0x000001f74e1644d0, 0x000001f74ecd08c0,
0x000001f74f067c80, 0x000001f74f21c030, 0x000001f74f2b9cd0, 0x000001f74f31c6e0,
0x000001f74f31a530, 0x000001f74f31d080, 0x000001f74f31bd40, 0x000001f74f31aa00,
0x000001f74f31c210, 0x000001f74f31cbb0, 0x000001f74f31aed0, 0x000001f74f31b3a0,
0x000001f74f31a060, 0x000001f74f31d550, 0x000001f74f31da20, 0x000001f751486d20,
0x000001f754502ad0, 0x000001f754506e30, 0x000001f754502fa0, 0x000001f7545077d0,
0x000001f754503470, 0x000001f7545012c0
}

Java Threads: ( => current thread )
  0x000001f737235430 JavaThread "main" [_thread_blocked, id=12940, stack(0x000000dcb9d00000,0x000000dcb9e00000)]
  0x000001f74cb034d0 JavaThread "Reference Handler" daemon [_thread_blocked, id=2612, stack(0x000000dcba000000,0x000000dcba100000)]
  0x000001f74cb04aa0 JavaThread "Finalizer" daemon [_thread_blocked, id=18320, stack(0x000000dcba100000,0x000000dcba200000)]
  0x000001f74cb3c7e0 JavaThread "Signal Dispatcher" daemon [_thread_blocked, id=12904, stack(0x000000dcba200000,0x000000dcba300000)]
  0x000001f74cb3d0a0 JavaThread "Attach Listener" daemon [_thread_blocked, id=13728, stack(0x000000dcba300000,0x000000dcba400000)]
  0x000001f74cb3ea00 JavaThread "Service Thread" daemon [_thread_blocked, id=6188, stack(0x000000dcba400000,0x000000dcba500000)]
  0x000001f74cb433d0 JavaThread "Monitor Deflation Thread" daemon [_thread_blocked, id=13596, stack(0x000000dcba500000,0x000000dcba600000)]
  0x000001f74cb44160 JavaThread "C2 CompilerThread0" daemon [_thread_in_native, id=15528, stack(0x000000dcba600000,0x000000dcba700000)]
  0x000001f74cb44c00 JavaThread "C1 CompilerThread0" daemon [_thread_blocked, id=11616, stack(0x000000dcba700000,0x000000dcba800000)]
  0x000001f74cb45e10 JavaThread "Sweeper thread" daemon [_thread_blocked, id=8204, stack(0x000000dcba800000,0x000000dcba900000)]
  0x000001f74cc7ed30 JavaThread "Common-Cleaner" daemon [_thread_blocked, id=19616, stack(0x000000dcba900000,0x000000dcbaa00000)]
  0x000001f74cdad810 JavaThread "Notification Thread" daemon [_thread_blocked, id=3460, stack(0x000000dcbaa00000,0x000000dcbab00000)]
  0x000001f74e17aab0 JavaThread "Active Thread: Equinox Container: 069bfdf0-181f-441c-a915-c57bbd382e6f" [_thread_blocked, id=20164, stack(0x000000dcbad00000,0x000000dcbae00000)]
  0x000001f74e164000 JavaThread "Framework Event Dispatcher: Equinox Container: 069bfdf0-181f-441c-a915-c57bbd382e6f" daemon [_thread_blocked, id=20060, stack(0x000000dcbb300000,0x000000dcbb400000)]
  0x000001f74e1644d0 JavaThread "Start Level: Equinox Container: 069bfdf0-181f-441c-a915-c57bbd382e6f" daemon [_thread_blocked, id=19560, stack(0x000000dcbb400000,0x000000dcbb500000)]
  0x000001f74ecd08c0 JavaThread "SCR Component Actor" daemon [_thread_blocked, id=20008, stack(0x000000dcbb500000,0x000000dcbb600000)]
  0x000001f74f067c80 JavaThread "Bundle File Closer" daemon [_thread_blocked, id=15600, stack(0x000000dcbb900000,0x000000dcbba00000)]
  0x000001f74f21c030 JavaThread "Worker-JM" [_thread_blocked, id=17944, stack(0x000000dcbba00000,0x000000dcbbb00000)]
  0x000001f74f2b9cd0 JavaThread "Worker-0" [_thread_blocked, id=19948, stack(0x000000dcbbb00000,0x000000dcbbc00000)]
  0x000001f74f31c6e0 JavaThread "Worker-1: Initialize workspace" [_thread_blocked, id=20312, stack(0x000000dcbbc00000,0x000000dcbbd00000)]
  0x000001f74f31a530 JavaThread "Java indexing" daemon [_thread_in_Java, id=12800, stack(0x000000dcbbd00000,0x000000dcbbe00000)]
  0x000001f74f31d080 JavaThread "Worker-2: Java indexing... " [_thread_blocked, id=20336, stack(0x000000dcbbe00000,0x000000dcbbf00000)]
  0x000001f74f31bd40 JavaThread "Worker-3" [_thread_blocked, id=19204, stack(0x000000dcbbf00000,0x000000dcbc000000)]
  0x000001f74f31aa00 JavaThread "Worker-4" [_thread_blocked, id=19344, stack(0x000000dcbc000000,0x000000dcbc100000)]
  0x000001f74f31c210 JavaThread "Timer-1" [_thread_blocked, id=9012, stack(0x000000dcbc100000,0x000000dcbc200000)]
  0x000001f74f31cbb0 JavaThread "Timer-2" [_thread_blocked, id=19348, stack(0x000000dcbc200000,0x000000dcbc300000)]
  0x000001f74f31aed0 JavaThread "Timer-3" [_thread_blocked, id=2384, stack(0x000000dcbc300000,0x000000dcbc400000)]
  0x000001f74f31b3a0 JavaThread "pool-2-thread-1" [_thread_in_vm, id=4224, stack(0x000000dcbc400000,0x000000dcbc500000)]
  0x000001f74f31a060 JavaThread "Exec process" [_thread_blocked, id=19664, stack(0x000000dcbc600000,0x000000dcbc700000)]
  0x000001f74f31d550 JavaThread "Exec process Thread 2" [_thread_blocked, id=7740, stack(0x000000dcbc700000,0x000000dcbc800000)]
  0x000001f74f31da20 JavaThread "Exec process Thread 3" [_thread_blocked, id=11680, stack(0x000000dcbc800000,0x000000dcbc900000)]
=>0x000001f751486d20 JavaThread "C2 CompilerThread1" daemon [_thread_in_native, id=14080, stack(0x000000dcbac00000,0x000000dcbad00000)]
  0x000001f754502ad0 JavaThread "Timer-4" [_thread_blocked, id=3044, stack(0x000000dcbb800000,0x000000dcbb900000)]
  0x000001f754506e30 JavaThread "Timer-5" [_thread_blocked, id=10164, stack(0x000000dcbc500000,0x000000dcbc600000)]
  0x000001f754502fa0 JavaThread "Timer-6" [_thread_blocked, id=8708, stack(0x000000dcbc900000,0x000000dcbca00000)]
  0x000001f7545077d0 JavaThread "Timer-7" [_thread_blocked, id=10068, stack(0x000000dcbcb00000,0x000000dcbcc00000)]
  0x000001f754503470 JavaThread "Timer-8" [_thread_blocked, id=18024, stack(0x000000dcbcc00000,0x000000dcbcd00000)]
  0x000001f7545012c0 JavaThread "Timer-9" [_thread_blocked, id=19788, stack(0x000000dcbcd00000,0x000000dcbce00000)]

Other Threads:
  0x000001f74cb00c20 VMThread "VM Thread" [stack: 0x000000dcb9f00000,0x000000dcba000000] [id=11856]
  0x000001f74cdf09e0 WatcherThread [stack: 0x000000dcbab00000,0x000000dcbac00000] [id=7708]
  0x000001f73724c7c0 GCTaskThread "GC Thread#0" [stack: 0x000000dcb9e00000,0x000000dcb9f00000] [id=20424]
  0x000001f74daa3730 GCTaskThread "GC Thread#1" [stack: 0x000000dcbae00000,0x000000dcbaf00000] [id=4216]
  0x000001f74daa41f0 GCTaskThread "GC Thread#2" [stack: 0x000000dcbaf00000,0x000000dcbb000000] [id=1404]
  0x000001f74dcd13b0 GCTaskThread "GC Thread#3" [stack: 0x000000dcbb000000,0x000000dcbb100000] [id=12168]
  0x000001f74dfee6f0 GCTaskThread "GC Thread#4" [stack: 0x000000dcbb100000,0x000000dcbb200000] [id=18376]
  0x000001f74dfee9a0 GCTaskThread "GC Thread#5" [stack: 0x000000dcbb200000,0x000000dcbb300000] [id=1704]
  0x000001f74ece7380 GCTaskThread "GC Thread#6" [stack: 0x000000dcbb600000,0x000000dcbb700000] [id=12612]
  0x000001f74dd4ec10 GCTaskThread "GC Thread#7" [stack: 0x000000dcbb700000,0x000000dcbb800000] [id=10640]

Threads with active compile tasks:
C2 CompilerThread0    11145 7297       4       org.eclipse.jdt.internal.core.index.DiskIndex::writeCategoryTable (252 bytes)
C2 CompilerThread1    11145 7221       4       org.eclipse.jdt.internal.core.search.indexing.BinaryIndexer::extractReferenceFromConstantPool (341 bytes)

VM state: not at safepoint (normal execution)

VM Mutex/Monitor currently owned by a thread: None

Heap address: 0x00000000c0000000, size: 1024 MB, Compressed Oops mode: 32-bit

CDS archive(s) not mapped
Compressed class space mapped at: 0x0000000100000000-0x0000000140000000, reserved size: 1073741824
Narrow klass base: 0x0000000000000000, Narrow klass shift: 3, Narrow klass range: 0x140000000

GC Precious Log:
 CPUs: 8 total, 8 available
 Memory: 8059M
 Large Page Support: Disabled
 NUMA Support: Disabled
 Compressed Oops: Enabled (32-bit)
 Alignments: Space 512K, Generation 512K, Heap 2M
 Heap Min Capacity: 100M
 Heap Initial Capacity: 100M
 Heap Max Capacity: 1G
 Pre-touch: Disabled
 Parallel Workers: 8

Heap:
 PSYoungGen      total 13312K, used 4930K [0x00000000eab00000, 0x00000000eb980000, 0x0000000100000000)
  eden space 11776K, 33% used [0x00000000eab00000,0x00000000eaee6238,0x00000000eb680000)
  from space 1536K, 61% used [0x00000000eb680000,0x00000000eb76a620,0x00000000eb800000)
  to   space 1536K, 0% used [0x00000000eb800000,0x00000000eb800000,0x00000000eb980000)
 ParOldGen       total 79872K, used 58631K [0x00000000c0000000, 0x00000000c4e00000, 0x00000000eab00000)
  object space 79872K, 73% used [0x00000000c0000000,0x00000000c3941e58,0x00000000c4e00000)
 Metaspace       used 64724K, committed 65856K, reserved 1114112K
  class space    used 7932K, committed 8448K, reserved 1048576K

Card table byte_map: [0x000001f736c00000,0x000001f736e10000] _byte_map_base: 0x000001f736600000

Marking Bits: (ParMarkBitMap*) 0x00007ffcb65b2a60
 Begin Bits: [0x000001f748eb0000, 0x000001f749eb0000)
 End Bits:   [0x000001f749eb0000, 0x000001f74aeb0000)

Polling page: 0x000001f735240000

Metaspace:

Usage:
  Non-class:     55.46 MB used.
      Class:      7.75 MB used.
       Both:     63.21 MB used.

Virtual space:
  Non-class space:       64.00 MB reserved,      56.06 MB ( 88%) committed,  8 nodes.
      Class space:        1.00 GB reserved,       8.25 MB ( <1%) committed,  1 nodes.
             Both:        1.06 GB reserved,      64.31 MB (  6%) committed. 

Chunk freelists:
   Non-Class:  3.55 MB
       Class:  3.67 MB
        Both:  7.22 MB

MaxMetaspaceSize: unlimited
CompressedClassSpaceSize: 1.00 GB
Initial GC threshold: 21.00 MB
Current GC threshold: 103.38 MB
CDS: off
MetaspaceReclaimPolicy: balanced
 - commit_granule_bytes: 65536.
 - commit_granule_words: 8192.
 - virtual_space_node_default_size: 1048576.
 - enlarge_chunks_in_place: 1.
 - new_chunks_are_fully_committed: 0.
 - uncommit_free_chunks: 1.
 - use_allocation_guard: 0.
 - handle_deallocations: 1.


Internal statistics:

num_allocs_failed_limit: 9.
num_arena_births: 640.
num_arena_deaths: 0.
num_vsnodes_births: 9.
num_vsnodes_deaths: 0.
num_space_committed: 1029.
num_space_uncommitted: 0.
num_chunks_returned_to_freelist: 9.
num_chunks_taken_from_freelist: 3258.
num_chunk_merges: 9.
num_chunk_splits: 2018.
num_chunks_enlarged: 1124.
num_purges: 0.
num_inconsistent_stats: 0.

CodeHeap 'non-profiled nmethods': size=120000Kb used=4086Kb max_used=4086Kb free=115913Kb
 bounds [0x000001f741980000, 0x000001f741d80000, 0x000001f748eb0000]
CodeHeap 'profiled nmethods': size=120000Kb used=12697Kb max_used=12697Kb free=107302Kb
 bounds [0x000001f73a450000, 0x000001f73b0c0000, 0x000001f741980000]
CodeHeap 'non-nmethods': size=5760Kb used=1312Kb max_used=1407Kb free=4447Kb
 bounds [0x000001f739eb0000, 0x000001f73a120000, 0x000001f73a450000]
 total_blobs=7065 nmethods=6419 adapters=560
 compilation: enabled
              stopped_count=0, restarted_count=0
 full_count=0

Compilation events (20 events):
Event: 11.019 Thread 0x000001f74cb44c00 7287   !   2       lombok.launch.ShadowClassLoader::loadClass (437 bytes)
Event: 11.021 Thread 0x000001f74cb44c00 nmethod 7287 0x000001f73b0ae990 code [0x000001f73b0aedc0, 0x000001f73b0aff58]
Event: 11.022 Thread 0x000001f74cb44c00 7288   !   2       jdk.internal.loader.BuiltinClassLoader::findMiscResource (122 bytes)
Event: 11.023 Thread 0x000001f74cb44c00 nmethod 7288 0x000001f73b0b0b90 code [0x000001f73b0b0da0, 0x000001f73b0b1478]
Event: 11.029 Thread 0x000001f74cb44c00 7289       2       java.io.RandomAccessFile$1::close (11 bytes)
Event: 11.029 Thread 0x000001f74cb44c00 nmethod 7289 0x000001f73b0b1790 code [0x000001f73b0b1960, 0x000001f73b0b1c98]
Event: 11.038 Thread 0x000001f74cb44c00 7290       2       org.eclipse.jdt.internal.core.index.DiskIndex::readStreamInt (117 bytes)
Event: 11.038 Thread 0x000001f74cb44c00 nmethod 7290 0x000001f73b0b1e90 code [0x000001f73b0b2040, 0x000001f73b0b2248]
Event: 11.042 Thread 0x000001f74cb44160 nmethod 7282% 0x000001f741d71a90 code [0x000001f741d71d00, 0x000001f741d732e0]
Event: 11.042 Thread 0x000001f74cb44160 7283 %     4       org.eclipse.jdt.internal.core.index.DiskIndex::writeCategoryTable @ 22 (252 bytes)
Event: 11.054 Thread 0x000001f74cb44160 nmethod 7283% 0x000001f741d74310 code [0x000001f741d74540, 0x000001f741d75190]
Event: 11.054 Thread 0x000001f74cb44160 7293       4       org.eclipse.jdt.internal.core.search.indexing.AbstractIndexer::addMethodDeclaration (98 bytes)
Event: 11.062 Thread 0x000001f74cb44c00 7294       2       java.net.JarURLConnection::parseSpecs (134 bytes)
Event: 11.062 Thread 0x000001f74cb44c00 nmethod 7294 0x000001f73b0b2390 code [0x000001f73b0b25e0, 0x000001f73b0b2c68]
Event: 11.097 Thread 0x000001f74cb44c00 7298   !   2       sun.net.www.protocol.jar.JarFileFactory::getOrCreate (91 bytes)
Event: 11.098 Thread 0x000001f74cb44c00 nmethod 7298 0x000001f73b0b3090 code [0x000001f73b0b32a0, 0x000001f73b0b36d8]
Event: 11.098 Thread 0x000001f74cb44c00 7299   !   2       sun.net.www.protocol.jar.JarFileFactory::get (146 bytes)
Event: 11.098 Thread 0x000001f74cb44c00 nmethod 7299 0x000001f73b0b3990 code [0x000001f73b0b3bc0, 0x000001f73b0b4148]
Event: 11.103 Thread 0x000001f74cb44160 nmethod 7293 0x000001f741d75990 code [0x000001f741d75c40, 0x000001f741d78250]
Event: 11.103 Thread 0x000001f74cb44160 7296       4       org.eclipse.jdt.internal.core.index.DiskIndex::writeAllDocumentNames (512 bytes)

GC Heap History (20 events):
Event: 10.505 GC heap before
{Heap before GC invocations=52 (full 3):
 PSYoungGen      total 16384K, used 16173K [0x00000000eab00000, 0x00000000ebd00000, 0x0000000100000000)
  eden space 14336K, 100% used [0x00000000eab00000,0x00000000eb900000,0x00000000eb900000)
  from space 2048K, 89% used [0x00000000ebb00000,0x00000000ebccb758,0x00000000ebd00000)
  to   space 2048K, 0% used [0x00000000eb900000,0x00000000eb900000,0x00000000ebb00000)
 ParOldGen       total 68608K, used 64214K [0x00000000c0000000, 0x00000000c4300000, 0x00000000eab00000)
  object space 68608K, 93% used [0x00000000c0000000,0x00000000c3eb59e0,0x00000000c4300000)
 Metaspace       used 62042K, committed 63104K, reserved 1105920K
  class space    used 7569K, committed 8064K, reserved 1048576K
}
Event: 10.506 GC heap after
{Heap after GC invocations=52 (full 3):
 PSYoungGen      total 16384K, used 1676K [0x00000000eab00000, 0x00000000ebd00000, 0x0000000100000000)
  eden space 14336K, 0% used [0x00000000eab00000,0x00000000eab00000,0x00000000eb900000)
  from space 2048K, 81% used [0x00000000eb900000,0x00000000ebaa3008,0x00000000ebb00000)
  to   space 2048K, 0% used [0x00000000ebb00000,0x00000000ebb00000,0x00000000ebd00000)
 ParOldGen       total 68608K, used 65832K [0x00000000c0000000, 0x00000000c4300000, 0x00000000eab00000)
  object space 68608K, 95% used [0x00000000c0000000,0x00000000c404a048,0x00000000c4300000)
 Metaspace       used 62042K, committed 63104K, reserved 1105920K
  class space    used 7569K, committed 8064K, reserved 1048576K
}
Event: 10.556 GC heap before
{Heap before GC invocations=53 (full 3):
 PSYoungGen      total 16384K, used 16012K [0x00000000eab00000, 0x00000000ebd00000, 0x0000000100000000)
  eden space 14336K, 100% used [0x00000000eab00000,0x00000000eb900000,0x00000000eb900000)
  from space 2048K, 81% used [0x00000000eb900000,0x00000000ebaa3008,0x00000000ebb00000)
  to   space 2048K, 0% used [0x00000000ebb00000,0x00000000ebb00000,0x00000000ebd00000)
 ParOldGen       total 68608K, used 65832K [0x00000000c0000000, 0x00000000c4300000, 0x00000000eab00000)
  object space 68608K, 95% used [0x00000000c0000000,0x00000000c404a048,0x00000000c4300000)
 Metaspace       used 62416K, committed 63488K, reserved 1105920K
  class space    used 7621K, committed 8128K, reserved 1048576K
}
Event: 10.559 GC heap after
{Heap after GC invocations=53 (full 3):
 PSYoungGen      total 13824K, used 2031K [0x00000000eab00000, 0x00000000ec200000, 0x0000000100000000)
  eden space 11776K, 0% used [0x00000000eab00000,0x00000000eab00000,0x00000000eb680000)
  from space 2048K, 99% used [0x00000000ebb00000,0x00000000ebcfbd88,0x00000000ebd00000)
  to   space 4608K, 0% used [0x00000000eb680000,0x00000000eb680000,0x00000000ebb00000)
 ParOldGen       total 68608K, used 67721K [0x00000000c0000000, 0x00000000c4300000, 0x00000000eab00000)
  object space 68608K, 98% used [0x00000000c0000000,0x00000000c4222658,0x00000000c4300000)
 Metaspace       used 62416K, committed 63488K, reserved 1105920K
  class space    used 7621K, committed 8128K, reserved 1048576K
}
Event: 10.559 GC heap before
{Heap before GC invocations=54 (full 4):
 PSYoungGen      total 13824K, used 2031K [0x00000000eab00000, 0x00000000ec200000, 0x0000000100000000)
  eden space 11776K, 0% used [0x00000000eab00000,0x00000000eab00000,0x00000000eb680000)
  from space 2048K, 99% used [0x00000000ebb00000,0x00000000ebcfbd88,0x00000000ebd00000)
  to   space 4608K, 0% used [0x00000000eb680000,0x00000000eb680000,0x00000000ebb00000)
 ParOldGen       total 68608K, used 67721K [0x00000000c0000000, 0x00000000c4300000, 0x00000000eab00000)
  object space 68608K, 98% used [0x00000000c0000000,0x00000000c4222658,0x00000000c4300000)
 Metaspace       used 62416K, committed 63488K, reserved 1105920K
  class space    used 7621K, committed 8128K, reserved 1048576K
}
Event: 10.606 GC heap after
{Heap after GC invocations=54 (full 4):
 PSYoungGen      total 16384K, used 0K [0x00000000eab00000, 0x00000000ebf80000, 0x0000000100000000)
  eden space 11776K, 0% used [0x00000000eab00000,0x00000000eab00000,0x00000000eb680000)
  from space 4608K, 0% used [0x00000000eb680000,0x00000000eb680000,0x00000000ebb00000)
  to   space 4608K, 0% used [0x00000000ebb00000,0x00000000ebb00000,0x00000000ebf80000)
 ParOldGen       total 79872K, used 52430K [0x00000000c0000000, 0x00000000c4e00000, 0x00000000eab00000)
  object space 79872K, 65% used [0x00000000c0000000,0x00000000c3333800,0x00000000c4e00000)
 Metaspace       used 62416K, committed 63488K, reserved 1105920K
  class space    used 7621K, committed 8128K, reserved 1048576K
}
Event: 10.722 GC heap before
{Heap before GC invocations=55 (full 4):
 PSYoungGen      total 16384K, used 11776K [0x00000000eab00000, 0x00000000ebf80000, 0x0000000100000000)
  eden space 11776K, 100% used [0x00000000eab00000,0x00000000eb680000,0x00000000eb680000)
  from space 4608K, 0% used [0x00000000eb680000,0x00000000eb680000,0x00000000ebb00000)
  to   space 4608K, 0% used [0x00000000ebb00000,0x00000000ebb00000,0x00000000ebf80000)
 ParOldGen       total 79872K, used 52430K [0x00000000c0000000, 0x00000000c4e00000, 0x00000000eab00000)
  object space 79872K, 65% used [0x00000000c0000000,0x00000000c3333800,0x00000000c4e00000)
 Metaspace       used 63701K, committed 64704K, reserved 1105920K
  class space    used 7792K, committed 8256K, reserved 1048576K
}
Event: 10.724 GC heap after
{Heap after GC invocations=55 (full 4):
 PSYoungGen      total 13824K, used 1821K [0x00000000eab00000, 0x00000000ebd00000, 0x0000000100000000)
  eden space 11776K, 0% used [0x00000000eab00000,0x00000000eab00000,0x00000000eb680000)
  from space 2048K, 88% used [0x00000000ebb00000,0x00000000ebcc7678,0x00000000ebd00000)
  to   space 3072K, 0% used [0x00000000eb700000,0x00000000eb700000,0x00000000eba00000)
 ParOldGen       total 79872K, used 52438K [0x00000000c0000000, 0x00000000c4e00000, 0x00000000eab00000)
  object space 79872K, 65% used [0x00000000c0000000,0x00000000c3335800,0x00000000c4e00000)
 Metaspace       used 63701K, committed 64704K, reserved 1105920K
  class space    used 7792K, committed 8256K, reserved 1048576K
}
Event: 10.762 GC heap before
{Heap before GC invocations=56 (full 4):
 PSYoungGen      total 13824K, used 13597K [0x00000000eab00000, 0x00000000ebd00000, 0x0000000100000000)
  eden space 11776K, 100% used [0x00000000eab00000,0x00000000eb680000,0x00000000eb680000)
  from space 2048K, 88% used [0x00000000ebb00000,0x00000000ebcc7678,0x00000000ebd00000)
  to   space 3072K, 0% used [0x00000000eb700000,0x00000000eb700000,0x00000000eba00000)
 ParOldGen       total 79872K, used 52438K [0x00000000c0000000, 0x00000000c4e00000, 0x00000000eab00000)
  object space 79872K, 65% used [0x00000000c0000000,0x00000000c3335800,0x00000000c4e00000)
 Metaspace       used 63930K, committed 64960K, reserved 1105920K
  class space    used 7821K, committed 8320K, reserved 1048576K
}
Event: 10.764 GC heap after
{Heap after GC invocations=56 (full 4):
 PSYoungGen      total 13312K, used 1334K [0x00000000eab00000, 0x00000000ebb80000, 0x0000000100000000)
  eden space 11776K, 0% used [0x00000000eab00000,0x00000000eab00000,0x00000000eb680000)
  from space 1536K, 86% used [0x00000000eb700000,0x00000000eb84d808,0x00000000eb880000)
  to   space 2048K, 0% used [0x00000000eb980000,0x00000000eb980000,0x00000000ebb80000)
 ParOldGen       total 79872K, used 53942K [0x00000000c0000000, 0x00000000c4e00000, 0x00000000eab00000)
  object space 79872K, 67% used [0x00000000c0000000,0x00000000c34ad840,0x00000000c4e00000)
 Metaspace       used 63930K, committed 64960K, reserved 1105920K
  class space    used 7821K, committed 8320K, reserved 1048576K
}
Event: 10.791 GC heap before
{Heap before GC invocations=57 (full 4):
 PSYoungGen      total 13312K, used 13110K [0x00000000eab00000, 0x00000000ebb80000, 0x0000000100000000)
  eden space 11776K, 100% used [0x00000000eab00000,0x00000000eb680000,0x00000000eb680000)
  from space 1536K, 86% used [0x00000000eb700000,0x00000000eb84d808,0x00000000eb880000)
  to   space 2048K, 0% used [0x00000000eb980000,0x00000000eb980000,0x00000000ebb80000)
 ParOldGen       total 79872K, used 53942K [0x00000000c0000000, 0x00000000c4e00000, 0x00000000eab00000)
  object space 79872K, 67% used [0x00000000c0000000,0x00000000c34ad840,0x00000000c4e00000)
 Metaspace       used 63994K, committed 65024K, reserved 1105920K
  class space    used 7830K, committed 8320K, reserved 1048576K
}
Event: 10.793 GC heap after
{Heap after GC invocations=57 (full 4):
 PSYoungGen      total 13312K, used 1516K [0x00000000eab00000, 0x00000000ebb00000, 0x0000000100000000)
  eden space 11776K, 0% used [0x00000000eab00000,0x00000000eab00000,0x00000000eb680000)
  from space 1536K, 98% used [0x00000000eb980000,0x00000000ebafb018,0x00000000ebb00000)
  to   space 2048K, 0% used [0x00000000eb700000,0x00000000eb700000,0x00000000eb900000)
 ParOldGen       total 79872K, used 55134K [0x00000000c0000000, 0x00000000c4e00000, 0x00000000eab00000)
  object space 79872K, 69% used [0x00000000c0000000,0x00000000c35d7840,0x00000000c4e00000)
 Metaspace       used 63994K, committed 65024K, reserved 1105920K
  class space    used 7830K, committed 8320K, reserved 1048576K
}
Event: 10.820 GC heap before
{Heap before GC invocations=58 (full 4):
 PSYoungGen      total 13312K, used 13292K [0x00000000eab00000, 0x00000000ebb00000, 0x0000000100000000)
  eden space 11776K, 100% used [0x00000000eab00000,0x00000000eb680000,0x00000000eb680000)
  from space 1536K, 98% used [0x00000000eb980000,0x00000000ebafb018,0x00000000ebb00000)
  to   space 2048K, 0% used [0x00000000eb700000,0x00000000eb700000,0x00000000eb900000)
 ParOldGen       total 79872K, used 55134K [0x00000000c0000000, 0x00000000c4e00000, 0x00000000eab00000)
  object space 79872K, 69% used [0x00000000c0000000,0x00000000c35d7840,0x00000000c4e00000)
 Metaspace       used 64026K, committed 65024K, reserved 1105920K
  class space    used 7843K, committed 8320K, reserved 1048576K
}
Event: 10.821 GC heap after
{Heap after GC invocations=58 (full 4):
 PSYoungGen      total 13312K, used 1248K [0x00000000eab00000, 0x00000000eba00000, 0x0000000100000000)
  eden space 11776K, 0% used [0x00000000eab00000,0x00000000eab00000,0x00000000eb680000)
  from space 1536K, 81% used [0x00000000eb700000,0x00000000eb838000,0x00000000eb880000)
  to   space 1536K, 0% used [0x00000000eb880000,0x00000000eb880000,0x00000000eba00000)
 ParOldGen       total 79872K, used 56442K [0x00000000c0000000, 0x00000000c4e00000, 0x00000000eab00000)
  object space 79872K, 70% used [0x00000000c0000000,0x00000000c371e848,0x00000000c4e00000)
 Metaspace       used 64026K, committed 65024K, reserved 1105920K
  class space    used 7843K, committed 8320K, reserved 1048576K
}
Event: 10.888 GC heap before
{Heap before GC invocations=59 (full 4):
 PSYoungGen      total 13312K, used 13024K [0x00000000eab00000, 0x00000000eba00000, 0x0000000100000000)
  eden space 11776K, 100% used [0x00000000eab00000,0x00000000eb680000,0x00000000eb680000)
  from space 1536K, 81% used [0x00000000eb700000,0x00000000eb838000,0x00000000eb880000)
  to   space 1536K, 0% used [0x00000000eb880000,0x00000000eb880000,0x00000000eba00000)
 ParOldGen       total 79872K, used 56442K [0x00000000c0000000, 0x00000000c4e00000, 0x00000000eab00000)
  object space 79872K, 70% used [0x00000000c0000000,0x00000000c371e848,0x00000000c4e00000)
 Metaspace       used 64116K, committed 65152K, reserved 1105920K
  class space    used 7869K, committed 8384K, reserved 1048576K
}
Event: 10.888 GC heap after
{Heap after GC invocations=59 (full 4):
 PSYoungGen      total 12800K, used 608K [0x00000000eab00000, 0x00000000eb980000, 0x0000000100000000)
  eden space 11776K, 0% used [0x00000000eab00000,0x00000000eab00000,0x00000000eb680000)
  from space 1024K, 59% used [0x00000000eb880000,0x00000000eb918000,0x00000000eb980000)
  to   space 1024K, 0% used [0x00000000eb780000,0x00000000eb780000,0x00000000eb880000)
 ParOldGen       total 79872K, used 57583K [0x00000000c0000000, 0x00000000c4e00000, 0x00000000eab00000)
  object space 79872K, 72% used [0x00000000c0000000,0x00000000c383be58,0x00000000c4e00000)
 Metaspace       used 64116K, committed 65152K, reserved 1105920K
  class space    used 7869K, committed 8384K, reserved 1048576K
}
Event: 11.015 GC heap before
{Heap before GC invocations=60 (full 4):
 PSYoungGen      total 12800K, used 12373K [0x00000000eab00000, 0x00000000eb980000, 0x0000000100000000)
  eden space 11776K, 99% used [0x00000000eab00000,0x00000000eb67d668,0x00000000eb680000)
  from space 1024K, 59% used [0x00000000eb880000,0x00000000eb918000,0x00000000eb980000)
  to   space 1024K, 0% used [0x00000000eb780000,0x00000000eb780000,0x00000000eb880000)
 ParOldGen       total 79872K, used 57583K [0x00000000c0000000, 0x00000000c4e00000, 0x00000000eab00000)
  object space 79872K, 72% used [0x00000000c0000000,0x00000000c383be58,0x00000000c4e00000)
 Metaspace       used 64355K, committed 65472K, reserved 1114112K
  class space    used 7892K, committed 8384K, reserved 1048576K
}
Event: 11.017 GC heap after
{Heap after GC invocations=60 (full 4):
 PSYoungGen      total 12800K, used 987K [0x00000000eab00000, 0x00000000eb980000, 0x0000000100000000)
  eden space 11776K, 0% used [0x00000000eab00000,0x00000000eab00000,0x00000000eb680000)
  from space 1024K, 96% used [0x00000000eb780000,0x00000000eb876c08,0x00000000eb880000)
  to   space 1024K, 0% used [0x00000000eb880000,0x00000000eb880000,0x00000000eb980000)
 ParOldGen       total 79872K, used 58063K [0x00000000c0000000, 0x00000000c4e00000, 0x00000000eab00000)
  object space 79872K, 72% used [0x00000000c0000000,0x00000000c38b3e58,0x00000000c4e00000)
 Metaspace       used 64355K, committed 65472K, reserved 1114112K
  class space    used 7892K, committed 8384K, reserved 1048576K
}
Event: 11.074 GC heap before
{Heap before GC invocations=61 (full 4):
 PSYoungGen      total 12800K, used 12763K [0x00000000eab00000, 0x00000000eb980000, 0x0000000100000000)
  eden space 11776K, 100% used [0x00000000eab00000,0x00000000eb680000,0x00000000eb680000)
  from space 1024K, 96% used [0x00000000eb780000,0x00000000eb876c08,0x00000000eb880000)
  to   space 1024K, 0% used [0x00000000eb880000,0x00000000eb880000,0x00000000eb980000)
 ParOldGen       total 79872K, used 58063K [0x00000000c0000000, 0x00000000c4e00000, 0x00000000eab00000)
  object space 79872K, 72% used [0x00000000c0000000,0x00000000c38b3e58,0x00000000c4e00000)
 Metaspace       used 64541K, committed 65600K, reserved 1114112K
  class space    used 7908K, committed 8384K, reserved 1048576K
}
Event: 11.076 GC heap after
{Heap after GC invocations=61 (full 4):
 PSYoungGen      total 12800K, used 1014K [0x00000000eab00000, 0x00000000eb980000, 0x0000000100000000)
  eden space 11776K, 0% used [0x00000000eab00000,0x00000000eab00000,0x00000000eb680000)
  from space 1024K, 99% used [0x00000000eb880000,0x00000000eb97db70,0x00000000eb980000)
  to   space 1536K, 0% used [0x00000000eb680000,0x00000000eb680000,0x00000000eb800000)
 ParOldGen       total 79872K, used 58431K [0x00000000c0000000, 0x00000000c4e00000, 0x00000000eab00000)
  object space 79872K, 73% used [0x00000000c0000000,0x00000000c390fe58,0x00000000c4e00000)
 Metaspace       used 64541K, committed 65600K, reserved 1114112K
  class space    used 7908K, committed 8384K, reserved 1048576K
}

Deoptimization events (20 events):
Event: 11.058 Thread 0x000001f74f31a530 DEOPT PACKING pc=0x000001f73afe0c8b sp=0x000000dcbbdff040
Event: 11.058 Thread 0x000001f74f31a530 DEOPT UNPACKING pc=0x000001f739f02843 sp=0x000000dcbbdfe5a0 mode 0
Event: 11.061 Thread 0x000001f74f31a530 DEOPT PACKING pc=0x000001f73b0a27f5 sp=0x000000dcbbdff070
Event: 11.061 Thread 0x000001f74f31a530 DEOPT UNPACKING pc=0x000001f739f02843 sp=0x000000dcbbdfe598 mode 0
Event: 11.065 Thread 0x000001f74f31a530 DEOPT PACKING pc=0x000001f73afe0d0b sp=0x000000dcbbdff040
Event: 11.065 Thread 0x000001f74f31a530 DEOPT UNPACKING pc=0x000001f739f02843 sp=0x000000dcbbdfe5a0 mode 0
Event: 11.074 Thread 0x000001f74f31a530 DEOPT PACKING pc=0x000001f73afe0d0b sp=0x000000dcbbdff040
Event: 11.074 Thread 0x000001f74f31a530 DEOPT UNPACKING pc=0x000001f739f02843 sp=0x000000dcbbdfe5a0 mode 0
Event: 11.074 Thread 0x000001f74f31a530 DEOPT PACKING pc=0x000001f73b0a27f5 sp=0x000000dcbbdff070
Event: 11.074 Thread 0x000001f74f31a530 DEOPT UNPACKING pc=0x000001f739f02843 sp=0x000000dcbbdfe598 mode 0
Event: 11.079 Thread 0x000001f74f31a530 DEOPT PACKING pc=0x000001f73afe0c8b sp=0x000000dcbbdff040
Event: 11.079 Thread 0x000001f74f31a530 DEOPT UNPACKING pc=0x000001f739f02843 sp=0x000000dcbbdfe5a0 mode 0
Event: 11.081 Thread 0x000001f74f31a530 DEOPT PACKING pc=0x000001f73aff2306 sp=0x000000dcbbdff260
Event: 11.081 Thread 0x000001f74f31a530 DEOPT UNPACKING pc=0x000001f739f02843 sp=0x000000dcbbdfe7b8 mode 0
Event: 11.087 Thread 0x000001f74f31a530 DEOPT PACKING pc=0x000001f73afa3af6 sp=0x000000dcbbdff260
Event: 11.087 Thread 0x000001f74f31a530 DEOPT UNPACKING pc=0x000001f739f02843 sp=0x000000dcbbdfe760 mode 0
Event: 11.089 Thread 0x000001f74f31a530 DEOPT PACKING pc=0x000001f73afa3bf4 sp=0x000000dcbbdff260
Event: 11.089 Thread 0x000001f74f31a530 DEOPT UNPACKING pc=0x000001f739f02843 sp=0x000000dcbbdfe760 mode 0
Event: 11.092 Thread 0x000001f74f31a530 DEOPT PACKING pc=0x000001f73afa3af6 sp=0x000000dcbbdff260
Event: 11.092 Thread 0x000001f74f31a530 DEOPT UNPACKING pc=0x000001f739f02843 sp=0x000000dcbbdfe760 mode 0

Classes unloaded (0 events):
No events

Classes redefined (0 events):
No events

Internal exceptions (20 events):
Event: 7.336 Thread 0x000001f74f31b870 Exception <a 'java/lang/NoSuchMethodError'{0x00000000eb9c5ca8}: static Lorg/gradle/plugins/ide/internal/tooling/eclipse/DefaultEclipseProjectNature;.<clinit>()V> (0x00000000eb9c5ca8) 
thrown [e:\jenkins\tmp\workspace\build\src\src\hotspot\share\prims\jni.cpp, line 1107]
Event: 7.338 Thread 0x000001f74f31b870 Exception <a 'java/lang/NoSuchMethodError'{0x00000000eb9e5b60}: static Lorg/gradle/plugins/ide/internal/tooling/eclipse/DefaultEclipseSourceDirectory;.<clinit>()V> (0x00000000eb9e5b60) 
thrown [e:\jenkins\tmp\workspace\build\src\src\hotspot\share\prims\jni.cpp, line 1107]
Event: 7.340 Thread 0x000001f74f31b870 Exception <a 'java/lang/NoSuchMethodError'{0x00000000eba060b8}: static Lorg/gradle/plugins/ide/internal/tooling/eclipse/DefaultEclipseTask;.<clinit>()V> (0x00000000eba060b8) 
thrown [e:\jenkins\tmp\workspace\build\src\src\hotspot\share\prims\jni.cpp, line 1107]
Event: 7.409 Thread 0x000001f74f31bd40 Exception <a 'java/lang/NoSuchMethodError'{0x00000000eacfdb18}: 'void java.lang.invoke.DirectMethodHandle$Holder.invokeSpecial(java.lang.Object, java.lang.Object, java.lang.Object, java.lang.Object, java.lang.Object)'> (0x00000000eacfdb18) 
thrown [e:\jenkins\tmp\workspace\build\src\src\hotspot\share\interpreter\linkResolver.cpp, line 766]
Event: 7.650 Thread 0x000001f74f31bd40 Exception <a 'java/lang/NoSuchMethodError'{0x00000000eb3d68d0}: 'int java.lang.invoke.DirectMethodHandle$Holder.invokeInterface(java.lang.Object, java.lang.Object)'> (0x00000000eb3d68d0) 
thrown [e:\jenkins\tmp\workspace\build\src\src\hotspot\share\interpreter\linkResolver.cpp, line 766]
Event: 7.678 Thread 0x000001f74f31bd40 Exception <a 'java/io/FileNotFoundException'{0x00000000eb49bce0}> (0x00000000eb49bce0) 
thrown [e:\jenkins\tmp\workspace\build\src\src\hotspot\share\prims\jni.cpp, line 516]
Event: 7.679 Thread 0x000001f74f31bd40 Exception <a 'java/io/FileNotFoundException'{0x00000000eb49d758}> (0x00000000eb49d758) 
thrown [e:\jenkins\tmp\workspace\build\src\src\hotspot\share\prims\jni.cpp, line 516]
Event: 7.715 Thread 0x000001f74f31bd40 Exception <a 'java/lang/NoSuchMethodError'{0x00000000eb6b24f0}: 'java.lang.Object java.lang.invoke.Invokers$Holder.invoke_MT(java.lang.Object, java.lang.Object, java.lang.Object)'> (0x00000000eb6b24f0) 
thrown [e:\jenkins\tmp\workspace\build\src\src\hotspot\share\interpreter\linkResolver.cpp, line 766]
Event: 7.858 Thread 0x000001f74f31bd40 Exception <a 'java/io/FileNotFoundException'{0x00000000eacbcbc8}> (0x00000000eacbcbc8) 
thrown [e:\jenkins\tmp\workspace\build\src\src\hotspot\share\prims\jni.cpp, line 516]
Event: 7.859 Thread 0x000001f74f31bd40 Exception <a 'java/io/FileNotFoundException'{0x00000000eacbefc0}> (0x00000000eacbefc0) 
thrown [e:\jenkins\tmp\workspace\build\src\src\hotspot\share\prims\jni.cpp, line 516]
Event: 7.859 Thread 0x000001f74f31bd40 Exception <a 'java/lang/NoSuchMethodError'{0x00000000eacca6b0}: 'void java.lang.invoke.DirectMethodHandle$Holder.invokeStaticInit(java.lang.Object, java.lang.Object, java.lang.Object)'> (0x00000000eacca6b0) 
thrown [e:\jenkins\tmp\workspace\build\src\src\hotspot\share\interpreter\linkResolver.cpp, line 766]
Event: 7.977 Thread 0x000001f74f31bd40 Exception <a 'java/io/FileNotFoundException'{0x00000000eadf26d8}> (0x00000000eadf26d8) 
thrown [e:\jenkins\tmp\workspace\build\src\src\hotspot\share\prims\jni.cpp, line 516]
Event: 8.056 Thread 0x000001f74f31bd40 Exception <a 'java/lang/IncompatibleClassChangeError'{0x00000000eb0ead70}: Found class java.lang.Object, but interface was expected> (0x00000000eb0ead70) 
thrown [e:\jenkins\tmp\workspace\build\src\src\hotspot\share\interpreter\linkResolver.cpp, line 833]
Event: 8.355 Thread 0x000001f7545047b0 Implicit null exception at 0x000001f741aa2df3 to 0x000001f741aa2eec
Event: 10.089 Thread 0x000001f7545047b0 Implicit null exception at 0x000001f741b26483 to 0x000001f741b27d1c
Event: 10.391 Thread 0x000001f74f31bd40 Exception <a 'sun/nio/fs/WindowsException'{0x00000000eb42d228}> (0x00000000eb42d228) 
thrown [e:\jenkins\tmp\workspace\build\src\src\hotspot\share\prims\jni.cpp, line 516]
Event: 10.399 Thread 0x000001f74f31bd40 Exception <a 'sun/nio/fs/WindowsException'{0x00000000eb6206d0}> (0x00000000eb6206d0) 
thrown [e:\jenkins\tmp\workspace\build\src\src\hotspot\share\prims\jni.cpp, line 516]
Event: 10.408 Thread 0x000001f74f31bd40 Exception <a 'sun/nio/fs/WindowsException'{0x00000000eab7f1e0}> (0x00000000eab7f1e0) 
thrown [e:\jenkins\tmp\workspace\build\src\src\hotspot\share\prims\jni.cpp, line 516]
Event: 10.482 Thread 0x000001f74f31b3a0 Exception <a 'sun/nio/fs/WindowsException'{0x00000000eb0f3c48}> (0x00000000eb0f3c48) 
thrown [e:\jenkins\tmp\workspace\build\src\src\hotspot\share\prims\jni.cpp, line 516]
Event: 10.610 Thread 0x000001f74f31b3a0 Exception <a 'java/io/FileNotFoundException'{0x00000000eab61ff8}> (0x00000000eab61ff8) 
thrown [e:\jenkins\tmp\workspace\build\src\src\hotspot\share\prims\jni.cpp, line 516]

VM Operations (20 events):
Event: 10.556 Executing VM operation: ParallelGCFailedAllocation
Event: 10.606 Executing VM operation: ParallelGCFailedAllocation done
Event: 10.622 Executing VM operation: HandshakeAllThreads
Event: 10.622 Executing VM operation: HandshakeAllThreads done
Event: 10.722 Executing VM operation: ParallelGCFailedAllocation
Event: 10.724 Executing VM operation: ParallelGCFailedAllocation done
Event: 10.733 Executing VM operation: HandshakeAllThreads
Event: 10.733 Executing VM operation: HandshakeAllThreads done
Event: 10.762 Executing VM operation: ParallelGCFailedAllocation
Event: 10.764 Executing VM operation: ParallelGCFailedAllocation done
Event: 10.790 Executing VM operation: ParallelGCFailedAllocation
Event: 10.793 Executing VM operation: ParallelGCFailedAllocation done
Event: 10.819 Executing VM operation: ParallelGCFailedAllocation
Event: 10.821 Executing VM operation: ParallelGCFailedAllocation done
Event: 10.888 Executing VM operation: ParallelGCFailedAllocation
Event: 10.889 Executing VM operation: ParallelGCFailedAllocation done
Event: 11.015 Executing VM operation: ParallelGCFailedAllocation
Event: 11.017 Executing VM operation: ParallelGCFailedAllocation done
Event: 11.074 Executing VM operation: ParallelGCFailedAllocation
Event: 11.076 Executing VM operation: ParallelGCFailedAllocation done

Events (20 events):
Event: 10.207 Thread 0x000001f754501c60 Thread exited: 0x000001f754501c60
Event: 10.209 Thread 0x000001f7545012c0 Thread added: 0x000001f7545012c0
Event: 10.212 Thread 0x000001f7545047b0 Thread added: 0x000001f7545047b0
Event: 10.232 Thread 0x000001f7545047b0 Thread exited: 0x000001f7545047b0
Event: 10.467 loading class java/util/Collections$SynchronizedRandomAccessList
Event: 10.467 loading class java/util/Collections$SynchronizedList
Event: 10.468 loading class java/util/Collections$SynchronizedList done
Event: 10.468 loading class java/util/Collections$SynchronizedRandomAccessList done
Event: 10.525 loading class java/util/stream/SortedOps$SizedRefSortingSink
Event: 10.525 loading class java/util/stream/SortedOps$SizedRefSortingSink done
Event: 10.541 loading class java/nio/charset/IllegalCharsetNameException
Event: 10.541 loading class java/nio/charset/IllegalCharsetNameException done
Event: 10.542 loading class java/io/SequenceInputStream
Event: 10.542 loading class java/io/SequenceInputStream done
Event: 10.630 loading class java/lang/ExceptionInInitializerError
Event: 10.631 loading class java/lang/ExceptionInInitializerError done
Event: 10.736 loading class java/lang/NegativeArraySizeException
Event: 10.736 loading class java/lang/NegativeArraySizeException done
Event: 10.905 loading class java/util/Vector$1
Event: 10.906 loading class java/util/Vector$1 done


Dynamic libraries:
0x00007ff719760000 - 0x00007ff71976e000 	c:\Users\JUNGMIN KIM\.vscode\extensions\redhat.java-1.3.0\jre\17.0.1-win32-x86_64\bin\java.exe
0x00007ffcf7350000 - 0x00007ffcf7545000 	C:\WINDOWS\SYSTEM32\ntdll.dll
0x00007ffcf6c80000 - 0x00007ffcf6d3e000 	C:\WINDOWS\System32\KERNEL32.DLL
0x00007ffcf50d0000 - 0x00007ffcf5398000 	C:\WINDOWS\System32\KERNELBASE.dll
0x00007ffcbbf20000 - 0x00007ffcbc03d000 	C:\WINDOWS\System32\AppCheck64.dll
0x00007ffcf4fd0000 - 0x00007ffcf50d0000 	C:\WINDOWS\System32\ucrtbase.dll
0x00007ffcecee0000 - 0x00007ffcecef8000 	c:\Users\JUNGMIN KIM\.vscode\extensions\redhat.java-1.3.0\jre\17.0.1-win32-x86_64\bin\jli.dll
0x00007ffcee4f0000 - 0x00007ffcee4fa000 	C:\WINDOWS\SYSTEM32\VERSION.dll
0x00007ffcecec0000 - 0x00007ffceced9000 	c:\Users\JUNGMIN KIM\.vscode\extensions\redhat.java-1.3.0\jre\17.0.1-win32-x86_64\bin\VCRUNTIME140.dll
0x00007ffcf6ea0000 - 0x00007ffcf6f3e000 	C:\WINDOWS\System32\msvcrt.dll
0x00007ffcf5740000 - 0x00007ffcf58e0000 	C:\WINDOWS\System32\USER32.dll
0x00007ffcf4a90000 - 0x00007ffcf4ab2000 	C:\WINDOWS\System32\win32u.dll
0x00007ffcf53a0000 - 0x00007ffcf53cb000 	C:\WINDOWS\System32\GDI32.dll
0x00007ffcf4d60000 - 0x00007ffcf4e6d000 	C:\WINDOWS\System32\gdi32full.dll
0x00007ffcf4c10000 - 0x00007ffcf4cad000 	C:\WINDOWS\System32\msvcp_win.dll
0x00007ffcda210000 - 0x00007ffcda4aa000 	C:\WINDOWS\WinSxS\amd64_microsoft.windows.common-controls_6595b64144ccf1df_6.0.19041.1110_none_60b5254171f9507e\COMCTL32.dll
0x00007ffcf6d40000 - 0x00007ffcf6dee000 	C:\WINDOWS\System32\ADVAPI32.dll
0x00007ffcf5bc0000 - 0x00007ffcf5c5c000 	C:\WINDOWS\System32\sechost.dll
0x00007ffcf5df0000 - 0x00007ffcf5f15000 	C:\WINDOWS\System32\RPCRT4.dll
0x00007ffcf58e0000 - 0x00007ffcf5910000 	C:\WINDOWS\System32\IMM32.DLL
0x00007ffcf0180000 - 0x00007ffcf018c000 	c:\Users\JUNGMIN KIM\.vscode\extensions\redhat.java-1.3.0\jre\17.0.1-win32-x86_64\bin\vcruntime140_1.dll
0x00007ffcc5110000 - 0x00007ffcc51a1000 	c:\Users\JUNGMIN KIM\.vscode\extensions\redhat.java-1.3.0\jre\17.0.1-win32-x86_64\bin\msvcp140.dll
0x00007ffcb5a30000 - 0x00007ffcb6676000 	c:\Users\JUNGMIN KIM\.vscode\extensions\redhat.java-1.3.0\jre\17.0.1-win32-x86_64\bin\server\jvm.dll
0x00007ffcf5bb0000 - 0x00007ffcf5bb8000 	C:\WINDOWS\System32\PSAPI.DLL
0x00007ffcf0150000 - 0x00007ffcf0159000 	C:\WINDOWS\SYSTEM32\WSOCK32.dll
0x00007ffcdbcc0000 - 0x00007ffcdbce7000 	C:\WINDOWS\SYSTEM32\WINMM.dll
0x00007ffcf6f40000 - 0x00007ffcf6fab000 	C:\WINDOWS\System32\WS2_32.dll
0x00007ffcf3330000 - 0x00007ffcf3342000 	C:\WINDOWS\SYSTEM32\kernel.appcore.dll
0x00007ffcf00e0000 - 0x00007ffcf00ea000 	c:\Users\JUNGMIN KIM\.vscode\extensions\redhat.java-1.3.0\jre\17.0.1-win32-x86_64\bin\jimage.dll
0x00007ffcf2850000 - 0x00007ffcf2a34000 	C:\WINDOWS\SYSTEM32\DBGHELP.DLL
0x00007ffcdc440000 - 0x00007ffcdc46c000 	C:\WINDOWS\SYSTEM32\dbgcore.DLL
0x00007ffcf4b30000 - 0x00007ffcf4bb2000 	C:\WINDOWS\System32\bcryptPrimitives.dll
0x00007ffcf00a0000 - 0x00007ffcf00ae000 	c:\Users\JUNGMIN KIM\.vscode\extensions\redhat.java-1.3.0\jre\17.0.1-win32-x86_64\bin\instrument.dll
0x00007ffce6760000 - 0x00007ffce6785000 	c:\Users\JUNGMIN KIM\.vscode\extensions\redhat.java-1.3.0\jre\17.0.1-win32-x86_64\bin\java.dll
0x00007ffce55d0000 - 0x00007ffce55e8000 	c:\Users\JUNGMIN KIM\.vscode\extensions\redhat.java-1.3.0\jre\17.0.1-win32-x86_64\bin\zip.dll
0x00007ffcf6530000 - 0x00007ffcf6c74000 	C:\WINDOWS\System32\SHELL32.dll
0x00007ffcf2a40000 - 0x00007ffcf31d4000 	C:\WINDOWS\SYSTEM32\windows.storage.dll
0x00007ffcf6fb0000 - 0x00007ffcf7305000 	C:\WINDOWS\System32\combase.dll
0x00007ffcf44b0000 - 0x00007ffcf44de000 	C:\WINDOWS\SYSTEM32\Wldp.dll
0x00007ffcf6df0000 - 0x00007ffcf6e9d000 	C:\WINDOWS\System32\SHCORE.dll
0x00007ffcf55b0000 - 0x00007ffcf5605000 	C:\WINDOWS\System32\shlwapi.dll
0x00007ffcf49a0000 - 0x00007ffcf49bf000 	C:\WINDOWS\SYSTEM32\profapi.dll
0x00007ffce4530000 - 0x00007ffce4549000 	C:\Users\JUNGMIN KIM\.vscode\extensions\redhat.java-1.3.0\jre\17.0.1-win32-x86_64\bin\net.dll
0x00007ffce4a10000 - 0x00007ffce4b1c000 	C:\WINDOWS\SYSTEM32\WINHTTP.dll
0x00007ffcf4210000 - 0x00007ffcf427a000 	C:\WINDOWS\system32\mswsock.dll
0x00007ffce2960000 - 0x00007ffce2975000 	C:\Users\JUNGMIN KIM\.vscode\extensions\redhat.java-1.3.0\jre\17.0.1-win32-x86_64\bin\nio.dll
0x00007ffcef3f0000 - 0x00007ffcef400000 	c:\Users\JUNGMIN KIM\.vscode\extensions\redhat.java-1.3.0\jre\17.0.1-win32-x86_64\bin\verify.dll
0x00007ffcf4410000 - 0x00007ffcf4428000 	C:\WINDOWS\SYSTEM32\CRYPTSP.dll
0x00007ffcf3b20000 - 0x00007ffcf3b54000 	C:\WINDOWS\system32\rsaenh.dll
0x00007ffcf4a60000 - 0x00007ffcf4a87000 	C:\WINDOWS\System32\bcrypt.dll
0x00007ffcf4960000 - 0x00007ffcf498e000 	C:\WINDOWS\SYSTEM32\USERENV.dll
0x00007ffcf4400000 - 0x00007ffcf440c000 	C:\WINDOWS\SYSTEM32\CRYPTBASE.dll
0x00007ffcf3eb0000 - 0x00007ffcf3eeb000 	C:\WINDOWS\SYSTEM32\IPHLPAPI.DLL
0x00007ffcf5910000 - 0x00007ffcf5918000 	C:\WINDOWS\System32\NSI.dll
0x00007ffceb7d0000 - 0x00007ffceb7e7000 	C:\WINDOWS\SYSTEM32\dhcpcsvc6.DLL
0x00007ffcec3e0000 - 0x00007ffcec3fd000 	C:\WINDOWS\SYSTEM32\dhcpcsvc.DLL
0x00007ffcf3f00000 - 0x00007ffcf3fcb000 	C:\WINDOWS\SYSTEM32\DNSAPI.dll
0x00007ffcd8270000 - 0x00007ffcd82ae000 	C:\Users\JUNGMIN KIM\AppData\Roaming\Code\User\globalStorage\redhat.java\1.3.0\config_win\org.eclipse.equinox.launcher\org.eclipse.equinox.launcher.win32.win32.x86_64_1.2.400.v20211117-0650\eclipse_11602.dll
0x00007ffcf5c60000 - 0x00007ffcf5d8a000 	C:\WINDOWS\System32\ole32.dll
0x00007ffcdc7f0000 - 0x00007ffcdc801000 	C:\Users\JUNGMIN KIM\AppData\Roaming\Code\User\globalStorage\redhat.java\1.3.0\config_win\org.eclipse.osgi\22\0\.cp\jWinHttp-1.0.0.dll
0x00007ffcd2e10000 - 0x00007ffcd2e37000 	C:\Users\JUNGMIN KIM\.gradle\native\e1d6ef7f7dcc3fd88c89a11ec53ec762bb8ba0a96d01ffa2cd45eb1d1d8dd5c5\windows-amd64\native-platform.dll
0x00007ffce9850000 - 0x00007ffce9859000 	C:\Users\JUNGMIN KIM\.vscode\extensions\redhat.java-1.3.0\jre\17.0.1-win32-x86_64\bin\management.dll
0x00007ffce6750000 - 0x00007ffce675b000 	C:\Users\JUNGMIN KIM\.vscode\extensions\redhat.java-1.3.0\jre\17.0.1-win32-x86_64\bin\management_ext.dll
0x00007ffce56e0000 - 0x00007ffce56ee000 	C:\Users\JUNGMIN KIM\.vscode\extensions\redhat.java-1.3.0\jre\17.0.1-win32-x86_64\bin\sunmscapi.dll
0x00007ffcf4e70000 - 0x00007ffcf4fc6000 	C:\WINDOWS\System32\CRYPT32.dll
0x00007ffcf4520000 - 0x00007ffcf4547000 	C:\WINDOWS\SYSTEM32\ncrypt.dll
0x00007ffcf44e0000 - 0x00007ffcf451b000 	C:\WINDOWS\SYSTEM32\NTASN1.dll
0x00007ffce4520000 - 0x00007ffce4527000 	C:\WINDOWS\system32\wshunix.dll

dbghelp: loaded successfully - version: 4.0.5 - missing functions: none
symbol engine: initialized successfully - sym options: 0x614 - pdb path: .;c:\Users\JUNGMIN KIM\.vscode\extensions\redhat.java-1.3.0\jre\17.0.1-win32-x86_64\bin;C:\WINDOWS\SYSTEM32;C:\WINDOWS\WinSxS\amd64_microsoft.windows.common-controls_6595b64144ccf1df_6.0.19041.1110_none_60b5254171f9507e;c:\Users\JUNGMIN KIM\.vscode\extensions\redhat.java-1.3.0\jre\17.0.1-win32-x86_64\bin\server;C:\Users\JUNGMIN KIM\AppData\Roaming\Code\User\globalStorage\redhat.java\1.3.0\config_win\org.eclipse.equinox.launcher\org.eclipse.equinox.launcher.win32.win32.x86_64_1.2.400.v20211117-0650;C:\Users\JUNGMIN KIM\AppData\Roaming\Code\User\globalStorage\redhat.java\1.3.0\config_win\org.eclipse.osgi\22\0\.cp;C:\Users\JUNGMIN KIM\.gradle\native\e1d6ef7f7dcc3fd88c89a11ec53ec762bb8ba0a96d01ffa2cd45eb1d1d8dd5c5\windows-amd64

VM Arguments:
jvm_args: --add-modules=ALL-SYSTEM --add-opens=java.base/java.util=ALL-UNNAMED --add-opens=java.base/java.lang=ALL-UNNAMED --add-opens=java.base/sun.nio.fs=ALL-UNNAMED -Declipse.application=org.eclipse.jdt.ls.core.id1 -Dosgi.bundles.defaultStartLevel=4 -Declipse.product=org.eclipse.jdt.ls.core.product -Djava.import.generatesMetadataFilesAtProjectRoot=false -Dfile.encoding=utf8 -DwatchParentProcess=false -XX:+UseParallelGC -XX:GCTimeRatio=4 -XX:AdaptiveSizePolicyWeight=90 -Dsun.zip.disableMemoryMapping=true -Xmx1G -Xms100m -javaagent:c:\Users\JUNGMIN KIM\.vscode\extensions\gabrielbb.vscode-lombok-1.0.1\server\lombok.jar -XX:+HeapDumpOnOutOfMemoryError -XX:HeapDumpPath=c:\Users\JUNGMIN KIM\AppData\Roaming\Code\User\workspaceStorage\fe6c779bf1ca33eb14b05bcd4537552c\redhat.java 
java_command: c:\Users\JUNGMIN KIM\.vscode\extensions\redhat.java-1.3.0\server\plugins\org.eclipse.equinox.launcher_1.6.400.v20210924-0641.jar -configuration c:\Users\JUNGMIN KIM\AppData\Roaming\Code\User\globalStorage\redhat.java\1.3.0\config_win -data c:\Users\JUNGMIN KIM\AppData\Roaming\Code\User\workspaceStorage\fe6c779bf1ca33eb14b05bcd4537552c\redhat.java\jdt_ws
java_class_path (initial): c:\Users\JUNGMIN KIM\.vscode\extensions\redhat.java-1.3.0\server\plugins\org.eclipse.equinox.launcher_1.6.400.v20210924-0641.jar
Launcher Type: SUN_STANDARD

[Global flags]
    uintx AdaptiveSizePolicyWeight                 = 90                                        {product} {command line}
     intx CICompilerCount                          = 4                                         {product} {ergonomic}
    uintx GCTimeRatio                              = 4                                         {product} {command line}
     bool HeapDumpOnOutOfMemoryError               = true                                   {manageable} {command line}
    ccstr HeapDumpPath                             = c:\Users\JUNGMIN KIM\AppData\Roaming\Code\User\workspaceStorage\fe6c779bf1ca33eb14b05bcd4537552c\redhat.java         {manageable} {command line}
   size_t InitialHeapSize                          = 104857600                                 {product} {command line}
   size_t MaxHeapSize                              = 1073741824                                {product} {command line}
   size_t MaxNewSize                               = 357564416                                 {product} {ergonomic}
   size_t MinHeapDeltaBytes                        = 524288                                    {product} {ergonomic}
   size_t MinHeapSize                              = 104857600                                 {product} {command line}
   size_t NewSize                                  = 34603008                                  {product} {ergonomic}
    uintx NonNMethodCodeHeapSize                   = 5839372                                {pd product} {ergonomic}
    uintx NonProfiledCodeHeapSize                  = 122909434                              {pd product} {ergonomic}
   size_t OldSize                                  = 70254592                                  {product} {ergonomic}
    uintx ProfiledCodeHeapSize                     = 122909434                              {pd product} {ergonomic}
    uintx ReservedCodeCacheSize                    = 251658240                              {pd product} {ergonomic}
     bool SegmentedCodeCache                       = true                                      {product} {ergonomic}
   size_t SoftMaxHeapSize                          = 1073741824                             {manageable} {ergonomic}
     bool UseCompressedClassPointers               = true                           {product lp64_product} {ergonomic}
     bool UseCompressedOops                        = true                           {product lp64_product} {ergonomic}
     bool UseLargePagesIndividualAllocation        = false                                  {pd product} {ergonomic}
     bool UseParallelGC                            = true                                      {product} {command line}

Logging:
Log output configuration:
 #0: stdout all=warning uptime,level,tags
 #1: stderr all=off uptime,level,tags

Environment Variables:
JAVA_HOME=C:\green_workspace\tools\jdk-11.0.2
PATH=C:\oraclexe\app\oracle\product\11.2.0\server\bin;;C:\WINDOWS\system32;C:\WINDOWS;C:\WINDOWS\System32\Wbem;C:\WINDOWS\System32\WindowsPowerShell\v1.0\;C:\WINDOWS\System32\OpenSSH\;C:\Program Files\NVIDIA Corporation\NVIDIA NvDLISR;C:\green_workspace\tools\Git\cmd;C:\green_workspace\tools\jdk-11.0.2\bin;C:\Program Files\MySQL\MySQL Shell 8.0\bin\;C:\Python39\Scripts\;C:\Python39\;C:\Users\JUNGMIN KIM\AppData\Local\Microsoft\WindowsApps;C:\Program Files\Bandizip\;C:\Users\JUNGMIN KIM\AppData\Roaming\Amazon;C:\Users\JUNGMIN KIM\AppData\Local\Programs\Microsoft VS Code\bin
USERNAME=kimjungmin
OS=Windows_NT
PROCESSOR_IDENTIFIER=Intel64 Family 6 Model 165 Stepping 2, GenuineIntel



---------------  S Y S T E M  ---------------

OS:
 Windows 10 , 64 bit Build 19041 (10.0.19041.1503)
OS uptime: 7 days 16:21 hours

CPU: total 8 (initial active 8) (4 cores per cpu, 2 threads per core) family 6 model 165 stepping 2 microcode 0xea, cx8, cmov, fxsr, ht, mmx, 3dnowpref, sse, sse2, sse3, ssse3, sse4.1, sse4.2, popcnt, lzcnt, tsc, tscinvbit, avx, avx2, aes, erms, clmul, bmi1, bmi2, adx, fma, vzeroupper, clflush, clflushopt

Memory: 4k page, system-wide physical 8059M (487M free)
TotalPageFile size 23178M (AvailPageFile size 4M)
current process WorkingSet (physical memory assigned to process): 287M, peak: 303M
current process commit charge ("private bytes"): 340M, peak: 360M

vm_info: OpenJDK 64-Bit Server VM (17.0.1+12) for windows-amd64 JRE (17.0.1+12), built on Oct 20 2021 07:42:55 by "" with MS VC++ 16.7 (VS2019)

END.
