#
# There is insufficient memory for the Java Runtime Environment to continue.
# Native memory allocation (malloc) failed to allocate 3634064 bytes for Chunk::new
# Possible reasons:
#   The system is out of physical RAM or swap space
#   The process is running with CompressedOops enabled, and the Java Heap may be blocking the growth of the native heap
# Possible solutions:
#   Reduce memory load on the system
#   Increase physical memory or swap space
#   Check if swap backing store is full
#   Decrease Java heap size (-Xmx/-Xms)
#   Decrease number of Java threads
#   Decrease Java thread stack sizes (-Xss)
#   Set larger code cache with -XX:ReservedCodeCacheSize=
#   JVM is running with Unscaled Compressed Oops mode in which the Java heap is
#     placed in the first 4GB address space. The Java Heap base address is the
#     maximum limit for the native heap growth. Please use -XX:HeapBaseMinAddress
#     to set the Java Heap base and to place the Java Heap above 4GB virtual address.
# This output file may be truncated or incomplete.
#
#  Out of Memory Error (arena.cpp:189), pid=4100, tid=15664
#
# JRE version: OpenJDK Runtime Environment Temurin-17.0.1+12 (17.0.1+12) (build 17.0.1+12)
# Java VM: OpenJDK 64-Bit Server VM Temurin-17.0.1+12 (17.0.1+12, mixed mode, tiered, compressed oops, compressed class ptrs, parallel gc, windows-amd64)
# No core dump will be written. Minidumps are not enabled by default on client versions of Windows
#

---------------  S U M M A R Y ------------

Command Line: --add-modules=ALL-SYSTEM --add-opens=java.base/java.util=ALL-UNNAMED --add-opens=java.base/java.lang=ALL-UNNAMED --add-opens=java.base/sun.nio.fs=ALL-UNNAMED -Declipse.application=org.eclipse.jdt.ls.core.id1 -Dosgi.bundles.defaultStartLevel=4 -Declipse.product=org.eclipse.jdt.ls.core.product -Djava.import.generatesMetadataFilesAtProjectRoot=false -Dfile.encoding=utf8 -DwatchParentProcess=false -XX:+UseParallelGC -XX:GCTimeRatio=4 -XX:AdaptiveSizePolicyWeight=90 -Dsun.zip.disableMemoryMapping=true -Xmx1G -Xms100m -javaagent:c:\Users\JUNGMIN KIM\.vscode\extensions\gabrielbb.vscode-lombok-1.0.1\server\lombok.jar c:\Users\JUNGMIN KIM\.vscode\extensions\redhat.java-1.3.0\server\plugins\org.eclipse.equinox.launcher_1.6.400.v20210924-0641.jar -configuration c:\Users\JUNGMIN KIM\AppData\Roaming\Code\User\globalStorage\redhat.java\1.3.0\config_ss_win -data c:\Users\JUNGMIN KIM\AppData\Roaming\Code\User\workspaceStorage\fe6c779bf1ca33eb14b05bcd4537552c\redhat.java\ss_ws

Host: Intel(R) Core(TM) i5-10300H CPU @ 2.50GHz, 8 cores, 7G,  Windows 10 , 64 bit Build 19041 (10.0.19041.1503)
Time: Mon Feb 28 15:33:23 2022  Windows 10 , 64 bit Build 19041 (10.0.19041.1503) elapsed time: 4.381252 seconds (0d 0h 0m 4s)

---------------  T H R E A D  ---------------

Current thread (0x0000025315862e90):  JavaThread "C2 CompilerThread0" daemon [_thread_in_native, id=15664, stack(0x000000cf82800000,0x000000cf82900000)]


Current CompileTask:
C2:   4381 3857 %     4       org.objectweb.asm.ClassReader::readCode @ 2165 (5089 bytes)

Stack: [0x000000cf82800000,0x000000cf82900000]
Native frames: (J=compiled Java code, j=interpreted, Vv=VM code, C=native code)
V  [jvm.dll+0x6744da]
V  [jvm.dll+0x82e144]
V  [jvm.dll+0x82f8ee]
V  [jvm.dll+0x82ff53]
V  [jvm.dll+0x245175]
V  [jvm.dll+0xab85b]
V  [jvm.dll+0xabdec]
V  [jvm.dll+0x362f07]
V  [jvm.dll+0x1bb698]
V  [jvm.dll+0x218189]
V  [jvm.dll+0x217451]
V  [jvm.dll+0x1a355d]
V  [jvm.dll+0x226e38]
V  [jvm.dll+0x224f7c]
V  [jvm.dll+0x7e3f5b]
V  [jvm.dll+0x7de51a]
V  [jvm.dll+0x673305]
C  [ucrtbase.dll+0x21bb2]
C  [KERNEL32.DLL+0x17034]
C  [ntdll.dll+0x52651]


---------------  P R O C E S S  ---------------

Threads class SMR info:
_java_thread_list=0x000002531aedd0f0, length=25, elements={
0x000002537fe32f60, 0x0000025315833510, 0x00000253158349a0, 0x0000025313dad1c0,
0x0000025313dadd70, 0x000002531587b020, 0x000002531587e6c0, 0x0000025315862e90,
0x0000025315865460, 0x00000253158669a0, 0x00000253159aff60, 0x0000025316768b10,
0x0000025316d29920, 0x0000025316df7520, 0x0000025316e208c0, 0x0000025317921bb0,
0x0000025316f26040, 0x00000253179fad40, 0x000002531799dfe0, 0x0000025317be6b20,
0x0000025318475530, 0x0000025318478a20, 0x0000025318475ed0, 0x0000025316809050,
0x0000025318475a00
}

Java Threads: ( => current thread )
  0x000002537fe32f60 JavaThread "main" [_thread_blocked, id=5328, stack(0x000000cf81f00000,0x000000cf82000000)]
  0x0000025315833510 JavaThread "Reference Handler" daemon [_thread_blocked, id=5520, stack(0x000000cf82200000,0x000000cf82300000)]
  0x00000253158349a0 JavaThread "Finalizer" daemon [_thread_blocked, id=13024, stack(0x000000cf82300000,0x000000cf82400000)]
  0x0000025313dad1c0 JavaThread "Signal Dispatcher" daemon [_thread_blocked, id=19912, stack(0x000000cf82400000,0x000000cf82500000)]
  0x0000025313dadd70 JavaThread "Attach Listener" daemon [_thread_blocked, id=7440, stack(0x000000cf82500000,0x000000cf82600000)]
  0x000002531587b020 JavaThread "Service Thread" daemon [_thread_blocked, id=1296, stack(0x000000cf82600000,0x000000cf82700000)]
  0x000002531587e6c0 JavaThread "Monitor Deflation Thread" daemon [_thread_blocked, id=19920, stack(0x000000cf82700000,0x000000cf82800000)]
=>0x0000025315862e90 JavaThread "C2 CompilerThread0" daemon [_thread_in_native, id=15664, stack(0x000000cf82800000,0x000000cf82900000)]
  0x0000025315865460 JavaThread "C1 CompilerThread0" daemon [_thread_blocked, id=15168, stack(0x000000cf82900000,0x000000cf82a00000)]
  0x00000253158669a0 JavaThread "Sweeper thread" daemon [_thread_blocked, id=17456, stack(0x000000cf82a00000,0x000000cf82b00000)]
  0x00000253159aff60 JavaThread "Common-Cleaner" daemon [_thread_blocked, id=6568, stack(0x000000cf82b00000,0x000000cf82c00000)]
  0x0000025316768b10 JavaThread "Notification Thread" daemon [_thread_blocked, id=18420, stack(0x000000cf82c00000,0x000000cf82d00000)]
  0x0000025316d29920 JavaThread "Active Thread: Equinox Container: 7c521d34-c73a-411e-9b2c-d419e7062f76" [_thread_blocked, id=6720, stack(0x000000cf83400000,0x000000cf83500000)]
  0x0000025316df7520 JavaThread "Framework Event Dispatcher: Equinox Container: 7c521d34-c73a-411e-9b2c-d419e7062f76" daemon [_thread_blocked, id=17580, stack(0x000000cf83500000,0x000000cf83600000)]
  0x0000025316e208c0 JavaThread "Start Level: Equinox Container: 7c521d34-c73a-411e-9b2c-d419e7062f76" daemon [_thread_blocked, id=13056, stack(0x000000cf83600000,0x000000cf83700000)]
  0x0000025317921bb0 JavaThread "SCR Component Actor" daemon [_thread_blocked, id=7720, stack(0x000000cf83700000,0x000000cf83800000)]
  0x0000025316f26040 JavaThread "Timer-0" [_thread_blocked, id=17164, stack(0x000000cf83a00000,0x000000cf83b00000)]
  0x00000253179fad40 JavaThread "Worker-JM" [_thread_blocked, id=18504, stack(0x000000cf83b00000,0x000000cf83c00000)]
  0x000002531799dfe0 JavaThread "Worker-0" [_thread_blocked, id=15020, stack(0x000000cf83c00000,0x000000cf83d00000)]
  0x0000025317be6b20 JavaThread "Worker-1" [_thread_blocked, id=13996, stack(0x000000cf83d00000,0x000000cf83e00000)]
  0x0000025318475530 JavaThread "pool-1-thread-1" [_thread_in_native, id=9936, stack(0x000000cf83e00000,0x000000cf83f00000)]
  0x0000025318478a20 JavaThread "ForkJoinPool.commonPool-worker-1" daemon [_thread_blocked, id=19164, stack(0x000000cf83f00000,0x000000cf84000000)]
  0x0000025318475ed0 JavaThread "ForkJoinPool.commonPool-worker-2" daemon [_thread_blocked, id=3204, stack(0x000000cf82e00000,0x000000cf82f00000)]
  0x0000025316809050 JavaThread "C2 CompilerThread1" daemon [_thread_in_native, id=20416, stack(0x000000cf84000000,0x000000cf84100000)]
  0x0000025318475a00 JavaThread "Worker-2" [_thread_blocked, id=4012, stack(0x000000cf84100000,0x000000cf84200000)]

Other Threads:
  0x0000025315830c20 VMThread "VM Thread" [stack: 0x000000cf82100000,0x000000cf82200000] [id=4592]
  0x0000025315b26790 WatcherThread [stack: 0x000000cf82d00000,0x000000cf82e00000] [id=16768]
  0x000002537fe47be0 GCTaskThread "GC Thread#0" [stack: 0x000000cf82000000,0x000000cf82100000] [id=15588]
  0x0000025316ca0e50 GCTaskThread "GC Thread#1" [stack: 0x000000cf82f00000,0x000000cf83000000] [id=9648]
  0x0000025316993470 GCTaskThread "GC Thread#2" [stack: 0x000000cf83000000,0x000000cf83100000] [id=11752]
  0x0000025316993720 GCTaskThread "GC Thread#3" [stack: 0x000000cf83100000,0x000000cf83200000] [id=12844]
  0x00000253169939d0 GCTaskThread "GC Thread#4" [stack: 0x000000cf83200000,0x000000cf83300000] [id=17272]
  0x00000253178e0080 GCTaskThread "GC Thread#5" [stack: 0x000000cf83300000,0x000000cf83400000] [id=12884]
  0x0000025316e878e0 GCTaskThread "GC Thread#6" [stack: 0x000000cf83800000,0x000000cf83900000] [id=9140]
  0x0000025316ec9820 GCTaskThread "GC Thread#7" [stack: 0x000000cf83900000,0x000000cf83a00000] [id=7896]

Threads with active compile tasks:
C2 CompilerThread0     4407 3857 %     4       org.objectweb.asm.ClassReader::readCode @ 2165 (5089 bytes)
C2 CompilerThread1     4407 3860       4       org.objectweb.asm.ClassReader::readMethod (1052 bytes)

VM state: not at safepoint (normal execution)

VM Mutex/Monitor currently owned by a thread: None

Heap address: 0x00000000c0000000, size: 1024 MB, Compressed Oops mode: 32-bit

CDS archive(s) not mapped
Compressed class space mapped at: 0x0000000100000000-0x0000000140000000, reserved size: 1073741824
Narrow klass base: 0x0000000000000000, Narrow klass shift: 3, Narrow klass range: 0x140000000

GC Precious Log:
 CPUs: 8 total, 8 available
 Memory: 8059M
 Large Page Support: Disabled
 NUMA Support: Disabled
 Compressed Oops: Enabled (32-bit)
 Alignments: Space 512K, Generation 512K, Heap 2M
 Heap Min Capacity: 100M
 Heap Initial Capacity: 100M
 Heap Max Capacity: 1G
 Pre-touch: Disabled
 Parallel Workers: 8

Heap:
 PSYoungGen      total 20480K, used 6956K [0x00000000eab00000, 0x00000000ec200000, 0x0000000100000000)
  eden space 19968K, 33% used [0x00000000eab00000,0x00000000eb1930d8,0x00000000ebe80000)
  from space 512K, 43% used [0x00000000ebe80000,0x00000000ebeb8000,0x00000000ebf00000)
  to   space 1536K, 0% used [0x00000000ec080000,0x00000000ec080000,0x00000000ec200000)
 ParOldGen       total 68608K, used 25794K [0x00000000c0000000, 0x00000000c4300000, 0x00000000eab00000)
  object space 68608K, 37% used [0x00000000c0000000,0x00000000c1930a10,0x00000000c4300000)
 Metaspace       used 41802K, committed 42496K, reserved 1089536K
  class space    used 4222K, committed 4544K, reserved 1048576K

Card table byte_map: [0x000002537f810000,0x000002537fa20000] _byte_map_base: 0x000002537f210000

Marking Bits: (ParMarkBitMap*) 0x00007ffcb65b2a60
 Begin Bits: [0x0000025311bb0000, 0x0000025312bb0000)
 End Bits:   [0x0000025312bb0000, 0x0000025313bb0000)

Polling page: 0x000002537f600000

Metaspace:

Usage:
  Non-class:     36.70 MB used.
      Class:      4.12 MB used.
       Both:     40.82 MB used.

Virtual space:
  Non-class space:       40.00 MB reserved,      37.06 MB ( 93%) committed,  5 nodes.
      Class space:        1.00 GB reserved,       4.44 MB ( <1%) committed,  1 nodes.
             Both:        1.04 GB reserved,      41.50 MB (  4%) committed. 

Chunk freelists:
   Non-Class:  2.48 MB
       Class:  3.59 MB
        Both:  6.08 MB

MaxMetaspaceSize: unlimited
CompressedClassSpaceSize: 1.00 GB
Initial GC threshold: 21.00 MB
Current GC threshold: 58.38 MB
CDS: off
MetaspaceReclaimPolicy: balanced
 - commit_granule_bytes: 65536.
 - commit_granule_words: 8192.
 - virtual_space_node_default_size: 1048576.
 - enlarge_chunks_in_place: 1.
 - new_chunks_are_fully_committed: 0.
 - uncommit_free_chunks: 1.
 - use_allocation_guard: 0.
 - handle_deallocations: 1.


Internal statistics:

num_allocs_failed_limit: 6.
num_arena_births: 242.
num_arena_deaths: 0.
num_vsnodes_births: 6.
num_vsnodes_deaths: 0.
num_space_committed: 664.
num_space_uncommitted: 0.
num_chunks_returned_to_freelist: 6.
num_chunks_taken_from_freelist: 1512.
num_chunk_merges: 3.
num_chunk_splits: 1061.
num_chunks_enlarged: 806.
num_purges: 0.
num_inconsistent_stats: 0.

CodeHeap 'non-profiled nmethods': size=120000Kb used=1922Kb max_used=1922Kb free=118077Kb
 bounds [0x000002530a680000, 0x000002530a8f0000, 0x0000025311bb0000]
CodeHeap 'profiled nmethods': size=120000Kb used=8645Kb max_used=8645Kb free=111354Kb
 bounds [0x0000025303150000, 0x00000253039d0000, 0x000002530a680000]
CodeHeap 'non-nmethods': size=5760Kb used=1289Kb max_used=1318Kb free=4470Kb
 bounds [0x0000025302bb0000, 0x0000025302e20000, 0x0000025303150000]
 total_blobs=4539 nmethods=3924 adapters=529
 compilation: enabled
              stopped_count=0, restarted_count=0
 full_count=0

Compilation events (20 events):
Event: 4.180 Thread 0x0000025315865460 3953       3       org.eclipse.jdt.internal.compiler.lookup.LookupEnvironment::getTypeFromConstantPoolName (104 bytes)
Event: 4.180 Thread 0x0000025315865460 nmethod 3953 0x00000253039c0a90 code [0x00000253039c0c80, 0x00000253039c1198]
Event: 4.180 Thread 0x0000025315865460 3961       1       lombok.eclipse.HandlerLibrary$VisitorContainer::deferUntilPostDiet (5 bytes)
Event: 4.180 Thread 0x0000025315865460 nmethod 3961 0x000002530a85f290 code [0x000002530a85f420, 0x000002530a85f4f8]
Event: 4.180 Thread 0x0000025315865460 3970       1       org.eclipse.jdt.internal.compiler.classfmt.AnnotationInfo::getTypeName (5 bytes)
Event: 4.180 Thread 0x0000025315865460 nmethod 3970 0x000002530a85f590 code [0x000002530a85f720, 0x000002530a85f7f8]
Event: 4.180 Thread 0x0000025315865460 3948       3       org.eclipse.jdt.internal.compiler.lookup.PackageBinding::subsumes (9 bytes)
Event: 4.180 Thread 0x0000025315865460 nmethod 3948 0x00000253039c1390 code [0x00000253039c1520, 0x00000253039c1698]
Event: 4.180 Thread 0x0000025315865460 3958       1       org.eclipse.jdt.core.WorkingCopyOwner::findSource (2 bytes)
Event: 4.180 Thread 0x0000025315865460 nmethod 3958 0x000002530a85f890 code [0x000002530a85fa20, 0x000002530a85faf8]
Event: 4.180 Thread 0x0000025315865460 3941       1       org.eclipse.jdt.internal.compiler.lookup.ModuleBinding$UnNamedModule::isUnnamed (2 bytes)
Event: 4.180 Thread 0x0000025315865460 nmethod 3941 0x000002530a85fb90 code [0x000002530a85fd20, 0x000002530a85fdf8]
Event: 4.180 Thread 0x0000025315865460 3959       1       org.eclipse.jdt.internal.core.PackageFragmentRoot::isArchive (2 bytes)
Event: 4.180 Thread 0x0000025315865460 nmethod 3959 0x000002530a85fe90 code [0x000002530a860020, 0x000002530a8600f8]
Event: 4.180 Thread 0x0000025315865460 3974       1       java.lang.reflect.AccessibleObject::isAccessible (5 bytes)
Event: 4.180 Thread 0x0000025315865460 nmethod 3974 0x000002530a860190 code [0x000002530a860320, 0x000002530a8603f8]
Event: 4.280 Thread 0x0000025315865460 3975       1       org.eclipse.core.internal.jobs.InternalJob::next (5 bytes)
Event: 4.280 Thread 0x0000025315865460 nmethod 3975 0x000002530a860490 code [0x000002530a860620, 0x000002530a8606f8]
Event: 4.280 Thread 0x0000025315865460 3976       1       org.eclipse.core.internal.jobs.InternalJob::getJobGroup (5 bytes)
Event: 4.280 Thread 0x0000025315865460 nmethod 3976 0x000002530a860790 code [0x000002530a860920, 0x000002530a8609f8]

GC Heap History (20 events):
Event: 2.597 GC heap before
{Heap before GC invocations=10 (full 1):
 PSYoungGen      total 25600K, used 25592K [0x00000000eab00000, 0x00000000ecb00000, 0x0000000100000000)
  eden space 23552K, 100% used [0x00000000eab00000,0x00000000ec200000,0x00000000ec200000)
  from space 2048K, 99% used [0x00000000ec680000,0x00000000ec87e298,0x00000000ec880000)
  to   space 4608K, 0% used [0x00000000ec200000,0x00000000ec200000,0x00000000ec680000)
 ParOldGen       total 68608K, used 9777K [0x00000000c0000000, 0x00000000c4300000, 0x00000000eab00000)
  object space 68608K, 14% used [0x00000000c0000000,0x00000000c098c6c8,0x00000000c4300000)
 Metaspace       used 33496K, committed 34176K, reserved 1081344K
  class space    used 3383K, committed 3712K, reserved 1048576K
}
Event: 2.600 GC heap after
{Heap after GC invocations=10 (full 1):
 PSYoungGen      total 27136K, used 3745K [0x00000000eab00000, 0x00000000ec980000, 0x0000000100000000)
  eden space 23040K, 0% used [0x00000000eab00000,0x00000000eab00000,0x00000000ec180000)
  from space 4096K, 91% used [0x00000000ec200000,0x00000000ec5a86a0,0x00000000ec600000)
  to   space 3584K, 0% used [0x00000000ec600000,0x00000000ec600000,0x00000000ec980000)
 ParOldGen       total 68608K, used 10265K [0x00000000c0000000, 0x00000000c4300000, 0x00000000eab00000)
  object space 68608K, 14% used [0x00000000c0000000,0x00000000c0a06400,0x00000000c4300000)
 Metaspace       used 33496K, committed 34176K, reserved 1081344K
  class space    used 3383K, committed 3712K, reserved 1048576K
}
Event: 2.644 GC heap before
{Heap before GC invocations=11 (full 1):
 PSYoungGen      total 27136K, used 26785K [0x00000000eab00000, 0x00000000ec980000, 0x0000000100000000)
  eden space 23040K, 100% used [0x00000000eab00000,0x00000000ec180000,0x00000000ec180000)
  from space 4096K, 91% used [0x00000000ec200000,0x00000000ec5a86a0,0x00000000ec600000)
  to   space 3584K, 0% used [0x00000000ec600000,0x00000000ec600000,0x00000000ec980000)
 ParOldGen       total 68608K, used 10265K [0x00000000c0000000, 0x00000000c4300000, 0x00000000eab00000)
  object space 68608K, 14% used [0x00000000c0000000,0x00000000c0a06400,0x00000000c4300000)
 Metaspace       used 33584K, committed 34240K, reserved 1081344K
  class space    used 3386K, committed 3712K, reserved 1048576K
}
Event: 2.647 GC heap after
{Heap after GC invocations=11 (full 1):
 PSYoungGen      total 25088K, used 3552K [0x00000000eab00000, 0x00000000ecd00000, 0x0000000100000000)
  eden space 21504K, 0% used [0x00000000eab00000,0x00000000eab00000,0x00000000ec000000)
  from space 3584K, 99% used [0x00000000ec600000,0x00000000ec978010,0x00000000ec980000)
  to   space 6144K, 0% used [0x00000000ec000000,0x00000000ec000000,0x00000000ec600000)
 ParOldGen       total 68608K, used 12466K [0x00000000c0000000, 0x00000000c4300000, 0x00000000eab00000)
  object space 68608K, 18% used [0x00000000c0000000,0x00000000c0c2cb60,0x00000000c4300000)
 Metaspace       used 33584K, committed 34240K, reserved 1081344K
  class space    used 3386K, committed 3712K, reserved 1048576K
}
Event: 2.686 GC heap before
{Heap before GC invocations=12 (full 1):
 PSYoungGen      total 25088K, used 25056K [0x00000000eab00000, 0x00000000ecd00000, 0x0000000100000000)
  eden space 21504K, 100% used [0x00000000eab00000,0x00000000ec000000,0x00000000ec000000)
  from space 3584K, 99% used [0x00000000ec600000,0x00000000ec978010,0x00000000ec980000)
  to   space 6144K, 0% used [0x00000000ec000000,0x00000000ec000000,0x00000000ec600000)
 ParOldGen       total 68608K, used 12466K [0x00000000c0000000, 0x00000000c4300000, 0x00000000eab00000)
  object space 68608K, 18% used [0x00000000c0000000,0x00000000c0c2cb60,0x00000000c4300000)
 Metaspace       used 33633K, committed 34304K, reserved 1081344K
  class space    used 3399K, committed 3712K, reserved 1048576K
}
Event: 2.689 GC heap after
{Heap after GC invocations=12 (full 1):
 PSYoungGen      total 24576K, used 2624K [0x00000000eab00000, 0x00000000ec800000, 0x0000000100000000)
  eden space 21504K, 0% used [0x00000000eab00000,0x00000000eab00000,0x00000000ec000000)
  from space 3072K, 85% used [0x00000000ec000000,0x00000000ec290010,0x00000000ec300000)
  to   space 4096K, 0% used [0x00000000ec400000,0x00000000ec400000,0x00000000ec800000)
 ParOldGen       total 68608K, used 16071K [0x00000000c0000000, 0x00000000c4300000, 0x00000000eab00000)
  object space 68608K, 23% used [0x00000000c0000000,0x00000000c0fb1d38,0x00000000c4300000)
 Metaspace       used 33633K, committed 34304K, reserved 1081344K
  class space    used 3399K, committed 3712K, reserved 1048576K
}
Event: 2.721 GC heap before
{Heap before GC invocations=13 (full 1):
 PSYoungGen      total 24576K, used 24128K [0x00000000eab00000, 0x00000000ec800000, 0x0000000100000000)
  eden space 21504K, 100% used [0x00000000eab00000,0x00000000ec000000,0x00000000ec000000)
  from space 3072K, 85% used [0x00000000ec000000,0x00000000ec290010,0x00000000ec300000)
  to   space 4096K, 0% used [0x00000000ec400000,0x00000000ec400000,0x00000000ec800000)
 ParOldGen       total 68608K, used 16071K [0x00000000c0000000, 0x00000000c4300000, 0x00000000eab00000)
  object space 68608K, 23% used [0x00000000c0000000,0x00000000c0fb1d38,0x00000000c4300000)
 Metaspace       used 33639K, committed 34304K, reserved 1081344K
  class space    used 3399K, committed 3712K, reserved 1048576K
}
Event: 2.724 GC heap after
{Heap after GC invocations=13 (full 1):
 PSYoungGen      total 24576K, used 2592K [0x00000000eab00000, 0x00000000ec700000, 0x0000000100000000)
  eden space 21504K, 0% used [0x00000000eab00000,0x00000000eab00000,0x00000000ec000000)
  from space 3072K, 84% used [0x00000000ec400000,0x00000000ec688010,0x00000000ec700000)
  to   space 3072K, 0% used [0x00000000ec000000,0x00000000ec000000,0x00000000ec300000)
 ParOldGen       total 68608K, used 18613K [0x00000000c0000000, 0x00000000c4300000, 0x00000000eab00000)
  object space 68608K, 27% used [0x00000000c0000000,0x00000000c122d740,0x00000000c4300000)
 Metaspace       used 33639K, committed 34304K, reserved 1081344K
  class space    used 3399K, committed 3712K, reserved 1048576K
}
Event: 2.752 GC heap before
{Heap before GC invocations=14 (full 1):
 PSYoungGen      total 24576K, used 24096K [0x00000000eab00000, 0x00000000ec700000, 0x0000000100000000)
  eden space 21504K, 100% used [0x00000000eab00000,0x00000000ec000000,0x00000000ec000000)
  from space 3072K, 84% used [0x00000000ec400000,0x00000000ec688010,0x00000000ec700000)
  to   space 3072K, 0% used [0x00000000ec000000,0x00000000ec000000,0x00000000ec300000)
 ParOldGen       total 68608K, used 18613K [0x00000000c0000000, 0x00000000c4300000, 0x00000000eab00000)
  object space 68608K, 27% used [0x00000000c0000000,0x00000000c122d740,0x00000000c4300000)
 Metaspace       used 33639K, committed 34304K, reserved 1081344K
  class space    used 3399K, committed 3712K, reserved 1048576K
}
Event: 2.755 GC heap after
{Heap after GC invocations=14 (full 1):
 PSYoungGen      total 24064K, used 2080K [0x00000000eab00000, 0x00000000ec500000, 0x0000000100000000)
  eden space 21504K, 0% used [0x00000000eab00000,0x00000000eab00000,0x00000000ec000000)
  from space 2560K, 81% used [0x00000000ec000000,0x00000000ec208000,0x00000000ec280000)
  to   space 2560K, 0% used [0x00000000ec280000,0x00000000ec280000,0x00000000ec500000)
 ParOldGen       total 68608K, used 21067K [0x00000000c0000000, 0x00000000c4300000, 0x00000000eab00000)
  object space 68608K, 30% used [0x00000000c0000000,0x00000000c1492fd0,0x00000000c4300000)
 Metaspace       used 33639K, committed 34304K, reserved 1081344K
  class space    used 3399K, committed 3712K, reserved 1048576K
}
Event: 2.858 GC heap before
{Heap before GC invocations=15 (full 1):
 PSYoungGen      total 24064K, used 14748K [0x00000000eab00000, 0x00000000ec500000, 0x0000000100000000)
  eden space 21504K, 58% used [0x00000000eab00000,0x00000000eb75f3a0,0x00000000ec000000)
  from space 2560K, 81% used [0x00000000ec000000,0x00000000ec208000,0x00000000ec280000)
  to   space 2560K, 0% used [0x00000000ec280000,0x00000000ec280000,0x00000000ec500000)
 ParOldGen       total 68608K, used 21067K [0x00000000c0000000, 0x00000000c4300000, 0x00000000eab00000)
  object space 68608K, 30% used [0x00000000c0000000,0x00000000c1492fd0,0x00000000c4300000)
 Metaspace       used 35228K, committed 35840K, reserved 1081344K
  class space    used 3592K, committed 3904K, reserved 1048576K
}
Event: 2.861 GC heap after
{Heap after GC invocations=15 (full 1):
 PSYoungGen      total 23552K, used 1700K [0x00000000eab00000, 0x00000000ec480000, 0x0000000100000000)
  eden space 21504K, 0% used [0x00000000eab00000,0x00000000eab00000,0x00000000ec000000)
  from space 2048K, 83% used [0x00000000ec280000,0x00000000ec4293d0,0x00000000ec480000)
  to   space 2048K, 0% used [0x00000000ec080000,0x00000000ec080000,0x00000000ec280000)
 ParOldGen       total 68608K, used 23032K [0x00000000c0000000, 0x00000000c4300000, 0x00000000eab00000)
  object space 68608K, 33% used [0x00000000c0000000,0x00000000c167e328,0x00000000c4300000)
 Metaspace       used 35228K, committed 35840K, reserved 1081344K
  class space    used 3592K, committed 3904K, reserved 1048576K
}
Event: 2.861 GC heap before
{Heap before GC invocations=16 (full 2):
 PSYoungGen      total 23552K, used 1700K [0x00000000eab00000, 0x00000000ec480000, 0x0000000100000000)
  eden space 21504K, 0% used [0x00000000eab00000,0x00000000eab00000,0x00000000ec000000)
  from space 2048K, 83% used [0x00000000ec280000,0x00000000ec4293d0,0x00000000ec480000)
  to   space 2048K, 0% used [0x00000000ec080000,0x00000000ec080000,0x00000000ec280000)
 ParOldGen       total 68608K, used 23032K [0x00000000c0000000, 0x00000000c4300000, 0x00000000eab00000)
  object space 68608K, 33% used [0x00000000c0000000,0x00000000c167e328,0x00000000c4300000)
 Metaspace       used 35228K, committed 35840K, reserved 1081344K
  class space    used 3592K, committed 3904K, reserved 1048576K
}
Event: 2.886 GC heap after
{Heap after GC invocations=16 (full 2):
 PSYoungGen      total 23552K, used 0K [0x00000000eab00000, 0x00000000ec480000, 0x0000000100000000)
  eden space 21504K, 0% used [0x00000000eab00000,0x00000000eab00000,0x00000000ec000000)
  from space 2048K, 0% used [0x00000000ec280000,0x00000000ec280000,0x00000000ec480000)
  to   space 2048K, 0% used [0x00000000ec080000,0x00000000ec080000,0x00000000ec280000)
 ParOldGen       total 68608K, used 23983K [0x00000000c0000000, 0x00000000c4300000, 0x00000000eab00000)
  object space 68608K, 34% used [0x00000000c0000000,0x00000000c176bf10,0x00000000c4300000)
 Metaspace       used 35228K, committed 35840K, reserved 1081344K
  class space    used 3592K, committed 3904K, reserved 1048576K
}
Event: 3.185 GC heap before
{Heap before GC invocations=17 (full 2):
 PSYoungGen      total 23552K, used 21504K [0x00000000eab00000, 0x00000000ec480000, 0x0000000100000000)
  eden space 21504K, 100% used [0x00000000eab00000,0x00000000ec000000,0x00000000ec000000)
  from space 2048K, 0% used [0x00000000ec280000,0x00000000ec280000,0x00000000ec480000)
  to   space 2048K, 0% used [0x00000000ec080000,0x00000000ec080000,0x00000000ec280000)
 ParOldGen       total 68608K, used 23983K [0x00000000c0000000, 0x00000000c4300000, 0x00000000eab00000)
  object space 68608K, 34% used [0x00000000c0000000,0x00000000c176bf10,0x00000000c4300000)
 Metaspace       used 36597K, committed 37248K, reserved 1089536K
  class space    used 3775K, committed 4096K, reserved 1048576K
}
Event: 3.186 GC heap after
{Heap after GC invocations=17 (full 2):
 PSYoungGen      total 22528K, used 630K [0x00000000eab00000, 0x00000000ec300000, 0x0000000100000000)
  eden space 21504K, 0% used [0x00000000eab00000,0x00000000eab00000,0x00000000ec000000)
  from space 1024K, 61% used [0x00000000ec080000,0x00000000ec11dba0,0x00000000ec180000)
  to   space 1536K, 0% used [0x00000000ec180000,0x00000000ec180000,0x00000000ec300000)
 ParOldGen       total 68608K, used 23991K [0x00000000c0000000, 0x00000000c4300000, 0x00000000eab00000)
  object space 68608K, 34% used [0x00000000c0000000,0x00000000c176df10,0x00000000c4300000)
 Metaspace       used 36597K, committed 37248K, reserved 1089536K
  class space    used 3775K, committed 4096K, reserved 1048576K
}
Event: 3.893 GC heap before
{Heap before GC invocations=18 (full 2):
 PSYoungGen      total 22528K, used 22134K [0x00000000eab00000, 0x00000000ec300000, 0x0000000100000000)
  eden space 21504K, 100% used [0x00000000eab00000,0x00000000ec000000,0x00000000ec000000)
  from space 1024K, 61% used [0x00000000ec080000,0x00000000ec11dba0,0x00000000ec180000)
  to   space 1536K, 0% used [0x00000000ec180000,0x00000000ec180000,0x00000000ec300000)
 ParOldGen       total 68608K, used 23991K [0x00000000c0000000, 0x00000000c4300000, 0x00000000eab00000)
  object space 68608K, 34% used [0x00000000c0000000,0x00000000c176df10,0x00000000c4300000)
 Metaspace       used 39675K, committed 40320K, reserved 1089536K
  class space    used 4055K, committed 4352K, reserved 1048576K
}
Event: 3.895 GC heap after
{Heap after GC invocations=18 (full 2):
 PSYoungGen      total 21504K, used 1535K [0x00000000eab00000, 0x00000000ec600000, 0x0000000100000000)
  eden space 19968K, 0% used [0x00000000eab00000,0x00000000eab00000,0x00000000ebe80000)
  from space 1536K, 99% used [0x00000000ec180000,0x00000000ec2ffe90,0x00000000ec300000)
  to   space 3072K, 0% used [0x00000000ebe80000,0x00000000ebe80000,0x00000000ec180000)
 ParOldGen       total 68608K, used 24913K [0x00000000c0000000, 0x00000000c4300000, 0x00000000eab00000)
  object space 68608K, 36% used [0x00000000c0000000,0x00000000c1854450,0x00000000c4300000)
 Metaspace       used 39675K, committed 40320K, reserved 1089536K
  class space    used 4055K, committed 4352K, reserved 1048576K
}
Event: 3.961 GC heap before
{Heap before GC invocations=19 (full 2):
 PSYoungGen      total 21504K, used 21503K [0x00000000eab00000, 0x00000000ec600000, 0x0000000100000000)
  eden space 19968K, 100% used [0x00000000eab00000,0x00000000ebe80000,0x00000000ebe80000)
  from space 1536K, 99% used [0x00000000ec180000,0x00000000ec2ffe90,0x00000000ec300000)
  to   space 3072K, 0% used [0x00000000ebe80000,0x00000000ebe80000,0x00000000ec180000)
 ParOldGen       total 68608K, used 24913K [0x00000000c0000000, 0x00000000c4300000, 0x00000000eab00000)
  object space 68608K, 36% used [0x00000000c0000000,0x00000000c1854450,0x00000000c4300000)
 Metaspace       used 40550K, committed 41280K, reserved 1089536K
  class space    used 4144K, committed 4480K, reserved 1048576K
}
Event: 3.962 GC heap after
{Heap after GC invocations=19 (full 2):
 PSYoungGen      total 20480K, used 224K [0x00000000eab00000, 0x00000000ec200000, 0x0000000100000000)
  eden space 19968K, 0% used [0x00000000eab00000,0x00000000eab00000,0x00000000ebe80000)
  from space 512K, 43% used [0x00000000ebe80000,0x00000000ebeb8000,0x00000000ebf00000)
  to   space 1536K, 0% used [0x00000000ec080000,0x00000000ec080000,0x00000000ec200000)
 ParOldGen       total 68608K, used 25794K [0x00000000c0000000, 0x00000000c4300000, 0x00000000eab00000)
  object space 68608K, 37% used [0x00000000c0000000,0x00000000c1930a10,0x00000000c4300000)
 Metaspace       used 40550K, committed 41280K, reserved 1089536K
  class space    used 4144K, committed 4480K, reserved 1048576K
}

Deoptimization events (20 events):
Event: 4.004 Thread 0x0000025318475ed0 Uncommon trap: trap_request=0xffffff45 fr.pc=0x000002530a84bf74 relative=0x00000000000003b4
Event: 4.004 Thread 0x0000025318475ed0 Uncommon trap: reason=unstable_if action=reinterpret pc=0x000002530a84bf74 method=java.lang.ThreadLocal$ThreadLocalMap.set(Ljava/lang/ThreadLocal;Ljava/lang/Object;)V @ 116 c2
Event: 4.004 Thread 0x0000025318475ed0 DEOPT PACKING pc=0x000002530a84bf74 sp=0x000000cf82efea50
Event: 4.004 Thread 0x0000025318475ed0 DEOPT UNPACKING pc=0x0000025302c020a3 sp=0x000000cf82efe9d8 mode 2
Event: 4.146 Thread 0x0000025317be6b20 Uncommon trap: trap_request=0xffffffbe fr.pc=0x000002530a8412dc relative=0x000000000000061c
Event: 4.146 Thread 0x0000025317be6b20 Uncommon trap: reason=profile_predicate action=maybe_recompile pc=0x000002530a8412dc method=org.eclipse.jdt.internal.core.util.HashtableOfArrayToObject.get([Ljava/lang/Object;)Ljava/lang/Object; @ 64 c2
Event: 4.146 Thread 0x0000025317be6b20 DEOPT PACKING pc=0x000002530a8412dc sp=0x000000cf83dfea60
Event: 4.146 Thread 0x0000025317be6b20 DEOPT UNPACKING pc=0x0000025302c020a3 sp=0x000000cf83dfea20 mode 2
Event: 4.146 Thread 0x0000025317be6b20 Uncommon trap: trap_request=0xffffffbe fr.pc=0x000002530a8412dc relative=0x000000000000061c
Event: 4.146 Thread 0x0000025317be6b20 Uncommon trap: reason=profile_predicate action=maybe_recompile pc=0x000002530a8412dc method=org.eclipse.jdt.internal.core.util.HashtableOfArrayToObject.get([Ljava/lang/Object;)Ljava/lang/Object; @ 64 c2
Event: 4.146 Thread 0x0000025317be6b20 DEOPT PACKING pc=0x000002530a8412dc sp=0x000000cf83dfea60
Event: 4.146 Thread 0x0000025317be6b20 DEOPT UNPACKING pc=0x0000025302c020a3 sp=0x000000cf83dfea20 mode 2
Event: 4.147 Thread 0x0000025317be6b20 Uncommon trap: trap_request=0xffffffbe fr.pc=0x000002530a8412dc relative=0x000000000000061c
Event: 4.147 Thread 0x0000025317be6b20 Uncommon trap: reason=profile_predicate action=maybe_recompile pc=0x000002530a8412dc method=org.eclipse.jdt.internal.core.util.HashtableOfArrayToObject.get([Ljava/lang/Object;)Ljava/lang/Object; @ 64 c2
Event: 4.147 Thread 0x0000025317be6b20 DEOPT PACKING pc=0x000002530a8412dc sp=0x000000cf83dfea60
Event: 4.147 Thread 0x0000025317be6b20 DEOPT UNPACKING pc=0x0000025302c020a3 sp=0x000000cf83dfea20 mode 2
Event: 4.147 Thread 0x0000025317be6b20 Uncommon trap: trap_request=0xffffffbe fr.pc=0x000002530a8412dc relative=0x000000000000061c
Event: 4.147 Thread 0x0000025317be6b20 Uncommon trap: reason=profile_predicate action=maybe_recompile pc=0x000002530a8412dc method=org.eclipse.jdt.internal.core.util.HashtableOfArrayToObject.get([Ljava/lang/Object;)Ljava/lang/Object; @ 64 c2
Event: 4.147 Thread 0x0000025317be6b20 DEOPT PACKING pc=0x000002530a8412dc sp=0x000000cf83dfea60
Event: 4.147 Thread 0x0000025317be6b20 DEOPT UNPACKING pc=0x0000025302c020a3 sp=0x000000cf83dfea20 mode 2

Classes unloaded (0 events):
No events

Classes redefined (0 events):
No events

Internal exceptions (20 events):
Event: 1.574 Thread 0x0000025316e208c0 Implicit null exception at 0x000002530a74e80d to 0x000002530a74f57c
Event: 1.575 Thread 0x0000025316e208c0 Exception <a 'java/lang/ClassNotFoundException'{0x00000000ebb02678}: com/sun/org/apache/xerces/internal/impl/msg/spi/XMLSerializerMessagesProvider> (0x00000000ebb02678) 
thrown [e:\jenkins\tmp\workspace\build\src\src\hotspot\share\classfile\systemDictionary.cpp, line 256]
Event: 1.576 Thread 0x0000025316e208c0 Exception <a 'java/lang/ClassNotFoundException'{0x00000000ebb1c0f8}: com/sun/org/apache/xerces/internal/impl/msg/spi/XMLMessagesProvider> (0x00000000ebb1c0f8) 
thrown [e:\jenkins\tmp\workspace\build\src\src\hotspot\share\classfile\systemDictionary.cpp, line 256]
Event: 2.138 Thread 0x0000025316e208c0 Exception <a 'java/lang/ClassNotFoundException'{0x00000000ec04d680}: com/sun/org/apache/xml/internal/serializer/spi/XMLEntitiesProvider> (0x00000000ec04d680) 
thrown [e:\jenkins\tmp\workspace\build\src\src\hotspot\share\classfile\systemDictionary.cpp, line 256]
Event: 2.191 Thread 0x0000025316e208c0 Exception <a 'java/io/FileNotFoundException'{0x00000000ec36dc38}> (0x00000000ec36dc38) 
thrown [e:\jenkins\tmp\workspace\build\src\src\hotspot\share\prims\jni.cpp, line 516]
Event: 2.202 Thread 0x0000025316e208c0 Exception <a 'java/io/FileNotFoundException'{0x00000000eab5a518}> (0x00000000eab5a518) 
thrown [e:\jenkins\tmp\workspace\build\src\src\hotspot\share\prims\jni.cpp, line 516]
Event: 2.206 Thread 0x0000025316e208c0 Exception <a 'java/io/FileNotFoundException'{0x00000000eabcc270}> (0x00000000eabcc270) 
thrown [e:\jenkins\tmp\workspace\build\src\src\hotspot\share\prims\jni.cpp, line 516]
Event: 2.287 Thread 0x000002537fe32f60 Exception <a 'java/lang/NoSuchMethodError'{0x00000000eb5110b0}: 'java.lang.Object java.lang.invoke.DirectMethodHandle$Holder.newInvokeSpecial(java.lang.Object, java.lang.Object, java.lang.Object, java.lang.Object, java.lang.Object)'> (0x00000000eb5110b0) 
thrown [e:\jenkins\tmp\workspace\build\src\src\hotspot\share\interpreter\linkResolver.cpp, line 766]
Event: 2.333 Thread 0x0000025318475530 Exception <a 'java/io/FileNotFoundException'{0x00000000eb8f71c0}> (0x00000000eb8f71c0) 
thrown [e:\jenkins\tmp\workspace\build\src\src\hotspot\share\prims\jni.cpp, line 516]
Event: 2.417 Thread 0x0000025317be6b20 Exception <a 'java/lang/NoSuchMethodError'{0x00000000ec0a6e00}: 'java.lang.Object java.lang.invoke.Invokers$Holder.invoke_MT(java.lang.Object, java.lang.Object, java.lang.Object)'> (0x00000000ec0a6e00) 
thrown [e:\jenkins\tmp\workspace\build\src\src\hotspot\share\interpreter\linkResolver.cpp, line 766]
Event: 2.528 Thread 0x0000025317be6b20 Exception <a 'java/io/FileNotFoundException'{0x00000000eb9d6380}> (0x00000000eb9d6380) 
thrown [e:\jenkins\tmp\workspace\build\src\src\hotspot\share\prims\jni.cpp, line 516]
Event: 2.528 Thread 0x0000025317be6b20 Exception <a 'java/io/FileNotFoundException'{0x00000000eb9d84e8}> (0x00000000eb9d84e8) 
thrown [e:\jenkins\tmp\workspace\build\src\src\hotspot\share\prims\jni.cpp, line 516]
Event: 2.529 Thread 0x0000025317be6b20 Exception <a 'java/lang/NoSuchMethodError'{0x00000000eb9e3a78}: 'void java.lang.invoke.DirectMethodHandle$Holder.invokeStaticInit(java.lang.Object, java.lang.Object, java.lang.Object)'> (0x00000000eb9e3a78) 
thrown [e:\jenkins\tmp\workspace\build\src\src\hotspot\share\interpreter\linkResolver.cpp, line 766]
Event: 2.796 Thread 0x0000025318475530 Exception <a 'java/lang/NoSuchMethodError'{0x00000000eaf376e0}: 'java.lang.Object java.lang.invoke.DirectMethodHandle$Holder.invokeInterface(java.lang.Object, java.lang.Object, java.lang.Object)'> (0x00000000eaf376e0) 
thrown [e:\jenkins\tmp\workspace\build\src\src\hotspot\share\interpreter\linkResolver.cpp, line 766]
Event: 3.197 Thread 0x0000025318475530 Implicit null exception at 0x000002530a77224a to 0x000002530a772f5c
Event: 3.741 Thread 0x0000025318478a20 Exception <a 'java/lang/ArrayIndexOutOfBoundsException'{0x00000000eb2447f8}: Index 937 out of bounds for length 936> (0x00000000eb2447f8) 
thrown [e:\jenkins\tmp\workspace\build\src\src\hotspot\share\interpreter\interpreterRuntime.cpp, line 428]
Event: 3.798 Thread 0x0000025318475ed0 Exception <a 'java/lang/NoSuchMethodError'{0x00000000eb6b35b0}: 'int java.lang.invoke.DirectMethodHandle$Holder.invokeSpecial(java.lang.Object, java.lang.Object, java.lang.Object)'> (0x00000000eb6b35b0) 
thrown [e:\jenkins\tmp\workspace\build\src\src\hotspot\share\interpreter\linkResolver.cpp, line 766]
Event: 3.821 Thread 0x0000025318475ed0 Exception <a 'java/lang/NoSuchMethodError'{0x00000000eb79e5f0}: 'int java.lang.invoke.DirectMethodHandle$Holder.invokeVirtual(java.lang.Object, java.lang.Object, java.lang.Object)'> (0x00000000eb79e5f0) 
thrown [e:\jenkins\tmp\workspace\build\src\src\hotspot\share\interpreter\linkResolver.cpp, line 766]
Event: 3.845 Thread 0x0000025318475ed0 Exception <a 'java/io/FileNotFoundException'{0x00000000eb97e200}> (0x00000000eb97e200) 
thrown [e:\jenkins\tmp\workspace\build\src\src\hotspot\share\prims\jni.cpp, line 516]
Event: 3.849 Thread 0x0000025318475ed0 Exception <a 'java/io/FileNotFoundException'{0x00000000eb9979e0}> (0x00000000eb9979e0) 
thrown [e:\jenkins\tmp\workspace\build\src\src\hotspot\share\prims\jni.cpp, line 516]

VM Operations (20 events):
Event: 2.752 Executing VM operation: ParallelGCFailedAllocation
Event: 2.755 Executing VM operation: ParallelGCFailedAllocation done
Event: 2.858 Executing VM operation: CollectForMetadataAllocation
Event: 2.886 Executing VM operation: CollectForMetadataAllocation done
Event: 2.916 Executing VM operation: HandshakeAllThreads
Event: 2.916 Executing VM operation: HandshakeAllThreads done
Event: 3.026 Executing VM operation: ICBufferFull
Event: 3.026 Executing VM operation: ICBufferFull done
Event: 3.185 Executing VM operation: ParallelGCFailedAllocation
Event: 3.186 Executing VM operation: ParallelGCFailedAllocation done
Event: 3.240 Executing VM operation: HandshakeAllThreads
Event: 3.240 Executing VM operation: HandshakeAllThreads done
Event: 3.824 Executing VM operation: HandshakeAllThreads
Event: 3.824 Executing VM operation: HandshakeAllThreads done
Event: 3.865 Executing VM operation: HandshakeAllThreads
Event: 3.865 Executing VM operation: HandshakeAllThreads done
Event: 3.893 Executing VM operation: ParallelGCFailedAllocation
Event: 3.895 Executing VM operation: ParallelGCFailedAllocation done
Event: 3.961 Executing VM operation: ParallelGCFailedAllocation
Event: 3.962 Executing VM operation: ParallelGCFailedAllocation done

Events (20 events):
Event: 3.762 loading class jdk/internal/reflect/UnsafeQualifiedStaticIntegerFieldAccessorImpl done
Event: 3.779 loading class java/util/stream/MatchOps$MatchKind
Event: 3.780 loading class java/util/stream/MatchOps$MatchKind done
Event: 3.780 loading class java/util/stream/MatchOps
Event: 3.780 loading class java/util/stream/MatchOps done
Event: 3.780 loading class java/util/stream/MatchOps$MatchOp
Event: 3.780 loading class java/util/stream/MatchOps$MatchOp done
Event: 3.780 loading class java/util/stream/MatchOps$BooleanTerminalSink
Event: 3.780 loading class java/util/stream/MatchOps$BooleanTerminalSink done
Event: 3.780 loading class java/util/stream/MatchOps$1MatchSink
Event: 3.780 loading class java/util/stream/MatchOps$1MatchSink done
Event: 3.821 loading class java/util/stream/ReduceOps$4
Event: 3.821 loading class java/util/stream/ReduceOps$4 done
Event: 3.821 loading class java/util/stream/ReduceOps$4ReducingSink
Event: 3.821 loading class java/util/stream/ReduceOps$4ReducingSink done
Event: 4.000 loading class java/util/concurrent/ConcurrentHashMap$TreeNode
Event: 4.001 loading class java/util/concurrent/ConcurrentHashMap$TreeNode done
Event: 4.001 loading class java/util/concurrent/ConcurrentHashMap$TreeBin
Event: 4.001 loading class java/util/concurrent/ConcurrentHashMap$TreeBin done
Event: 4.126 Thread 0x0000025318475a00 Thread added: 0x0000025318475a00


Dynamic libraries:
0x00007ff719760000 - 0x00007ff71976e000 	c:\Users\JUNGMIN KIM\.vscode\extensions\redhat.java-1.3.0\jre\17.0.1-win32-x86_64\bin\java.exe
0x00007ffcf7350000 - 0x00007ffcf7545000 	C:\WINDOWS\SYSTEM32\ntdll.dll
0x00007ffcf6c80000 - 0x00007ffcf6d3e000 	C:\WINDOWS\System32\KERNEL32.DLL
0x00007ffcf50d0000 - 0x00007ffcf5398000 	C:\WINDOWS\System32\KERNELBASE.dll
0x00007ffcbbf20000 - 0x00007ffcbc03d000 	C:\WINDOWS\System32\AppCheck64.dll
0x00007ffcf4fd0000 - 0x00007ffcf50d0000 	C:\WINDOWS\System32\ucrtbase.dll
0x00007ffce6770000 - 0x00007ffce6788000 	c:\Users\JUNGMIN KIM\.vscode\extensions\redhat.java-1.3.0\jre\17.0.1-win32-x86_64\bin\jli.dll
0x00007ffcee4f0000 - 0x00007ffcee4fa000 	C:\WINDOWS\SYSTEM32\VERSION.dll
0x00007ffce6750000 - 0x00007ffce6769000 	c:\Users\JUNGMIN KIM\.vscode\extensions\redhat.java-1.3.0\jre\17.0.1-win32-x86_64\bin\VCRUNTIME140.dll
0x00007ffcf6ea0000 - 0x00007ffcf6f3e000 	C:\WINDOWS\System32\msvcrt.dll
0x00007ffcf5740000 - 0x00007ffcf58e0000 	C:\WINDOWS\System32\USER32.dll
0x00007ffcf4a90000 - 0x00007ffcf4ab2000 	C:\WINDOWS\System32\win32u.dll
0x00007ffcf53a0000 - 0x00007ffcf53cb000 	C:\WINDOWS\System32\GDI32.dll
0x00007ffcf4d60000 - 0x00007ffcf4e6d000 	C:\WINDOWS\System32\gdi32full.dll
0x00007ffcf4c10000 - 0x00007ffcf4cad000 	C:\WINDOWS\System32\msvcp_win.dll
0x00007ffcda210000 - 0x00007ffcda4aa000 	C:\WINDOWS\WinSxS\amd64_microsoft.windows.common-controls_6595b64144ccf1df_6.0.19041.1110_none_60b5254171f9507e\COMCTL32.dll
0x00007ffcf6d40000 - 0x00007ffcf6dee000 	C:\WINDOWS\System32\ADVAPI32.dll
0x00007ffcf5bc0000 - 0x00007ffcf5c5c000 	C:\WINDOWS\System32\sechost.dll
0x00007ffcf5df0000 - 0x00007ffcf5f15000 	C:\WINDOWS\System32\RPCRT4.dll
0x00007ffcf58e0000 - 0x00007ffcf5910000 	C:\WINDOWS\System32\IMM32.DLL
0x00007ffcf0180000 - 0x00007ffcf018c000 	c:\Users\JUNGMIN KIM\.vscode\extensions\redhat.java-1.3.0\jre\17.0.1-win32-x86_64\bin\vcruntime140_1.dll
0x00007ffcc5110000 - 0x00007ffcc51a1000 	c:\Users\JUNGMIN KIM\.vscode\extensions\redhat.java-1.3.0\jre\17.0.1-win32-x86_64\bin\msvcp140.dll
0x00007ffcb5a30000 - 0x00007ffcb6676000 	c:\Users\JUNGMIN KIM\.vscode\extensions\redhat.java-1.3.0\jre\17.0.1-win32-x86_64\bin\server\jvm.dll
0x00007ffcf5bb0000 - 0x00007ffcf5bb8000 	C:\WINDOWS\System32\PSAPI.DLL
0x00007ffcdbcc0000 - 0x00007ffcdbce7000 	C:\WINDOWS\SYSTEM32\WINMM.dll
0x00007ffcf0150000 - 0x00007ffcf0159000 	C:\WINDOWS\SYSTEM32\WSOCK32.dll
0x00007ffcf6f40000 - 0x00007ffcf6fab000 	C:\WINDOWS\System32\WS2_32.dll
0x00007ffcf3330000 - 0x00007ffcf3342000 	C:\WINDOWS\SYSTEM32\kernel.appcore.dll
0x00007ffcf00e0000 - 0x00007ffcf00ea000 	c:\Users\JUNGMIN KIM\.vscode\extensions\redhat.java-1.3.0\jre\17.0.1-win32-x86_64\bin\jimage.dll
0x00007ffcf2850000 - 0x00007ffcf2a34000 	C:\WINDOWS\SYSTEM32\DBGHELP.DLL
0x00007ffcdc440000 - 0x00007ffcdc46c000 	C:\WINDOWS\SYSTEM32\dbgcore.DLL
0x00007ffcf4b30000 - 0x00007ffcf4bb2000 	C:\WINDOWS\System32\bcryptPrimitives.dll
0x00007ffcf00a0000 - 0x00007ffcf00ae000 	c:\Users\JUNGMIN KIM\.vscode\extensions\redhat.java-1.3.0\jre\17.0.1-win32-x86_64\bin\instrument.dll
0x00007ffce4520000 - 0x00007ffce4545000 	c:\Users\JUNGMIN KIM\.vscode\extensions\redhat.java-1.3.0\jre\17.0.1-win32-x86_64\bin\java.dll
0x00007ffce55d0000 - 0x00007ffce55e8000 	c:\Users\JUNGMIN KIM\.vscode\extensions\redhat.java-1.3.0\jre\17.0.1-win32-x86_64\bin\zip.dll
0x00007ffcf6530000 - 0x00007ffcf6c74000 	C:\WINDOWS\System32\SHELL32.dll
0x00007ffcf2a40000 - 0x00007ffcf31d4000 	C:\WINDOWS\SYSTEM32\windows.storage.dll
0x00007ffcf6fb0000 - 0x00007ffcf7305000 	C:\WINDOWS\System32\combase.dll
0x00007ffcf44b0000 - 0x00007ffcf44de000 	C:\WINDOWS\SYSTEM32\Wldp.dll
0x00007ffcf6df0000 - 0x00007ffcf6e9d000 	C:\WINDOWS\System32\SHCORE.dll
0x00007ffcf55b0000 - 0x00007ffcf5605000 	C:\WINDOWS\System32\shlwapi.dll
0x00007ffcf49a0000 - 0x00007ffcf49bf000 	C:\WINDOWS\SYSTEM32\profapi.dll
0x00007ffce2960000 - 0x00007ffce2979000 	C:\Users\JUNGMIN KIM\.vscode\extensions\redhat.java-1.3.0\jre\17.0.1-win32-x86_64\bin\net.dll
0x00007ffce4a10000 - 0x00007ffce4b1c000 	C:\WINDOWS\SYSTEM32\WINHTTP.dll
0x00007ffcf4210000 - 0x00007ffcf427a000 	C:\WINDOWS\system32\mswsock.dll
0x00007ffce22f0000 - 0x00007ffce2305000 	C:\Users\JUNGMIN KIM\.vscode\extensions\redhat.java-1.3.0\jre\17.0.1-win32-x86_64\bin\nio.dll
0x00007ffcef3f0000 - 0x00007ffcef400000 	c:\Users\JUNGMIN KIM\.vscode\extensions\redhat.java-1.3.0\jre\17.0.1-win32-x86_64\bin\verify.dll
0x00007ffcf4410000 - 0x00007ffcf4428000 	C:\WINDOWS\SYSTEM32\CRYPTSP.dll
0x00007ffcf3b20000 - 0x00007ffcf3b54000 	C:\WINDOWS\system32\rsaenh.dll
0x00007ffcf4a60000 - 0x00007ffcf4a87000 	C:\WINDOWS\System32\bcrypt.dll
0x00007ffcf4960000 - 0x00007ffcf498e000 	C:\WINDOWS\SYSTEM32\USERENV.dll
0x00007ffcf4400000 - 0x00007ffcf440c000 	C:\WINDOWS\SYSTEM32\CRYPTBASE.dll
0x00007ffcf3eb0000 - 0x00007ffcf3eeb000 	C:\WINDOWS\SYSTEM32\IPHLPAPI.DLL
0x00007ffcf5910000 - 0x00007ffcf5918000 	C:\WINDOWS\System32\NSI.dll
0x00007ffceb7d0000 - 0x00007ffceb7e7000 	C:\WINDOWS\SYSTEM32\dhcpcsvc6.DLL
0x00007ffcec3e0000 - 0x00007ffcec3fd000 	C:\WINDOWS\SYSTEM32\dhcpcsvc.DLL
0x00007ffcf3f00000 - 0x00007ffcf3fcb000 	C:\WINDOWS\SYSTEM32\DNSAPI.dll
0x00007ffcd9bb0000 - 0x00007ffcd9bee000 	C:\Users\JUNGMIN KIM\AppData\Roaming\Code\User\globalStorage\redhat.java\1.3.0\config_ss_win\org.eclipse.equinox.launcher\org.eclipse.equinox.launcher.win32.win32.x86_64_1.2.400.v20211117-0650\eclipse_11602.dll
0x00007ffcf5c60000 - 0x00007ffcf5d8a000 	C:\WINDOWS\System32\ole32.dll
0x00007ffcdc7f0000 - 0x00007ffcdc801000 	C:\Users\JUNGMIN KIM\AppData\Roaming\Code\User\globalStorage\redhat.java\1.3.0\config_ss_win\org.eclipse.osgi\15\0\.cp\jWinHttp-1.0.0.dll

dbghelp: loaded successfully - version: 4.0.5 - missing functions: none
symbol engine: initialized successfully - sym options: 0x614 - pdb path: .;c:\Users\JUNGMIN KIM\.vscode\extensions\redhat.java-1.3.0\jre\17.0.1-win32-x86_64\bin;C:\WINDOWS\SYSTEM32;C:\WINDOWS\WinSxS\amd64_microsoft.windows.common-controls_6595b64144ccf1df_6.0.19041.1110_none_60b5254171f9507e;c:\Users\JUNGMIN KIM\.vscode\extensions\redhat.java-1.3.0\jre\17.0.1-win32-x86_64\bin\server;C:\Users\JUNGMIN KIM\AppData\Roaming\Code\User\globalStorage\redhat.java\1.3.0\config_ss_win\org.eclipse.equinox.launcher\org.eclipse.equinox.launcher.win32.win32.x86_64_1.2.400.v20211117-0650;C:\Users\JUNGMIN KIM\AppData\Roaming\Code\User\globalStorage\redhat.java\1.3.0\config_ss_win\org.eclipse.osgi\15\0\.cp

VM Arguments:
jvm_args: --add-modules=ALL-SYSTEM --add-opens=java.base/java.util=ALL-UNNAMED --add-opens=java.base/java.lang=ALL-UNNAMED --add-opens=java.base/sun.nio.fs=ALL-UNNAMED -Declipse.application=org.eclipse.jdt.ls.core.id1 -Dosgi.bundles.defaultStartLevel=4 -Declipse.product=org.eclipse.jdt.ls.core.product -Djava.import.generatesMetadataFilesAtProjectRoot=false -Dfile.encoding=utf8 -DwatchParentProcess=false -XX:+UseParallelGC -XX:GCTimeRatio=4 -XX:AdaptiveSizePolicyWeight=90 -Dsun.zip.disableMemoryMapping=true -Xmx1G -Xms100m -javaagent:c:\Users\JUNGMIN KIM\.vscode\extensions\gabrielbb.vscode-lombok-1.0.1\server\lombok.jar 
java_command: c:\Users\JUNGMIN KIM\.vscode\extensions\redhat.java-1.3.0\server\plugins\org.eclipse.equinox.launcher_1.6.400.v20210924-0641.jar -configuration c:\Users\JUNGMIN KIM\AppData\Roaming\Code\User\globalStorage\redhat.java\1.3.0\config_ss_win -data c:\Users\JUNGMIN KIM\AppData\Roaming\Code\User\workspaceStorage\fe6c779bf1ca33eb14b05bcd4537552c\redhat.java\ss_ws
java_class_path (initial): c:\Users\JUNGMIN KIM\.vscode\extensions\redhat.java-1.3.0\server\plugins\org.eclipse.equinox.launcher_1.6.400.v20210924-0641.jar
Launcher Type: SUN_STANDARD

[Global flags]
    uintx AdaptiveSizePolicyWeight                 = 90                                        {product} {command line}
     intx CICompilerCount                          = 4                                         {product} {ergonomic}
    uintx GCTimeRatio                              = 4                                         {product} {command line}
   size_t InitialHeapSize                          = 104857600                                 {product} {command line}
   size_t MaxHeapSize                              = 1073741824                                {product} {command line}
   size_t MaxNewSize                               = 357564416                                 {product} {ergonomic}
   size_t MinHeapDeltaBytes                        = 524288                                    {product} {ergonomic}
   size_t MinHeapSize                              = 104857600                                 {product} {command line}
   size_t NewSize                                  = 34603008                                  {product} {ergonomic}
    uintx NonNMethodCodeHeapSize                   = 5839372                                {pd product} {ergonomic}
    uintx NonProfiledCodeHeapSize                  = 122909434                              {pd product} {ergonomic}
   size_t OldSize                                  = 70254592                                  {product} {ergonomic}
    uintx ProfiledCodeHeapSize                     = 122909434                              {pd product} {ergonomic}
    uintx ReservedCodeCacheSize                    = 251658240                              {pd product} {ergonomic}
     bool SegmentedCodeCache                       = true                                      {product} {ergonomic}
   size_t SoftMaxHeapSize                          = 1073741824                             {manageable} {ergonomic}
     bool UseCompressedClassPointers               = true                           {product lp64_product} {ergonomic}
     bool UseCompressedOops                        = true                           {product lp64_product} {ergonomic}
     bool UseLargePagesIndividualAllocation        = false                                  {pd product} {ergonomic}
     bool UseParallelGC                            = true                                      {product} {command line}

Logging:
Log output configuration:
 #0: stdout all=warning uptime,level,tags
 #1: stderr all=off uptime,level,tags

Environment Variables:
JAVA_HOME=C:\green_workspace\tools\jdk-11.0.2
PATH=C:\oraclexe\app\oracle\product\11.2.0\server\bin;;C:\WINDOWS\system32;C:\WINDOWS;C:\WINDOWS\System32\Wbem;C:\WINDOWS\System32\WindowsPowerShell\v1.0\;C:\WINDOWS\System32\OpenSSH\;C:\Program Files\NVIDIA Corporation\NVIDIA NvDLISR;C:\green_workspace\tools\Git\cmd;C:\green_workspace\tools\jdk-11.0.2\bin;C:\Program Files\MySQL\MySQL Shell 8.0\bin\;C:\Python39\Scripts\;C:\Python39\;C:\Users\JUNGMIN KIM\AppData\Local\Microsoft\WindowsApps;C:\Program Files\Bandizip\;C:\Users\JUNGMIN KIM\AppData\Roaming\Amazon;C:\Users\JUNGMIN KIM\AppData\Local\Programs\Microsoft VS Code\bin
USERNAME=kimjungmin
OS=Windows_NT
PROCESSOR_IDENTIFIER=Intel64 Family 6 Model 165 Stepping 2, GenuineIntel



---------------  S Y S T E M  ---------------

OS:
 Windows 10 , 64 bit Build 19041 (10.0.19041.1503)
OS uptime: 7 days 16:28 hours

CPU: total 8 (initial active 8) (4 cores per cpu, 2 threads per core) family 6 model 165 stepping 2 microcode 0xea, cx8, cmov, fxsr, ht, mmx, 3dnowpref, sse, sse2, sse3, ssse3, sse4.1, sse4.2, popcnt, lzcnt, tsc, tscinvbit, avx, avx2, aes, erms, clmul, bmi1, bmi2, adx, fma, vzeroupper, clflush, clflushopt

Memory: 4k page, system-wide physical 8059M (468M free)
TotalPageFile size 23178M (AvailPageFile size 5M)
current process WorkingSet (physical memory assigned to process): 219M, peak: 224M
current process commit charge ("private bytes"): 306M, peak: 310M

vm_info: OpenJDK 64-Bit Server VM (17.0.1+12) for windows-amd64 JRE (17.0.1+12), built on Oct 20 2021 07:42:55 by "" with MS VC++ 16.7 (VS2019)

END.
